{"target": 0.874897837638855, "params": {"ah_0_e": 22.61365736946651, "ah_0_s": -14.491343812548184, "ah_1_e": 14.398585429514513, "ah_1_m": 32.980943211279474, "ah_1_s": 5.9119685582074775, "ah_2_e": -10.0, "ah_2_m": -60.0, "ah_2_s": -10.0, "ba_0_e": -14.700700969222119, "ba_0_s": 37.21484431478088, "ba_1_e": 0.6769811532637826, "ba_1_m": 41.308358929875, "ba_1_s": 24.30594874771094, "ba_2_e": -10.0, "ba_2_m": -60.0, "ba_2_s": -10.0, "delay": 0.1829730443358939, "mi_0_e": 13.425752200964384, "mi_0_s": -5.0, "mi_1_e": 1.1699436888351618, "mi_1_m": 39.01943280882131, "mi_1_s": 9.521783294881963, "mi_2_e": -10.0, "mi_2_m": -60.0, "mi_2_s": -10.0}, "datetime": {"datetime": "2019-09-11 17:37:53", "elapsed": 2835.301167, "delta": 11.129658}}
{"target": 1.2731012105941772, "params": {"ah_0_e": 28.805377255756916, "ah_0_s": 2.665996358194178, "ah_1_e": 24.890527011022147, "ah_1_m": 31.18052616286684, "ah_1_s": 5.5977452723162715, "ah_2_e": -10.0, "ah_2_m": -60.0, "ah_2_s": -10.0, "ba_0_e": -39.004844493969294, "ba_0_s": 7.117418015979671, "ba_1_e": 28.185739627966353, "ba_1_m": 49.533609753449454, "ba_1_s": 33.202484861635405, "ba_2_e": -10.0, "ba_2_m": -60.0, "ba_2_s": -10.0, "delay": 0.13210140547374274, "mi_0_e": 11.35303268850208, "mi_0_s": -5.0, "mi_1_e": 12.523132154537354, "mi_1_m": 44.03391973098781, "mi_1_s": 32.50918657883896, "mi_2_e": -10.0, "mi_2_m": -60.0, "mi_2_s": -10.0}, "datetime": {"datetime": "2019-09-11 17:38:04", "elapsed": 2846.546324, "delta": 11.245157}}
{"target": 0.9026817679405212, "params": {"ah_0_e": 17.879262277214117, "ah_0_s": -10.258225720568035, "ah_1_e": 22.30759006963198, "ah_1_m": 35.68646536613654, "ah_1_s": 19.106966060344586, "ah_2_e": -10.0, "ah_2_m": -60.0, "ah_2_s": -10.0, "ba_0_e": -23.175776942602198, "ba_0_s": 39.21379966455413, "ba_1_e": 0.4654660610582473, "ba_1_m": 43.92203617434106, "ba_1_s": 27.970481090749626, "ba_2_e": -10.0, "ba_2_m": -60.0, "ba_2_s": -10.0, "delay": 0.13159578690134865, "mi_0_e": 9.54169210410613, "mi_0_s": -5.0, "mi_1_e": 11.701923088163705, "mi_1_m": 43.80091414301803, "mi_1_s": 15.178503474905574, "mi_2_e": -10.0, "mi_2_m": -60.0, "mi_2_s": -10.0}, "datetime": {"datetime": "2019-09-11 17:38:16", "elapsed": 2857.824174, "delta": 11.27785}}
{"target": -0.383444607257843, "params": {"ah_0_e": 16.633271601488623, "ah_0_s": -10.717634619088852, "ah_1_e": 31.753563221713637, "ah_1_m": 39.68288910968666, "ah_1_s": 18.588290559520022, "ah_2_e": -10.0, "ah_2_m": -60.0, "ah_2_s": -10.0, "ba_0_e": -26.08177255244686, "ba_0_s": 19.298889706104283, "ba_1_e": 5.67969587225825, "ba_1_m": 40.15758734648468, "ba_1_s": 2.6000172660107923, "ba_2_e": -10.0, "ba_2_m": -60.0, "ba_2_s": -10.0, "delay": 0.16864088289308501, "mi_0_e": 16.745912726703374, "mi_0_s": -5.0, "mi_1_e": 16.839918747714812, "mi_1_m": 40.593478117684256, "mi_1_s": 13.284053802203855, "mi_2_e": -10.0, "mi_2_m": -60.0, "mi_2_s": -10.0}, "datetime": {"datetime": "2019-09-11 17:38:27", "elapsed": 2868.629165, "delta": 10.804991}}
{"target": 1.1014130115509033, "params": {"ah_0_e": 35.289148550038334, "ah_0_s": -6.163227828956657, "ah_1_e": 6.338134420687064, "ah_1_m": 44.0059240013892, "ah_1_s": 12.952468580765691, "ah_2_e": -10.0, "ah_2_m": -60.0, "ah_2_s": -10.0, "ba_0_e": -16.76660233602691, "ba_0_s": 25.65757859902957, "ba_1_e": 0.46621773339800276, "ba_1_m": 46.6258805777219, "ba_1_s": 32.860663202999184, "ba_2_e": -10.0, "ba_2_m": -60.0, "ba_2_s": -10.0, "delay": 0.16254289738701388, "mi_0_e": 8.83614641595851, "mi_0_s": -5.0, "mi_1_e": 6.691249234040425, "mi_1_m": 40.32145884943981, "mi_1_s": 4.517447383087903, "mi_2_e": -10.0, "mi_2_m": -60.0, "mi_2_s": -10.0}, "datetime": {"datetime": "2019-09-11 17:38:37", "elapsed": 2879.58249, "delta": 10.953325}}
{"target": 0.959605872631073, "params": {"ah_0_e": 26.00819062600095, "ah_0_s": -6.571663494221916, "ah_1_e": 20.754057817794134, "ah_1_m": 31.59796659741491, "ah_1_s": 6.292613644439255, "ah_2_e": -10.0, "ah_2_m": -60.0, "ah_2_s": -10.0, "ba_0_e": -17.326753033383728, "ba_0_s": 5.226530016141327, "ba_1_e": 3.5181282821935707, "ba_1_m": 49.09910749269022, "ba_1_s": 32.27648928976446, "ba_2_e": -10.0, "ba_2_m": -60.0, "ba_2_s": -10.0, "delay": 0.16896037005330578, "mi_0_e": 30.50873707175536, "mi_0_s": -5.0, "mi_1_e": 4.402848020080198, "mi_1_m": 40.59586153762433, "mi_1_s": 12.020676015204055, "mi_2_e": -10.0, "mi_2_m": -60.0, "mi_2_s": -10.0}, "datetime": {"datetime": "2019-09-11 17:38:49", "elapsed": 2890.850129, "delta": 11.267639}}
{"target": 0.2568535804748535, "params": {"ah_0_e": 18.769861186444952, "ah_0_s": 2.1594358114096224, "ah_1_e": 8.32969010478033, "ah_1_m": 41.833963827923846, "ah_1_s": 20.68700585603738, "ah_2_e": -10.0, "ah_2_m": -60.0, "ah_2_s": -10.0, "ba_0_e": -38.39687802033489, "ba_0_s": 12.00182736979026, "ba_1_e": 8.02498080012377, "ba_1_m": 38.79887203339888, "ba_1_s": 17.758076782819767, "ba_2_e": -10.0, "ba_2_m": -60.0, "ba_2_s": -10.0, "delay": 0.18110999399809702, "mi_0_e": 5.5484351107065875, "mi_0_s": -5.0, "mi_1_e": 5.415853275719918, "mi_1_m": 33.92933407263381, "mi_1_s": 26.722442829136344, "mi_2_e": -10.0, "mi_2_m": -60.0, "mi_2_s": -10.0}, "datetime": {"datetime": "2019-09-11 17:39:00", "elapsed": 2902.032227, "delta": 11.182098}}
{"target": 1.0464533567428589, "params": {"ah_0_e": 34.23869915461867, "ah_0_s": -24.94916243510388, "ah_1_e": 2.2996372842485386, "ah_1_m": 44.354647651038384, "ah_1_s": 16.37257677057576, "ah_2_e": -10.0, "ah_2_m": -60.0, "ah_2_s": -10.0, "ba_0_e": -19.219714597306574, "ba_0_s": 35.512167946047136, "ba_1_e": 1.939166017401841, "ba_1_m": 48.61017646615335, "ba_1_s": 29.951241597336733, "ba_2_e": -10.0, "ba_2_m": -60.0, "ba_2_s": -10.0, "delay": 0.166597389368986, "mi_0_e": 23.621698210029933, "mi_0_s": -5.0, "mi_1_e": 16.68433684229751, "mi_1_m": 36.06514811982358, "mi_1_s": 14.819573673223157, "mi_2_e": -10.0, "mi_2_m": -60.0, "mi_2_s": -10.0}, "datetime": {"datetime": "2019-09-11 17:39:11", "elapsed": 2913.485831, "delta": 11.453604}}
{"target": 0.5441619157791138, "params": {"ah_0_e": 28.107966351533754, "ah_0_s": -9.464935282385262, "ah_1_e": 22.98747046396715, "ah_1_m": 31.411052184182434, "ah_1_s": 16.473768934618278, "ah_2_e": -10.0, "ah_2_m": -60.0, "ah_2_s": -10.0, "ba_0_e": -18.12664092544204, "ba_0_s": 29.81629613387915, "ba_1_e": 4.707886480376645, "ba_1_m": 48.20923939382355, "ba_1_s": 31.35344120854666, "ba_2_e": -10.0, "ba_2_m": -60.0, "ba_2_s": -10.0, "delay": 0.20075511008210659, "mi_0_e": 6.836328452674828, "mi_0_s": -5.0, "mi_1_e": 29.756021519407312, "mi_1_m": 49.888574328789524, "mi_1_s": 18.749416955069137, "mi_2_e": -10.0, "mi_2_m": -60.0, "mi_2_s": -10.0}, "datetime": {"datetime": "2019-09-11 17:39:23", "elapsed": 2924.977425, "delta": 11.491594}}
{"target": 0.9220434427261353, "params": {"ah_0_e": 13.050566340591969, "ah_0_s": -29.421267503757903, "ah_1_e": 10.464096768264984, "ah_1_m": 47.59077979980174, "ah_1_s": 22.484433644692608, "ah_2_e": -10.0, "ah_2_m": -60.0, "ah_2_s": -10.0, "ba_0_e": -22.421970191552624, "ba_0_s": 24.056955854152115, "ba_1_e": 1.9406387472133964, "ba_1_m": 47.75118135698581, "ba_1_s": 31.320234805195586, "ba_2_e": -10.0, "ba_2_m": -60.0, "ba_2_s": -10.0, "delay": 0.18553645115798667, "mi_0_e": 18.11567406825422, "mi_0_s": -5.0, "mi_1_e": 7.87882171827534, "mi_1_m": 33.07825276113186, "mi_1_s": 24.94852772409584, "mi_2_e": -10.0, "mi_2_m": -60.0, "mi_2_s": -10.0}, "datetime": {"datetime": "2019-09-11 17:39:34", "elapsed": 2936.089774, "delta": 11.112349}}
{"target": 0.9858265519142151, "params": {"ah_0_e": 26.175889992600297, "ah_0_s": -32.24185557977777, "ah_1_e": 26.247903652444204, "ah_1_m": 43.73293126064905, "ah_1_s": 7.4834684730265995, "ah_2_e": -10.0, "ah_2_m": -60.0, "ah_2_s": -10.0, "ba_0_e": -11.341849421725012, "ba_0_s": 34.39844916532307, "ba_1_e": 4.471531842218797, "ba_1_m": 47.62778900433721, "ba_1_s": 33.36571485201363, "ba_2_e": -10.0, "ba_2_m": -60.0, "ba_2_s": -10.0, "delay": 0.1421953990036428, "mi_0_e": 14.284757811418263, "mi_0_s": -5.0, "mi_1_e": 7.893749112331093, "mi_1_m": 36.7630913518612, "mi_1_s": 20.58791170166639, "mi_2_e": -10.0, "mi_2_m": -60.0, "mi_2_s": -10.0}, "datetime": {"datetime": "2019-09-11 17:39:45", "elapsed": 2947.325084, "delta": 11.23531}}
{"target": 0.7018740177154541, "params": {"ah_0_e": 11.607433062882407, "ah_0_s": -12.537545667574921, "ah_1_e": 12.818127052741113, "ah_1_m": 30.275169512262096, "ah_1_s": 9.24907195191324, "ah_2_e": -10.0, "ah_2_m": -60.0, "ah_2_s": -10.0, "ba_0_e": -29.976845040299768, "ba_0_s": 32.70093277555252, "ba_1_e": 6.279359371870028, "ba_1_m": 46.85616589661028, "ba_1_s": 31.60301913854868, "ba_2_e": -10.0, "ba_2_m": -60.0, "ba_2_s": -10.0, "delay": 0.14772566757084948, "mi_0_e": 9.214504914603172, "mi_0_s": -5.0, "mi_1_e": 6.057570252457705, "mi_1_m": 44.71405436529349, "mi_1_s": 20.60156934627201, "mi_2_e": -10.0, "mi_2_m": -60.0, "mi_2_s": -10.0}, "datetime": {"datetime": "2019-09-11 17:39:57", "elapsed": 2958.953781, "delta": 11.628697}}
{"target": 1.0968891382217407, "params": {"ah_0_e": 24.348814901540802, "ah_0_s": -1.023922089457578, "ah_1_e": 16.85777096452975, "ah_1_m": 34.718542448144554, "ah_1_s": 3.2889224273004753, "ah_2_e": -10.0, "ah_2_m": -60.0, "ah_2_s": -10.0, "ba_0_e": -35.60694556124501, "ba_0_s": 10.917076529403431, "ba_1_e": 0.7538990796359885, "ba_1_m": 43.85770273694466, "ba_1_s": 25.454555107029115, "ba_2_e": -10.0, "ba_2_m": -60.0, "ba_2_s": -10.0, "delay": 0.1581074938637082, "mi_0_e": 5.578271235836243, "mi_0_s": -5.0, "mi_1_e": 0.6083163216227888, "mi_1_m": 40.13364396118186, "mi_1_s": 31.834887659284995, "mi_2_e": -10.0, "mi_2_m": -60.0, "mi_2_s": -10.0}, "datetime": {"datetime": "2019-09-11 17:40:09", "elapsed": 2970.588732, "delta": 11.634951}}
{"target": 1.4598841667175293, "params": {"ah_0_e": 33.66742428931523, "ah_0_s": -16.305661327519566, "ah_1_e": 2.8398726820313214, "ah_1_m": 44.289394385273205, "ah_1_s": 6.0060861691715655, "ah_2_e": -10.0, "ah_2_m": -60.0, "ah_2_s": -10.0, "ba_0_e": -35.306631758601206, "ba_0_s": 8.37845487115106, "ba_1_e": 9.991620118500721, "ba_1_m": 42.47086810096466, "ba_1_s": 19.041485838444853, "ba_2_e": -10.0, "ba_2_m": -60.0, "ba_2_s": -10.0, "delay": 0.18268595655488512, "mi_0_e": 5.5080570385140195, "mi_0_s": -5.0, "mi_1_e": 2.0544411638245825, "mi_1_m": 30.558711458531327, "mi_1_s": 28.732182500141988, "mi_2_e": -10.0, "mi_2_m": -60.0, "mi_2_s": -10.0}, "datetime": {"datetime": "2019-09-11 17:40:20", "elapsed": 2981.983473, "delta": 11.394741}}
{"target": 0.425709992647171, "params": {"ah_0_e": 34.7795386842684, "ah_0_s": -24.986764605263353, "ah_1_e": 12.296427379041553, "ah_1_m": 45.57886643527022, "ah_1_s": 12.703213132948793, "ah_2_e": -10.0, "ah_2_m": -60.0, "ah_2_s": -10.0, "ba_0_e": -35.13717766112112, "ba_0_s": 37.589905527553185, "ba_1_e": 11.777459966898798, "ba_1_m": 48.840385067989175, "ba_1_s": 21.30419852523599, "ba_2_e": -10.0, "ba_2_m": -60.0, "ba_2_s": -10.0, "delay": 0.15931471697967314, "mi_0_e": 14.619048808261407, "mi_0_s": -5.0, "mi_1_e": 7.672694903234906, "mi_1_m": 34.81559117608802, "mi_1_s": 15.672313283759955, "mi_2_e": -10.0, "mi_2_m": -60.0, "mi_2_s": -10.0}, "datetime": {"datetime": "2019-09-11 17:40:32", "elapsed": 2993.775836, "delta": 11.792363}}
{"target": 1.17819344997406, "params": {"ah_0_e": 34.787594194199336, "ah_0_s": -13.800078164523445, "ah_1_e": 9.864529540903515, "ah_1_m": 36.209352371894845, "ah_1_s": 7.759663441236867, "ah_2_e": -10.0, "ah_2_m": -60.0, "ah_2_s": -10.0, "ba_0_e": -26.486824317703928, "ba_0_s": 20.157571062465387, "ba_1_e": 16.353022026455612, "ba_1_m": 44.71819939725653, "ba_1_s": 34.94239260078296, "ba_2_e": -10.0, "ba_2_m": -60.0, "ba_2_s": -10.0, "delay": 0.20060834371160896, "mi_0_e": 7.28102629814381, "mi_0_s": -5.0, "mi_1_e": 7.251697898556667, "mi_1_m": 43.22245764026518, "mi_1_s": 11.818412222254667, "mi_2_e": -10.0, "mi_2_m": -60.0, "mi_2_s": -10.0}, "datetime": {"datetime": "2019-09-11 17:40:43", "elapsed": 3004.907956, "delta": 11.13212}}
{"target": 1.2366547584533691, "params": {"ah_0_e": 22.97966644225187, "ah_0_s": -15.589106746076812, "ah_1_e": 14.909743515318436, "ah_1_m": 46.63812600170334, "ah_1_s": 21.76965896257399, "ah_2_e": -10.0, "ah_2_m": -60.0, "ah_2_s": -10.0, "ba_0_e": -39.03814309765513, "ba_0_s": 10.468178267600933, "ba_1_e": 1.99781168867369, "ba_1_m": 46.49712925406259, "ba_1_s": 27.350117185717707, "ba_2_e": -10.0, "ba_2_m": -60.0, "ba_2_s": -10.0, "delay": 0.1866557201593201, "mi_0_e": 31.387538384795967, "mi_0_s": -5.0, "mi_1_e": 5.75833316844811, "mi_1_m": 41.175472029107816, "mi_1_s": 25.70203693337677, "mi_2_e": -10.0, "mi_2_m": -60.0, "mi_2_s": -10.0}, "datetime": {"datetime": "2019-09-11 17:40:54", "elapsed": 3016.428007, "delta": 11.520051}}
{"target": 0.6708667874336243, "params": {"ah_0_e": 27.36827900985032, "ah_0_s": -28.2497910246866, "ah_1_e": 21.925465113502213, "ah_1_m": 36.276496154745246, "ah_1_s": 26.493005900090214, "ah_2_e": -10.0, "ah_2_m": -60.0, "ah_2_s": -10.0, "ba_0_e": -27.380004970194186, "ba_0_s": 13.745422573408888, "ba_1_e": 32.7363045565199, "ba_1_m": 39.95073214451793, "ba_1_s": 28.374699047972943, "ba_2_e": -10.0, "ba_2_m": -60.0, "ba_2_s": -10.0, "delay": 0.18886773286511077, "mi_0_e": 31.115437725420072, "mi_0_s": -5.0, "mi_1_e": 5.053267980418809, "mi_1_m": 36.79348366012701, "mi_1_s": 9.7839491686946, "mi_2_e": -10.0, "mi_2_m": -60.0, "mi_2_s": -10.0}, "datetime": {"datetime": "2019-09-11 17:41:05", "elapsed": 3027.354174, "delta": 10.926167}}
{"target": -0.4744783937931061, "params": {"ah_0_e": 22.73150006160533, "ah_0_s": -33.9316534708761, "ah_1_e": 22.23778157977176, "ah_1_m": 31.852769065476, "ah_1_s": 0.5747748564740457, "ah_2_e": -10.0, "ah_2_m": -60.0, "ah_2_s": -10.0, "ba_0_e": -5.874298971962986, "ba_0_s": 6.715898576283315, "ba_1_e": 0.9750236586059113, "ba_1_m": 48.02883663105213, "ba_1_s": 30.384248276476814, "ba_2_e": -10.0, "ba_2_m": -60.0, "ba_2_s": -10.0, "delay": 0.18051657964431025, "mi_0_e": 5.920229201603186, "mi_0_s": -5.0, "mi_1_e": 30.645135965096866, "mi_1_m": 30.355997090540626, "mi_1_s": 0.043604760997489334, "mi_2_e": -10.0, "mi_2_m": -60.0, "mi_2_s": -10.0}, "datetime": {"datetime": "2019-09-11 17:41:16", "elapsed": 3038.42151, "delta": 11.067336}}
{"target": 0.3366631865501404, "params": {"ah_0_e": 28.081612550845527, "ah_0_s": 4.389247650515571, "ah_1_e": 4.902064282902579, "ah_1_m": 47.81416415238766, "ah_1_s": 26.50195080012991, "ah_2_e": -10.0, "ah_2_m": -60.0, "ah_2_s": -10.0, "ba_0_e": -23.86771386967401, "ba_0_s": 21.312766863581015, "ba_1_e": 10.045421605610283, "ba_1_m": 36.06916171089163, "ba_1_s": 31.80743215552817, "ba_2_e": -10.0, "ba_2_m": -60.0, "ba_2_s": -10.0, "delay": 0.1804729348194487, "mi_0_e": 6.721778576877329, "mi_0_s": -5.0, "mi_1_e": 0.8343591800483091, "mi_1_m": 43.37279692565801, "mi_1_s": 16.870125389497463, "mi_2_e": -10.0, "mi_2_m": -60.0, "mi_2_s": -10.0}, "datetime": {"datetime": "2019-09-11 17:41:28", "elapsed": 3049.943578, "delta": 11.522068}}
{"target": 0.9408674240112305, "params": {"ah_0_e": 39.881520755145004, "ah_0_s": -31.837081627656616, "ah_1_e": 14.97101886557012, "ah_1_m": 40.73459923419141, "ah_1_s": 31.042888982320154, "ah_2_e": -10.0, "ah_2_m": -60.0, "ah_2_s": -10.0, "ba_0_e": -34.94502414946965, "ba_0_s": 18.291064481152354, "ba_1_e": 1.3040537546992899, "ba_1_m": 49.29594780852486, "ba_1_s": 20.900111879827605, "ba_2_e": -10.0, "ba_2_m": -60.0, "ba_2_s": -10.0, "delay": 0.1753433366013783, "mi_0_e": 6.057408509598002, "mi_0_s": -5.0, "mi_1_e": 5.6470418440375445, "mi_1_m": 42.44631836509964, "mi_1_s": 26.30596969446435, "mi_2_e": -10.0, "mi_2_m": -60.0, "mi_2_s": -10.0}, "datetime": {"datetime": "2019-09-11 17:41:40", "elapsed": 3061.844074, "delta": 11.900496}}
{"target": 0.403359055519104, "params": {"ah_0_e": 28.63748783180521, "ah_0_s": -39.81861777365295, "ah_1_e": 28.386166702755663, "ah_1_m": 47.08603716278597, "ah_1_s": 7.319011915195412, "ah_2_e": -10.0, "ah_2_m": -60.0, "ah_2_s": -10.0, "ba_0_e": -7.435212055806467, "ba_0_s": 32.258372590192934, "ba_1_e": 3.473167531451743, "ba_1_m": 49.16910742964636, "ba_1_s": 34.76169275251293, "ba_2_e": -10.0, "ba_2_m": -60.0, "ba_2_s": -10.0, "delay": 0.17793981939718334, "mi_0_e": 18.68864657365886, "mi_0_s": -5.0, "mi_1_e": 16.706296899031788, "mi_1_m": 33.32837046122445, "mi_1_s": 25.18614972660327, "mi_2_e": -10.0, "mi_2_m": -60.0, "mi_2_s": -10.0}, "datetime": {"datetime": "2019-09-11 17:41:51", "elapsed": 3073.205386, "delta": 11.361312}}
{"target": 1.1279401779174805, "params": {"ah_0_e": 27.131481409841278, "ah_0_s": -31.142015090216788, "ah_1_e": 24.19361827205188, "ah_1_m": 45.99801722952468, "ah_1_s": 11.35804014434656, "ah_2_e": -10.0, "ah_2_m": -60.0, "ah_2_s": -10.0, "ba_0_e": -33.15464707172449, "ba_0_s": 5.663877135329782, "ba_1_e": 2.9540434162749643, "ba_1_m": 49.29159777372576, "ba_1_s": 34.51155060662884, "ba_2_e": -10.0, "ba_2_m": -60.0, "ba_2_s": -10.0, "delay": 0.20074593988135941, "mi_0_e": 18.619955404356233, "mi_0_s": -5.0, "mi_1_e": 13.728221008076943, "mi_1_m": 43.73733553365068, "mi_1_s": 10.742139631420647, "mi_2_e": -10.0, "mi_2_m": -60.0, "mi_2_s": -10.0}, "datetime": {"datetime": "2019-09-11 17:42:03", "elapsed": 3084.736955, "delta": 11.531569}}
{"target": 0.7093669772148132, "params": {"ah_0_e": 37.57427121092941, "ah_0_s": -10.923881255233304, "ah_1_e": 9.088962307456246, "ah_1_m": 46.2009271506985, "ah_1_s": 6.656286475806337, "ah_2_e": -10.0, "ah_2_m": -60.0, "ah_2_s": -10.0, "ba_0_e": -32.40875769402238, "ba_0_s": 26.57016568110391, "ba_1_e": 14.174307095436637, "ba_1_m": 49.22061392060939, "ba_1_s": 11.446623086094748, "ba_2_e": -10.0, "ba_2_m": -60.0, "ba_2_s": -10.0, "delay": 0.17361932043547137, "mi_0_e": 14.564055270751222, "mi_0_s": -5.0, "mi_1_e": 20.65026787341501, "mi_1_m": 39.34780960993277, "mi_1_s": 23.293058019699536, "mi_2_e": -10.0, "mi_2_m": -60.0, "mi_2_s": -10.0}, "datetime": {"datetime": "2019-09-11 17:42:14", "elapsed": 3096.028076, "delta": 11.291121}}
{"target": 1.3778376579284668, "params": {"ah_0_e": 13.607830545095132, "ah_0_s": -30.083543372552846, "ah_1_e": 19.349798209339685, "ah_1_m": 32.305810644978266, "ah_1_s": 29.22633578133874, "ah_2_e": -10.0, "ah_2_m": -60.0, "ah_2_s": -10.0, "ba_0_e": -37.43277511333191, "ba_0_s": 16.47154088054204, "ba_1_e": 2.4667444010385737, "ba_1_m": 41.663332371887456, "ba_1_s": 25.06918746711309, "ba_2_e": -10.0, "ba_2_m": -60.0, "ba_2_s": -10.0, "delay": 0.15218481382571802, "mi_0_e": 11.204196334663397, "mi_0_s": -5.0, "mi_1_e": 13.407345590737112, "mi_1_m": 30.16726437240913, "mi_1_s": 29.513073184264005, "mi_2_e": -10.0, "mi_2_m": -60.0, "mi_2_s": -10.0}, "datetime": {"datetime": "2019-09-11 17:42:25", "elapsed": 3107.388872, "delta": 11.360796}}
{"target": 0.6073795557022095, "params": {"ah_0_e": 7.322093901628065, "ah_0_s": -32.580108802480055, "ah_1_e": 31.873353155650413, "ah_1_m": 31.173478714244695, "ah_1_s": 12.085237683284584, "ah_2_e": -10.0, "ah_2_m": -60.0, "ah_2_s": -10.0, "ba_0_e": -25.204157753793094, "ba_0_s": 20.738543334046707, "ba_1_e": 0.11147190076790547, "ba_1_m": 45.07426986470556, "ba_1_s": 34.81506041590608, "ba_2_e": -10.0, "ba_2_m": -60.0, "ba_2_s": -10.0, "delay": 0.20332255774642732, "mi_0_e": 15.400324420094865, "mi_0_s": -5.0, "mi_1_e": 6.6477559206286125, "mi_1_m": 47.47377955109032, "mi_1_s": 4.1438163682607785, "mi_2_e": -10.0, "mi_2_m": -60.0, "mi_2_s": -10.0}, "datetime": {"datetime": "2019-09-11 17:42:37", "elapsed": 3119.326186, "delta": 11.937314}}
{"target": 0.5009850859642029, "params": {"ah_0_e": 39.93580174031014, "ah_0_s": -22.24956450761181, "ah_1_e": 8.488972550917605, "ah_1_m": 41.53556898120186, "ah_1_s": 22.686056614003927, "ah_2_e": -10.0, "ah_2_m": -60.0, "ah_2_s": -10.0, "ba_0_e": -0.08365743273419213, "ba_0_s": 34.902318511183736, "ba_1_e": 6.536278208007412, "ba_1_m": 43.95836265862261, "ba_1_s": 31.395322388474252, "ba_2_e": -10.0, "ba_2_m": -60.0, "ba_2_s": -10.0, "delay": 0.20315869153471602, "mi_0_e": 10.64726607684239, "mi_0_s": -5.0, "mi_1_e": 28.509191959975112, "mi_1_m": 32.146959460796005, "mi_1_s": 27.51586473910951, "mi_2_e": -10.0, "mi_2_m": -60.0, "mi_2_s": -10.0}, "datetime": {"datetime": "2019-09-11 17:42:48", "elapsed": 3130.562203, "delta": 11.236017}}
{"target": 0.18349696695804596, "params": {"ah_0_e": 39.98850880839584, "ah_0_s": -12.359838018319426, "ah_1_e": 26.343854729556995, "ah_1_m": 46.43930933645531, "ah_1_s": 10.889558774581612, "ah_2_e": -10.0, "ah_2_m": -60.0, "ah_2_s": -10.0, "ba_0_e": -35.826370014199746, "ba_0_s": 24.29509592939006, "ba_1_e": 2.64397609219475, "ba_1_m": 48.135920040217144, "ba_1_s": 31.26824936456535, "ba_2_e": -10.0, "ba_2_m": -60.0, "ba_2_s": -10.0, "delay": 0.1981142475307121, "mi_0_e": 5.79140975859104, "mi_0_s": -5.0, "mi_1_e": 13.273937969848589, "mi_1_m": 31.294763850634894, "mi_1_s": 16.94933236190867, "mi_2_e": -10.0, "mi_2_m": -60.0, "mi_2_s": -10.0}, "datetime": {"datetime": "2019-09-11 17:43:00", "elapsed": 3142.281331, "delta": 11.719128}}
{"target": 1.1286848783493042, "params": {"ah_0_e": 39.34181352376783, "ah_0_s": -18.823516901414475, "ah_1_e": 5.909844130161261, "ah_1_m": 46.365116635160035, "ah_1_s": 27.09627622918366, "ah_2_e": -10.0, "ah_2_m": -60.0, "ah_2_s": -10.0, "ba_0_e": -32.72702411598266, "ba_0_s": 18.859074722073164, "ba_1_e": 5.040925875604322, "ba_1_m": 49.339863453741465, "ba_1_s": 24.797781920212774, "ba_2_e": -10.0, "ba_2_m": -60.0, "ba_2_s": -10.0, "delay": 0.15918830433428974, "mi_0_e": 8.470806955705257, "mi_0_s": -5.0, "mi_1_e": 0.8792809245241262, "mi_1_m": 38.14767782885887, "mi_1_s": 2.7256413259178496, "mi_2_e": -10.0, "mi_2_m": -60.0, "mi_2_s": -10.0}, "datetime": {"datetime": "2019-09-11 17:43:12", "elapsed": 3154.166941, "delta": 11.88561}}
