{"target": 0.30437085032463074, "params": {"ah_0_e": 31.540732484918074, "ah_0_s": -15.831893469206701, "ah_1_e": 33.53270713487306, "ah_1_m": 44.67770643851637, "ah_1_s": 3.3117803531412453, "ah_2_e": -10.0, "ah_2_m": -60.0, "ah_2_s": -10.0, "ba_0_e": -33.825656786502286, "ba_0_s": 18.366978333677807, "ba_1_e": 7.1832332031800386, "ba_1_m": 42.13015882918795, "ba_1_s": 32.92687105193399, "ba_2_e": -10.0, "ba_2_m": -60.0, "ba_2_s": -10.0, "delay": 0.1877230291860729, "mi_0_e": 19.98349377845239, "mi_0_s": -5.0, "mi_1_e": 4.099804348886967, "mi_1_m": 43.432412370454216, "mi_1_s": 16.81963492783613, "mi_2_e": -10.0, "mi_2_m": -60.0, "mi_2_s": -10.0}, "datetime": {"datetime": "2019-09-11 17:49:07", "elapsed": 3509.49267, "delta": 12.915546}}
{"target": 1.3585922718048096, "params": {"ah_0_e": 35.0906067233539, "ah_0_s": -20.067326510418358, "ah_1_e": 18.588169618271266, "ah_1_m": 47.198163900947236, "ah_1_s": 3.0172431904287222, "ah_2_e": -10.0, "ah_2_m": -60.0, "ah_2_s": -10.0, "ba_0_e": -20.986359060492795, "ba_0_s": 21.913960899741074, "ba_1_e": 16.649606738747767, "ba_1_m": 49.77055489703858, "ba_1_s": 23.733677025904775, "ba_2_e": -10.0, "ba_2_m": -60.0, "ba_2_s": -10.0, "delay": 0.13588004068011597, "mi_0_e": 18.890624881185488, "mi_0_s": -5.0, "mi_1_e": 9.819174732245731, "mi_1_m": 40.697924136369735, "mi_1_s": 7.6268653235193105, "mi_2_e": -10.0, "mi_2_m": -60.0, "mi_2_s": -10.0}, "datetime": {"datetime": "2019-09-11 17:49:20", "elapsed": 3521.757233, "delta": 12.264563}}
{"target": 0.7812653183937073, "params": {"ah_0_e": 11.068217376921975, "ah_0_s": -31.295470807643127, "ah_1_e": 11.126878853599775, "ah_1_m": 36.36762871110737, "ah_1_s": 24.373227486382408, "ah_2_e": -10.0, "ah_2_m": -60.0, "ah_2_s": -10.0, "ba_0_e": -19.347544778563474, "ba_0_s": 30.11699512882727, "ba_1_e": 2.5966642323315554, "ba_1_m": 36.84472574619316, "ba_1_s": 33.865784796050804, "ba_2_e": -10.0, "ba_2_m": -60.0, "ba_2_s": -10.0, "delay": 0.14774067449589565, "mi_0_e": 14.781420648719536, "mi_0_s": -5.0, "mi_1_e": 26.212187831907933, "mi_1_m": 35.963708494931716, "mi_1_s": 11.745188721366047, "mi_2_e": -10.0, "mi_2_m": -60.0, "mi_2_s": -10.0}, "datetime": {"datetime": "2019-09-11 17:49:32", "elapsed": 3534.399251, "delta": 12.642018}}
{"target": 0.9367085099220276, "params": {"ah_0_e": 23.90096712479024, "ah_0_s": -26.425076981500382, "ah_1_e": 15.133989666201412, "ah_1_m": 37.15841370430741, "ah_1_s": 8.665427388620813, "ah_2_e": -10.0, "ah_2_m": -60.0, "ah_2_s": -10.0, "ba_0_e": -15.986114648664856, "ba_0_s": 11.311658302846526, "ba_1_e": 4.568441345512664, "ba_1_m": 46.66063270614936, "ba_1_s": 32.45702638404509, "ba_2_e": -10.0, "ba_2_m": -60.0, "ba_2_s": -10.0, "delay": 0.15803705309690094, "mi_0_e": 7.3536810528855385, "mi_0_s": -5.0, "mi_1_e": 0.8737190214629137, "mi_1_m": 48.15407792912757, "mi_1_s": 26.810101962789716, "mi_2_e": -10.0, "mi_2_m": -60.0, "mi_2_s": -10.0}, "datetime": {"datetime": "2019-09-11 17:49:45", "elapsed": 3546.955659, "delta": 12.556408}}
{"target": 1.1525678634643555, "params": {"ah_0_e": 28.828107446687724, "ah_0_s": -29.359207906936604, "ah_1_e": 15.449135847582816, "ah_1_m": 38.308707544588344, "ah_1_s": 7.873981318314422, "ah_2_e": -10.0, "ah_2_m": -60.0, "ah_2_s": -10.0, "ba_0_e": -22.012694585326617, "ba_0_s": 16.315897906357456, "ba_1_e": 2.2879145300770345, "ba_1_m": 43.00560963231787, "ba_1_s": 19.63396868009332, "ba_2_e": -10.0, "ba_2_m": -60.0, "ba_2_s": -10.0, "delay": 0.20574131163844356, "mi_0_e": 11.948606869962006, "mi_0_s": -5.0, "mi_1_e": 8.902307984172975, "mi_1_m": 41.51455835674391, "mi_1_s": 5.292222184545034, "mi_2_e": -10.0, "mi_2_m": -60.0, "mi_2_s": -10.0}, "datetime": {"datetime": "2019-09-11 17:49:58", "elapsed": 3559.963848, "delta": 13.008189}}
{"target": 0.8361131548881531, "params": {"ah_0_e": 16.348047141131318, "ah_0_s": -31.021246800227168, "ah_1_e": 0.5530968577238038, "ah_1_m": 34.68534103399397, "ah_1_s": 10.030455823539508, "ah_2_e": -10.0, "ah_2_m": -60.0, "ah_2_s": -10.0, "ba_0_e": -22.047717641583112, "ba_0_s": 31.77034598846954, "ba_1_e": 9.431375971841174, "ba_1_m": 48.54945765870367, "ba_1_s": 33.39915803565809, "ba_2_e": -10.0, "ba_2_m": -60.0, "ba_2_s": -10.0, "delay": 0.2005217364283226, "mi_0_e": 16.93623247244316, "mi_0_s": -5.0, "mi_1_e": 2.3112452369109904, "mi_1_m": 45.08500557346716, "mi_1_s": 5.266554939581866, "mi_2_e": -10.0, "mi_2_m": -60.0, "mi_2_s": -10.0}, "datetime": {"datetime": "2019-09-11 17:50:10", "elapsed": 3571.795969, "delta": 11.832121}}
{"target": 0.7505502104759216, "params": {"ah_0_e": 17.261916414206418, "ah_0_s": -38.89419416811211, "ah_1_e": 4.440149178712152, "ah_1_m": 37.44791947721489, "ah_1_s": 0.1356178505492983, "ah_2_e": -10.0, "ah_2_m": -60.0, "ah_2_s": -10.0, "ba_0_e": -20.664908014553152, "ba_0_s": 28.26179215064542, "ba_1_e": 6.592821039720852, "ba_1_m": 48.24329889482573, "ba_1_s": 16.496564021882804, "ba_2_e": -10.0, "ba_2_m": -60.0, "ba_2_s": -10.0, "delay": 0.14702006915639032, "mi_0_e": 5.085292054381525, "mi_0_s": -5.0, "mi_1_e": 0.5409435532300316, "mi_1_m": 45.671507367260844, "mi_1_s": 7.12283566576091, "mi_2_e": -10.0, "mi_2_m": -60.0, "mi_2_s": -10.0}, "datetime": {"datetime": "2019-09-11 17:50:22", "elapsed": 3583.73887, "delta": 11.942901}}
{"target": 0.5724358558654785, "params": {"ah_0_e": 37.037646079241924, "ah_0_s": -24.94027594552579, "ah_1_e": 9.728221152568702, "ah_1_m": 40.699462854633516, "ah_1_s": 5.650159720600787, "ah_2_e": -10.0, "ah_2_m": -60.0, "ah_2_s": -10.0, "ba_0_e": -38.81419791578178, "ba_0_s": 21.587408509421763, "ba_1_e": 6.062250061433322, "ba_1_m": 48.22296762930928, "ba_1_s": 34.31868615199656, "ba_2_e": -10.0, "ba_2_m": -60.0, "ba_2_s": -10.0, "delay": 0.20620554891059553, "mi_0_e": 10.940569680385732, "mi_0_s": -5.0, "mi_1_e": 33.00734849711349, "mi_1_m": 45.5736021974429, "mi_1_s": 2.3001264451528596, "mi_2_e": -10.0, "mi_2_m": -60.0, "mi_2_s": -10.0}, "datetime": {"datetime": "2019-09-11 17:50:34", "elapsed": 3596.459815, "delta": 12.720945}}
{"target": 0.8774850964546204, "params": {"ah_0_e": 31.947883535824637, "ah_0_s": -19.662468965850184, "ah_1_e": 3.2495558613963444, "ah_1_m": 33.803733475573864, "ah_1_s": 6.032640692775872, "ah_2_e": -10.0, "ah_2_m": -60.0, "ah_2_s": -10.0, "ba_0_e": -18.9426600593079, "ba_0_s": 38.821602669042626, "ba_1_e": 1.2263235721247079, "ba_1_m": 48.69172462239415, "ba_1_s": 28.308425618392672, "ba_2_e": -10.0, "ba_2_m": -60.0, "ba_2_s": -10.0, "delay": 0.1837821610024013, "mi_0_e": 19.33846767218983, "mi_0_s": -5.0, "mi_1_e": 21.234959606232632, "mi_1_m": 44.70323148066038, "mi_1_s": 11.810721663293421, "mi_2_e": -10.0, "mi_2_m": -60.0, "mi_2_s": -10.0}, "datetime": {"datetime": "2019-09-11 17:50:47", "elapsed": 3608.965759, "delta": 12.505944}}
{"target": 1.1006256341934204, "params": {"ah_0_e": 21.087197775495227, "ah_0_s": -24.815603650002828, "ah_1_e": 6.412971770788709, "ah_1_m": 30.439119230879072, "ah_1_s": 16.903428387695143, "ah_2_e": -10.0, "ah_2_m": -60.0, "ah_2_s": -10.0, "ba_0_e": -11.403668747842843, "ba_0_s": 27.434804240135275, "ba_1_e": 8.516322573532678, "ba_1_m": 49.343235833714516, "ba_1_s": 34.63098493242418, "ba_2_e": -10.0, "ba_2_m": -60.0, "ba_2_s": -10.0, "delay": 0.1475609412630916, "mi_0_e": 14.5838562280852, "mi_0_s": -5.0, "mi_1_e": 18.665472830565875, "mi_1_m": 34.206716656051135, "mi_1_s": 30.307889586429102, "mi_2_e": -10.0, "mi_2_m": -60.0, "mi_2_s": -10.0}, "datetime": {"datetime": "2019-09-11 17:50:59", "elapsed": 3620.779485, "delta": 11.813726}}
{"target": 1.165596842765808, "params": {"ah_0_e": 36.15513160034329, "ah_0_s": -12.734178907579683, "ah_1_e": 23.335492201357763, "ah_1_m": 41.649567432962826, "ah_1_s": 3.512077116539304, "ah_2_e": -10.0, "ah_2_m": -60.0, "ah_2_s": -10.0, "ba_0_e": -26.38949370558932, "ba_0_s": 39.79913782742944, "ba_1_e": 10.826420835226534, "ba_1_m": 44.90059267349835, "ba_1_s": 33.98631967230277, "ba_2_e": -10.0, "ba_2_m": -60.0, "ba_2_s": -10.0, "delay": 0.1857657489787207, "mi_0_e": 16.097007249361237, "mi_0_s": -5.0, "mi_1_e": 3.228958053691588, "mi_1_m": 33.70350244939843, "mi_1_s": 32.39551275004156, "mi_2_e": -10.0, "mi_2_m": -60.0, "mi_2_s": -10.0}, "datetime": {"datetime": "2019-09-11 17:51:11", "elapsed": 3632.917594, "delta": 12.138109}}
{"target": 0.928150475025177, "params": {"ah_0_e": 18.475815081551424, "ah_0_s": -9.737052665953776, "ah_1_e": 10.33926180678974, "ah_1_m": 31.575241304109458, "ah_1_s": 13.192935236110177, "ah_2_e": -10.0, "ah_2_m": -60.0, "ah_2_s": -10.0, "ba_0_e": -16.054591055969865, "ba_0_s": 25.753462019894517, "ba_1_e": 0.012169396881869243, "ba_1_m": 48.55501711783669, "ba_1_s": 31.03767481354262, "ba_2_e": -10.0, "ba_2_m": -60.0, "ba_2_s": -10.0, "delay": 0.19729199327561675, "mi_0_e": 18.012410735053674, "mi_0_s": -5.0, "mi_1_e": 2.352494600902804, "mi_1_m": 43.99140171497449, "mi_1_s": 14.378320433444872, "mi_2_e": -10.0, "mi_2_m": -60.0, "mi_2_s": -10.0}, "datetime": {"datetime": "2019-09-11 17:51:23", "elapsed": 3644.926372, "delta": 12.008778}}
{"target": 0.09458473324775696, "params": {"ah_0_e": 21.729005353214987, "ah_0_s": -19.38635796422396, "ah_1_e": 30.675552122654555, "ah_1_m": 42.38900729952096, "ah_1_s": 11.9358699810233, "ah_2_e": -10.0, "ah_2_m": -60.0, "ah_2_s": -10.0, "ba_0_e": -13.153596927660121, "ba_0_s": 19.482665796980292, "ba_1_e": 6.8846682853543415, "ba_1_m": 49.53549935594276, "ba_1_s": 31.235541083432537, "ba_2_e": -10.0, "ba_2_m": -60.0, "ba_2_s": -10.0, "delay": 0.13908968978715425, "mi_0_e": 7.338533686321634, "mi_0_s": -5.0, "mi_1_e": 1.179791343203609, "mi_1_m": 33.38844423309138, "mi_1_s": 26.783142722137615, "mi_2_e": -10.0, "mi_2_m": -60.0, "mi_2_s": -10.0}, "datetime": {"datetime": "2019-09-11 17:51:35", "elapsed": 3657.425499, "delta": 12.499127}}
{"target": 0.8487533330917358, "params": {"ah_0_e": 29.047684271269468, "ah_0_s": -35.63255712407133, "ah_1_e": 21.543728499095156, "ah_1_m": 35.4557433492407, "ah_1_s": 8.724632885786464, "ah_2_e": -10.0, "ah_2_m": -60.0, "ah_2_s": -10.0, "ba_0_e": -14.513584715260162, "ba_0_s": 32.79573242079735, "ba_1_e": 0.33240814707320876, "ba_1_m": 49.98428169265876, "ba_1_s": 34.19634866629292, "ba_2_e": -10.0, "ba_2_m": -60.0, "ba_2_s": -10.0, "delay": 0.13066341467049955, "mi_0_e": 5.920742044528116, "mi_0_s": -5.0, "mi_1_e": 1.331246940935099, "mi_1_m": 44.27253628750161, "mi_1_s": 30.807322521857454, "mi_2_e": -10.0, "mi_2_m": -60.0, "mi_2_s": -10.0}, "datetime": {"datetime": "2019-09-11 17:51:48", "elapsed": 3669.949575, "delta": 12.524076}}
{"target": 1.1231874227523804, "params": {"ah_0_e": 29.0135002621975, "ah_0_s": -28.21486324647546, "ah_1_e": 4.025792063246168, "ah_1_m": 31.621707714104858, "ah_1_s": 23.820113068723256, "ah_2_e": -10.0, "ah_2_m": -60.0, "ah_2_s": -10.0, "ba_0_e": -16.35778292304044, "ba_0_s": 35.83106077847313, "ba_1_e": 0.8341960565171763, "ba_1_m": 49.87327654918657, "ba_1_s": 27.958672515265892, "ba_2_e": -10.0, "ba_2_m": -60.0, "ba_2_s": -10.0, "delay": 0.14354614244939892, "mi_0_e": 10.117299869661625, "mi_0_s": -5.0, "mi_1_e": 7.261929750667231, "mi_1_m": 37.03276798759289, "mi_1_s": 1.3032518307361107, "mi_2_e": -10.0, "mi_2_m": -60.0, "mi_2_s": -10.0}, "datetime": {"datetime": "2019-09-11 17:52:00", "elapsed": 3682.096969, "delta": 12.147394}}
{"target": 0.42940396070480347, "params": {"ah_0_e": 37.95949769231138, "ah_0_s": -6.934676096126665, "ah_1_e": 20.249225022096322, "ah_1_m": 35.493570912781855, "ah_1_s": 4.070410561821214, "ah_2_e": -10.0, "ah_2_m": -60.0, "ah_2_s": -10.0, "ba_0_e": -24.929616131553047, "ba_0_s": 17.0623897305033, "ba_1_e": 10.601178929175878, "ba_1_m": 47.21575297729847, "ba_1_s": 10.040469096398173, "ba_2_e": -10.0, "ba_2_m": -60.0, "ba_2_s": -10.0, "delay": 0.16745261412924659, "mi_0_e": 15.81350958774017, "mi_0_s": -5.0, "mi_1_e": 1.7543486301342415, "mi_1_m": 49.794449182616844, "mi_1_s": 19.336077607814612, "mi_2_e": -10.0, "mi_2_m": -60.0, "mi_2_s": -10.0}, "datetime": {"datetime": "2019-09-11 17:52:13", "elapsed": 3694.831594, "delta": 12.734625}}
{"target": 1.3696930408477783, "params": {"ah_0_e": 25.211995124697175, "ah_0_s": -0.7652512977967305, "ah_1_e": 1.2829898502563553, "ah_1_m": 41.964597648469294, "ah_1_s": 0.8308455600274384, "ah_2_e": -10.0, "ah_2_m": -60.0, "ah_2_s": -10.0, "ba_0_e": -28.42216739573037, "ba_0_s": 39.005537526161454, "ba_1_e": 17.95700386425348, "ba_1_m": 48.35994151400874, "ba_1_s": 12.609517113383218, "ba_2_e": -10.0, "ba_2_m": -60.0, "ba_2_s": -10.0, "delay": 0.1323197602959971, "mi_0_e": 8.764444326790219, "mi_0_s": -5.0, "mi_1_e": 0.9860746732735365, "mi_1_m": 38.60460666355235, "mi_1_s": 7.892309317670218, "mi_2_e": -10.0, "mi_2_m": -60.0, "mi_2_s": -10.0}, "datetime": {"datetime": "2019-09-11 17:52:25", "elapsed": 3707.238391, "delta": 12.406797}}
{"target": 1.2415719032287598, "params": {"ah_0_e": 25.854864407853114, "ah_0_s": -12.57199454230432, "ah_1_e": 16.64595289203784, "ah_1_m": 35.82903478171397, "ah_1_s": 3.1458631258163767, "ah_2_e": -10.0, "ah_2_m": -60.0, "ah_2_s": -10.0, "ba_0_e": -34.80307706736669, "ba_0_s": 27.423914047839077, "ba_1_e": 7.203117516272704, "ba_1_m": 46.899398000122204, "ba_1_s": 29.676417703953135, "ba_2_e": -10.0, "ba_2_m": -60.0, "ba_2_s": -10.0, "delay": 0.16112308084264848, "mi_0_e": 15.344616842947815, "mi_0_s": -5.0, "mi_1_e": 6.101400209281879, "mi_1_m": 46.64880768178803, "mi_1_s": 18.758077639294658, "mi_2_e": -10.0, "mi_2_m": -60.0, "mi_2_s": -10.0}, "datetime": {"datetime": "2019-09-11 17:52:38", "elapsed": 3719.900873, "delta": 12.662482}}
{"target": 0.5433383584022522, "params": {"ah_0_e": 9.767990220678822, "ah_0_s": -27.470360255114336, "ah_1_e": 30.264955014162084, "ah_1_m": 30.58869901061883, "ah_1_s": 21.41513236544813, "ah_2_e": -10.0, "ah_2_m": -60.0, "ah_2_s": -10.0, "ba_0_e": -39.837703543034486, "ba_0_s": 21.20130533647932, "ba_1_e": 0.5911797681216685, "ba_1_m": 49.61066372717343, "ba_1_s": 30.900136056068963, "ba_2_e": -10.0, "ba_2_m": -60.0, "ba_2_s": -10.0, "delay": 0.17525089124980173, "mi_0_e": 10.862347166558138, "mi_0_s": -5.0, "mi_1_e": 6.751664683071738, "mi_1_m": 45.36371994810353, "mi_1_s": 14.465179243033095, "mi_2_e": -10.0, "mi_2_m": -60.0, "mi_2_s": -10.0}, "datetime": {"datetime": "2019-09-11 17:52:51", "elapsed": 3732.613329, "delta": 12.712456}}
{"target": 1.4432108402252197, "params": {"ah_0_e": 34.69921908850503, "ah_0_s": -23.393236613709647, "ah_1_e": 4.1144537217309205, "ah_1_m": 32.99581622316303, "ah_1_s": 30.28710809361654, "ah_2_e": -10.0, "ah_2_m": -60.0, "ah_2_s": -10.0, "ba_0_e": -33.62534596188698, "ba_0_s": 15.752993124096715, "ba_1_e": 5.511318523603179, "ba_1_m": 41.275411937019186, "ba_1_s": 27.50046152213946, "ba_2_e": -10.0, "ba_2_m": -60.0, "ba_2_s": -10.0, "delay": 0.16234303123101793, "mi_0_e": 9.31951513222543, "mi_0_s": -5.0, "mi_1_e": 3.3661351675488933, "mi_1_m": 38.41333855396843, "mi_1_s": 10.114869133247776, "mi_2_e": -10.0, "mi_2_m": -60.0, "mi_2_s": -10.0}, "datetime": {"datetime": "2019-09-11 17:53:02", "elapsed": 3744.368388, "delta": 11.755059}}
{"target": 0.21128347516059875, "params": {"ah_0_e": 17.98220584333575, "ah_0_s": -10.26013717801791, "ah_1_e": 18.71468799847189, "ah_1_m": 49.09087957146236, "ah_1_s": 2.595624885172917, "ah_2_e": -10.0, "ah_2_m": -60.0, "ah_2_s": -10.0, "ba_0_e": -10.31062630712739, "ba_0_s": 9.027314747483976, "ba_1_e": 6.624946800417182, "ba_1_m": 42.881090443652155, "ba_1_s": 33.797393338296175, "ba_2_e": -10.0, "ba_2_m": -60.0, "ba_2_s": -10.0, "delay": 0.20391925826191865, "mi_0_e": 6.216924305426901, "mi_0_s": -5.0, "mi_1_e": 10.87050961195626, "mi_1_m": 31.8602111474678, "mi_1_s": 1.7644904857802834, "mi_2_e": -10.0, "mi_2_m": -60.0, "mi_2_s": -10.0}, "datetime": {"datetime": "2019-09-11 17:53:14", "elapsed": 3756.482955, "delta": 12.114567}}
{"target": 0.9696535468101501, "params": {"ah_0_e": 21.155006361164027, "ah_0_s": -10.22868425432652, "ah_1_e": 1.893755521795012, "ah_1_m": 34.77788768689533, "ah_1_s": 14.455948732739524, "ah_2_e": -10.0, "ah_2_m": -60.0, "ah_2_s": -10.0, "ba_0_e": -23.028008359901975, "ba_0_s": 34.794904257686426, "ba_1_e": 16.584743568995883, "ba_1_m": 46.019563983065524, "ba_1_s": 31.045270430982587, "ba_2_e": -10.0, "ba_2_m": -60.0, "ba_2_s": -10.0, "delay": 0.18911003033115495, "mi_0_e": 7.951499866621891, "mi_0_s": -5.0, "mi_1_e": 7.127103010470169, "mi_1_m": 38.10050981680838, "mi_1_s": 15.793543762296835, "mi_2_e": -10.0, "mi_2_m": -60.0, "mi_2_s": -10.0}, "datetime": {"datetime": "2019-09-11 17:53:28", "elapsed": 3769.7882, "delta": 13.305245}}
{"target": 0.21150299906730652, "params": {"ah_0_e": 34.2271973251069, "ah_0_s": -6.759233314985288, "ah_1_e": 29.36273330318665, "ah_1_m": 45.808563119893726, "ah_1_s": 2.646573772131008, "ah_2_e": -10.0, "ah_2_m": -60.0, "ah_2_s": -10.0, "ba_0_e": 3.494879121455348, "ba_0_s": 25.57176814208729, "ba_1_e": 1.2544935353489117, "ba_1_m": 45.221747270075696, "ba_1_s": 24.688175872925218, "ba_2_e": -10.0, "ba_2_m": -60.0, "ba_2_s": -10.0, "delay": 0.14421734933635125, "mi_0_e": 10.494135885160823, "mi_0_s": -5.0, "mi_1_e": 12.762889491633873, "mi_1_m": 40.4902274184499, "mi_1_s": 18.27006139138839, "mi_2_e": -10.0, "mi_2_m": -60.0, "mi_2_s": -10.0}, "datetime": {"datetime": "2019-09-11 17:53:40", "elapsed": 3781.894932, "delta": 12.106732}}
{"target": 0.807015597820282, "params": {"ah_0_e": 24.60792254778352, "ah_0_s": -2.082942804291598, "ah_1_e": 10.937086406155787, "ah_1_m": 40.056628309987595, "ah_1_s": 16.32032005572092, "ah_2_e": -10.0, "ah_2_m": -60.0, "ah_2_s": -10.0, "ba_0_e": -37.58298583693571, "ba_0_s": 37.488702519177416, "ba_1_e": 0.2545589014859351, "ba_1_m": 48.83775337043792, "ba_1_s": 30.082645689803442, "ba_2_e": -10.0, "ba_2_m": -60.0, "ba_2_s": -10.0, "delay": 0.13599655822489506, "mi_0_e": 17.484391640546008, "mi_0_s": -5.0, "mi_1_e": 21.810096333173373, "mi_1_m": 48.569879865120484, "mi_1_s": 15.02883126957056, "mi_2_e": -10.0, "mi_2_m": -60.0, "mi_2_s": -10.0}, "datetime": {"datetime": "2019-09-11 17:53:52", "elapsed": 3794.339878, "delta": 12.444946}}
{"target": 1.1618870496749878, "params": {"ah_0_e": 39.04133046463039, "ah_0_s": -23.175534661640583, "ah_1_e": 4.2576769761570885, "ah_1_m": 37.52070554691982, "ah_1_s": 13.497779148240468, "ah_2_e": -10.0, "ah_2_m": -60.0, "ah_2_s": -10.0, "ba_0_e": -26.553807879150643, "ba_0_s": 26.443320448346217, "ba_1_e": 17.087818747801656, "ba_1_m": 43.874268313604254, "ba_1_s": 31.530771736617503, "ba_2_e": -10.0, "ba_2_m": -60.0, "ba_2_s": -10.0, "delay": 0.18289841966297352, "mi_0_e": 14.168811428367171, "mi_0_s": -5.0, "mi_1_e": 12.37973053118232, "mi_1_m": 41.96526674301142, "mi_1_s": 30.641818107750172, "mi_2_e": -10.0, "mi_2_m": -60.0, "mi_2_s": -10.0}, "datetime": {"datetime": "2019-09-11 17:54:06", "elapsed": 3808.152917, "delta": 13.813039}}
{"target": 1.3294349908828735, "params": {"ah_0_e": 35.189147551103375, "ah_0_s": -30.493127532812814, "ah_1_e": 4.897096068234002, "ah_1_m": 32.08777513325707, "ah_1_s": 3.1307146548062503, "ah_2_e": -10.0, "ah_2_m": -60.0, "ah_2_s": -10.0, "ba_0_e": -31.282060667589743, "ba_0_s": 39.998117880647186, "ba_1_e": 6.966623935656632, "ba_1_m": 45.64981380418775, "ba_1_s": 33.59241106028959, "ba_2_e": -10.0, "ba_2_m": -60.0, "ba_2_s": -10.0, "delay": 0.1932682978849314, "mi_0_e": 18.534583325680156, "mi_0_s": -5.0, "mi_1_e": 5.81644766206354, "mi_1_m": 30.252686759419745, "mi_1_s": 30.32663044984259, "mi_2_e": -10.0, "mi_2_m": -60.0, "mi_2_s": -10.0}, "datetime": {"datetime": "2019-09-11 17:54:19", "elapsed": 3820.989031, "delta": 12.836114}}
{"target": 1.0352121591567993, "params": {"ah_0_e": 29.622481573823485, "ah_0_s": -37.301969403907584, "ah_1_e": 23.000684466287264, "ah_1_m": 38.9271668179358, "ah_1_s": 21.737116824242317, "ah_2_e": -10.0, "ah_2_m": -60.0, "ah_2_s": -10.0, "ba_0_e": -21.47475884301541, "ba_0_s": 14.646338722960186, "ba_1_e": 4.988113233778945, "ba_1_m": 49.19663676464003, "ba_1_s": 34.02624354634434, "ba_2_e": -10.0, "ba_2_m": -60.0, "ba_2_s": -10.0, "delay": 0.18381206767320415, "mi_0_e": 5.164348277951451, "mi_0_s": -5.0, "mi_1_e": 17.631145467950454, "mi_1_m": 31.1255645913222, "mi_1_s": 25.378124087609887, "mi_2_e": -10.0, "mi_2_m": -60.0, "mi_2_s": -10.0}, "datetime": {"datetime": "2019-09-11 17:54:31", "elapsed": 3833.525268, "delta": 12.536237}}
{"target": 1.1443779468536377, "params": {"ah_0_e": 35.21875768576979, "ah_0_s": 1.5215140535746272, "ah_1_e": 20.625458015089855, "ah_1_m": 38.42849527991936, "ah_1_s": 2.9126228657649134, "ah_2_e": -10.0, "ah_2_m": -60.0, "ah_2_s": -10.0, "ba_0_e": -28.355771726289866, "ba_0_s": 12.97876564816251, "ba_1_e": 7.651871597783687, "ba_1_m": 48.37714182726881, "ba_1_s": 33.586472070690604, "ba_2_e": -10.0, "ba_2_m": -60.0, "ba_2_s": -10.0, "delay": 0.16826778281371835, "mi_0_e": 16.766219823100272, "mi_0_s": -5.0, "mi_1_e": 1.0751999963696695, "mi_1_m": 38.212241911083325, "mi_1_s": 29.160900901221158, "mi_2_e": -10.0, "mi_2_m": -60.0, "mi_2_s": -10.0}, "datetime": {"datetime": "2019-09-11 17:54:45", "elapsed": 3847.05474, "delta": 13.529472}}
{"target": 1.4259178638458252, "params": {"ah_0_e": 26.968230448491855, "ah_0_s": -31.948421839877586, "ah_1_e": 5.228449981194319, "ah_1_m": 38.44882681067859, "ah_1_s": 4.897406694292229, "ah_2_e": -10.0, "ah_2_m": -60.0, "ah_2_s": -10.0, "ba_0_e": -38.782482793873925, "ba_0_s": 14.382484636828273, "ba_1_e": 2.163764652895461, "ba_1_m": 46.81831354505796, "ba_1_s": 34.725235930414534, "ba_2_e": -10.0, "ba_2_m": -60.0, "ba_2_s": -10.0, "delay": 0.2012519685794052, "mi_0_e": 31.638805146101934, "mi_0_s": -5.0, "mi_1_e": 2.5089936346556856, "mi_1_m": 38.77763365033675, "mi_1_s": 32.313129849049275, "mi_2_e": -10.0, "mi_2_m": -60.0, "mi_2_s": -10.0}, "datetime": {"datetime": "2019-09-11 17:54:58", "elapsed": 3860.346326, "delta": 13.291586}}
