{"target": 1.068986177444458, "params": {"ah_0_e": 31.745667155313157, "ah_0_s": 3.3738917589878312, "ah_1_e": 10.675958457845116, "ah_1_m": 34.21954901735224, "ah_1_s": 11.943892784668408, "ah_2_e": -10.0, "ah_2_m": -60.0, "ah_2_s": -10.0, "ba_0_e": -35.47515550236645, "ba_0_s": 30.425573900563894, "ba_1_e": 8.627478465955951, "ba_1_m": 44.08853534493435, "ba_1_s": 11.797560898690545, "ba_2_e": -10.0, "ba_2_m": -60.0, "ba_2_s": -10.0, "delay": 0.1940346289536824, "mi_0_e": 11.202912285966704, "mi_0_s": -5.0, "mi_1_e": 10.900292547314928, "mi_1_m": 36.83254618720809, "mi_1_s": 25.88917249211765, "mi_2_e": -10.0, "mi_2_m": -60.0, "mi_2_s": -10.0}, "datetime": {"datetime": "2019-09-11 18:01:31", "elapsed": 4253.23676, "delta": 13.722049}}
{"target": 0.38001638650894165, "params": {"ah_0_e": 32.92491045354576, "ah_0_s": -3.13733695218324, "ah_1_e": 29.627758415710414, "ah_1_m": 30.30554068655794, "ah_1_s": 9.544784651834389, "ah_2_e": -10.0, "ah_2_m": -60.0, "ah_2_s": -10.0, "ba_0_e": -22.146418871336863, "ba_0_s": 8.836882999585681, "ba_1_e": 20.574267711542365, "ba_1_m": 49.955869575552256, "ba_1_s": 25.24225630071941, "ba_2_e": -10.0, "ba_2_m": -60.0, "ba_2_s": -10.0, "delay": 0.2043974358897656, "mi_0_e": 18.344153149609323, "mi_0_s": -5.0, "mi_1_e": 5.685440436569301, "mi_1_m": 33.376922534110044, "mi_1_s": 23.988437482786384, "mi_2_e": -10.0, "mi_2_m": -60.0, "mi_2_s": -10.0}, "datetime": {"datetime": "2019-09-11 18:01:45", "elapsed": 4267.30775, "delta": 14.07099}}
{"target": 0.9645159840583801, "params": {"ah_0_e": 20.802516037361187, "ah_0_s": -11.426355656550776, "ah_1_e": 14.836440655446221, "ah_1_m": 35.256787168552414, "ah_1_s": 16.059471146693785, "ah_2_e": -10.0, "ah_2_m": -60.0, "ah_2_s": -10.0, "ba_0_e": -27.545160309507597, "ba_0_s": 32.23157824902092, "ba_1_e": 6.030069594508255, "ba_1_m": 48.33382742344012, "ba_1_s": 17.678515520625048, "ba_2_e": -10.0, "ba_2_m": -60.0, "ba_2_s": -10.0, "delay": 0.19901366062117393, "mi_0_e": 8.01156649502055, "mi_0_s": -5.0, "mi_1_e": 0.9244104181036972, "mi_1_m": 38.800040561701664, "mi_1_s": 34.69910906714633, "mi_2_e": -10.0, "mi_2_m": -60.0, "mi_2_s": -10.0}, "datetime": {"datetime": "2019-09-11 18:01:58", "elapsed": 4279.801661, "delta": 12.493911}}
{"target": 1.090785026550293, "params": {"ah_0_e": 21.71923584383247, "ah_0_s": -27.18371203846617, "ah_1_e": 11.400236212569045, "ah_1_m": 33.26739351079579, "ah_1_s": 7.690038221675545, "ah_2_e": -10.0, "ah_2_m": -60.0, "ah_2_s": -10.0, "ba_0_e": -35.713632641566704, "ba_0_s": 23.11534339219139, "ba_1_e": 6.926791572554452, "ba_1_m": 43.898574873334226, "ba_1_s": 28.59127288543389, "ba_2_e": -10.0, "ba_2_m": -60.0, "ba_2_s": -10.0, "delay": 0.19933064084428154, "mi_0_e": 6.9693032011067135, "mi_0_s": -5.0, "mi_1_e": 3.1234656042761113, "mi_1_m": 37.50627343133484, "mi_1_s": 24.092449142135624, "mi_2_e": -10.0, "mi_2_m": -60.0, "mi_2_s": -10.0}, "datetime": {"datetime": "2019-09-11 18:02:11", "elapsed": 4293.022808, "delta": 13.221147}}
{"target": 1.1734187602996826, "params": {"ah_0_e": 33.30888939738311, "ah_0_s": -22.18862965952699, "ah_1_e": 12.286446864235295, "ah_1_m": 32.34776422595905, "ah_1_s": 21.526653806204727, "ah_2_e": -10.0, "ah_2_m": -60.0, "ah_2_s": -10.0, "ba_0_e": -30.211691533427896, "ba_0_s": 24.07156766980563, "ba_1_e": 3.8184308411486256, "ba_1_m": 49.452136573226156, "ba_1_s": 33.94947389289135, "ba_2_e": -10.0, "ba_2_m": -60.0, "ba_2_s": -10.0, "delay": 0.1657573693842916, "mi_0_e": 16.66729278685811, "mi_0_s": -5.0, "mi_1_e": 8.787945938079293, "mi_1_m": 41.47791333670713, "mi_1_s": 21.758617108369805, "mi_2_e": -10.0, "mi_2_m": -60.0, "mi_2_s": -10.0}, "datetime": {"datetime": "2019-09-11 18:02:24", "elapsed": 4306.291751, "delta": 13.268943}}
{"target": 0.7664794921875, "params": {"ah_0_e": 18.108402493647755, "ah_0_s": -35.73865118307714, "ah_1_e": 21.064688787232093, "ah_1_m": 45.47916276461591, "ah_1_s": 10.236193966282785, "ah_2_e": -10.0, "ah_2_m": -60.0, "ah_2_s": -10.0, "ba_0_e": -17.134594745989773, "ba_0_s": 34.98943120923333, "ba_1_e": 6.238375950734387, "ba_1_m": 49.50280848952066, "ba_1_s": 34.13756001442191, "ba_2_e": -10.0, "ba_2_m": -60.0, "ba_2_s": -10.0, "delay": 0.16757213891748046, "mi_0_e": 14.250276646935085, "mi_0_s": -5.0, "mi_1_e": 9.66194997728065, "mi_1_m": 42.267245969535914, "mi_1_s": 9.626112512432739, "mi_2_e": -10.0, "mi_2_m": -60.0, "mi_2_s": -10.0}, "datetime": {"datetime": "2019-09-11 18:02:38", "elapsed": 4319.796376, "delta": 13.504625}}
{"target": 1.114630103111267, "params": {"ah_0_e": 31.635483642908337, "ah_0_s": -4.390920953242961, "ah_1_e": 23.477050345173314, "ah_1_m": 40.393395529732956, "ah_1_s": 9.441258833267746, "ah_2_e": -10.0, "ah_2_m": -60.0, "ah_2_s": -10.0, "ba_0_e": -34.72324304672107, "ba_0_s": 35.0495693925363, "ba_1_e": 17.992604365568244, "ba_1_m": 42.94764181572566, "ba_1_s": 33.06791430387276, "ba_2_e": -10.0, "ba_2_m": -60.0, "ba_2_s": -10.0, "delay": 0.13093138816614114, "mi_0_e": 8.183638615160218, "mi_0_s": -5.0, "mi_1_e": 2.7247985968165556, "mi_1_m": 44.00009355847858, "mi_1_s": 31.603610825700237, "mi_2_e": -10.0, "mi_2_m": -60.0, "mi_2_s": -10.0}, "datetime": {"datetime": "2019-09-11 18:02:51", "elapsed": 4332.641375, "delta": 12.844999}}
{"target": 0.959079384803772, "params": {"ah_0_e": 28.979363239039348, "ah_0_s": -14.369002411724956, "ah_1_e": 24.20276917608718, "ah_1_m": 44.451925798062696, "ah_1_s": 2.604090624674213, "ah_2_e": -10.0, "ah_2_m": -60.0, "ah_2_s": -10.0, "ba_0_e": -26.488541854468977, "ba_0_s": 30.450344092799785, "ba_1_e": 0.3092067372792806, "ba_1_m": 49.40167798774733, "ba_1_s": 32.54648813401204, "ba_2_e": -10.0, "ba_2_m": -60.0, "ba_2_s": -10.0, "delay": 0.17491977394767824, "mi_0_e": 6.812339840459458, "mi_0_s": -5.0, "mi_1_e": 9.704103352430806, "mi_1_m": 39.17133732297266, "mi_1_s": 21.555518663092318, "mi_2_e": -10.0, "mi_2_m": -60.0, "mi_2_s": -10.0}, "datetime": {"datetime": "2019-09-11 18:03:04", "elapsed": 4346.287416, "delta": 13.646041}}
{"target": 0.9492343068122864, "params": {"ah_0_e": 33.5974820264977, "ah_0_s": 3.2690231110529098, "ah_1_e": 12.758644885705182, "ah_1_m": 40.638935976345074, "ah_1_s": 15.561859351111796, "ah_2_e": -10.0, "ah_2_m": -60.0, "ah_2_s": -10.0, "ba_0_e": -31.165957269091486, "ba_0_s": 18.14697920378775, "ba_1_e": 2.028236579041822, "ba_1_m": 42.171461085016546, "ba_1_s": 25.194703176703193, "ba_2_e": -10.0, "ba_2_m": -60.0, "ba_2_s": -10.0, "delay": 0.17537687330937568, "mi_0_e": 36.93766167159683, "mi_0_s": -5.0, "mi_1_e": 3.1668202427732206, "mi_1_m": 42.69037274152122, "mi_1_s": 31.895522006010008, "mi_2_e": -10.0, "mi_2_m": -60.0, "mi_2_s": -10.0}, "datetime": {"datetime": "2019-09-11 18:03:17", "elapsed": 4358.926859, "delta": 12.639443}}
{"target": 1.243003487586975, "params": {"ah_0_e": 19.237651329637238, "ah_0_s": -21.810972468952233, "ah_1_e": 16.28703941133424, "ah_1_m": 35.437058222122715, "ah_1_s": 13.845011759171907, "ah_2_e": -10.0, "ah_2_m": -60.0, "ah_2_s": -10.0, "ba_0_e": -29.692448253627134, "ba_0_s": 36.31003528690586, "ba_1_e": 2.1234833318560664, "ba_1_m": 45.92978848603646, "ba_1_s": 24.715977571502183, "ba_2_e": -10.0, "ba_2_m": -60.0, "ba_2_s": -10.0, "delay": 0.15986309701332072, "mi_0_e": 11.60335990237855, "mi_0_s": -5.0, "mi_1_e": 1.1277129206503806, "mi_1_m": 35.1784221909029, "mi_1_s": 7.371810759428519, "mi_2_e": -10.0, "mi_2_m": -60.0, "mi_2_s": -10.0}, "datetime": {"datetime": "2019-09-11 18:03:30", "elapsed": 4372.306428, "delta": 13.379569}}
{"target": 0.896836519241333, "params": {"ah_0_e": 32.94216939810653, "ah_0_s": -35.26062947103416, "ah_1_e": 0.5030081881116916, "ah_1_m": 33.02665043676784, "ah_1_s": 23.65423675149218, "ah_2_e": -10.0, "ah_2_m": -60.0, "ah_2_s": -10.0, "ba_0_e": -25.332388905113078, "ba_0_s": 31.758167028394716, "ba_1_e": 4.839899254180065, "ba_1_m": 47.30991721627092, "ba_1_s": 27.246527948775686, "ba_2_e": -10.0, "ba_2_m": -60.0, "ba_2_s": -10.0, "delay": 0.18556917790893984, "mi_0_e": 13.510283943080776, "mi_0_s": -5.0, "mi_1_e": 11.55489870776184, "mi_1_m": 49.36639024256411, "mi_1_s": 28.18398110886928, "mi_2_e": -10.0, "mi_2_m": -60.0, "mi_2_s": -10.0}, "datetime": {"datetime": "2019-09-11 18:03:43", "elapsed": 4384.938025, "delta": 12.631597}}
{"target": 0.9942979216575623, "params": {"ah_0_e": 25.687226230074085, "ah_0_s": -31.896235227317703, "ah_1_e": 2.9428626551857002, "ah_1_m": 36.960016203496835, "ah_1_s": 28.379299543274907, "ah_2_e": -10.0, "ah_2_m": -60.0, "ah_2_s": -10.0, "ba_0_e": -13.500511537423634, "ba_0_s": 30.11853483202222, "ba_1_e": 2.397333826075257, "ba_1_m": 44.58636303909366, "ba_1_s": 28.88506562224848, "ba_2_e": -10.0, "ba_2_m": -60.0, "ba_2_s": -10.0, "delay": 0.16195667193924948, "mi_0_e": 14.461301368382738, "mi_0_s": -5.0, "mi_1_e": 23.110200196540656, "mi_1_m": 44.35116961539774, "mi_1_s": 16.07119676513129, "mi_2_e": -10.0, "mi_2_m": -60.0, "mi_2_s": -10.0}, "datetime": {"datetime": "2019-09-11 18:03:56", "elapsed": 4398.459332, "delta": 13.521307}}
{"target": 1.1692875623703003, "params": {"ah_0_e": 27.80586696879012, "ah_0_s": -17.467263177114706, "ah_1_e": 0.46710563769905955, "ah_1_m": 31.866292692143606, "ah_1_s": 11.737419700760706, "ah_2_e": -10.0, "ah_2_m": -60.0, "ah_2_s": -10.0, "ba_0_e": -22.184098985437178, "ba_0_s": 14.614503282758847, "ba_1_e": 4.2205582125579575, "ba_1_m": 48.75148014931497, "ba_1_s": 34.43553663504469, "ba_2_e": -10.0, "ba_2_m": -60.0, "ba_2_s": -10.0, "delay": 0.14424829056864072, "mi_0_e": 5.422762871146551, "mi_0_s": -5.0, "mi_1_e": 12.53000927017551, "mi_1_m": 33.083622849368055, "mi_1_s": 4.2266453394893375, "mi_2_e": -10.0, "mi_2_m": -60.0, "mi_2_s": -10.0}, "datetime": {"datetime": "2019-09-11 18:04:10", "elapsed": 4411.801949, "delta": 13.342617}}
{"target": 1.247915506362915, "params": {"ah_0_e": 36.19593067778082, "ah_0_s": -4.935971842091426, "ah_1_e": 24.407649123001608, "ah_1_m": 30.567352372344075, "ah_1_s": 0.31354497904783674, "ah_2_e": -10.0, "ah_2_m": -60.0, "ah_2_s": -10.0, "ba_0_e": -26.445582935199283, "ba_0_s": 24.410539809764025, "ba_1_e": 0.5834043776455311, "ba_1_m": 45.488697665763254, "ba_1_s": 32.65680520587642, "ba_2_e": -10.0, "ba_2_m": -60.0, "ba_2_s": -10.0, "delay": 0.13925362233819913, "mi_0_e": 20.4971000143395, "mi_0_s": -5.0, "mi_1_e": 8.389722601266135, "mi_1_m": 47.131933400168144, "mi_1_s": 2.226600982709588, "mi_2_e": -10.0, "mi_2_m": -60.0, "mi_2_s": -10.0}, "datetime": {"datetime": "2019-09-11 18:04:23", "elapsed": 4425.372647, "delta": 13.570698}}
{"target": 0.9583457708358765, "params": {"ah_0_e": 30.259729317883124, "ah_0_s": -27.58320190926077, "ah_1_e": 16.17823850916965, "ah_1_m": 35.58667040572817, "ah_1_s": 7.717064866851723, "ah_2_e": -10.0, "ah_2_m": -60.0, "ah_2_s": -10.0, "ba_0_e": -19.657449127326032, "ba_0_s": 8.841368166957999, "ba_1_e": 5.39937113382868, "ba_1_m": 44.996551401215854, "ba_1_s": 17.748866480286907, "ba_2_e": -10.0, "ba_2_m": -60.0, "ba_2_s": -10.0, "delay": 0.14873387180777778, "mi_0_e": 9.770875843589, "mi_0_s": -5.0, "mi_1_e": 3.1574840041642704, "mi_1_m": 43.0164489857788, "mi_1_s": 9.278544624213872, "mi_2_e": -10.0, "mi_2_m": -60.0, "mi_2_s": -10.0}, "datetime": {"datetime": "2019-09-11 18:04:37", "elapsed": 4438.63305, "delta": 13.260403}}
{"target": 1.2934584617614746, "params": {"ah_0_e": 36.74190569971333, "ah_0_s": -33.96610212990639, "ah_1_e": 6.472715100526783, "ah_1_m": 48.68790420638137, "ah_1_s": 4.350512592836941, "ah_2_e": -10.0, "ah_2_m": -60.0, "ah_2_s": -10.0, "ba_0_e": -20.449394453596668, "ba_0_s": 27.180572504384347, "ba_1_e": 1.093911009399879, "ba_1_m": 49.602947157685016, "ba_1_s": 32.376090771412464, "ba_2_e": -10.0, "ba_2_m": -60.0, "ba_2_s": -10.0, "delay": 0.19528368637987348, "mi_0_e": 10.799264615776003, "mi_0_s": -5.0, "mi_1_e": 5.08849091972813, "mi_1_m": 41.48072335066813, "mi_1_s": 7.258397955533201, "mi_2_e": -10.0, "mi_2_m": -60.0, "mi_2_s": -10.0}, "datetime": {"datetime": "2019-09-11 18:04:50", "elapsed": 4451.92976, "delta": 13.29671}}
{"target": 1.2331417798995972, "params": {"ah_0_e": 32.779201774902205, "ah_0_s": -8.957486916506742, "ah_1_e": 5.084854923166116, "ah_1_m": 32.793572854438416, "ah_1_s": 13.732771690915966, "ah_2_e": -10.0, "ah_2_m": -60.0, "ah_2_s": -10.0, "ba_0_e": -20.791611663987442, "ba_0_s": 12.163690995157301, "ba_1_e": 3.76552681972155, "ba_1_m": 48.44629525699955, "ba_1_s": 27.687896960909516, "ba_2_e": -10.0, "ba_2_m": -60.0, "ba_2_s": -10.0, "delay": 0.15154071313197964, "mi_0_e": 12.178191769237687, "mi_0_s": -5.0, "mi_1_e": 1.9424981491861764, "mi_1_m": 43.08695673939386, "mi_1_s": 4.371425165047416, "mi_2_e": -10.0, "mi_2_m": -60.0, "mi_2_s": -10.0}, "datetime": {"datetime": "2019-09-11 18:05:04", "elapsed": 4466.099116, "delta": 14.169356}}
{"target": 1.1108914613723755, "params": {"ah_0_e": 36.46921871534528, "ah_0_s": -14.834767500340458, "ah_1_e": 11.805759411263628, "ah_1_m": 47.23990871313647, "ah_1_s": 9.642912516157573, "ah_2_e": -10.0, "ah_2_m": -60.0, "ah_2_s": -10.0, "ba_0_e": -29.766448705637984, "ba_0_s": 17.358418923893822, "ba_1_e": 1.1092961158811314, "ba_1_m": 47.220455166689035, "ba_1_s": 34.94360400296879, "ba_2_e": -10.0, "ba_2_m": -60.0, "ba_2_s": -10.0, "delay": 0.20903404022513483, "mi_0_e": 20.903499201005552, "mi_0_s": -5.0, "mi_1_e": 1.9318867341554076, "mi_1_m": 49.47090691055936, "mi_1_s": 24.13471673096358, "mi_2_e": -10.0, "mi_2_m": -60.0, "mi_2_s": -10.0}, "datetime": {"datetime": "2019-09-11 18:05:18", "elapsed": 4480.109102, "delta": 14.009986}}
{"target": 1.420876383781433, "params": {"ah_0_e": 38.67936300911315, "ah_0_s": -4.192487123344748, "ah_1_e": 13.086311391640487, "ah_1_m": 32.235225561075495, "ah_1_s": 1.3881594087716453, "ah_2_e": -10.0, "ah_2_m": -60.0, "ah_2_s": -10.0, "ba_0_e": -23.78238995458248, "ba_0_s": 17.755889041402085, "ba_1_e": 2.748934488885004, "ba_1_m": 46.867222265176174, "ba_1_s": 32.31331422895599, "ba_2_e": -10.0, "ba_2_m": -60.0, "ba_2_s": -10.0, "delay": 0.17385706275692683, "mi_0_e": 24.6570146032796, "mi_0_s": -5.0, "mi_1_e": 15.447372877250677, "mi_1_m": 38.278664572077716, "mi_1_s": 11.847562827458704, "mi_2_e": -10.0, "mi_2_m": -60.0, "mi_2_s": -10.0}, "datetime": {"datetime": "2019-09-11 18:05:32", "elapsed": 4493.96596, "delta": 13.856858}}
{"target": 0.7926536202430725, "params": {"ah_0_e": 22.994922332326272, "ah_0_s": -9.670890271824465, "ah_1_e": 7.655664530381598, "ah_1_m": 32.34565643930956, "ah_1_s": 12.164483698637897, "ah_2_e": -10.0, "ah_2_m": -60.0, "ah_2_s": -10.0, "ba_0_e": -16.873939690276256, "ba_0_s": 31.972221130523486, "ba_1_e": 2.902462830199923, "ba_1_m": 49.89863291954201, "ba_1_s": 25.81003725359753, "ba_2_e": -10.0, "ba_2_m": -60.0, "ba_2_s": -10.0, "delay": 0.17844800588786308, "mi_0_e": 11.040279340994026, "mi_0_s": -5.0, "mi_1_e": 1.0413658648377262, "mi_1_m": 49.37820099801719, "mi_1_s": 16.64387460591654, "mi_2_e": -10.0, "mi_2_m": -60.0, "mi_2_s": -10.0}, "datetime": {"datetime": "2019-09-11 18:05:46", "elapsed": 4508.491109, "delta": 14.525149}}
{"target": 0.6489713191986084, "params": {"ah_0_e": 36.089509337263394, "ah_0_s": -4.709537335646978, "ah_1_e": 20.612663099114354, "ah_1_m": 39.61356982496564, "ah_1_s": 4.178162699414094, "ah_2_e": -10.0, "ah_2_m": -60.0, "ah_2_s": -10.0, "ba_0_e": -15.841084662752415, "ba_0_s": 5.501286260431765, "ba_1_e": 10.819977527138501, "ba_1_m": 41.657658431523615, "ba_1_s": 34.31994518255053, "ba_2_e": -10.0, "ba_2_m": -60.0, "ba_2_s": -10.0, "delay": 0.1498333130004007, "mi_0_e": 13.038460170770692, "mi_0_s": -5.0, "mi_1_e": 10.120557420620091, "mi_1_m": 30.733494569253505, "mi_1_s": 22.4972408877156, "mi_2_e": -10.0, "mi_2_m": -60.0, "mi_2_s": -10.0}, "datetime": {"datetime": "2019-09-11 18:06:01", "elapsed": 4523.029952, "delta": 14.538843}}
{"target": 0.8154613375663757, "params": {"ah_0_e": 7.241595285599388, "ah_0_s": 2.557053985030066, "ah_1_e": 15.260371053383418, "ah_1_m": 30.729893139837806, "ah_1_s": 14.440530307134535, "ah_2_e": -10.0, "ah_2_m": -60.0, "ah_2_s": -10.0, "ba_0_e": -12.025754131350347, "ba_0_s": 9.909877824018889, "ba_1_e": 14.985769754097669, "ba_1_m": 48.00067030253267, "ba_1_s": 21.55041968749323, "ba_2_e": -10.0, "ba_2_m": -60.0, "ba_2_s": -10.0, "delay": 0.14214164331597584, "mi_0_e": 8.786578782385426, "mi_0_s": -5.0, "mi_1_e": 9.827447934758297, "mi_1_m": 34.62144810900989, "mi_1_s": 16.041453592219383, "mi_2_e": -10.0, "mi_2_m": -60.0, "mi_2_s": -10.0}, "datetime": {"datetime": "2019-09-11 18:06:15", "elapsed": 4536.665168, "delta": 13.635216}}
{"target": 1.256393313407898, "params": {"ah_0_e": 29.256504872788266, "ah_0_s": -14.2016499695846, "ah_1_e": 5.602876825383456, "ah_1_m": 37.06924295901987, "ah_1_s": 19.754521314284794, "ah_2_e": -10.0, "ah_2_m": -60.0, "ah_2_s": -10.0, "ba_0_e": -25.757809776171225, "ba_0_s": 10.974464301427485, "ba_1_e": 4.630529308446462, "ba_1_m": 47.78227151811954, "ba_1_s": 24.37509872071674, "ba_2_e": -10.0, "ba_2_m": -60.0, "ba_2_s": -10.0, "delay": 0.1786823734176993, "mi_0_e": 24.652425104933606, "mi_0_s": -5.0, "mi_1_e": 2.055241072097062, "mi_1_m": 46.360673311555715, "mi_1_s": 8.380997699277811, "mi_2_e": -10.0, "mi_2_m": -60.0, "mi_2_s": -10.0}, "datetime": {"datetime": "2019-09-11 18:06:28", "elapsed": 4550.010786, "delta": 13.345618}}
{"target": 1.057799220085144, "params": {"ah_0_e": 24.716373615681796, "ah_0_s": -13.787560798065687, "ah_1_e": 11.75076159059539, "ah_1_m": 38.274580437583104, "ah_1_s": 9.60803283199684, "ah_2_e": -10.0, "ah_2_m": -60.0, "ah_2_s": -10.0, "ba_0_e": -24.588118154811447, "ba_0_s": 20.295434558047404, "ba_1_e": 1.5337798839603174, "ba_1_m": 46.366859596135754, "ba_1_s": 20.459360210618154, "ba_2_e": -10.0, "ba_2_m": -60.0, "ba_2_s": -10.0, "delay": 0.2099314822422533, "mi_0_e": 13.669104278885357, "mi_0_s": -5.0, "mi_1_e": 0.13403197449859516, "mi_1_m": 40.0195754307609, "mi_1_s": 13.179267036244688, "mi_2_e": -10.0, "mi_2_m": -60.0, "mi_2_s": -10.0}, "datetime": {"datetime": "2019-09-11 18:06:41", "elapsed": 4563.319515, "delta": 13.308729}}
{"target": 0.2009665071964264, "params": {"ah_0_e": 36.19322203462816, "ah_0_s": -37.79799769671348, "ah_1_e": 2.5408220977817946, "ah_1_m": 31.40164427833546, "ah_1_s": 25.249978623835904, "ah_2_e": -10.0, "ah_2_m": -60.0, "ah_2_s": -10.0, "ba_0_e": -21.27352365267061, "ba_0_s": 28.316077901025423, "ba_1_e": 6.839110412954971, "ba_1_m": 42.681547005539194, "ba_1_s": 32.49647612421796, "ba_2_e": -10.0, "ba_2_m": -60.0, "ba_2_s": -10.0, "delay": 0.19845818561419928, "mi_0_e": 7.668578641067585, "mi_0_s": -5.0, "mi_1_e": 32.80391076744745, "mi_1_m": 31.57266710705307, "mi_1_s": 25.1078425892572, "mi_2_e": -10.0, "mi_2_m": -60.0, "mi_2_s": -10.0}, "datetime": {"datetime": "2019-09-11 18:06:56", "elapsed": 4577.675175, "delta": 14.35566}}
{"target": 0.9996508955955505, "params": {"ah_0_e": 19.060048256332898, "ah_0_s": -21.675040102984372, "ah_1_e": 11.155380811036505, "ah_1_m": 30.12396940566801, "ah_1_s": 0.9923865536569465, "ah_2_e": -10.0, "ah_2_m": -60.0, "ah_2_s": -10.0, "ba_0_e": -28.645204522834312, "ba_0_s": 27.11406141460055, "ba_1_e": 17.27229237227244, "ba_1_m": 49.919185111674366, "ba_1_s": 29.083603775145303, "ba_2_e": -10.0, "ba_2_m": -60.0, "ba_2_s": -10.0, "delay": 0.20662236179405233, "mi_0_e": 15.52503021650251, "mi_0_s": -5.0, "mi_1_e": 0.9774551671169118, "mi_1_m": 42.4131446496372, "mi_1_s": 12.693110845544858, "mi_2_e": -10.0, "mi_2_m": -60.0, "mi_2_s": -10.0}, "datetime": {"datetime": "2019-09-11 18:07:09", "elapsed": 4591.105712, "delta": 13.430537}}
{"target": 1.337384819984436, "params": {"ah_0_e": 25.963438831925306, "ah_0_s": -1.566965014002946, "ah_1_e": 27.29440861898105, "ah_1_m": 31.14921227051839, "ah_1_s": 29.603109783034178, "ah_2_e": -10.0, "ah_2_m": -60.0, "ah_2_s": -10.0, "ba_0_e": -23.939084140312783, "ba_0_s": 20.92027699746644, "ba_1_e": 5.145269784762069, "ba_1_m": 44.94261275872435, "ba_1_s": 14.510017628158444, "ba_2_e": -10.0, "ba_2_m": -60.0, "ba_2_s": -10.0, "delay": 0.1531473007738585, "mi_0_e": 5.6203796994858, "mi_0_s": -5.0, "mi_1_e": 13.75799669450769, "mi_1_m": 30.012796597529245, "mi_1_s": 32.831415310162534, "mi_2_e": -10.0, "mi_2_m": -60.0, "mi_2_s": -10.0}, "datetime": {"datetime": "2019-09-11 18:07:22", "elapsed": 4604.230672, "delta": 13.12496}}
{"target": 0.4425177574157715, "params": {"ah_0_e": 14.825650191028442, "ah_0_s": -38.588421793094014, "ah_1_e": 22.958999261272552, "ah_1_m": 48.068640715125895, "ah_1_s": 11.493502505500437, "ah_2_e": -10.0, "ah_2_m": -60.0, "ah_2_s": -10.0, "ba_0_e": -23.076440139692053, "ba_0_s": 22.318825077780353, "ba_1_e": 1.6197596908564567, "ba_1_m": 47.28310925072327, "ba_1_s": 27.518642283506374, "ba_2_e": -10.0, "ba_2_m": -60.0, "ba_2_s": -10.0, "delay": 0.20497099390683157, "mi_0_e": 6.826530449632251, "mi_0_s": -5.0, "mi_1_e": 20.970101936535272, "mi_1_m": 39.144997456622455, "mi_1_s": 3.413142617708929, "mi_2_e": -10.0, "mi_2_m": -60.0, "mi_2_s": -10.0}, "datetime": {"datetime": "2019-09-11 18:07:35", "elapsed": 4617.269163, "delta": 13.038491}}
{"target": 1.3781719207763672, "params": {"ah_0_e": 23.420266096450327, "ah_0_s": -21.571869854263564, "ah_1_e": 5.91650565648914, "ah_1_m": 32.410862368742826, "ah_1_s": 26.246228704791093, "ah_2_e": -10.0, "ah_2_m": -60.0, "ah_2_s": -10.0, "ba_0_e": -30.918036939444228, "ba_0_s": 16.745443883219473, "ba_1_e": 0.43722799075779695, "ba_1_m": 32.23686632657386, "ba_1_s": 30.159499781206975, "ba_2_e": -10.0, "ba_2_m": -60.0, "ba_2_s": -10.0, "delay": 0.19696288147738344, "mi_0_e": 16.811585361319576, "mi_0_s": -5.0, "mi_1_e": 12.636954789762157, "mi_1_m": 30.336673902907684, "mi_1_s": 12.119606383857183, "mi_2_e": -10.0, "mi_2_m": -60.0, "mi_2_s": -10.0}, "datetime": {"datetime": "2019-09-11 18:07:49", "elapsed": 4630.617851, "delta": 13.348688}}
