{"target": 1.2250893115997314, "params": {"ah_0_e": 36.74189414337812, "ah_0_s": -15.207931374985012, "ah_1_e": 10.536933723613526, "ah_1_m": 32.93409048082704, "ah_1_s": 28.337966958474688, "ah_2_e": -10.0, "ah_2_m": -60.0, "ah_2_s": -10.0, "ba_0_e": -32.77425464118606, "ba_0_s": 32.54429205175718, "ba_1_e": 1.2656252320543064, "ba_1_m": 48.934000437352225, "ba_1_s": 31.161009835218675, "ba_2_e": -10.0, "ba_2_m": -60.0, "ba_2_s": -10.0, "delay": 0.20562642327235167, "mi_0_e": 25.843011535027827, "mi_0_s": -5.0, "mi_1_e": 21.584663993129087, "mi_1_m": 38.899985737815186, "mi_1_s": 22.382409456177356, "mi_2_e": -10.0, "mi_2_m": -60.0, "mi_2_s": -10.0}, "datetime": {"datetime": "2019-09-11 18:46:52", "elapsed": 410.76803, "delta": 8.067992}}
{"target": 1.0138895511627197, "params": {"ah_0_e": 36.28679926172077, "ah_0_s": -6.730404204464101, "ah_1_e": 21.714784556621225, "ah_1_m": 41.395277700036104, "ah_1_s": 22.753093397241724, "ah_2_e": -10.0, "ah_2_m": -60.0, "ah_2_s": -10.0, "ba_0_e": -8.839310697481498, "ba_0_s": 22.072489640344077, "ba_1_e": 0.7416087666389298, "ba_1_m": 44.92543042665454, "ba_1_s": 33.55128037015942, "ba_2_e": -10.0, "ba_2_m": -60.0, "ba_2_s": -10.0, "delay": 0.18133478058471397, "mi_0_e": 14.075344776511555, "mi_0_s": -5.0, "mi_1_e": 9.415615238626092, "mi_1_m": 46.08848684129518, "mi_1_s": 28.509894519063565, "mi_2_e": -10.0, "mi_2_m": -60.0, "mi_2_s": -10.0}, "datetime": {"datetime": "2019-09-11 18:47:08", "elapsed": 427.296413, "delta": 16.528383}}
{"target": 0.9878627061843872, "params": {"ah_0_e": 29.657638801902465, "ah_0_s": -34.866037908131965, "ah_1_e": 9.71106030204449, "ah_1_m": 32.372215343950515, "ah_1_s": 31.403210914121935, "ah_2_e": -10.0, "ah_2_m": -60.0, "ah_2_s": -10.0, "ba_0_e": -13.199292132722654, "ba_0_s": 13.33262222708598, "ba_1_e": 6.343183796877149, "ba_1_m": 48.97692784003877, "ba_1_s": 33.115018416165825, "ba_2_e": -10.0, "ba_2_m": -60.0, "ba_2_s": -10.0, "delay": 0.1700933954333837, "mi_0_e": 17.702456466480026, "mi_0_s": -5.0, "mi_1_e": 24.859496223374578, "mi_1_m": 43.40499631361796, "mi_1_s": 25.94832821986462, "mi_2_e": -10.0, "mi_2_m": -60.0, "mi_2_s": -10.0}, "datetime": {"datetime": "2019-09-11 18:47:24", "elapsed": 443.652351, "delta": 16.355938}}
{"target": 0.9878627061843872, "params": {"ah_0_e": 29.657638801902465, "ah_0_s": -34.866037908131965, "ah_1_e": 9.71106030204449, "ah_1_m": 32.372215343950515, "ah_1_s": 31.403210914121935, "ah_2_e": -10.0, "ah_2_m": -60.0, "ah_2_s": -10.0, "ba_0_e": -13.199292132722654, "ba_0_s": 13.33262222708598, "ba_1_e": 6.343183796877149, "ba_1_m": 48.97692784003877, "ba_1_s": 33.115018416165825, "ba_2_e": -10.0, "ba_2_m": -60.0, "ba_2_s": -10.0, "delay": 0.1700933954333837, "mi_0_e": 17.702456466480026, "mi_0_s": -5.0, "mi_1_e": 24.859496223374578, "mi_1_m": 43.40499631361796, "mi_1_s": 25.94832821986462, "mi_2_e": -10.0, "mi_2_m": -60.0, "mi_2_s": -10.0}, "datetime": {"datetime": "2019-09-11 18:47:31", "elapsed": 450.669361, "delta": 7.01701}}
{"target": 1.5199170112609863, "params": {"ah_0_e": 30.451861558301893, "ah_0_s": -22.789895699532607, "ah_1_e": 4.443807026283329, "ah_1_m": 39.78786386121911, "ah_1_s": 24.294659607130377, "ah_2_e": -10.0, "ah_2_m": -60.0, "ah_2_s": -10.0, "ba_0_e": -34.81205938236382, "ba_0_s": 14.337174121353154, "ba_1_e": 6.112055902573241, "ba_1_m": 49.96664373512815, "ba_1_s": 34.03502935437987, "ba_2_e": -10.0, "ba_2_m": -60.0, "ba_2_s": -10.0, "delay": 0.18590066386228304, "mi_0_e": 26.526653298131976, "mi_0_s": -5.0, "mi_1_e": 9.159100766459545, "mi_1_m": 41.90722782590919, "mi_1_s": 0.9201712481658103, "mi_2_e": -10.0, "mi_2_m": -60.0, "mi_2_s": -10.0}, "datetime": {"datetime": "2019-09-11 18:47:48", "elapsed": 467.273993, "delta": 16.604632}}
{"target": 0.9162790179252625, "params": {"ah_0_e": 25.434011140929744, "ah_0_s": -12.211413190537726, "ah_1_e": 6.5931776461939595, "ah_1_m": 49.36179418549385, "ah_1_s": 7.949649508742035, "ah_2_e": -10.0, "ah_2_m": -60.0, "ah_2_s": -10.0, "ba_0_e": -18.30122961465903, "ba_0_s": 13.719980173440952, "ba_1_e": 32.90139717870484, "ba_1_m": 48.372636970421254, "ba_1_s": 33.136028937865525, "ba_2_e": -10.0, "ba_2_m": -60.0, "ba_2_s": -10.0, "delay": 0.16825754407812094, "mi_0_e": 5.249566331145882, "mi_0_s": -5.0, "mi_1_e": 0.7913959646396296, "mi_1_m": 42.31235325279099, "mi_1_s": 33.279136069952855, "mi_2_e": -10.0, "mi_2_m": -60.0, "mi_2_s": -10.0}, "datetime": {"datetime": "2019-09-11 18:48:05", "elapsed": 483.868907, "delta": 16.594914}}
{"target": 0.9162790179252625, "params": {"ah_0_e": 25.434011140929744, "ah_0_s": -12.211413190537726, "ah_1_e": 6.5931776461939595, "ah_1_m": 49.36179418549385, "ah_1_s": 7.949649508742035, "ah_2_e": -10.0, "ah_2_m": -60.0, "ah_2_s": -10.0, "ba_0_e": -18.30122961465903, "ba_0_s": 13.719980173440952, "ba_1_e": 32.90139717870484, "ba_1_m": 48.372636970421254, "ba_1_s": 33.136028937865525, "ba_2_e": -10.0, "ba_2_m": -60.0, "ba_2_s": -10.0, "delay": 0.16825754407812094, "mi_0_e": 5.249566331145882, "mi_0_s": -5.0, "mi_1_e": 0.7913959646396296, "mi_1_m": 42.31235325279099, "mi_1_s": 33.279136069952855, "mi_2_e": -10.0, "mi_2_m": -60.0, "mi_2_s": -10.0}, "datetime": {"datetime": "2019-09-11 18:48:13", "elapsed": 492.111911, "delta": 8.243004}}
{"target": 0.9162790179252625, "params": {"ah_0_e": 25.434011140929744, "ah_0_s": -12.211413190537726, "ah_1_e": 6.5931776461939595, "ah_1_m": 49.36179418549385, "ah_1_s": 7.949649508742035, "ah_2_e": -10.0, "ah_2_m": -60.0, "ah_2_s": -10.0, "ba_0_e": -18.30122961465903, "ba_0_s": 13.719980173440952, "ba_1_e": 32.90139717870484, "ba_1_m": 48.372636970421254, "ba_1_s": 33.136028937865525, "ba_2_e": -10.0, "ba_2_m": -60.0, "ba_2_s": -10.0, "delay": 0.16825754407812094, "mi_0_e": 5.249566331145882, "mi_0_s": -5.0, "mi_1_e": 0.7913959646396296, "mi_1_m": 42.31235325279099, "mi_1_s": 33.279136069952855, "mi_2_e": -10.0, "mi_2_m": -60.0, "mi_2_s": -10.0}, "datetime": {"datetime": "2019-09-11 18:48:20", "elapsed": 499.691874, "delta": 7.579963}}
{"target": 0.9162790179252625, "params": {"ah_0_e": 25.434011140929744, "ah_0_s": -12.211413190537726, "ah_1_e": 6.5931776461939595, "ah_1_m": 49.36179418549385, "ah_1_s": 7.949649508742035, "ah_2_e": -10.0, "ah_2_m": -60.0, "ah_2_s": -10.0, "ba_0_e": -18.30122961465903, "ba_0_s": 13.719980173440952, "ba_1_e": 32.90139717870484, "ba_1_m": 48.372636970421254, "ba_1_s": 33.136028937865525, "ba_2_e": -10.0, "ba_2_m": -60.0, "ba_2_s": -10.0, "delay": 0.16825754407812094, "mi_0_e": 5.249566331145882, "mi_0_s": -5.0, "mi_1_e": 0.7913959646396296, "mi_1_m": 42.31235325279099, "mi_1_s": 33.279136069952855, "mi_2_e": -10.0, "mi_2_m": -60.0, "mi_2_s": -10.0}, "datetime": {"datetime": "2019-09-11 18:48:27", "elapsed": 506.68091, "delta": 6.989036}}
{"target": 1.3524144887924194, "params": {"ah_0_e": 23.878348586789528, "ah_0_s": 2.376456919214661, "ah_1_e": 5.331255885070845, "ah_1_m": 36.572199769035464, "ah_1_s": 21.866964860611546, "ah_2_e": -10.0, "ah_2_m": -60.0, "ah_2_s": -10.0, "ba_0_e": -37.1171711645094, "ba_0_s": 10.854475356319426, "ba_1_e": 2.3819385240662476, "ba_1_m": 44.35677206626748, "ba_1_s": 26.90320038315084, "ba_2_e": -10.0, "ba_2_m": -60.0, "ba_2_s": -10.0, "delay": 0.15491866953202593, "mi_0_e": 13.89031613560729, "mi_0_s": -5.0, "mi_1_e": 1.2915462696455882, "mi_1_m": 33.65938419541725, "mi_1_s": 17.942308013387848, "mi_2_e": -10.0, "mi_2_m": -60.0, "mi_2_s": -10.0}, "datetime": {"datetime": "2019-09-11 18:48:43", "elapsed": 522.358842, "delta": 15.677932}}
{"target": 0.9972818493843079, "params": {"ah_0_e": 22.56230858127685, "ah_0_s": 0.06064527172405576, "ah_1_e": 9.215626312898555, "ah_1_m": 30.605702940968328, "ah_1_s": 19.96930165687318, "ah_2_e": -10.0, "ah_2_m": -60.0, "ah_2_s": -10.0, "ba_0_e": -12.538746272911773, "ba_0_s": 24.271049674362217, "ba_1_e": 4.636238421214071, "ba_1_m": 49.10077386052939, "ba_1_s": 31.031304570697024, "ba_2_e": -10.0, "ba_2_m": -60.0, "ba_2_s": -10.0, "delay": 0.1986883884714545, "mi_0_e": 22.072372480349404, "mi_0_s": -5.0, "mi_1_e": 14.894952324340881, "mi_1_m": 41.271646166707534, "mi_1_s": 19.73220591430274, "mi_2_e": -10.0, "mi_2_m": -60.0, "mi_2_s": -10.0}, "datetime": {"datetime": "2019-09-11 18:48:57", "elapsed": 536.736794, "delta": 14.377952}}
{"target": 1.2462092638015747, "params": {"ah_0_e": 30.90290703725938, "ah_0_s": -22.68715603497097, "ah_1_e": 24.828317456800598, "ah_1_m": 30.40116811784579, "ah_1_s": 19.931251831083642, "ah_2_e": -10.0, "ah_2_m": -60.0, "ah_2_s": -10.0, "ba_0_e": -21.193822924335898, "ba_0_s": 18.230567602122548, "ba_1_e": 6.562193789858285, "ba_1_m": 48.86761626223757, "ba_1_s": 33.65606393700606, "ba_2_e": -10.0, "ba_2_m": -60.0, "ba_2_s": -10.0, "delay": 0.14177882814517132, "mi_0_e": 38.42941337245215, "mi_0_s": -5.0, "mi_1_e": 5.160332986863673, "mi_1_m": 39.965169444159, "mi_1_s": 26.341283691225975, "mi_2_e": -10.0, "mi_2_m": -60.0, "mi_2_s": -10.0}, "datetime": {"datetime": "2019-09-11 18:49:13", "elapsed": 552.398857, "delta": 15.662063}}
{"target": 1.2462092638015747, "params": {"ah_0_e": 30.90290703725938, "ah_0_s": -22.68715603497097, "ah_1_e": 24.828317456800598, "ah_1_m": 30.40116811784579, "ah_1_s": 19.931251831083642, "ah_2_e": -10.0, "ah_2_m": -60.0, "ah_2_s": -10.0, "ba_0_e": -21.193822924335898, "ba_0_s": 18.230567602122548, "ba_1_e": 6.562193789858285, "ba_1_m": 48.86761626223757, "ba_1_s": 33.65606393700606, "ba_2_e": -10.0, "ba_2_m": -60.0, "ba_2_s": -10.0, "delay": 0.14177882814517132, "mi_0_e": 38.42941337245215, "mi_0_s": -5.0, "mi_1_e": 5.160332986863673, "mi_1_m": 39.965169444159, "mi_1_s": 26.341283691225975, "mi_2_e": -10.0, "mi_2_m": -60.0, "mi_2_s": -10.0}, "datetime": {"datetime": "2019-09-11 18:49:21", "elapsed": 560.55386, "delta": 8.155003}}
{"target": 1.2462092638015747, "params": {"ah_0_e": 30.90290703725938, "ah_0_s": -22.68715603497097, "ah_1_e": 24.828317456800598, "ah_1_m": 30.40116811784579, "ah_1_s": 19.931251831083642, "ah_2_e": -10.0, "ah_2_m": -60.0, "ah_2_s": -10.0, "ba_0_e": -21.193822924335898, "ba_0_s": 18.230567602122548, "ba_1_e": 6.562193789858285, "ba_1_m": 48.86761626223757, "ba_1_s": 33.65606393700606, "ba_2_e": -10.0, "ba_2_m": -60.0, "ba_2_s": -10.0, "delay": 0.14177882814517132, "mi_0_e": 38.42941337245215, "mi_0_s": -5.0, "mi_1_e": 5.160332986863673, "mi_1_m": 39.965169444159, "mi_1_s": 26.341283691225975, "mi_2_e": -10.0, "mi_2_m": -60.0, "mi_2_s": -10.0}, "datetime": {"datetime": "2019-09-11 18:49:29", "elapsed": 567.98395, "delta": 7.43009}}
{"target": 1.2462092638015747, "params": {"ah_0_e": 30.90290703725938, "ah_0_s": -22.68715603497097, "ah_1_e": 24.828317456800598, "ah_1_m": 30.40116811784579, "ah_1_s": 19.931251831083642, "ah_2_e": -10.0, "ah_2_m": -60.0, "ah_2_s": -10.0, "ba_0_e": -21.193822924335898, "ba_0_s": 18.230567602122548, "ba_1_e": 6.562193789858285, "ba_1_m": 48.86761626223757, "ba_1_s": 33.65606393700606, "ba_2_e": -10.0, "ba_2_m": -60.0, "ba_2_s": -10.0, "delay": 0.14177882814517132, "mi_0_e": 38.42941337245215, "mi_0_s": -5.0, "mi_1_e": 5.160332986863673, "mi_1_m": 39.965169444159, "mi_1_s": 26.341283691225975, "mi_2_e": -10.0, "mi_2_m": -60.0, "mi_2_s": -10.0}, "datetime": {"datetime": "2019-09-11 18:49:35", "elapsed": 574.733974, "delta": 6.750024}}
{"target": 1.2462092638015747, "params": {"ah_0_e": 30.90290703725938, "ah_0_s": -22.68715603497097, "ah_1_e": 24.828317456800598, "ah_1_m": 30.40116811784579, "ah_1_s": 19.931251831083642, "ah_2_e": -10.0, "ah_2_m": -60.0, "ah_2_s": -10.0, "ba_0_e": -21.193822924335898, "ba_0_s": 18.230567602122548, "ba_1_e": 6.562193789858285, "ba_1_m": 48.86761626223757, "ba_1_s": 33.65606393700606, "ba_2_e": -10.0, "ba_2_m": -60.0, "ba_2_s": -10.0, "delay": 0.14177882814517132, "mi_0_e": 38.42941337245215, "mi_0_s": -5.0, "mi_1_e": 5.160332986863673, "mi_1_m": 39.965169444159, "mi_1_s": 26.341283691225975, "mi_2_e": -10.0, "mi_2_m": -60.0, "mi_2_s": -10.0}, "datetime": {"datetime": "2019-09-11 18:49:43", "elapsed": 581.779939, "delta": 7.045965}}
{"target": 1.5160802602767944, "params": {"ah_0_e": 30.776049315907258, "ah_0_s": -20.640634490767024, "ah_1_e": 17.6040700337192, "ah_1_m": 35.113743073100245, "ah_1_s": 16.87242695837164, "ah_2_e": -10.0, "ah_2_m": -60.0, "ah_2_s": -10.0, "ba_0_e": -32.04696461058863, "ba_0_s": 15.488823551093502, "ba_1_e": 0.8174869737942675, "ba_1_m": 44.19693829696147, "ba_1_s": 32.0552661279216, "ba_2_e": -10.0, "ba_2_m": -60.0, "ba_2_s": -10.0, "delay": 0.20846661029713798, "mi_0_e": 14.863843173717571, "mi_0_s": -5.0, "mi_1_e": 17.315723806157813, "mi_1_m": 37.75184792166768, "mi_1_s": 16.163929698030746, "mi_2_e": -10.0, "mi_2_m": -60.0, "mi_2_s": -10.0}, "datetime": {"datetime": "2019-09-11 18:49:58", "elapsed": 596.988572, "delta": 15.208633}}
{"target": 0.9580155611038208, "params": {"ah_0_e": 9.349396247303059, "ah_0_s": -33.129911243757874, "ah_1_e": 10.918444138697856, "ah_1_m": 33.168237369722185, "ah_1_s": 8.663652617368605, "ah_2_e": -10.0, "ah_2_m": -60.0, "ah_2_s": -10.0, "ba_0_e": -34.92896169889583, "ba_0_s": 28.001032765773434, "ba_1_e": 0.6494041415639829, "ba_1_m": 43.5464775741534, "ba_1_s": 28.262850455708925, "ba_2_e": -10.0, "ba_2_m": -60.0, "ba_2_s": -10.0, "delay": 0.18662629734425867, "mi_0_e": 28.710819446326713, "mi_0_s": -5.0, "mi_1_e": 9.194526767751759, "mi_1_m": 38.72602004132, "mi_1_s": 6.856779768407589, "mi_2_e": -10.0, "mi_2_m": -60.0, "mi_2_s": -10.0}, "datetime": {"datetime": "2019-09-11 18:50:14", "elapsed": 612.905175, "delta": 15.916603}}
{"target": 0.9580155611038208, "params": {"ah_0_e": 9.349396247303059, "ah_0_s": -33.129911243757874, "ah_1_e": 10.918444138697856, "ah_1_m": 33.168237369722185, "ah_1_s": 8.663652617368605, "ah_2_e": -10.0, "ah_2_m": -60.0, "ah_2_s": -10.0, "ba_0_e": -34.92896169889583, "ba_0_s": 28.001032765773434, "ba_1_e": 0.6494041415639829, "ba_1_m": 43.5464775741534, "ba_1_s": 28.262850455708925, "ba_2_e": -10.0, "ba_2_m": -60.0, "ba_2_s": -10.0, "delay": 0.18662629734425867, "mi_0_e": 28.710819446326713, "mi_0_s": -5.0, "mi_1_e": 9.194526767751759, "mi_1_m": 38.72602004132, "mi_1_s": 6.856779768407589, "mi_2_e": -10.0, "mi_2_m": -60.0, "mi_2_s": -10.0}, "datetime": {"datetime": "2019-09-11 18:50:21", "elapsed": 620.001529, "delta": 7.096354}}
{"target": 0.9580155611038208, "params": {"ah_0_e": 9.349396247303059, "ah_0_s": -33.129911243757874, "ah_1_e": 10.918444138697856, "ah_1_m": 33.168237369722185, "ah_1_s": 8.663652617368605, "ah_2_e": -10.0, "ah_2_m": -60.0, "ah_2_s": -10.0, "ba_0_e": -34.92896169889583, "ba_0_s": 28.001032765773434, "ba_1_e": 0.6494041415639829, "ba_1_m": 43.5464775741534, "ba_1_s": 28.262850455708925, "ba_2_e": -10.0, "ba_2_m": -60.0, "ba_2_s": -10.0, "delay": 0.18662629734425867, "mi_0_e": 28.710819446326713, "mi_0_s": -5.0, "mi_1_e": 9.194526767751759, "mi_1_m": 38.72602004132, "mi_1_s": 6.856779768407589, "mi_2_e": -10.0, "mi_2_m": -60.0, "mi_2_s": -10.0}, "datetime": {"datetime": "2019-09-11 18:50:29", "elapsed": 627.864522, "delta": 7.862993}}
{"target": 1.083734393119812, "params": {"ah_0_e": 26.738238490487962, "ah_0_s": -11.000827191973652, "ah_1_e": 16.934343789661348, "ah_1_m": 35.475558471370285, "ah_1_s": 18.49403042828324, "ah_2_e": -10.0, "ah_2_m": -60.0, "ah_2_s": -10.0, "ba_0_e": -32.40483738652798, "ba_0_s": 30.045231192645073, "ba_1_e": 3.0696193923950412, "ba_1_m": 47.394798194631406, "ba_1_s": 31.83752130614107, "ba_2_e": -10.0, "ba_2_m": -60.0, "ba_2_s": -10.0, "delay": 0.1962173993008664, "mi_0_e": 28.410365867222865, "mi_0_s": -5.0, "mi_1_e": 16.70529226891626, "mi_1_m": 37.10380247617087, "mi_1_s": 34.950668598704034, "mi_2_e": -10.0, "mi_2_m": -60.0, "mi_2_s": -10.0}, "datetime": {"datetime": "2019-09-11 18:50:46", "elapsed": 644.962363, "delta": 17.097841}}
{"target": 1.0633788108825684, "params": {"ah_0_e": 22.96618824728987, "ah_0_s": -4.153510549150525, "ah_1_e": 19.115780079194277, "ah_1_m": 39.607201865574176, "ah_1_s": 1.510513517753469, "ah_2_e": -10.0, "ah_2_m": -60.0, "ah_2_s": -10.0, "ba_0_e": -30.374329988063685, "ba_0_s": 16.83472965857621, "ba_1_e": 11.767770389016173, "ba_1_m": 40.101844245734114, "ba_1_s": 29.24380596859758, "ba_2_e": -10.0, "ba_2_m": -60.0, "ba_2_s": -10.0, "delay": 0.20407740906438931, "mi_0_e": 10.205155753815138, "mi_0_s": -5.0, "mi_1_e": 9.30003058169501, "mi_1_m": 41.53720768564063, "mi_1_s": 27.165848025243957, "mi_2_e": -10.0, "mi_2_m": -60.0, "mi_2_s": -10.0}, "datetime": {"datetime": "2019-09-11 18:51:01", "elapsed": 660.021438, "delta": 15.059075}}
{"target": 1.0633788108825684, "params": {"ah_0_e": 22.96618824728987, "ah_0_s": -4.153510549150525, "ah_1_e": 19.115780079194277, "ah_1_m": 39.607201865574176, "ah_1_s": 1.510513517753469, "ah_2_e": -10.0, "ah_2_m": -60.0, "ah_2_s": -10.0, "ba_0_e": -30.374329988063685, "ba_0_s": 16.83472965857621, "ba_1_e": 11.767770389016173, "ba_1_m": 40.101844245734114, "ba_1_s": 29.24380596859758, "ba_2_e": -10.0, "ba_2_m": -60.0, "ba_2_s": -10.0, "delay": 0.20407740906438931, "mi_0_e": 10.205155753815138, "mi_0_s": -5.0, "mi_1_e": 9.30003058169501, "mi_1_m": 41.53720768564063, "mi_1_s": 27.165848025243957, "mi_2_e": -10.0, "mi_2_m": -60.0, "mi_2_s": -10.0}, "datetime": {"datetime": "2019-09-11 18:51:09", "elapsed": 668.038658, "delta": 8.01722}}
{"target": 1.4131560325622559, "params": {"ah_0_e": 38.46144927456735, "ah_0_s": -31.2376638213605, "ah_1_e": 24.02579086265471, "ah_1_m": 32.38259189141064, "ah_1_s": 12.478870795332053, "ah_2_e": -10.0, "ah_2_m": -60.0, "ah_2_s": -10.0, "ba_0_e": -17.013652388223903, "ba_0_s": 18.773910965685385, "ba_1_e": 6.056399969226921, "ba_1_m": 49.53922989191173, "ba_1_s": 27.87463697480483, "ba_2_e": -10.0, "ba_2_m": -60.0, "ba_2_s": -10.0, "delay": 0.19654228076403493, "mi_0_e": 20.42615215118308, "mi_0_s": -5.0, "mi_1_e": 12.232815548187459, "mi_1_m": 40.06434035119797, "mi_1_s": 24.80683251986204, "mi_2_e": -10.0, "mi_2_m": -60.0, "mi_2_s": -10.0}, "datetime": {"datetime": "2019-09-11 18:51:25", "elapsed": 684.690188, "delta": 16.65153}}
{"target": 1.4131560325622559, "params": {"ah_0_e": 38.46144927456735, "ah_0_s": -31.2376638213605, "ah_1_e": 24.02579086265471, "ah_1_m": 32.38259189141064, "ah_1_s": 12.478870795332053, "ah_2_e": -10.0, "ah_2_m": -60.0, "ah_2_s": -10.0, "ba_0_e": -17.013652388223903, "ba_0_s": 18.773910965685385, "ba_1_e": 6.056399969226921, "ba_1_m": 49.53922989191173, "ba_1_s": 27.87463697480483, "ba_2_e": -10.0, "ba_2_m": -60.0, "ba_2_s": -10.0, "delay": 0.19654228076403493, "mi_0_e": 20.42615215118308, "mi_0_s": -5.0, "mi_1_e": 12.232815548187459, "mi_1_m": 40.06434035119797, "mi_1_s": 24.80683251986204, "mi_2_e": -10.0, "mi_2_m": -60.0, "mi_2_s": -10.0}, "datetime": {"datetime": "2019-09-11 18:51:34", "elapsed": 692.923239, "delta": 8.233051}}
{"target": 1.4131560325622559, "params": {"ah_0_e": 38.46144927456735, "ah_0_s": -31.2376638213605, "ah_1_e": 24.02579086265471, "ah_1_m": 32.38259189141064, "ah_1_s": 12.478870795332053, "ah_2_e": -10.0, "ah_2_m": -60.0, "ah_2_s": -10.0, "ba_0_e": -17.013652388223903, "ba_0_s": 18.773910965685385, "ba_1_e": 6.056399969226921, "ba_1_m": 49.53922989191173, "ba_1_s": 27.87463697480483, "ba_2_e": -10.0, "ba_2_m": -60.0, "ba_2_s": -10.0, "delay": 0.19654228076403493, "mi_0_e": 20.42615215118308, "mi_0_s": -5.0, "mi_1_e": 12.232815548187459, "mi_1_m": 40.06434035119797, "mi_1_s": 24.80683251986204, "mi_2_e": -10.0, "mi_2_m": -60.0, "mi_2_s": -10.0}, "datetime": {"datetime": "2019-09-11 18:51:40", "elapsed": 699.60032, "delta": 6.677081}}
{"target": 1.4131560325622559, "params": {"ah_0_e": 38.46144927456735, "ah_0_s": -31.2376638213605, "ah_1_e": 24.02579086265471, "ah_1_m": 32.38259189141064, "ah_1_s": 12.478870795332053, "ah_2_e": -10.0, "ah_2_m": -60.0, "ah_2_s": -10.0, "ba_0_e": -17.013652388223903, "ba_0_s": 18.773910965685385, "ba_1_e": 6.056399969226921, "ba_1_m": 49.53922989191173, "ba_1_s": 27.87463697480483, "ba_2_e": -10.0, "ba_2_m": -60.0, "ba_2_s": -10.0, "delay": 0.19654228076403493, "mi_0_e": 20.42615215118308, "mi_0_s": -5.0, "mi_1_e": 12.232815548187459, "mi_1_m": 40.06434035119797, "mi_1_s": 24.80683251986204, "mi_2_e": -10.0, "mi_2_m": -60.0, "mi_2_s": -10.0}, "datetime": {"datetime": "2019-09-11 18:51:47", "elapsed": 706.249523, "delta": 6.649203}}
{"target": 1.0396872758865356, "params": {"ah_0_e": 30.516343652265046, "ah_0_s": -8.10663491108459, "ah_1_e": 17.72690914609614, "ah_1_m": 42.06647682155027, "ah_1_s": 4.264074498676634, "ah_2_e": -10.0, "ah_2_m": -60.0, "ah_2_s": -10.0, "ba_0_e": -12.069651471263871, "ba_0_s": 10.369684096895817, "ba_1_e": 5.7909222228044985, "ba_1_m": 48.57408576961258, "ba_1_s": 30.316725036890244, "ba_2_e": -10.0, "ba_2_m": -60.0, "ba_2_s": -10.0, "delay": 0.16565374692908275, "mi_0_e": 22.621129864055295, "mi_0_s": -5.0, "mi_1_e": 6.457906407149319, "mi_1_m": 44.69754542656695, "mi_1_s": 23.738287790679284, "mi_2_e": -10.0, "mi_2_m": -60.0, "mi_2_s": -10.0}, "datetime": {"datetime": "2019-09-11 18:52:02", "elapsed": 721.035362, "delta": 14.785839}}
{"target": 1.040027141571045, "params": {"ah_0_e": 34.170757780718134, "ah_0_s": -34.47904975336014, "ah_1_e": 15.03692564617015, "ah_1_m": 44.008868457607704, "ah_1_s": 22.42711224102296, "ah_2_e": -10.0, "ah_2_m": -60.0, "ah_2_s": -10.0, "ba_0_e": -15.435446572565482, "ba_0_s": 33.593982775466785, "ba_1_e": 7.09980590355941, "ba_1_m": 44.55338680211548, "ba_1_s": 30.652714937300196, "ba_2_e": -10.0, "ba_2_m": -60.0, "ba_2_s": -10.0, "delay": 0.19118429424613334, "mi_0_e": 11.958689998901253, "mi_0_s": -5.0, "mi_1_e": 19.00882330654086, "mi_1_m": 41.60760975002879, "mi_1_s": 14.902763205717996, "mi_2_e": -10.0, "mi_2_m": -60.0, "mi_2_s": -10.0}, "datetime": {"datetime": "2019-09-11 18:52:19", "elapsed": 738.638402, "delta": 17.60304}}
