{"target": 0.1875356286764145, "params": {"ah_0_e": 19.595770164590093, "ah_0_s": -7.585397795102885, "ah_1_e": 0.004003118607071032, "ah_1_m": 36.046651452636794, "ah_1_s": 5.136456178598957, "ah_2_e": -14.61692973843989, "ah_2_m": -65.58780634133012, "ah_2_s": -27.278036352152387, "ba_0_e": -22.145463659619853, "ba_0_s": 23.858585690117494, "ba_1_e": 14.671808004115318, "ba_1_m": 43.70439000793519, "ba_1_s": 7.15582874060311, "ba_2_e": -53.90587181954727, "ba_2_m": -60.821627795937786, "ba_2_s": -43.52337550892011, "delay": 0.16338438418937015, "mi_0_e": 24.554143995601308, "mi_0_s": -9.913542850833181, "mi_1_e": 6.933552117970757, "mi_1_m": 46.014891373510736, "mi_1_s": 33.889155150178915, "mi_2_e": -25.671208907962143, "mi_2_m": -80.76967847007943, "mi_2_s": -53.81945761480191}, "datetime": {"datetime": "2019-09-11 16:50:38", "elapsed": 0.0, "delta": 0.0}}
{"target": 0.992534875869751, "params": {"ah_0_e": 36.311233222634655, "ah_0_s": -36.17301048835999, "ah_1_e": 1.3669174131508828, "ah_1_m": 33.39660839129138, "ah_1_s": 30.73498762002946, "ah_2_e": -14.917341691652505, "ah_2_m": -72.63322875015156, "ah_2_s": -57.8944765075251, "ba_0_e": -16.007562176214233, "ba_0_s": 29.215698988266567, "ba_1_e": 11.043047085212203, "ba_1_m": 43.73001855363167, "ba_1_s": 29.211898516408052, "ba_2_e": -10.914413867209591, "ba_2_m": -82.50432944834903, "ba_2_s": -59.443054445324734, "delay": 0.18985325235038714, "mi_0_e": 14.815539722254181, "mi_0_s": -32.624776495802095, "mi_1_e": 3.612910230217471, "mi_1_m": 38.9578705235181, "mi_1_s": 31.800842608258346, "mi_2_e": -24.680707418683973, "mi_2_m": -68.63326015759046, "mi_2_s": -16.501428605913883}, "datetime": {"datetime": "2019-09-11 16:50:46", "elapsed": 8.093, "delta": 8.093}}
{"target": -0.15950706601142883, "params": {"ah_0_e": 5.677843525460398, "ah_0_s": -9.452401017704908, "ah_1_e": 7.406984060002067, "ah_1_m": 35.310933187444526, "ah_1_s": 17.20506057481184, "ah_2_e": -12.668127255854019, "ah_2_m": -77.2235281647604, "ah_2_s": -17.336428745290508, "ba_0_e": -13.48125083935221, "ba_0_s": 29.49154260073259, "ba_1_e": 3.5817050089739046, "ba_1_m": 38.28111975639136, "ba_1_s": 24.30400552047108, "ba_2_e": -30.708963476345133, "ba_2_m": -61.498603768382615, "ba_2_s": -36.79482029577558, "delay": 0.18310357161758312, "mi_0_e": 23.0211189220408, "mi_0_s": -38.06081645967846, "mi_1_e": 20.529426417569752, "mi_1_m": 48.06803830575767, "mi_1_s": 4.811614645118313, "mi_2_e": -16.963817362537927, "mi_2_m": -84.22173866128571, "mi_2_s": -29.883841849276678}, "datetime": {"datetime": "2019-09-11 16:50:54", "elapsed": 16.159807, "delta": 8.066807}}
{"target": 1.030304193496704, "params": {"ah_0_e": 10.787396899092647, "ah_0_s": 1.7378861178215246, "ah_1_e": 12.171805091092729, "ah_1_m": 45.01624206272311, "ah_1_s": 25.4099294872658, "ah_2_e": -54.165304560290494, "ah_2_m": -78.71016621166827, "ah_2_s": -47.54712170136686, "ba_0_e": -24.299574610997084, "ba_0_s": 14.447476211775912, "ba_1_e": 31.35601763686234, "ba_1_m": 38.5618237974259, "ba_1_s": 33.769401650193494, "ba_2_e": -43.1720748909224, "ba_2_m": -78.65087160627365, "ba_2_s": -15.737298647668759, "delay": 0.20595914069656568, "mi_0_e": 20.74692467179792, "mi_0_s": -25.243636503549613, "mi_1_e": 14.28478809664484, "mi_1_m": 34.74053960486056, "mi_1_s": 31.618283219678883, "mi_2_e": -38.683974333614294, "mi_2_m": -60.08610981093477, "mi_2_s": -40.85724568103619}, "datetime": {"datetime": "2019-09-11 16:51:02", "elapsed": 24.197987, "delta": 8.03818}}
{"target": 0.7128510475158691, "params": {"ah_0_e": 16.432571562023366, "ah_0_s": -16.28238539840758, "ah_1_e": 31.007973475877108, "ah_1_m": 37.14539520005, "ah_1_s": 31.79873028219297, "ah_2_e": -41.16800578959014, "ah_2_m": -60.47463728539669, "ah_2_s": -56.47186168718807, "ba_0_e": -8.909638711738424, "ba_0_s": 39.90629976580182, "ba_1_e": 6.0319177920864995, "ba_1_m": 32.742714992577554, "ba_1_s": 32.64084120630073, "ba_2_e": -44.84090807449501, "ba_2_m": -61.98000518166187, "ba_2_s": -47.77315263012332, "delay": 0.19031009507689972, "mi_0_e": 37.305858744126915, "mi_0_s": -29.903366551996513, "mi_1_e": 4.349483669025764, "mi_1_m": 30.397602676795913, "mi_1_s": 0.9173845407201747, "mi_2_e": -11.41532440103973, "mi_2_m": -67.38633202809137, "mi_2_s": -53.0013974341444}, "datetime": {"datetime": "2019-09-11 16:51:10", "elapsed": 32.284996, "delta": 8.087009}}
{"target": -0.6340159177780151, "params": {"ah_0_e": 23.85908725195785, "ah_0_s": -15.123010959140537, "ah_1_e": 29.4710812325862, "ah_1_m": 32.48346630239822, "ah_1_s": 9.771428765389881, "ah_2_e": -39.28796357291439, "ah_2_m": -89.08787244959024, "ah_2_s": -38.0515109627855, "ba_0_e": -39.160871978217564, "ba_0_s": 33.02214354382157, "ba_1_e": 8.154099584435714, "ba_1_m": 46.14210391237558, "ba_1_s": 13.575122542246012, "ba_2_e": -53.177092727971434, "ba_2_m": -82.41364928211554, "ba_2_s": -37.812011699520944, "delay": 0.1409164180528548, "mi_0_e": 7.097119132927408, "mi_0_s": -9.247020950925808, "mi_1_e": 1.5593157490666605, "mi_1_m": 32.14988258212186, "mi_1_s": 7.899826851274915, "mi_2_e": -45.64944901913383, "mi_2_m": -76.79150946162427, "mi_2_s": -10.627799007955792}, "datetime": {"datetime": "2019-09-11 16:51:18", "elapsed": 40.432351, "delta": 8.147355}}
{"target": 0.019568217918276787, "params": {"ah_0_e": 7.519099789132037, "ah_0_s": 3.5274348500122414, "ah_1_e": 19.883516167197975, "ah_1_m": 34.06586469321981, "ah_1_s": 8.831401059961319, "ah_2_e": -47.19129270375465, "ah_2_m": -65.86288443327956, "ah_2_s": -39.067946363662884, "ba_0_e": 3.6508995089740566, "ba_0_s": 34.63900805215123, "ba_1_e": 8.394671570165515, "ba_1_m": 39.8753942853746, "ba_1_s": 21.698450143348293, "ba_2_e": -51.44904497750893, "ba_2_m": -64.70374183938253, "ba_2_s": -10.928810108870476, "delay": 0.1356017714975378, "mi_0_e": 22.022078882796112, "mi_0_s": -26.22153115786656, "mi_1_e": 19.90980029802685, "mi_1_m": 36.34724818644322, "mi_1_s": 34.60156540443571, "mi_2_e": -38.987260962289845, "mi_2_m": -71.40423517870651, "mi_2_s": -37.54741095589484}, "datetime": {"datetime": "2019-09-11 16:51:26", "elapsed": 48.516119, "delta": 8.083768}}
{"target": 0.14433825016021729, "params": {"ah_0_e": 31.086705081727573, "ah_0_s": -9.884519794606692, "ah_1_e": 9.272184518198328, "ah_1_m": 31.32669668856883, "ah_1_s": 12.95294692699372, "ah_2_e": -41.48587535107822, "ah_2_m": -66.30522029744519, "ah_2_s": -47.637777686940694, "ba_0_e": -37.00585833906483, "ba_0_s": 14.111028450248934, "ba_1_e": 28.16640973101709, "ba_1_m": 33.86868565246655, "ba_1_s": 22.381130830797904, "ba_2_e": -36.23351545618668, "ba_2_m": -87.74423911198052, "ba_2_s": -23.16483852435555, "delay": 0.1352768872547219, "mi_0_e": 30.72730871510343, "mi_0_s": -32.026231034013634, "mi_1_e": 31.77355483762334, "mi_1_m": 48.63944138393674, "mi_1_s": 0.48830505414589553, "mi_2_e": -21.718104306071027, "mi_2_m": -78.50335071004973, "mi_2_s": -57.45081603438082}, "datetime": {"datetime": "2019-09-11 16:51:35", "elapsed": 56.58866, "delta": 8.072541}}
{"target": 0.3863392770290375, "params": {"ah_0_e": 38.25616417364779, "ah_0_s": -14.95060653121796, "ah_1_e": 32.046222241819606, "ah_1_m": 42.83132417892675, "ah_1_s": 13.650269994943619, "ah_2_e": -34.29953335484549, "ah_2_m": -78.1293144875992, "ah_2_s": -37.47739607542813, "ba_0_e": 1.6781642017904161, "ba_0_s": 37.15567024717621, "ba_1_e": 13.820646452324421, "ba_1_m": 49.26525056881424, "ba_1_s": 6.0884483338162525, "ba_2_e": -16.316475971981866, "ba_2_m": -64.05237474140193, "ba_2_s": -35.28310828384484, "delay": 0.13172198442193583, "mi_0_e": 38.178957392618834, "mi_0_s": -33.94904149097564, "mi_1_e": 0.5256643259742833, "mi_1_m": 33.52392511150111, "mi_1_s": 11.622225102839295, "mi_2_e": -16.549842240545843, "mi_2_m": -84.28472076379747, "mi_2_s": -27.236832634164674}, "datetime": {"datetime": "2019-09-11 16:51:43", "elapsed": 64.729872, "delta": 8.141212}}
{"target": -0.36343392729759216, "params": {"ah_0_e": 37.90376188166785, "ah_0_s": -13.809361902381397, "ah_1_e": 30.75911945441454, "ah_1_m": 46.89468890784444, "ah_1_s": 31.688731154802724, "ah_2_e": -32.99401329084035, "ah_2_m": -76.3904044806112, "ah_2_s": -49.93017955760197, "ba_0_e": -27.142651671963357, "ba_0_s": 22.15887329169747, "ba_1_e": 20.968860767605744, "ba_1_m": 30.310665511016715, "ba_1_s": 20.7718492868823, "ba_2_e": -31.683817449472915, "ba_2_m": -84.22081586654525, "ba_2_s": -25.762240154768648, "delay": 0.2014310966820121, "mi_0_e": 25.22500253495874, "mi_0_s": -11.440357056961277, "mi_1_e": 27.57752318389265, "mi_1_m": 42.24062354089868, "mi_1_s": 1.8868245225813536, "mi_2_e": -31.009684000056613, "mi_2_m": -80.37206509696288, "mi_2_s": -55.93008889887629}, "datetime": {"datetime": "2019-09-11 16:51:51", "elapsed": 72.78862, "delta": 8.058748}}
{"target": 0.37873831391334534, "params": {"ah_0_e": 5.01407087119751, "ah_0_s": 3.9541617063976844, "ah_1_e": 13.180311016102106, "ah_1_m": 49.47567076716645, "ah_1_s": 21.165063534091857, "ah_2_e": -51.44229039903465, "ah_2_m": -77.24134514124307, "ah_2_s": -41.40380991536752, "ba_0_e": -27.14906732369377, "ba_0_s": 25.539166922962902, "ba_1_e": 26.250761729593098, "ba_1_m": 47.16627672858085, "ba_1_s": 26.427876596368804, "ba_2_e": -44.902862422365146, "ba_2_m": -85.934382901638, "ba_2_s": -26.13404984183732, "delay": 0.18366310326300697, "mi_0_e": 20.78058777446722, "mi_0_s": -18.3735963211031, "mi_1_e": 14.378397247276496, "mi_1_m": 38.02959166939081, "mi_1_s": 11.108438108539692, "mi_2_e": -41.095968396015074, "mi_2_m": -72.90741812463793, "mi_2_s": -58.690103896362615}, "datetime": {"datetime": "2019-09-11 16:51:59", "elapsed": 80.857679, "delta": 8.069059}}
{"target": 1.5116761922836304, "params": {"ah_0_e": 28.72303120020089, "ah_0_s": -31.064355020780013, "ah_1_e": 14.934535327181148, "ah_1_m": 36.86692479548846, "ah_1_s": 27.91735813854983, "ah_2_e": -53.999914428171586, "ah_2_m": -87.11525867479116, "ah_2_s": -43.13599061876311, "ba_0_e": -27.8406282086609, "ba_0_s": 13.83283455266064, "ba_1_e": 29.921427994409083, "ba_1_m": 40.55429292617493, "ba_1_s": 28.07563794016093, "ba_2_e": -38.62442585958031, "ba_2_m": -81.99427575862534, "ba_2_s": -35.950581373202795, "delay": 0.19167071284015103, "mi_0_e": 24.910029674665044, "mi_0_s": -21.29984575071933, "mi_1_e": 11.994111778364863, "mi_1_m": 31.36418696833408, "mi_1_s": 13.227346276483495, "mi_2_e": -13.981303884912618, "mi_2_m": -89.48451341191335, "mi_2_s": -19.080642566538188}, "datetime": {"datetime": "2019-09-11 16:52:07", "elapsed": 88.932382, "delta": 8.074703}}
{"target": 0.4628489911556244, "params": {"ah_0_e": 33.415054420218894, "ah_0_s": -0.6267259769845879, "ah_1_e": 24.094463833508016, "ah_1_m": 41.38988825490752, "ah_1_s": 5.634000288546307, "ah_2_e": -33.34400113816531, "ah_2_m": -70.35516153465645, "ah_2_s": -21.25199789070423, "ba_0_e": -13.336965905539145, "ba_0_s": 15.929444319567093, "ba_1_e": 32.07069437139228, "ba_1_m": 48.19271049903114, "ba_1_s": 8.999140282376867, "ba_2_e": -15.54456503720146, "ba_2_m": -65.78888196057339, "ba_2_s": -34.9792085339443, "delay": 0.1882868534379677, "mi_0_e": 12.286805344307702, "mi_0_s": -13.681174543203076, "mi_1_e": 29.808515622772845, "mi_1_m": 38.316974365350546, "mi_1_s": 21.583977350433265, "mi_2_e": -21.6833069619625, "mi_2_m": -63.05901778277392, "mi_2_s": -35.79285084842649}, "datetime": {"datetime": "2019-09-11 16:52:15", "elapsed": 96.970977, "delta": 8.038595}}
{"target": -0.1715327352285385, "params": {"ah_0_e": 21.699934546742384, "ah_0_s": -33.12977601580765, "ah_1_e": 21.763218110914544, "ah_1_m": 40.88020237627876, "ah_1_s": 22.894807143976053, "ah_2_e": -17.22727700623299, "ah_2_m": -82.54583451405732, "ah_2_s": -21.102456989996135, "ba_0_e": -16.629167903528515, "ba_0_s": 32.485360987756664, "ba_1_e": 0.7815649797132163, "ba_1_m": 36.48724919452373, "ba_1_s": 30.552283174003886, "ba_2_e": -52.23548038010348, "ba_2_m": -76.15321777783632, "ba_2_s": -53.33041370832565, "delay": 0.2059844793082901, "mi_0_e": 33.92424491702695, "mi_0_s": -34.89404053427886, "mi_1_e": 3.4560190637121924, "mi_1_m": 43.02608664681982, "mi_1_s": 24.623094585342855, "mi_2_e": -40.512040632331484, "mi_2_m": -83.98845785208084, "mi_2_s": -11.728560993581713}, "datetime": {"datetime": "2019-09-11 16:52:23", "elapsed": 105.01012, "delta": 8.039143}}
{"target": -0.28790056705474854, "params": {"ah_0_e": 31.958355709424296, "ah_0_s": -7.072212966721288, "ah_1_e": 9.089443765442358, "ah_1_m": 35.14138597644293, "ah_1_s": 22.130616110054472, "ah_2_e": -27.26487307955408, "ah_2_m": -83.89766034021862, "ah_2_s": -32.307311600172866, "ba_0_e": -4.776276334712264, "ba_0_s": 39.66651242683442, "ba_1_e": 10.508691883686502, "ba_1_m": 32.86011656516199, "ba_1_s": 31.545795272224584, "ba_2_e": -37.07796894436866, "ba_2_m": -89.24221112565246, "ba_2_s": -41.83022000009486, "delay": 0.2095130419688383, "mi_0_e": 24.11247814500331, "mi_0_s": -23.424907686693246, "mi_1_e": 4.739976607525946, "mi_1_m": 37.11410341967762, "mi_1_s": 0.917649855373065, "mi_2_e": -18.019758975982455, "mi_2_m": -82.36911578122488, "mi_2_s": -11.519984496439442}, "datetime": {"datetime": "2019-09-11 16:52:31", "elapsed": 113.039261, "delta": 8.029141}}
{"target": 1.6575994491577148, "params": {"ah_0_e": 17.829008403531052, "ah_0_s": -1.194418622288012, "ah_1_e": 24.2437201127574, "ah_1_m": 43.818842841323374, "ah_1_s": 6.60228803343588, "ah_2_e": -32.09521403742117, "ah_2_m": -77.44732222032874, "ah_2_s": -59.48758538318526, "ba_0_e": -30.824219864509516, "ba_0_s": 13.67065156168242, "ba_1_e": 9.176057932051918, "ba_1_m": 45.003448265959854, "ba_1_s": 15.994136460249248, "ba_2_e": -12.84647192055475, "ba_2_m": -75.2554872183072, "ba_2_s": -20.598008232183798, "delay": 0.1938883395808168, "mi_0_e": 15.406598352754528, "mi_0_s": -5.966210418407627, "mi_1_e": 20.770135731261735, "mi_1_m": 46.87680857862378, "mi_1_s": 13.335564342177497, "mi_2_e": -47.49291553630717, "mi_2_m": -75.33424434891384, "mi_2_s": -37.04759024810943}, "datetime": {"datetime": "2019-09-11 16:52:39", "elapsed": 121.089833, "delta": 8.050572}}
{"target": -0.24349749088287354, "params": {"ah_0_e": 38.58020123716133, "ah_0_s": -3.8217598825608974, "ah_1_e": 1.1313073318250892, "ah_1_m": 44.1877450246259, "ah_1_s": 16.27505185472271, "ah_2_e": -57.37744706975499, "ah_2_m": -66.64298202970465, "ah_2_s": -23.35360098421829, "ba_0_e": -36.33367158052321, "ba_0_s": 20.00165900323253, "ba_1_e": 3.8156567406673902, "ba_1_m": 42.67573521223836, "ba_1_s": 28.103713308080824, "ba_2_e": -44.84002480600893, "ba_2_m": -82.98634143227312, "ba_2_s": -27.12270599217599, "delay": 0.1976681186422142, "mi_0_e": 20.00690712498049, "mi_0_s": -33.84034546443115, "mi_1_e": 21.927365551850283, "mi_1_m": 32.8684609734049, "mi_1_s": 2.7435414949231784, "mi_2_e": -10.916632145650365, "mi_2_m": -62.0017499291807, "mi_2_s": -32.92919068542159}, "datetime": {"datetime": "2019-09-11 16:52:47", "elapsed": 129.1297, "delta": 8.039867}}
{"target": 0.38043174147605896, "params": {"ah_0_e": 8.966967296865667, "ah_0_s": -38.74974930180985, "ah_1_e": 26.420151848666357, "ah_1_m": 37.89700960921279, "ah_1_s": 26.14284734626338, "ah_2_e": -32.62024133732258, "ah_2_m": -73.50260241002283, "ah_2_s": -33.90362533589155, "ba_0_e": -18.669823304701268, "ba_0_s": 33.110716973995935, "ba_1_e": 14.083738195020754, "ba_1_m": 48.09372320687246, "ba_1_s": 1.2971366783912552, "ba_2_e": -48.693717136020936, "ba_2_m": -63.76924143413216, "ba_2_s": -40.925678345604275, "delay": 0.13082914090681855, "mi_0_e": 23.851954890172145, "mi_0_s": -5.105628481685873, "mi_1_e": 33.29178249215716, "mi_1_m": 48.10804067405556, "mi_1_s": 27.858842967979427, "mi_2_e": -55.763715995739375, "mi_2_m": -64.36674693475192, "mi_2_s": -17.886503493526664}, "datetime": {"datetime": "2019-09-11 16:52:55", "elapsed": 137.228202, "delta": 8.098502}}
{"target": 0.5585079789161682, "params": {"ah_0_e": 11.56710855158519, "ah_0_s": -11.98768439650355, "ah_1_e": 31.703332360290563, "ah_1_m": 49.799103567181476, "ah_1_s": 24.889286056803556, "ah_2_e": -46.59002045711476, "ah_2_m": -87.27879613632763, "ah_2_s": -30.043686618556045, "ba_0_e": -28.756719389873346, "ba_0_s": 11.0700559775493, "ba_1_e": 4.180996761680515, "ba_1_m": 46.25221176065658, "ba_1_s": 5.13773306960351, "ba_2_e": -23.214874136345035, "ba_2_m": -84.57267535900593, "ba_2_s": -25.5293625897105, "delay": 0.2085933959434354, "mi_0_e": 14.332354575307232, "mi_0_s": -23.6778670739924, "mi_1_e": 11.006345391504738, "mi_1_m": 48.21545662347675, "mi_1_s": 12.829482534793206, "mi_2_e": -31.679616363658226, "mi_2_m": -75.36878076835085, "mi_2_s": -56.94432386848567}, "datetime": {"datetime": "2019-09-11 16:53:03", "elapsed": 145.349702, "delta": 8.1215}}
{"target": 0.1970156580209732, "params": {"ah_0_e": 6.083215219490275, "ah_0_s": -7.7404601365739865, "ah_1_e": 31.18566340023186, "ah_1_m": 30.545744470349376, "ah_1_s": 18.271793653837875, "ah_2_e": -26.299490588501264, "ah_2_m": -85.78467962596757, "ah_2_s": -37.92582754612589, "ba_0_e": -8.939745932676349, "ba_0_s": 20.84987249830381, "ba_1_e": 21.9908163132475, "ba_1_m": 35.801937033748516, "ba_1_s": 0.32720022882805233, "ba_2_e": -38.83779674935454, "ba_2_m": -69.34332642397388, "ba_2_s": -35.86337992505649, "delay": 0.20331246824431182, "mi_0_e": 19.92661759754886, "mi_0_s": -13.658861281083489, "mi_1_e": 12.995281644766905, "mi_1_m": 48.637222332730815, "mi_1_s": 32.79039334581828, "mi_2_e": -52.21649742828566, "mi_2_m": -87.60619542916982, "mi_2_s": -21.395014497565846}, "datetime": {"datetime": "2019-09-11 16:53:11", "elapsed": 153.49157, "delta": 8.141868}}
{"target": 0.31549856066703796, "params": {"ah_0_e": 8.06187733437568, "ah_0_s": -29.771061867189005, "ah_1_e": 11.003181563991765, "ah_1_m": 33.49531752712623, "ah_1_s": 21.248295669036118, "ah_2_e": -30.679320750058068, "ah_2_m": -84.49054535481642, "ah_2_s": -19.256519913451534, "ba_0_e": -8.41555616096603, "ba_0_s": 13.41244686971986, "ba_1_e": 20.09766810943009, "ba_1_m": 36.97975194441578, "ba_1_s": 1.993753981899145, "ba_2_e": -21.440683548018793, "ba_2_m": -79.9230766606438, "ba_2_s": -34.86250466802656, "delay": 0.1715212787258943, "mi_0_e": 11.115205253812288, "mi_0_s": -24.975054804118972, "mi_1_e": 34.88636988228735, "mi_1_m": 46.33670217583244, "mi_1_s": 20.803041834084222, "mi_2_e": -58.79945341654525, "mi_2_m": -87.04687754007963, "mi_2_s": -39.78039668013228}, "datetime": {"datetime": "2019-09-11 16:53:20", "elapsed": 161.591802, "delta": 8.100232}}
{"target": 0.5945245623588562, "params": {"ah_0_e": 6.134921386005999, "ah_0_s": -35.789030688213366, "ah_1_e": 2.2880100264779237, "ah_1_m": 39.034662973829505, "ah_1_s": 13.140219160875022, "ah_2_e": -58.76750171351433, "ah_2_m": -65.03949879598845, "ah_2_s": -58.63937959663276, "ba_0_e": -5.463630901164414, "ba_0_s": 33.84832438685743, "ba_1_e": 22.141553587229904, "ba_1_m": 43.37465540413464, "ba_1_s": 16.69088167324177, "ba_2_e": -10.656817846153611, "ba_2_m": -70.59018256625474, "ba_2_s": -34.603590074677925, "delay": 0.18840729688720834, "mi_0_e": 21.40199199611382, "mi_0_s": -21.00917206313011, "mi_1_e": 4.818195933096111, "mi_1_m": 30.21777467606958, "mi_1_s": 26.539739116694868, "mi_2_e": -25.997641903883917, "mi_2_m": -89.53150350580532, "mi_2_s": -21.0117113079578}, "datetime": {"datetime": "2019-09-11 16:53:28", "elapsed": 169.698918, "delta": 8.107116}}
{"target": 0.2893614172935486, "params": {"ah_0_e": 16.854780891858788, "ah_0_s": -16.424673895024075, "ah_1_e": 26.421200997118646, "ah_1_m": 39.27715567800591, "ah_1_s": 4.36878900890867, "ah_2_e": -25.625068924602473, "ah_2_m": -75.13557509102984, "ah_2_s": -43.692450400843384, "ba_0_e": -5.343251965955851, "ba_0_s": 9.5617523334024, "ba_1_e": 0.8020295962833618, "ba_1_m": 40.38164644423979, "ba_1_s": 28.34960487318457, "ba_2_e": -10.630188351493816, "ba_2_m": -80.17409533961202, "ba_2_s": -44.34041133284959, "delay": 0.165939740286931, "mi_0_e": 37.0176040359677, "mi_0_s": -27.552637966494753, "mi_1_e": 0.18339431780130477, "mi_1_m": 39.688568910287515, "mi_1_s": 30.076123213416, "mi_2_e": -51.51997850186697, "mi_2_m": -79.47462591337434, "mi_2_s": -43.68492119493158}, "datetime": {"datetime": "2019-09-11 16:53:36", "elapsed": 177.835053, "delta": 8.136135}}
{"target": 0.9288462400436401, "params": {"ah_0_e": 25.247485292622017, "ah_0_s": -27.664610117491655, "ah_1_e": 19.618549668762057, "ah_1_m": 43.43459569634841, "ah_1_s": 12.33503705757431, "ah_2_e": -52.79141836269639, "ah_2_m": -65.85112458026121, "ah_2_s": -47.36604051659616, "ba_0_e": -26.967876421590518, "ba_0_s": 32.08297505354637, "ba_1_e": 14.970806526762669, "ba_1_m": 46.153968182244185, "ba_1_s": 12.373720193379663, "ba_2_e": -20.68466188147906, "ba_2_m": -83.018535252653, "ba_2_s": -25.432097381532557, "delay": 0.1886596054181142, "mi_0_e": 31.056560357720624, "mi_0_s": -12.748884531787038, "mi_1_e": 7.493924788722696, "mi_1_m": 33.978958468541336, "mi_1_s": 4.988141821804563, "mi_2_e": -28.854129960366706, "mi_2_m": -60.798836540748646, "mi_2_s": -15.546018451712031}, "datetime": {"datetime": "2019-09-11 16:53:44", "elapsed": 185.910087, "delta": 8.075034}}
{"target": 0.7959434390068054, "params": {"ah_0_e": 28.609740831719368, "ah_0_s": -4.010055839617621, "ah_1_e": 2.818533449493507, "ah_1_m": 34.63404620971584, "ah_1_s": 7.266898163133503, "ah_2_e": -55.866678154081534, "ah_2_m": -81.3394355440946, "ah_2_s": -37.694230552570716, "ba_0_e": -26.29669054357209, "ba_0_s": 34.21989166711295, "ba_1_e": 15.2357085170332, "ba_1_m": 48.469124302375505, "ba_1_s": 24.71181315175766, "ba_2_e": -33.90156539826417, "ba_2_m": -63.78630311248076, "ba_2_s": -58.80217752338738, "delay": 0.14278669202752747, "mi_0_e": 12.091074382688191, "mi_0_s": -20.091361430612984, "mi_1_e": 14.147066702130154, "mi_1_m": 32.935029615285885, "mi_1_s": 25.526162177639318, "mi_2_e": -19.437253343859297, "mi_2_m": -79.31686932934988, "mi_2_s": -47.715297528814936}, "datetime": {"datetime": "2019-09-11 16:53:52", "elapsed": 193.944586, "delta": 8.034499}}
