{"target": 1.1041269302368164, "params": {"ah_0_e": 31.655301781369978, "ah_0_s": -30.149330466712733, "ah_1_e": 5.1954911555209495, "ah_1_m": 37.81641399637084, "ah_1_s": 6.638147083381379, "ah_2_e": -10.0, "ah_2_m": -60.0, "ah_2_s": -10.0, "ba_0_e": -36.49519300526085, "ba_0_s": 18.55573724397017, "ba_1_e": 0.22678963611034053, "ba_1_m": 47.60374747000104, "ba_1_s": 17.792568221900883, "ba_2_e": -10.0, "ba_2_m": -60.0, "ba_2_s": -10.0, "delay": 0.16053246039509345, "mi_0_e": 7.639173358506406, "mi_0_s": -5.0, "mi_1_e": 8.220678916815906, "mi_1_m": 41.88504809495839, "mi_1_s": 26.99476581738855, "mi_2_e": -10.0, "mi_2_m": -60.0, "mi_2_s": -10.0}, "datetime": {"datetime": "2019-09-11 19:09:41", "elapsed": 1780.486384, "delta": 17.173211}}
{"target": 1.1041269302368164, "params": {"ah_0_e": 31.655301781369978, "ah_0_s": -30.149330466712733, "ah_1_e": 5.1954911555209495, "ah_1_m": 37.81641399637084, "ah_1_s": 6.638147083381379, "ah_2_e": -10.0, "ah_2_m": -60.0, "ah_2_s": -10.0, "ba_0_e": -36.49519300526085, "ba_0_s": 18.55573724397017, "ba_1_e": 0.22678963611034053, "ba_1_m": 47.60374747000104, "ba_1_s": 17.792568221900883, "ba_2_e": -10.0, "ba_2_m": -60.0, "ba_2_s": -10.0, "delay": 0.16053246039509345, "mi_0_e": 7.639173358506406, "mi_0_s": -5.0, "mi_1_e": 8.220678916815906, "mi_1_m": 41.88504809495839, "mi_1_s": 26.99476581738855, "mi_2_e": -10.0, "mi_2_m": -60.0, "mi_2_s": -10.0}, "datetime": {"datetime": "2019-09-11 19:09:49", "elapsed": 1788.157355, "delta": 7.670971}}
{"target": 1.1041269302368164, "params": {"ah_0_e": 31.655301781369978, "ah_0_s": -30.149330466712733, "ah_1_e": 5.1954911555209495, "ah_1_m": 37.81641399637084, "ah_1_s": 6.638147083381379, "ah_2_e": -10.0, "ah_2_m": -60.0, "ah_2_s": -10.0, "ba_0_e": -36.49519300526085, "ba_0_s": 18.55573724397017, "ba_1_e": 0.22678963611034053, "ba_1_m": 47.60374747000104, "ba_1_s": 17.792568221900883, "ba_2_e": -10.0, "ba_2_m": -60.0, "ba_2_s": -10.0, "delay": 0.16053246039509345, "mi_0_e": 7.639173358506406, "mi_0_s": -5.0, "mi_1_e": 8.220678916815906, "mi_1_m": 41.88504809495839, "mi_1_s": 26.99476581738855, "mi_2_e": -10.0, "mi_2_m": -60.0, "mi_2_s": -10.0}, "datetime": {"datetime": "2019-09-11 19:09:56", "elapsed": 1795.006394, "delta": 6.849039}}
{"target": 1.1041269302368164, "params": {"ah_0_e": 31.655301781369978, "ah_0_s": -30.149330466712733, "ah_1_e": 5.1954911555209495, "ah_1_m": 37.81641399637084, "ah_1_s": 6.638147083381379, "ah_2_e": -10.0, "ah_2_m": -60.0, "ah_2_s": -10.0, "ba_0_e": -36.49519300526085, "ba_0_s": 18.55573724397017, "ba_1_e": 0.22678963611034053, "ba_1_m": 47.60374747000104, "ba_1_s": 17.792568221900883, "ba_2_e": -10.0, "ba_2_m": -60.0, "ba_2_s": -10.0, "delay": 0.16053246039509345, "mi_0_e": 7.639173358506406, "mi_0_s": -5.0, "mi_1_e": 8.220678916815906, "mi_1_m": 41.88504809495839, "mi_1_s": 26.99476581738855, "mi_2_e": -10.0, "mi_2_m": -60.0, "mi_2_s": -10.0}, "datetime": {"datetime": "2019-09-11 19:10:06", "elapsed": 1804.822444, "delta": 9.81605}}
{"target": 1.12899649143219, "params": {"ah_0_e": 31.409757517073448, "ah_0_s": -37.16552539255272, "ah_1_e": 11.962683125578682, "ah_1_m": 36.29281072133202, "ah_1_s": 18.131418436234167, "ah_2_e": -10.0, "ah_2_m": -60.0, "ah_2_s": -10.0, "ba_0_e": -15.188133096390004, "ba_0_s": 34.049636770533695, "ba_1_e": 13.457659438004958, "ba_1_m": 49.4751571199713, "ba_1_s": 34.71306077972899, "ba_2_e": -10.0, "ba_2_m": -60.0, "ba_2_s": -10.0, "delay": 0.18527688615491267, "mi_0_e": 20.15188584448468, "mi_0_s": -5.0, "mi_1_e": 1.9068251378600864, "mi_1_m": 39.876315327716554, "mi_1_s": 10.116742717397697, "mi_2_e": -10.0, "mi_2_m": -60.0, "mi_2_s": -10.0}, "datetime": {"datetime": "2019-09-11 19:10:22", "elapsed": 1821.518764, "delta": 16.69632}}
{"target": 1.12899649143219, "params": {"ah_0_e": 31.409757517073448, "ah_0_s": -37.16552539255272, "ah_1_e": 11.962683125578682, "ah_1_m": 36.29281072133202, "ah_1_s": 18.131418436234167, "ah_2_e": -10.0, "ah_2_m": -60.0, "ah_2_s": -10.0, "ba_0_e": -15.188133096390004, "ba_0_s": 34.049636770533695, "ba_1_e": 13.457659438004958, "ba_1_m": 49.4751571199713, "ba_1_s": 34.71306077972899, "ba_2_e": -10.0, "ba_2_m": -60.0, "ba_2_s": -10.0, "delay": 0.18527688615491267, "mi_0_e": 20.15188584448468, "mi_0_s": -5.0, "mi_1_e": 1.9068251378600864, "mi_1_m": 39.876315327716554, "mi_1_s": 10.116742717397697, "mi_2_e": -10.0, "mi_2_m": -60.0, "mi_2_s": -10.0}, "datetime": {"datetime": "2019-09-11 19:10:32", "elapsed": 1830.863411, "delta": 9.344647}}
{"target": 1.12899649143219, "params": {"ah_0_e": 31.409757517073448, "ah_0_s": -37.16552539255272, "ah_1_e": 11.962683125578682, "ah_1_m": 36.29281072133202, "ah_1_s": 18.131418436234167, "ah_2_e": -10.0, "ah_2_m": -60.0, "ah_2_s": -10.0, "ba_0_e": -15.188133096390004, "ba_0_s": 34.049636770533695, "ba_1_e": 13.457659438004958, "ba_1_m": 49.4751571199713, "ba_1_s": 34.71306077972899, "ba_2_e": -10.0, "ba_2_m": -60.0, "ba_2_s": -10.0, "delay": 0.18527688615491267, "mi_0_e": 20.15188584448468, "mi_0_s": -5.0, "mi_1_e": 1.9068251378600864, "mi_1_m": 39.876315327716554, "mi_1_s": 10.116742717397697, "mi_2_e": -10.0, "mi_2_m": -60.0, "mi_2_s": -10.0}, "datetime": {"datetime": "2019-09-11 19:10:40", "elapsed": 1839.343538, "delta": 8.480127}}
{"target": 1.3161698579788208, "params": {"ah_0_e": 30.19395802544025, "ah_0_s": 3.9321102122011453, "ah_1_e": 0.45172337479863767, "ah_1_m": 34.726467564897135, "ah_1_s": 4.596108485517938, "ah_2_e": -10.0, "ah_2_m": -60.0, "ah_2_s": -10.0, "ba_0_e": -33.42657385476372, "ba_0_s": 7.615902818765172, "ba_1_e": 2.330637026217836, "ba_1_m": 47.71857132272058, "ba_1_s": 8.52637168360721, "ba_2_e": -10.0, "ba_2_m": -60.0, "ba_2_s": -10.0, "delay": 0.15241569471794703, "mi_0_e": 29.20933939784952, "mi_0_s": -5.0, "mi_1_e": 7.4958569421041785, "mi_1_m": 45.146388010287794, "mi_1_s": 24.97923339549583, "mi_2_e": -10.0, "mi_2_m": -60.0, "mi_2_s": -10.0}, "datetime": {"datetime": "2019-09-11 19:10:58", "elapsed": 1857.533397, "delta": 18.189859}}
{"target": 1.2913984060287476, "params": {"ah_0_e": 32.607214225055365, "ah_0_s": -37.295393136601554, "ah_1_e": 13.929470763341378, "ah_1_m": 38.651412897479844, "ah_1_s": 6.625447005108944, "ah_2_e": -10.0, "ah_2_m": -60.0, "ah_2_s": -10.0, "ba_0_e": -37.12114387542367, "ba_0_s": 37.2021901368075, "ba_1_e": 0.8399114641323108, "ba_1_m": 43.59970375175271, "ba_1_s": 22.124313182200723, "ba_2_e": -10.0, "ba_2_m": -60.0, "ba_2_s": -10.0, "delay": 0.20541707508666485, "mi_0_e": 21.4773374794978, "mi_0_s": -5.0, "mi_1_e": 11.860272655733837, "mi_1_m": 36.5699144166184, "mi_1_s": 1.3296779992826728, "mi_2_e": -10.0, "mi_2_m": -60.0, "mi_2_s": -10.0}, "datetime": {"datetime": "2019-09-11 19:11:17", "elapsed": 1875.995669, "delta": 18.462272}}
{"target": 0.8204182982444763, "params": {"ah_0_e": 16.31970110014361, "ah_0_s": -34.06634473137557, "ah_1_e": 15.002860225995992, "ah_1_m": 39.0663283739516, "ah_1_s": 18.08311769572866, "ah_2_e": -10.0, "ah_2_m": -60.0, "ah_2_s": -10.0, "ba_0_e": -23.470383183156812, "ba_0_s": 21.60205873848884, "ba_1_e": 0.05899905594242971, "ba_1_m": 48.86969126607822, "ba_1_s": 20.619851683381903, "ba_2_e": -10.0, "ba_2_m": -60.0, "ba_2_s": -10.0, "delay": 0.1545976880475558, "mi_0_e": 6.570318471242517, "mi_0_s": -5.0, "mi_1_e": 13.865720508251371, "mi_1_m": 38.579883185381085, "mi_1_s": 7.239901716100259, "mi_2_e": -10.0, "mi_2_m": -60.0, "mi_2_s": -10.0}, "datetime": {"datetime": "2019-09-11 19:11:33", "elapsed": 1892.611614, "delta": 16.615945}}
{"target": 0.9175866842269897, "params": {"ah_0_e": 21.161770565670572, "ah_0_s": -8.514490165830608, "ah_1_e": 14.509138131569348, "ah_1_m": 41.2433124846066, "ah_1_s": 4.787373926874149, "ah_2_e": -10.0, "ah_2_m": -60.0, "ah_2_s": -10.0, "ba_0_e": -25.15027270765991, "ba_0_s": 35.97006331233318, "ba_1_e": 7.6028428264654195, "ba_1_m": 49.13683181142524, "ba_1_s": 21.76349178353778, "ba_2_e": -10.0, "ba_2_m": -60.0, "ba_2_s": -10.0, "delay": 0.1673675413771913, "mi_0_e": 6.564201387677331, "mi_0_s": -5.0, "mi_1_e": 3.4246160805240136, "mi_1_m": 43.30886263827405, "mi_1_s": 6.513248482532299, "mi_2_e": -10.0, "mi_2_m": -60.0, "mi_2_s": -10.0}, "datetime": {"datetime": "2019-09-11 19:11:51", "elapsed": 1909.902137, "delta": 17.290523}}
{"target": 0.9175866842269897, "params": {"ah_0_e": 21.161770565670572, "ah_0_s": -8.514490165830608, "ah_1_e": 14.509138131569348, "ah_1_m": 41.2433124846066, "ah_1_s": 4.787373926874149, "ah_2_e": -10.0, "ah_2_m": -60.0, "ah_2_s": -10.0, "ba_0_e": -25.15027270765991, "ba_0_s": 35.97006331233318, "ba_1_e": 7.6028428264654195, "ba_1_m": 49.13683181142524, "ba_1_s": 21.76349178353778, "ba_2_e": -10.0, "ba_2_m": -60.0, "ba_2_s": -10.0, "delay": 0.1673675413771913, "mi_0_e": 6.564201387677331, "mi_0_s": -5.0, "mi_1_e": 3.4246160805240136, "mi_1_m": 43.30886263827405, "mi_1_s": 6.513248482532299, "mi_2_e": -10.0, "mi_2_m": -60.0, "mi_2_s": -10.0}, "datetime": {"datetime": "2019-09-11 19:12:01", "elapsed": 1919.790311, "delta": 9.888174}}
{"target": 0.9175866842269897, "params": {"ah_0_e": 21.161770565670572, "ah_0_s": -8.514490165830608, "ah_1_e": 14.509138131569348, "ah_1_m": 41.2433124846066, "ah_1_s": 4.787373926874149, "ah_2_e": -10.0, "ah_2_m": -60.0, "ah_2_s": -10.0, "ba_0_e": -25.15027270765991, "ba_0_s": 35.97006331233318, "ba_1_e": 7.6028428264654195, "ba_1_m": 49.13683181142524, "ba_1_s": 21.76349178353778, "ba_2_e": -10.0, "ba_2_m": -60.0, "ba_2_s": -10.0, "delay": 0.1673675413771913, "mi_0_e": 6.564201387677331, "mi_0_s": -5.0, "mi_1_e": 3.4246160805240136, "mi_1_m": 43.30886263827405, "mi_1_s": 6.513248482532299, "mi_2_e": -10.0, "mi_2_m": -60.0, "mi_2_s": -10.0}, "datetime": {"datetime": "2019-09-11 19:12:10", "elapsed": 1929.140362, "delta": 9.350051}}
{"target": 0.6278501152992249, "params": {"ah_0_e": 33.93443636584902, "ah_0_s": -33.89256865228471, "ah_1_e": 2.9609937083117934, "ah_1_m": 38.48946762619761, "ah_1_s": 16.113759619211645, "ah_2_e": -10.0, "ah_2_m": -60.0, "ah_2_s": -10.0, "ba_0_e": -24.717348686954228, "ba_0_s": 18.676435302394964, "ba_1_e": 1.8148382960109144, "ba_1_m": 47.29920952919272, "ba_1_s": 29.054837777701547, "ba_2_e": -10.0, "ba_2_m": -60.0, "ba_2_s": -10.0, "delay": 0.14457206689407717, "mi_0_e": 11.986734500589677, "mi_0_s": -5.0, "mi_1_e": 31.401980169843142, "mi_1_m": 43.5923246710812, "mi_1_s": 4.989232977801592, "mi_2_e": -10.0, "mi_2_m": -60.0, "mi_2_s": -10.0}, "datetime": {"datetime": "2019-09-11 19:12:28", "elapsed": 1947.321724, "delta": 18.181362}}
{"target": 0.6278501152992249, "params": {"ah_0_e": 33.93443636584902, "ah_0_s": -33.89256865228471, "ah_1_e": 2.9609937083117934, "ah_1_m": 38.48946762619761, "ah_1_s": 16.113759619211645, "ah_2_e": -10.0, "ah_2_m": -60.0, "ah_2_s": -10.0, "ba_0_e": -24.717348686954228, "ba_0_s": 18.676435302394964, "ba_1_e": 1.8148382960109144, "ba_1_m": 47.29920952919272, "ba_1_s": 29.054837777701547, "ba_2_e": -10.0, "ba_2_m": -60.0, "ba_2_s": -10.0, "delay": 0.14457206689407717, "mi_0_e": 11.986734500589677, "mi_0_s": -5.0, "mi_1_e": 31.401980169843142, "mi_1_m": 43.5923246710812, "mi_1_s": 4.989232977801592, "mi_2_e": -10.0, "mi_2_m": -60.0, "mi_2_s": -10.0}, "datetime": {"datetime": "2019-09-11 19:12:37", "elapsed": 1956.28673, "delta": 8.965006}}
{"target": 1.1765159368515015, "params": {"ah_0_e": 20.890185698419806, "ah_0_s": -8.044109451502269, "ah_1_e": 0.33499752367131375, "ah_1_m": 32.02785711844721, "ah_1_s": 2.142237116611452, "ah_2_e": -10.0, "ah_2_m": -60.0, "ah_2_s": -10.0, "ba_0_e": -10.00444147918028, "ba_0_s": 5.083785339076636, "ba_1_e": 2.9120333056461982, "ba_1_m": 44.77922342697841, "ba_1_s": 34.96998092368904, "ba_2_e": -10.0, "ba_2_m": -60.0, "ba_2_s": -10.0, "delay": 0.17900931063501446, "mi_0_e": 17.764610137324027, "mi_0_s": -5.0, "mi_1_e": 19.11079886157088, "mi_1_m": 41.507142823120844, "mi_1_s": 0.4657427584191398, "mi_2_e": -10.0, "mi_2_m": -60.0, "mi_2_s": -10.0}, "datetime": {"datetime": "2019-09-11 19:12:55", "elapsed": 1973.882744, "delta": 17.596014}}
{"target": 1.1765159368515015, "params": {"ah_0_e": 20.890185698419806, "ah_0_s": -8.044109451502269, "ah_1_e": 0.33499752367131375, "ah_1_m": 32.02785711844721, "ah_1_s": 2.142237116611452, "ah_2_e": -10.0, "ah_2_m": -60.0, "ah_2_s": -10.0, "ba_0_e": -10.00444147918028, "ba_0_s": 5.083785339076636, "ba_1_e": 2.9120333056461982, "ba_1_m": 44.77922342697841, "ba_1_s": 34.96998092368904, "ba_2_e": -10.0, "ba_2_m": -60.0, "ba_2_s": -10.0, "delay": 0.17900931063501446, "mi_0_e": 17.764610137324027, "mi_0_s": -5.0, "mi_1_e": 19.11079886157088, "mi_1_m": 41.507142823120844, "mi_1_s": 0.4657427584191398, "mi_2_e": -10.0, "mi_2_m": -60.0, "mi_2_s": -10.0}, "datetime": {"datetime": "2019-09-11 19:13:02", "elapsed": 1981.738779, "delta": 7.856035}}
{"target": 0.7758947610855103, "params": {"ah_0_e": 15.436012727131127, "ah_0_s": -2.3002684308329364, "ah_1_e": 27.32702361610414, "ah_1_m": 34.45858156925008, "ah_1_s": 30.38799578068322, "ah_2_e": -10.0, "ah_2_m": -60.0, "ah_2_s": -10.0, "ba_0_e": -26.636893716607673, "ba_0_s": 26.767830140314455, "ba_1_e": 1.2321394279733116, "ba_1_m": 48.78098528835483, "ba_1_s": 24.701149300169103, "ba_2_e": -10.0, "ba_2_m": -60.0, "ba_2_s": -10.0, "delay": 0.17206081748369162, "mi_0_e": 12.94685267356639, "mi_0_s": -5.0, "mi_1_e": 13.283312107235462, "mi_1_m": 34.506467588211535, "mi_1_s": 32.19153193978207, "mi_2_e": -10.0, "mi_2_m": -60.0, "mi_2_s": -10.0}, "datetime": {"datetime": "2019-09-11 19:13:21", "elapsed": 2000.236578, "delta": 18.497799}}
{"target": 1.1219310760498047, "params": {"ah_0_e": 34.37259787161819, "ah_0_s": -13.205349640012589, "ah_1_e": 7.920255508381965, "ah_1_m": 40.828660895084084, "ah_1_s": 2.0798493126106794, "ah_2_e": -10.0, "ah_2_m": -60.0, "ah_2_s": -10.0, "ba_0_e": -19.98080299906203, "ba_0_s": 17.736742050706535, "ba_1_e": 4.412512927833791, "ba_1_m": 41.61739987760964, "ba_1_s": 25.402775178707845, "ba_2_e": -10.0, "ba_2_m": -60.0, "ba_2_s": -10.0, "delay": 0.16424903491236031, "mi_0_e": 5.750279332912851, "mi_0_s": -5.0, "mi_1_e": 6.054476105699758, "mi_1_m": 41.501285855408625, "mi_1_s": 3.837544315090134, "mi_2_e": -10.0, "mi_2_m": -60.0, "mi_2_s": -10.0}, "datetime": {"datetime": "2019-09-11 19:13:38", "elapsed": 2016.850827, "delta": 16.614249}}
{"target": 0.5758408308029175, "params": {"ah_0_e": 36.08691523868326, "ah_0_s": -33.854618434263664, "ah_1_e": 2.27302158644155, "ah_1_m": 42.62111035450619, "ah_1_s": 25.989876332605718, "ah_2_e": -10.0, "ah_2_m": -60.0, "ah_2_s": -10.0, "ba_0_e": -23.739255788388157, "ba_0_s": 12.074219516145344, "ba_1_e": 4.023307857602941, "ba_1_m": 35.77769135797398, "ba_1_s": 34.487465819409884, "ba_2_e": -10.0, "ba_2_m": -60.0, "ba_2_s": -10.0, "delay": 0.16260010132560593, "mi_0_e": 10.606972508073586, "mi_0_s": -5.0, "mi_1_e": 0.11296843668920087, "mi_1_m": 47.41325745180271, "mi_1_s": 0.4253995255434495, "mi_2_e": -10.0, "mi_2_m": -60.0, "mi_2_s": -10.0}, "datetime": {"datetime": "2019-09-11 19:13:54", "elapsed": 2032.982283, "delta": 16.131456}}
{"target": 0.5758408308029175, "params": {"ah_0_e": 36.08691523868326, "ah_0_s": -33.854618434263664, "ah_1_e": 2.27302158644155, "ah_1_m": 42.62111035450619, "ah_1_s": 25.989876332605718, "ah_2_e": -10.0, "ah_2_m": -60.0, "ah_2_s": -10.0, "ba_0_e": -23.739255788388157, "ba_0_s": 12.074219516145344, "ba_1_e": 4.023307857602941, "ba_1_m": 35.77769135797398, "ba_1_s": 34.487465819409884, "ba_2_e": -10.0, "ba_2_m": -60.0, "ba_2_s": -10.0, "delay": 0.16260010132560593, "mi_0_e": 10.606972508073586, "mi_0_s": -5.0, "mi_1_e": 0.11296843668920087, "mi_1_m": 47.41325745180271, "mi_1_s": 0.4253995255434495, "mi_2_e": -10.0, "mi_2_m": -60.0, "mi_2_s": -10.0}, "datetime": {"datetime": "2019-09-11 19:14:01", "elapsed": 2040.635463, "delta": 7.65318}}
{"target": 0.7798575162887573, "params": {"ah_0_e": 27.90406621185199, "ah_0_s": -16.013506345094317, "ah_1_e": 26.410898369355497, "ah_1_m": 34.27571113138424, "ah_1_s": 2.6039037778608205, "ah_2_e": -10.0, "ah_2_m": -60.0, "ah_2_s": -10.0, "ba_0_e": -20.850396379199942, "ba_0_s": 9.613634059306394, "ba_1_e": 12.198162214188848, "ba_1_m": 49.21434791384174, "ba_1_s": 29.970715150594817, "ba_2_e": -10.0, "ba_2_m": -60.0, "ba_2_s": -10.0, "delay": 0.20640943723241328, "mi_0_e": 33.39429331099527, "mi_0_s": -5.0, "mi_1_e": 3.109302285699459, "mi_1_m": 44.080180001579706, "mi_1_s": 4.350967824772377, "mi_2_e": -10.0, "mi_2_m": -60.0, "mi_2_s": -10.0}, "datetime": {"datetime": "2019-09-11 19:14:18", "elapsed": 2057.702896, "delta": 17.067433}}
{"target": 1.0574809312820435, "params": {"ah_0_e": 23.727257970226805, "ah_0_s": -27.300520473508396, "ah_1_e": 7.226859982635619, "ah_1_m": 33.864538866411124, "ah_1_s": 22.170051155669782, "ah_2_e": -10.0, "ah_2_m": -60.0, "ah_2_s": -10.0, "ba_0_e": -32.307625677384095, "ba_0_s": 18.475934907241562, "ba_1_e": 22.15716984063782, "ba_1_m": 48.09992069295299, "ba_1_s": 27.762979924743522, "ba_2_e": -10.0, "ba_2_m": -60.0, "ba_2_s": -10.0, "delay": 0.18535682615251084, "mi_0_e": 9.571173486722758, "mi_0_s": -5.0, "mi_1_e": 2.7325403614230446, "mi_1_m": 40.72668811153583, "mi_1_s": 18.957708565236654, "mi_2_e": -10.0, "mi_2_m": -60.0, "mi_2_s": -10.0}, "datetime": {"datetime": "2019-09-11 19:14:34", "elapsed": 2073.263046, "delta": 15.56015}}
{"target": 1.0574809312820435, "params": {"ah_0_e": 23.727257970226805, "ah_0_s": -27.300520473508396, "ah_1_e": 7.226859982635619, "ah_1_m": 33.864538866411124, "ah_1_s": 22.170051155669782, "ah_2_e": -10.0, "ah_2_m": -60.0, "ah_2_s": -10.0, "ba_0_e": -32.307625677384095, "ba_0_s": 18.475934907241562, "ba_1_e": 22.15716984063782, "ba_1_m": 48.09992069295299, "ba_1_s": 27.762979924743522, "ba_2_e": -10.0, "ba_2_m": -60.0, "ba_2_s": -10.0, "delay": 0.18535682615251084, "mi_0_e": 9.571173486722758, "mi_0_s": -5.0, "mi_1_e": 2.7325403614230446, "mi_1_m": 40.72668811153583, "mi_1_s": 18.957708565236654, "mi_2_e": -10.0, "mi_2_m": -60.0, "mi_2_s": -10.0}, "datetime": {"datetime": "2019-09-11 19:14:44", "elapsed": 2083.460373, "delta": 10.197327}}
{"target": 0.9130990505218506, "params": {"ah_0_e": 22.82801602441962, "ah_0_s": -17.302048481210107, "ah_1_e": 24.479228001708172, "ah_1_m": 31.95273742463784, "ah_1_s": 21.49953512403454, "ah_2_e": -10.0, "ah_2_m": -60.0, "ah_2_s": -10.0, "ba_0_e": 3.4518329160683336, "ba_0_s": 35.27395902277083, "ba_1_e": 12.472832253004759, "ba_1_m": 42.94609078697547, "ba_1_s": 31.086929782046187, "ba_2_e": -10.0, "ba_2_m": -60.0, "ba_2_s": -10.0, "delay": 0.17490933163930544, "mi_0_e": 7.400500717670317, "mi_0_s": -5.0, "mi_1_e": 19.055298190754787, "mi_1_m": 41.209517742104204, "mi_1_s": 31.096852527340506, "mi_2_e": -10.0, "mi_2_m": -60.0, "mi_2_s": -10.0}, "datetime": {"datetime": "2019-09-11 19:15:00", "elapsed": 2099.624278, "delta": 16.163905}}
{"target": 0.9130990505218506, "params": {"ah_0_e": 22.82801602441962, "ah_0_s": -17.302048481210107, "ah_1_e": 24.479228001708172, "ah_1_m": 31.95273742463784, "ah_1_s": 21.49953512403454, "ah_2_e": -10.0, "ah_2_m": -60.0, "ah_2_s": -10.0, "ba_0_e": 3.4518329160683336, "ba_0_s": 35.27395902277083, "ba_1_e": 12.472832253004759, "ba_1_m": 42.94609078697547, "ba_1_s": 31.086929782046187, "ba_2_e": -10.0, "ba_2_m": -60.0, "ba_2_s": -10.0, "delay": 0.17490933163930544, "mi_0_e": 7.400500717670317, "mi_0_s": -5.0, "mi_1_e": 19.055298190754787, "mi_1_m": 41.209517742104204, "mi_1_s": 31.096852527340506, "mi_2_e": -10.0, "mi_2_m": -60.0, "mi_2_s": -10.0}, "datetime": {"datetime": "2019-09-11 19:15:11", "elapsed": 2110.410318, "delta": 10.78604}}
{"target": 0.9130990505218506, "params": {"ah_0_e": 22.82801602441962, "ah_0_s": -17.302048481210107, "ah_1_e": 24.479228001708172, "ah_1_m": 31.95273742463784, "ah_1_s": 21.49953512403454, "ah_2_e": -10.0, "ah_2_m": -60.0, "ah_2_s": -10.0, "ba_0_e": 3.4518329160683336, "ba_0_s": 35.27395902277083, "ba_1_e": 12.472832253004759, "ba_1_m": 42.94609078697547, "ba_1_s": 31.086929782046187, "ba_2_e": -10.0, "ba_2_m": -60.0, "ba_2_s": -10.0, "delay": 0.17490933163930544, "mi_0_e": 7.400500717670317, "mi_0_s": -5.0, "mi_1_e": 19.055298190754787, "mi_1_m": 41.209517742104204, "mi_1_s": 31.096852527340506, "mi_2_e": -10.0, "mi_2_m": -60.0, "mi_2_s": -10.0}, "datetime": {"datetime": "2019-09-11 19:15:22", "elapsed": 2120.976279, "delta": 10.565961}}
{"target": 0.9130990505218506, "params": {"ah_0_e": 22.82801602441962, "ah_0_s": -17.302048481210107, "ah_1_e": 24.479228001708172, "ah_1_m": 31.95273742463784, "ah_1_s": 21.49953512403454, "ah_2_e": -10.0, "ah_2_m": -60.0, "ah_2_s": -10.0, "ba_0_e": 3.4518329160683336, "ba_0_s": 35.27395902277083, "ba_1_e": 12.472832253004759, "ba_1_m": 42.94609078697547, "ba_1_s": 31.086929782046187, "ba_2_e": -10.0, "ba_2_m": -60.0, "ba_2_s": -10.0, "delay": 0.17490933163930544, "mi_0_e": 7.400500717670317, "mi_0_s": -5.0, "mi_1_e": 19.055298190754787, "mi_1_m": 41.209517742104204, "mi_1_s": 31.096852527340506, "mi_2_e": -10.0, "mi_2_m": -60.0, "mi_2_s": -10.0}, "datetime": {"datetime": "2019-09-11 19:15:28", "elapsed": 2127.541315, "delta": 6.565036}}
{"target": 0.9130990505218506, "params": {"ah_0_e": 22.82801602441962, "ah_0_s": -17.302048481210107, "ah_1_e": 24.479228001708172, "ah_1_m": 31.95273742463784, "ah_1_s": 21.49953512403454, "ah_2_e": -10.0, "ah_2_m": -60.0, "ah_2_s": -10.0, "ba_0_e": 3.4518329160683336, "ba_0_s": 35.27395902277083, "ba_1_e": 12.472832253004759, "ba_1_m": 42.94609078697547, "ba_1_s": 31.086929782046187, "ba_2_e": -10.0, "ba_2_m": -60.0, "ba_2_s": -10.0, "delay": 0.17490933163930544, "mi_0_e": 7.400500717670317, "mi_0_s": -5.0, "mi_1_e": 19.055298190754787, "mi_1_m": 41.209517742104204, "mi_1_s": 31.096852527340506, "mi_2_e": -10.0, "mi_2_m": -60.0, "mi_2_s": -10.0}, "datetime": {"datetime": "2019-09-11 19:15:37", "elapsed": 2136.588428, "delta": 9.047113}}
