{"target": 1.2557212114334106, "params": {"ah_0_e": 35.80160597973469, "ah_0_s": -20.437953364952932, "ah_1_e": 2.875474559815655, "ah_1_m": 32.541080110100786, "ah_1_s": 29.716834557824118, "ah_2_e": -10.0, "ah_2_m": -60.0, "ah_2_s": -10.0, "ba_0_e": -38.87728275083943, "ba_0_s": 5.721787632692432, "ba_1_e": 2.129673939880306, "ba_1_m": 45.61133224760762, "ba_1_s": 23.738792407879416, "ba_2_e": -10.0, "ba_2_m": -60.0, "ba_2_s": -10.0, "delay": 0.1931782508469546, "mi_0_e": 13.204776568528299, "mi_0_s": -5.0, "mi_1_e": 10.166232250408738, "mi_1_m": 48.10660417990893, "mi_1_s": 22.317386994168494, "mi_2_e": -10.0, "mi_2_m": -60.0, "mi_2_s": -10.0}, "datetime": {"datetime": "2019-09-11 18:08:02", "elapsed": 4644.401832, "delta": 13.783981}}
{"target": 0.36248838901519775, "params": {"ah_0_e": 25.885007537177053, "ah_0_s": -12.048158731977352, "ah_1_e": 31.742323114066778, "ah_1_m": 38.478461252343365, "ah_1_s": 2.768461761846926, "ah_2_e": -10.0, "ah_2_m": -60.0, "ah_2_s": -10.0, "ba_0_e": -10.46668341141254, "ba_0_s": 27.663796149046576, "ba_1_e": 5.024847598269831, "ba_1_m": 49.57224983714217, "ba_1_s": 28.187228826403945, "ba_2_e": -10.0, "ba_2_m": -60.0, "ba_2_s": -10.0, "delay": 0.1630705214309565, "mi_0_e": 13.316517226846816, "mi_0_s": -5.0, "mi_1_e": 10.899828937452657, "mi_1_m": 47.783420029866576, "mi_1_s": 25.51812674436319, "mi_2_e": -10.0, "mi_2_m": -60.0, "mi_2_s": -10.0}, "datetime": {"datetime": "2019-09-11 18:08:16", "elapsed": 4657.811306, "delta": 13.409474}}
{"target": 0.611366868019104, "params": {"ah_0_e": 24.96559355903161, "ah_0_s": -31.445833562419857, "ah_1_e": 14.737445417215396, "ah_1_m": 44.13684883042336, "ah_1_s": 22.56173450161848, "ah_2_e": -10.0, "ah_2_m": -60.0, "ah_2_s": -10.0, "ba_0_e": -0.332012637576085, "ba_0_s": 15.405777453678237, "ba_1_e": 3.358565281468433, "ba_1_m": 49.255406883968, "ba_1_s": 30.20640393291092, "ba_2_e": -10.0, "ba_2_m": -60.0, "ba_2_s": -10.0, "delay": 0.18951102979210493, "mi_0_e": 5.581865854955007, "mi_0_s": -5.0, "mi_1_e": 29.31664167203359, "mi_1_m": 42.250526184198876, "mi_1_s": 11.662362933306632, "mi_2_e": -10.0, "mi_2_m": -60.0, "mi_2_s": -10.0}, "datetime": {"datetime": "2019-09-11 18:08:30", "elapsed": 4671.973662, "delta": 14.162356}}
{"target": 1.2232478857040405, "params": {"ah_0_e": 22.67056024106141, "ah_0_s": -9.391395054041968, "ah_1_e": 4.165894569008066, "ah_1_m": 34.39693552418579, "ah_1_s": 18.992811476606434, "ah_2_e": -10.0, "ah_2_m": -60.0, "ah_2_s": -10.0, "ba_0_e": -26.353062007127505, "ba_0_s": 13.005228665857528, "ba_1_e": 1.3159333065907453, "ba_1_m": 44.713757723646886, "ba_1_s": 28.39913943672635, "ba_2_e": -10.0, "ba_2_m": -60.0, "ba_2_s": -10.0, "delay": 0.16197053109404208, "mi_0_e": 7.512762834801979, "mi_0_s": -5.0, "mi_1_e": 5.011649421284687, "mi_1_m": 34.68559413695459, "mi_1_s": 1.6028147720921126, "mi_2_e": -10.0, "mi_2_m": -60.0, "mi_2_s": -10.0}, "datetime": {"datetime": "2019-09-11 18:08:44", "elapsed": 4685.835894, "delta": 13.862232}}
{"target": 1.4867451190948486, "params": {"ah_0_e": 35.910173743554495, "ah_0_s": -39.17403332995206, "ah_1_e": 0.1379652950621546, "ah_1_m": 35.80188489335085, "ah_1_s": 26.71361986428294, "ah_2_e": -10.0, "ah_2_m": -60.0, "ah_2_s": -10.0, "ba_0_e": -39.25935083310579, "ba_0_s": 19.485207927479074, "ba_1_e": 3.98066433554546, "ba_1_m": 45.790732426331346, "ba_1_s": 34.076725403249334, "ba_2_e": -10.0, "ba_2_m": -60.0, "ba_2_s": -10.0, "delay": 0.20014614130903918, "mi_0_e": 21.965623777575924, "mi_0_s": -5.0, "mi_1_e": 1.020349769447788, "mi_1_m": 38.45463775877961, "mi_1_s": 6.540350484928733, "mi_2_e": -10.0, "mi_2_m": -60.0, "mi_2_s": -10.0}, "datetime": {"datetime": "2019-09-11 18:08:57", "elapsed": 4699.011853, "delta": 13.175959}}
{"target": 0.9126355051994324, "params": {"ah_0_e": 34.40688004848168, "ah_0_s": -10.165106206816166, "ah_1_e": 18.663853061221072, "ah_1_m": 43.4808999998463, "ah_1_s": 1.0613949721358629, "ah_2_e": -10.0, "ah_2_m": -60.0, "ah_2_s": -10.0, "ba_0_e": -11.961244896995034, "ba_0_s": 26.768318072995353, "ba_1_e": 27.894170176448156, "ba_1_m": 48.60016447576102, "ba_1_s": 30.66087904941347, "ba_2_e": -10.0, "ba_2_m": -60.0, "ba_2_s": -10.0, "delay": 0.17851928018313815, "mi_0_e": 7.720631670286511, "mi_0_s": -5.0, "mi_1_e": 9.322481366944547, "mi_1_m": 44.42901439448452, "mi_1_s": 19.712914719315798, "mi_2_e": -10.0, "mi_2_m": -60.0, "mi_2_s": -10.0}, "datetime": {"datetime": "2019-09-11 18:09:11", "elapsed": 4712.689907, "delta": 13.678054}}
{"target": 0.3603706657886505, "params": {"ah_0_e": 17.185006855150366, "ah_0_s": -29.63221605803868, "ah_1_e": 2.0108508946708166, "ah_1_m": 43.79679239426394, "ah_1_s": 18.48747044591887, "ah_2_e": -10.0, "ah_2_m": -60.0, "ah_2_s": -10.0, "ba_0_e": -36.14281656964943, "ba_0_s": 12.806473683440494, "ba_1_e": 16.01984386157366, "ba_1_m": 44.66382883797139, "ba_1_s": 27.86952680309731, "ba_2_e": -10.0, "ba_2_m": -60.0, "ba_2_s": -10.0, "delay": 0.15599343415692574, "mi_0_e": 13.472108258152865, "mi_0_s": -5.0, "mi_1_e": 1.3587750911955694, "mi_1_m": 30.500204353097665, "mi_1_s": 15.485097533096532, "mi_2_e": -10.0, "mi_2_m": -60.0, "mi_2_s": -10.0}, "datetime": {"datetime": "2019-09-11 18:09:24", "elapsed": 4726.192634, "delta": 13.502727}}
{"target": 1.6203258037567139, "params": {"ah_0_e": 37.23307151629222, "ah_0_s": 1.6374461213683134, "ah_1_e": 11.867239360465035, "ah_1_m": 32.86267030064031, "ah_1_s": 7.539102744384934, "ah_2_e": -10.0, "ah_2_m": -60.0, "ah_2_s": -10.0, "ba_0_e": -18.406371718249055, "ba_0_s": 20.272459708747107, "ba_1_e": 15.072831109899465, "ba_1_m": 48.92876957342383, "ba_1_s": 31.063597384029492, "ba_2_e": -10.0, "ba_2_m": -60.0, "ba_2_s": -10.0, "delay": 0.13446314540512555, "mi_0_e": 10.291740444109653, "mi_0_s": -5.0, "mi_1_e": 7.1954128700426505, "mi_1_m": 40.986936943097646, "mi_1_s": 32.870100523025684, "mi_2_e": -10.0, "mi_2_m": -60.0, "mi_2_s": -10.0}, "datetime": {"datetime": "2019-09-11 18:09:37", "elapsed": 4739.550879, "delta": 13.358245}}
{"target": 1.5303212404251099, "params": {"ah_0_e": 29.13655292094314, "ah_0_s": -4.116232662693385, "ah_1_e": 10.341945742643247, "ah_1_m": 30.90153823254403, "ah_1_s": 23.19076947292507, "ah_2_e": -10.0, "ah_2_m": -60.0, "ah_2_s": -10.0, "ba_0_e": -21.450231697109842, "ba_0_s": 8.690434694626292, "ba_1_e": 0.8420377474916885, "ba_1_m": 49.51712042493496, "ba_1_s": 28.56729138541811, "ba_2_e": -10.0, "ba_2_m": -60.0, "ba_2_s": -10.0, "delay": 0.13631918662092213, "mi_0_e": 12.415251526597071, "mi_0_s": -5.0, "mi_1_e": 4.364580820086009, "mi_1_m": 31.600513970284265, "mi_1_s": 31.01460288743592, "mi_2_e": -10.0, "mi_2_m": -60.0, "mi_2_s": -10.0}, "datetime": {"datetime": "2019-09-11 18:09:51", "elapsed": 4752.952286, "delta": 13.401407}}
{"target": 1.0826255083084106, "params": {"ah_0_e": 24.5994750028719, "ah_0_s": -25.931912606607007, "ah_1_e": 2.907560922267554, "ah_1_m": 31.391954028980045, "ah_1_s": 28.17221961256235, "ah_2_e": -10.0, "ah_2_m": -60.0, "ah_2_s": -10.0, "ba_0_e": -29.910704861645364, "ba_0_s": 26.979695167291922, "ba_1_e": 0.7426944218192211, "ba_1_m": 49.816350247989604, "ba_1_s": 34.162942059871696, "ba_2_e": -10.0, "ba_2_m": -60.0, "ba_2_s": -10.0, "delay": 0.15659233766705458, "mi_0_e": 13.353753208837755, "mi_0_s": -5.0, "mi_1_e": 14.942693034674926, "mi_1_m": 44.905768007692416, "mi_1_s": 3.2740562286590986, "mi_2_e": -10.0, "mi_2_m": -60.0, "mi_2_s": -10.0}, "datetime": {"datetime": "2019-09-11 18:10:06", "elapsed": 4767.743475, "delta": 14.791189}}
{"target": 1.4014949798583984, "params": {"ah_0_e": 34.368093640317184, "ah_0_s": -1.8771880382267057, "ah_1_e": 7.339277326096701, "ah_1_m": 42.79845703469954, "ah_1_s": 20.03851083747606, "ah_2_e": -10.0, "ah_2_m": -60.0, "ah_2_s": -10.0, "ba_0_e": -34.63475131945073, "ba_0_s": 26.686631187016943, "ba_1_e": 4.5930095463206575, "ba_1_m": 46.43606534439485, "ba_1_s": 33.46971593044811, "ba_2_e": -10.0, "ba_2_m": -60.0, "ba_2_s": -10.0, "delay": 0.16391379689873248, "mi_0_e": 6.165499071184229, "mi_0_s": -5.0, "mi_1_e": 11.459867993994767, "mi_1_m": 31.931293840508257, "mi_1_s": 30.20598575636753, "mi_2_e": -10.0, "mi_2_m": -60.0, "mi_2_s": -10.0}, "datetime": {"datetime": "2019-09-11 18:10:19", "elapsed": 4781.287115, "delta": 13.54364}}
{"target": 0.9251064658164978, "params": {"ah_0_e": 20.256397135154337, "ah_0_s": -3.9146848193881567, "ah_1_e": 6.768979901440384, "ah_1_m": 38.292108490775995, "ah_1_s": 24.563343475261206, "ah_2_e": -10.0, "ah_2_m": -60.0, "ah_2_s": -10.0, "ba_0_e": -20.93395195820902, "ba_0_s": 28.67305033779011, "ba_1_e": 7.270033065274161, "ba_1_m": 45.55161649463245, "ba_1_s": 29.641871245951695, "ba_2_e": -10.0, "ba_2_m": -60.0, "ba_2_s": -10.0, "delay": 0.20458853555082587, "mi_0_e": 5.32501108428309, "mi_0_s": -5.0, "mi_1_e": 2.8241060790363663, "mi_1_m": 45.31190500570155, "mi_1_s": 16.376270181878517, "mi_2_e": -10.0, "mi_2_m": -60.0, "mi_2_s": -10.0}, "datetime": {"datetime": "2019-09-11 18:10:32", "elapsed": 4794.340017, "delta": 13.052902}}
{"target": -0.12519016861915588, "params": {"ah_0_e": 37.60496106328179, "ah_0_s": -34.08788181515345, "ah_1_e": 28.292008718261965, "ah_1_m": 41.181044116627774, "ah_1_s": 26.092342269703494, "ah_2_e": -10.0, "ah_2_m": -60.0, "ah_2_s": -10.0, "ba_0_e": -35.00341578811852, "ba_0_s": 13.486503854864958, "ba_1_e": 26.15417947595608, "ba_1_m": 31.276186289286134, "ba_1_s": 24.01209520197944, "ba_2_e": -10.0, "ba_2_m": -60.0, "ba_2_s": -10.0, "delay": 0.19834772667020872, "mi_0_e": 23.43979265507277, "mi_0_s": -5.0, "mi_1_e": 0.009248754822248628, "mi_1_m": 39.61898353216945, "mi_1_s": 25.2091574902122, "mi_2_e": -10.0, "mi_2_m": -60.0, "mi_2_s": -10.0}, "datetime": {"datetime": "2019-09-11 18:10:45", "elapsed": 4807.173623, "delta": 12.833606}}
{"target": 0.5752034783363342, "params": {"ah_0_e": 34.31497363149634, "ah_0_s": -20.745091913494065, "ah_1_e": 25.719377221197984, "ah_1_m": 40.33307069915541, "ah_1_s": 4.435237927753933, "ah_2_e": -10.0, "ah_2_m": -60.0, "ah_2_s": -10.0, "ba_0_e": -7.171118359399117, "ba_0_s": 37.23484091737206, "ba_1_e": 1.0560368668195546, "ba_1_m": 49.48662818146451, "ba_1_s": 32.32291343299503, "ba_2_e": -10.0, "ba_2_m": -60.0, "ba_2_s": -10.0, "delay": 0.20218540462272935, "mi_0_e": 13.86185297953111, "mi_0_s": -5.0, "mi_1_e": 7.324506496999198, "mi_1_m": 38.35250220007056, "mi_1_s": 12.622728749691394, "mi_2_e": -10.0, "mi_2_m": -60.0, "mi_2_s": -10.0}, "datetime": {"datetime": "2019-09-11 18:10:59", "elapsed": 4821.460372, "delta": 14.286749}}
{"target": 0.3728039860725403, "params": {"ah_0_e": 38.00264477021972, "ah_0_s": 2.2166384183229084, "ah_1_e": 29.576248383327446, "ah_1_m": 35.57806211024121, "ah_1_s": 24.45450762686331, "ah_2_e": -10.0, "ah_2_m": -60.0, "ah_2_s": -10.0, "ba_0_e": -28.1405465634371, "ba_0_s": 23.73073299127125, "ba_1_e": 2.1627229936398407, "ba_1_m": 48.189613245115176, "ba_1_s": 21.0767941978116, "ba_2_e": -10.0, "ba_2_m": -60.0, "ba_2_s": -10.0, "delay": 0.18284289161809203, "mi_0_e": 10.24381058949573, "mi_0_s": -5.0, "mi_1_e": 5.622416067857397, "mi_1_m": 47.668959234486486, "mi_1_s": 26.547280610257413, "mi_2_e": -10.0, "mi_2_m": -60.0, "mi_2_s": -10.0}, "datetime": {"datetime": "2019-09-11 18:11:14", "elapsed": 4835.954583, "delta": 14.494211}}
{"target": 0.9720277190208435, "params": {"ah_0_e": 32.212834097707116, "ah_0_s": -9.762516696824672, "ah_1_e": 3.718885888517352, "ah_1_m": 43.60593275572626, "ah_1_s": 8.360981839905554, "ah_2_e": -10.0, "ah_2_m": -60.0, "ah_2_s": -10.0, "ba_0_e": -21.942573641286288, "ba_0_s": 28.081386069815885, "ba_1_e": 1.8755923617971466, "ba_1_m": 45.633597049934544, "ba_1_s": 25.83260569883892, "ba_2_e": -10.0, "ba_2_m": -60.0, "ba_2_s": -10.0, "delay": 0.13970805708780268, "mi_0_e": 9.323338256530713, "mi_0_s": -5.0, "mi_1_e": 2.9605698504366638, "mi_1_m": 42.45905642466292, "mi_1_s": 1.664455706382958, "mi_2_e": -10.0, "mi_2_m": -60.0, "mi_2_s": -10.0}, "datetime": {"datetime": "2019-09-11 18:11:28", "elapsed": 4850.239755, "delta": 14.285172}}
{"target": 0.8460711240768433, "params": {"ah_0_e": 14.472367535978075, "ah_0_s": -11.829876732152776, "ah_1_e": 15.043616409616297, "ah_1_m": 30.851153007595787, "ah_1_s": 29.188802094798994, "ah_2_e": -10.0, "ah_2_m": -60.0, "ah_2_s": -10.0, "ba_0_e": -39.117725897906766, "ba_0_s": 15.870087876818484, "ba_1_e": 1.9468093610488857, "ba_1_m": 49.73856941927695, "ba_1_s": 12.167082978458199, "ba_2_e": -10.0, "ba_2_m": -60.0, "ba_2_s": -10.0, "delay": 0.1407405280605261, "mi_0_e": 19.298525712451273, "mi_0_s": -5.0, "mi_1_e": 2.6134012088112666, "mi_1_m": 30.050056326790358, "mi_1_s": 25.354962334905053, "mi_2_e": -10.0, "mi_2_m": -60.0, "mi_2_s": -10.0}, "datetime": {"datetime": "2019-09-11 18:11:42", "elapsed": 4864.458924, "delta": 14.219169}}
{"target": 1.0743671655654907, "params": {"ah_0_e": 34.50185841378453, "ah_0_s": -10.244946161192146, "ah_1_e": 17.807693988003436, "ah_1_m": 32.151309936263566, "ah_1_s": 2.192828427940403, "ah_2_e": -10.0, "ah_2_m": -60.0, "ah_2_s": -10.0, "ba_0_e": -2.014756418667851, "ba_0_s": 15.731078900784334, "ba_1_e": 17.819925786566134, "ba_1_m": 49.225662251588034, "ba_1_s": 32.03861018912538, "ba_2_e": -10.0, "ba_2_m": -60.0, "ba_2_s": -10.0, "delay": 0.14462154155805518, "mi_0_e": 12.723084015483309, "mi_0_s": -5.0, "mi_1_e": 14.998317242193396, "mi_1_m": 44.727678906095434, "mi_1_s": 30.65187175780791, "mi_2_e": -10.0, "mi_2_m": -60.0, "mi_2_s": -10.0}, "datetime": {"datetime": "2019-09-11 18:11:57", "elapsed": 4879.152379, "delta": 14.693455}}
{"target": 0.44035932421684265, "params": {"ah_0_e": 36.883967872361865, "ah_0_s": -17.77440777106057, "ah_1_e": 3.272849600430552, "ah_1_m": 46.9272449819093, "ah_1_s": 3.2381920065949177, "ah_2_e": -10.0, "ah_2_m": -60.0, "ah_2_s": -10.0, "ba_0_e": -30.484644428471782, "ba_0_s": 38.73618261202679, "ba_1_e": 2.06294467248401, "ba_1_m": 47.960604145922616, "ba_1_s": 34.60365625319089, "ba_2_e": -10.0, "ba_2_m": -60.0, "ba_2_s": -10.0, "delay": 0.17420525681720928, "mi_0_e": 10.050777337439971, "mi_0_s": -5.0, "mi_1_e": 34.66603822057618, "mi_1_m": 43.811027820180534, "mi_1_s": 27.989731818528647, "mi_2_e": -10.0, "mi_2_m": -60.0, "mi_2_s": -10.0}, "datetime": {"datetime": "2019-09-11 18:12:10", "elapsed": 4892.526867, "delta": 13.374488}}
{"target": 0.5844504833221436, "params": {"ah_0_e": 38.068697459762554, "ah_0_s": 2.5306992873574643, "ah_1_e": 18.214186821416956, "ah_1_m": 45.126243061277314, "ah_1_s": 0.6087552565757409, "ah_2_e": -10.0, "ah_2_m": -60.0, "ah_2_s": -10.0, "ba_0_e": -3.5209019249318843, "ba_0_s": 14.991365550888153, "ba_1_e": 2.6325718003647074, "ba_1_m": 49.217605907526575, "ba_1_s": 23.709391632132476, "ba_2_e": -10.0, "ba_2_m": -60.0, "ba_2_s": -10.0, "delay": 0.1891269402797163, "mi_0_e": 8.379118297714221, "mi_0_s": -5.0, "mi_1_e": 15.036649595401933, "mi_1_m": 42.96089475546469, "mi_1_s": 11.497367824691727, "mi_2_e": -10.0, "mi_2_m": -60.0, "mi_2_s": -10.0}, "datetime": {"datetime": "2019-09-11 18:12:25", "elapsed": 4906.685723, "delta": 14.158856}}
{"target": 1.1369357109069824, "params": {"ah_0_e": 23.062212568592813, "ah_0_s": -22.77011861742451, "ah_1_e": 2.7967449687642016, "ah_1_m": 39.362877811535405, "ah_1_s": 0.12254185368072934, "ah_2_e": -10.0, "ah_2_m": -60.0, "ah_2_s": -10.0, "ba_0_e": -30.02039182108797, "ba_0_s": 34.1561550797085, "ba_1_e": 6.186697898711308, "ba_1_m": 47.10642454474048, "ba_1_s": 27.3838634245198, "ba_2_e": -10.0, "ba_2_m": -60.0, "ba_2_s": -10.0, "delay": 0.1398946141732114, "mi_0_e": 6.387230664531702, "mi_0_s": -5.0, "mi_1_e": 3.231351609660898, "mi_1_m": 41.79999188298745, "mi_1_s": 16.044545089209375, "mi_2_e": -10.0, "mi_2_m": -60.0, "mi_2_s": -10.0}, "datetime": {"datetime": "2019-09-11 18:12:39", "elapsed": 4920.723514, "delta": 14.037791}}
{"target": 1.0637164115905762, "params": {"ah_0_e": 19.409339174353185, "ah_0_s": -37.53708599638417, "ah_1_e": 21.7000318020093, "ah_1_m": 30.884771185180043, "ah_1_s": 34.87612633365188, "ah_2_e": -10.0, "ah_2_m": -60.0, "ah_2_s": -10.0, "ba_0_e": -12.580125263059077, "ba_0_s": 13.89251508162674, "ba_1_e": 4.664108407343784, "ba_1_m": 48.173295746482424, "ba_1_s": 31.681827917706, "ba_2_e": -10.0, "ba_2_m": -60.0, "ba_2_s": -10.0, "delay": 0.18891352132729697, "mi_0_e": 5.237222467526196, "mi_0_s": -5.0, "mi_1_e": 16.34168630796287, "mi_1_m": 35.42905315355804, "mi_1_s": 19.943622527982455, "mi_2_e": -10.0, "mi_2_m": -60.0, "mi_2_s": -10.0}, "datetime": {"datetime": "2019-09-11 18:12:52", "elapsed": 4934.196453, "delta": 13.472939}}
{"target": 0.45818790793418884, "params": {"ah_0_e": 19.41119842175968, "ah_0_s": -3.9595237866344277, "ah_1_e": 5.617610991765144, "ah_1_m": 43.46179135047127, "ah_1_s": 24.458603242932504, "ah_2_e": -10.0, "ah_2_m": -60.0, "ah_2_s": -10.0, "ba_0_e": -3.8199518609894056, "ba_0_s": 15.793155384086413, "ba_1_e": 8.660957801993433, "ba_1_m": 48.09516031695842, "ba_1_s": 24.34426813397481, "ba_2_e": -10.0, "ba_2_m": -60.0, "ba_2_s": -10.0, "delay": 0.1858228116979923, "mi_0_e": 5.192497780133464, "mi_0_s": -5.0, "mi_1_e": 5.450287137704098, "mi_1_m": 42.84469084120397, "mi_1_s": 6.62130863742311, "mi_2_e": -10.0, "mi_2_m": -60.0, "mi_2_s": -10.0}, "datetime": {"datetime": "2019-09-11 18:13:05", "elapsed": 4947.401253, "delta": 13.2048}}
{"target": -0.24135324358940125, "params": {"ah_0_e": 12.147188489131592, "ah_0_s": -33.16417145907402, "ah_1_e": 30.059856233345396, "ah_1_m": 32.11630092208513, "ah_1_s": 19.62130428105813, "ah_2_e": -10.0, "ah_2_m": -60.0, "ah_2_s": -10.0, "ba_0_e": -29.557958338150897, "ba_0_s": 30.834485604130524, "ba_1_e": 6.227062737020502, "ba_1_m": 41.56419080228279, "ba_1_s": 29.302227957517218, "ba_2_e": -10.0, "ba_2_m": -60.0, "ba_2_s": -10.0, "delay": 0.14396754278885096, "mi_0_e": 11.909364846961441, "mi_0_s": -5.0, "mi_1_e": 2.3464490527372632, "mi_1_m": 33.869066646422056, "mi_1_s": 4.377389894390146, "mi_2_e": -10.0, "mi_2_m": -60.0, "mi_2_s": -10.0}, "datetime": {"datetime": "2019-09-11 18:13:20", "elapsed": 4961.876388, "delta": 14.475135}}
{"target": 1.0420976877212524, "params": {"ah_0_e": 22.82638332104866, "ah_0_s": -39.03499839989528, "ah_1_e": 16.773390074316797, "ah_1_m": 31.698664676702826, "ah_1_s": 26.38071006657776, "ah_2_e": -10.0, "ah_2_m": -60.0, "ah_2_s": -10.0, "ba_0_e": -34.176265136918566, "ba_0_s": 39.535528132462254, "ba_1_e": 8.573580564001816, "ba_1_m": 47.21422609416377, "ba_1_s": 20.195807752005283, "ba_2_e": -10.0, "ba_2_m": -60.0, "ba_2_s": -10.0, "delay": 0.17036456459662647, "mi_0_e": 12.514481817216893, "mi_0_s": -5.0, "mi_1_e": 5.664291544471428, "mi_1_m": 41.94972214555743, "mi_1_s": 33.22513438522094, "mi_2_e": -10.0, "mi_2_m": -60.0, "mi_2_s": -10.0}, "datetime": {"datetime": "2019-09-11 18:13:34", "elapsed": 4976.017308, "delta": 14.14092}}
{"target": 1.1703799962997437, "params": {"ah_0_e": 31.74387749288443, "ah_0_s": -30.6695276047422, "ah_1_e": 13.0782586001122, "ah_1_m": 31.848473734378366, "ah_1_s": 23.608142129560253, "ah_2_e": -10.0, "ah_2_m": -60.0, "ah_2_s": -10.0, "ba_0_e": -29.983251582159845, "ba_0_s": 31.933967197294425, "ba_1_e": 3.256937182795871, "ba_1_m": 49.48607827179312, "ba_1_s": 30.566933031742746, "ba_2_e": -10.0, "ba_2_m": -60.0, "ba_2_s": -10.0, "delay": 0.17679376659334978, "mi_0_e": 18.85382437610004, "mi_0_s": -5.0, "mi_1_e": 7.079060455313718, "mi_1_m": 39.84741885729652, "mi_1_s": 4.579111703148958, "mi_2_e": -10.0, "mi_2_m": -60.0, "mi_2_s": -10.0}, "datetime": {"datetime": "2019-09-11 18:13:49", "elapsed": 4990.823631, "delta": 14.806323}}
{"target": 1.3137972354888916, "params": {"ah_0_e": 24.397448672650203, "ah_0_s": -16.819929328389343, "ah_1_e": 14.736216538540301, "ah_1_m": 31.83384231479155, "ah_1_s": 22.750840605513766, "ah_2_e": -10.0, "ah_2_m": -60.0, "ah_2_s": -10.0, "ba_0_e": -4.0793243634004455, "ba_0_s": 16.80049907124745, "ba_1_e": 0.4915021570828809, "ba_1_m": 43.81304305369494, "ba_1_s": 27.8985108784672, "ba_2_e": -10.0, "ba_2_m": -60.0, "ba_2_s": -10.0, "delay": 0.14436905020229643, "mi_0_e": 19.16599198756861, "mi_0_s": -5.0, "mi_1_e": 22.18671499033864, "mi_1_m": 33.40489713930463, "mi_1_s": 28.722886390472624, "mi_2_e": -10.0, "mi_2_m": -60.0, "mi_2_s": -10.0}, "datetime": {"datetime": "2019-09-11 18:14:02", "elapsed": 5004.506481, "delta": 13.68285}}
{"target": 0.20018063485622406, "params": {"ah_0_e": 37.08974703625038, "ah_0_s": -1.0651943760995337, "ah_1_e": 32.70432581520578, "ah_1_m": 39.0657458132679, "ah_1_s": 1.873254124746927, "ah_2_e": -10.0, "ah_2_m": -60.0, "ah_2_s": -10.0, "ba_0_e": -29.56003566170728, "ba_0_s": 39.45103017933563, "ba_1_e": 7.6854917202968815, "ba_1_m": 49.76319143701418, "ba_1_s": 31.77781144927685, "ba_2_e": -10.0, "ba_2_m": -60.0, "ba_2_s": -10.0, "delay": 0.15232383252094608, "mi_0_e": 9.544774248687832, "mi_0_s": -5.0, "mi_1_e": 8.939326467588835, "mi_1_m": 40.35199252959305, "mi_1_s": 21.210693980979148, "mi_2_e": -10.0, "mi_2_m": -60.0, "mi_2_s": -10.0}, "datetime": {"datetime": "2019-09-11 18:14:17", "elapsed": 5019.3576, "delta": 14.851119}}
{"target": 0.2667544186115265, "params": {"ah_0_e": 38.660529589010075, "ah_0_s": -5.028429541842229, "ah_1_e": 14.086556688762382, "ah_1_m": 46.80018810732028, "ah_1_s": 9.13362134715053, "ah_2_e": -10.0, "ah_2_m": -60.0, "ah_2_s": -10.0, "ba_0_e": -21.977392316629924, "ba_0_s": 17.60971342252744, "ba_1_e": 9.03980176145415, "ba_1_m": 48.04263530993676, "ba_1_s": 23.564475916925122, "ba_2_e": -10.0, "ba_2_m": -60.0, "ba_2_s": -10.0, "delay": 0.15511599245443247, "mi_0_e": 25.48042089678953, "mi_0_s": -5.0, "mi_1_e": 26.561986287510347, "mi_1_m": 49.10357474077313, "mi_1_s": 25.93614976560086, "mi_2_e": -10.0, "mi_2_m": -60.0, "mi_2_s": -10.0}, "datetime": {"datetime": "2019-09-11 18:14:31", "elapsed": 5033.057461, "delta": 13.699861}}
