{"target": 0.5282156467437744, "params": {"ah_0_e": 27.051311152902045, "ah_0_s": -3.0480745936672236, "ah_1_e": 8.431810605766852, "ah_1_m": 35.88082782601222, "ah_1_s": 2.11275941430237, "ah_2_e": -10.0, "ah_2_m": -60.0, "ah_2_s": -10.0, "ba_0_e": -39.70049562416934, "ba_0_s": 16.17540557056574, "ba_1_e": 3.5831122455656876, "ba_1_m": 49.13501002625957, "ba_1_s": 34.5032727084137, "ba_2_e": -10.0, "ba_2_m": -60.0, "ba_2_s": -10.0, "delay": 0.15569480335423688, "mi_0_e": 5.404469356434986, "mi_0_s": -5.0, "mi_1_e": 33.78379430167202, "mi_1_m": 49.8306152214132, "mi_1_s": 6.191629791851079, "mi_2_e": -10.0, "mi_2_m": -60.0, "mi_2_s": -10.0}, "datetime": {"datetime": "2019-09-11 18:40:01", "elapsed": 0.169998, "delta": 0.006002}}
{"target": 0.5282156467437744, "params": {"ah_0_e": 27.051311152902045, "ah_0_s": -3.0480745936672236, "ah_1_e": 8.431810605766852, "ah_1_m": 35.88082782601222, "ah_1_s": 2.11275941430237, "ah_2_e": -10.0, "ah_2_m": -60.0, "ah_2_s": -10.0, "ba_0_e": -39.70049562416934, "ba_0_s": 16.17540557056574, "ba_1_e": 3.5831122455656876, "ba_1_m": 49.13501002625957, "ba_1_s": 34.5032727084137, "ba_2_e": -10.0, "ba_2_m": -60.0, "ba_2_s": -10.0, "delay": 0.15569480335423688, "mi_0_e": 5.404469356434986, "mi_0_s": -5.0, "mi_1_e": 33.78379430167202, "mi_1_m": 49.8306152214132, "mi_1_s": 6.191629791851079, "mi_2_e": -10.0, "mi_2_m": -60.0, "mi_2_s": -10.0}, "datetime": {"datetime": "2019-09-11 18:40:01", "elapsed": 0.175998, "delta": 0.006}}
{"target": 0.5282156467437744, "params": {"ah_0_e": 27.051311152902045, "ah_0_s": -3.0480745936672236, "ah_1_e": 8.431810605766852, "ah_1_m": 35.88082782601222, "ah_1_s": 2.11275941430237, "ah_2_e": -10.0, "ah_2_m": -60.0, "ah_2_s": -10.0, "ba_0_e": -39.70049562416934, "ba_0_s": 16.17540557056574, "ba_1_e": 3.5831122455656876, "ba_1_m": 49.13501002625957, "ba_1_s": 34.5032727084137, "ba_2_e": -10.0, "ba_2_m": -60.0, "ba_2_s": -10.0, "delay": 0.15569480335423688, "mi_0_e": 5.404469356434986, "mi_0_s": -5.0, "mi_1_e": 33.78379430167202, "mi_1_m": 49.8306152214132, "mi_1_s": 6.191629791851079, "mi_2_e": -10.0, "mi_2_m": -60.0, "mi_2_s": -10.0}, "datetime": {"datetime": "2019-09-11 18:40:01", "elapsed": 0.181996, "delta": 0.005998}}
{"target": 0.5282156467437744, "params": {"ah_0_e": 27.051311152902045, "ah_0_s": -3.0480745936672236, "ah_1_e": 8.431810605766852, "ah_1_m": 35.88082782601222, "ah_1_s": 2.11275941430237, "ah_2_e": -10.0, "ah_2_m": -60.0, "ah_2_s": -10.0, "ba_0_e": -39.70049562416934, "ba_0_s": 16.17540557056574, "ba_1_e": 3.5831122455656876, "ba_1_m": 49.13501002625957, "ba_1_s": 34.5032727084137, "ba_2_e": -10.0, "ba_2_m": -60.0, "ba_2_s": -10.0, "delay": 0.15569480335423688, "mi_0_e": 5.404469356434986, "mi_0_s": -5.0, "mi_1_e": 33.78379430167202, "mi_1_m": 49.8306152214132, "mi_1_s": 6.191629791851079, "mi_2_e": -10.0, "mi_2_m": -60.0, "mi_2_s": -10.0}, "datetime": {"datetime": "2019-09-11 18:40:01", "elapsed": 0.187964, "delta": 0.005968}}
{"target": 0.5282156467437744, "params": {"ah_0_e": 27.051311152902045, "ah_0_s": -3.0480745936672236, "ah_1_e": 8.431810605766852, "ah_1_m": 35.88082782601222, "ah_1_s": 2.11275941430237, "ah_2_e": -10.0, "ah_2_m": -60.0, "ah_2_s": -10.0, "ba_0_e": -39.70049562416934, "ba_0_s": 16.17540557056574, "ba_1_e": 3.5831122455656876, "ba_1_m": 49.13501002625957, "ba_1_s": 34.5032727084137, "ba_2_e": -10.0, "ba_2_m": -60.0, "ba_2_s": -10.0, "delay": 0.15569480335423688, "mi_0_e": 5.404469356434986, "mi_0_s": -5.0, "mi_1_e": 33.78379430167202, "mi_1_m": 49.8306152214132, "mi_1_s": 6.191629791851079, "mi_2_e": -10.0, "mi_2_m": -60.0, "mi_2_s": -10.0}, "datetime": {"datetime": "2019-09-11 18:40:01", "elapsed": 0.194965, "delta": 0.007001}}
{"target": 0.5282156467437744, "params": {"ah_0_e": 27.051311152902045, "ah_0_s": -3.0480745936672236, "ah_1_e": 8.431810605766852, "ah_1_m": 35.88082782601222, "ah_1_s": 2.11275941430237, "ah_2_e": -10.0, "ah_2_m": -60.0, "ah_2_s": -10.0, "ba_0_e": -39.70049562416934, "ba_0_s": 16.17540557056574, "ba_1_e": 3.5831122455656876, "ba_1_m": 49.13501002625957, "ba_1_s": 34.5032727084137, "ba_2_e": -10.0, "ba_2_m": -60.0, "ba_2_s": -10.0, "delay": 0.15569480335423688, "mi_0_e": 5.404469356434986, "mi_0_s": -5.0, "mi_1_e": 33.78379430167202, "mi_1_m": 49.8306152214132, "mi_1_s": 6.191629791851079, "mi_2_e": -10.0, "mi_2_m": -60.0, "mi_2_s": -10.0}, "datetime": {"datetime": "2019-09-11 18:40:01", "elapsed": 0.200978, "delta": 0.006013}}
{"target": 0.5282156467437744, "params": {"ah_0_e": 27.051311152902045, "ah_0_s": -3.0480745936672236, "ah_1_e": 8.431810605766852, "ah_1_m": 35.88082782601222, "ah_1_s": 2.11275941430237, "ah_2_e": -10.0, "ah_2_m": -60.0, "ah_2_s": -10.0, "ba_0_e": -39.70049562416934, "ba_0_s": 16.17540557056574, "ba_1_e": 3.5831122455656876, "ba_1_m": 49.13501002625957, "ba_1_s": 34.5032727084137, "ba_2_e": -10.0, "ba_2_m": -60.0, "ba_2_s": -10.0, "delay": 0.15569480335423688, "mi_0_e": 5.404469356434986, "mi_0_s": -5.0, "mi_1_e": 33.78379430167202, "mi_1_m": 49.8306152214132, "mi_1_s": 6.191629791851079, "mi_2_e": -10.0, "mi_2_m": -60.0, "mi_2_s": -10.0}, "datetime": {"datetime": "2019-09-11 18:40:01", "elapsed": 0.207998, "delta": 0.00702}}
{"target": 0.5282156467437744, "params": {"ah_0_e": 27.051311152902045, "ah_0_s": -3.0480745936672236, "ah_1_e": 8.431810605766852, "ah_1_m": 35.88082782601222, "ah_1_s": 2.11275941430237, "ah_2_e": -10.0, "ah_2_m": -60.0, "ah_2_s": -10.0, "ba_0_e": -39.70049562416934, "ba_0_s": 16.17540557056574, "ba_1_e": 3.5831122455656876, "ba_1_m": 49.13501002625957, "ba_1_s": 34.5032727084137, "ba_2_e": -10.0, "ba_2_m": -60.0, "ba_2_s": -10.0, "delay": 0.15569480335423688, "mi_0_e": 5.404469356434986, "mi_0_s": -5.0, "mi_1_e": 33.78379430167202, "mi_1_m": 49.8306152214132, "mi_1_s": 6.191629791851079, "mi_2_e": -10.0, "mi_2_m": -60.0, "mi_2_s": -10.0}, "datetime": {"datetime": "2019-09-11 18:40:01", "elapsed": 0.212995, "delta": 0.004997}}
{"target": 0.5282156467437744, "params": {"ah_0_e": 27.051311152902045, "ah_0_s": -3.0480745936672236, "ah_1_e": 8.431810605766852, "ah_1_m": 35.88082782601222, "ah_1_s": 2.11275941430237, "ah_2_e": -10.0, "ah_2_m": -60.0, "ah_2_s": -10.0, "ba_0_e": -39.70049562416934, "ba_0_s": 16.17540557056574, "ba_1_e": 3.5831122455656876, "ba_1_m": 49.13501002625957, "ba_1_s": 34.5032727084137, "ba_2_e": -10.0, "ba_2_m": -60.0, "ba_2_s": -10.0, "delay": 0.15569480335423688, "mi_0_e": 5.404469356434986, "mi_0_s": -5.0, "mi_1_e": 33.78379430167202, "mi_1_m": 49.8306152214132, "mi_1_s": 6.191629791851079, "mi_2_e": -10.0, "mi_2_m": -60.0, "mi_2_s": -10.0}, "datetime": {"datetime": "2019-09-11 18:40:01", "elapsed": 0.218966, "delta": 0.005971}}
{"target": 0.5282156467437744, "params": {"ah_0_e": 27.051311152902045, "ah_0_s": -3.0480745936672236, "ah_1_e": 8.431810605766852, "ah_1_m": 35.88082782601222, "ah_1_s": 2.11275941430237, "ah_2_e": -10.0, "ah_2_m": -60.0, "ah_2_s": -10.0, "ba_0_e": -39.70049562416934, "ba_0_s": 16.17540557056574, "ba_1_e": 3.5831122455656876, "ba_1_m": 49.13501002625957, "ba_1_s": 34.5032727084137, "ba_2_e": -10.0, "ba_2_m": -60.0, "ba_2_s": -10.0, "delay": 0.15569480335423688, "mi_0_e": 5.404469356434986, "mi_0_s": -5.0, "mi_1_e": 33.78379430167202, "mi_1_m": 49.8306152214132, "mi_1_s": 6.191629791851079, "mi_2_e": -10.0, "mi_2_m": -60.0, "mi_2_s": -10.0}, "datetime": {"datetime": "2019-09-11 18:40:01", "elapsed": 0.225996, "delta": 0.00703}}
{"target": 0.5282156467437744, "params": {"ah_0_e": 27.051311152902045, "ah_0_s": -3.0480745936672236, "ah_1_e": 8.431810605766852, "ah_1_m": 35.88082782601222, "ah_1_s": 2.11275941430237, "ah_2_e": -10.0, "ah_2_m": -60.0, "ah_2_s": -10.0, "ba_0_e": -39.70049562416934, "ba_0_s": 16.17540557056574, "ba_1_e": 3.5831122455656876, "ba_1_m": 49.13501002625957, "ba_1_s": 34.5032727084137, "ba_2_e": -10.0, "ba_2_m": -60.0, "ba_2_s": -10.0, "delay": 0.15569480335423688, "mi_0_e": 5.404469356434986, "mi_0_s": -5.0, "mi_1_e": 33.78379430167202, "mi_1_m": 49.8306152214132, "mi_1_s": 6.191629791851079, "mi_2_e": -10.0, "mi_2_m": -60.0, "mi_2_s": -10.0}, "datetime": {"datetime": "2019-09-11 18:40:01", "elapsed": 0.232966, "delta": 0.00697}}
{"target": 0.5282156467437744, "params": {"ah_0_e": 27.051311152902045, "ah_0_s": -3.0480745936672236, "ah_1_e": 8.431810605766852, "ah_1_m": 35.88082782601222, "ah_1_s": 2.11275941430237, "ah_2_e": -10.0, "ah_2_m": -60.0, "ah_2_s": -10.0, "ba_0_e": -39.70049562416934, "ba_0_s": 16.17540557056574, "ba_1_e": 3.5831122455656876, "ba_1_m": 49.13501002625957, "ba_1_s": 34.5032727084137, "ba_2_e": -10.0, "ba_2_m": -60.0, "ba_2_s": -10.0, "delay": 0.15569480335423688, "mi_0_e": 5.404469356434986, "mi_0_s": -5.0, "mi_1_e": 33.78379430167202, "mi_1_m": 49.8306152214132, "mi_1_s": 6.191629791851079, "mi_2_e": -10.0, "mi_2_m": -60.0, "mi_2_s": -10.0}, "datetime": {"datetime": "2019-09-11 18:40:01", "elapsed": 0.240967, "delta": 0.008001}}
{"target": 0.5282156467437744, "params": {"ah_0_e": 27.051311152902045, "ah_0_s": -3.0480745936672236, "ah_1_e": 8.431810605766852, "ah_1_m": 35.88082782601222, "ah_1_s": 2.11275941430237, "ah_2_e": -10.0, "ah_2_m": -60.0, "ah_2_s": -10.0, "ba_0_e": -39.70049562416934, "ba_0_s": 16.17540557056574, "ba_1_e": 3.5831122455656876, "ba_1_m": 49.13501002625957, "ba_1_s": 34.5032727084137, "ba_2_e": -10.0, "ba_2_m": -60.0, "ba_2_s": -10.0, "delay": 0.15569480335423688, "mi_0_e": 5.404469356434986, "mi_0_s": -5.0, "mi_1_e": 33.78379430167202, "mi_1_m": 49.8306152214132, "mi_1_s": 6.191629791851079, "mi_2_e": -10.0, "mi_2_m": -60.0, "mi_2_s": -10.0}, "datetime": {"datetime": "2019-09-11 18:40:01", "elapsed": 0.247967, "delta": 0.007}}
{"target": 0.5282156467437744, "params": {"ah_0_e": 27.051311152902045, "ah_0_s": -3.0480745936672236, "ah_1_e": 8.431810605766852, "ah_1_m": 35.88082782601222, "ah_1_s": 2.11275941430237, "ah_2_e": -10.0, "ah_2_m": -60.0, "ah_2_s": -10.0, "ba_0_e": -39.70049562416934, "ba_0_s": 16.17540557056574, "ba_1_e": 3.5831122455656876, "ba_1_m": 49.13501002625957, "ba_1_s": 34.5032727084137, "ba_2_e": -10.0, "ba_2_m": -60.0, "ba_2_s": -10.0, "delay": 0.15569480335423688, "mi_0_e": 5.404469356434986, "mi_0_s": -5.0, "mi_1_e": 33.78379430167202, "mi_1_m": 49.8306152214132, "mi_1_s": 6.191629791851079, "mi_2_e": -10.0, "mi_2_m": -60.0, "mi_2_s": -10.0}, "datetime": {"datetime": "2019-09-11 18:40:01", "elapsed": 0.254003, "delta": 0.006036}}
{"target": 0.5282156467437744, "params": {"ah_0_e": 27.051311152902045, "ah_0_s": -3.0480745936672236, "ah_1_e": 8.431810605766852, "ah_1_m": 35.88082782601222, "ah_1_s": 2.11275941430237, "ah_2_e": -10.0, "ah_2_m": -60.0, "ah_2_s": -10.0, "ba_0_e": -39.70049562416934, "ba_0_s": 16.17540557056574, "ba_1_e": 3.5831122455656876, "ba_1_m": 49.13501002625957, "ba_1_s": 34.5032727084137, "ba_2_e": -10.0, "ba_2_m": -60.0, "ba_2_s": -10.0, "delay": 0.15569480335423688, "mi_0_e": 5.404469356434986, "mi_0_s": -5.0, "mi_1_e": 33.78379430167202, "mi_1_m": 49.8306152214132, "mi_1_s": 6.191629791851079, "mi_2_e": -10.0, "mi_2_m": -60.0, "mi_2_s": -10.0}, "datetime": {"datetime": "2019-09-11 18:40:01", "elapsed": 0.260966, "delta": 0.006963}}
{"target": 0.5282156467437744, "params": {"ah_0_e": 27.051311152902045, "ah_0_s": -3.0480745936672236, "ah_1_e": 8.431810605766852, "ah_1_m": 35.88082782601222, "ah_1_s": 2.11275941430237, "ah_2_e": -10.0, "ah_2_m": -60.0, "ah_2_s": -10.0, "ba_0_e": -39.70049562416934, "ba_0_s": 16.17540557056574, "ba_1_e": 3.5831122455656876, "ba_1_m": 49.13501002625957, "ba_1_s": 34.5032727084137, "ba_2_e": -10.0, "ba_2_m": -60.0, "ba_2_s": -10.0, "delay": 0.15569480335423688, "mi_0_e": 5.404469356434986, "mi_0_s": -5.0, "mi_1_e": 33.78379430167202, "mi_1_m": 49.8306152214132, "mi_1_s": 6.191629791851079, "mi_2_e": -10.0, "mi_2_m": -60.0, "mi_2_s": -10.0}, "datetime": {"datetime": "2019-09-11 18:40:01", "elapsed": 0.266966, "delta": 0.006}}
{"target": 0.5282156467437744, "params": {"ah_0_e": 27.051311152902045, "ah_0_s": -3.0480745936672236, "ah_1_e": 8.431810605766852, "ah_1_m": 35.88082782601222, "ah_1_s": 2.11275941430237, "ah_2_e": -10.0, "ah_2_m": -60.0, "ah_2_s": -10.0, "ba_0_e": -39.70049562416934, "ba_0_s": 16.17540557056574, "ba_1_e": 3.5831122455656876, "ba_1_m": 49.13501002625957, "ba_1_s": 34.5032727084137, "ba_2_e": -10.0, "ba_2_m": -60.0, "ba_2_s": -10.0, "delay": 0.15569480335423688, "mi_0_e": 5.404469356434986, "mi_0_s": -5.0, "mi_1_e": 33.78379430167202, "mi_1_m": 49.8306152214132, "mi_1_s": 6.191629791851079, "mi_2_e": -10.0, "mi_2_m": -60.0, "mi_2_s": -10.0}, "datetime": {"datetime": "2019-09-11 18:40:01", "elapsed": 0.274003, "delta": 0.007037}}
{"target": 0.5282156467437744, "params": {"ah_0_e": 27.051311152902045, "ah_0_s": -3.0480745936672236, "ah_1_e": 8.431810605766852, "ah_1_m": 35.88082782601222, "ah_1_s": 2.11275941430237, "ah_2_e": -10.0, "ah_2_m": -60.0, "ah_2_s": -10.0, "ba_0_e": -39.70049562416934, "ba_0_s": 16.17540557056574, "ba_1_e": 3.5831122455656876, "ba_1_m": 49.13501002625957, "ba_1_s": 34.5032727084137, "ba_2_e": -10.0, "ba_2_m": -60.0, "ba_2_s": -10.0, "delay": 0.15569480335423688, "mi_0_e": 5.404469356434986, "mi_0_s": -5.0, "mi_1_e": 33.78379430167202, "mi_1_m": 49.8306152214132, "mi_1_s": 6.191629791851079, "mi_2_e": -10.0, "mi_2_m": -60.0, "mi_2_s": -10.0}, "datetime": {"datetime": "2019-09-11 18:40:01", "elapsed": 0.281004, "delta": 0.007001}}
{"target": 0.5282156467437744, "params": {"ah_0_e": 27.051311152902045, "ah_0_s": -3.0480745936672236, "ah_1_e": 8.431810605766852, "ah_1_m": 35.88082782601222, "ah_1_s": 2.11275941430237, "ah_2_e": -10.0, "ah_2_m": -60.0, "ah_2_s": -10.0, "ba_0_e": -39.70049562416934, "ba_0_s": 16.17540557056574, "ba_1_e": 3.5831122455656876, "ba_1_m": 49.13501002625957, "ba_1_s": 34.5032727084137, "ba_2_e": -10.0, "ba_2_m": -60.0, "ba_2_s": -10.0, "delay": 0.15569480335423688, "mi_0_e": 5.404469356434986, "mi_0_s": -5.0, "mi_1_e": 33.78379430167202, "mi_1_m": 49.8306152214132, "mi_1_s": 6.191629791851079, "mi_2_e": -10.0, "mi_2_m": -60.0, "mi_2_s": -10.0}, "datetime": {"datetime": "2019-09-11 18:40:01", "elapsed": 0.286966, "delta": 0.005962}}
{"target": 0.5282156467437744, "params": {"ah_0_e": 27.051311152902045, "ah_0_s": -3.0480745936672236, "ah_1_e": 8.431810605766852, "ah_1_m": 35.88082782601222, "ah_1_s": 2.11275941430237, "ah_2_e": -10.0, "ah_2_m": -60.0, "ah_2_s": -10.0, "ba_0_e": -39.70049562416934, "ba_0_s": 16.17540557056574, "ba_1_e": 3.5831122455656876, "ba_1_m": 49.13501002625957, "ba_1_s": 34.5032727084137, "ba_2_e": -10.0, "ba_2_m": -60.0, "ba_2_s": -10.0, "delay": 0.15569480335423688, "mi_0_e": 5.404469356434986, "mi_0_s": -5.0, "mi_1_e": 33.78379430167202, "mi_1_m": 49.8306152214132, "mi_1_s": 6.191629791851079, "mi_2_e": -10.0, "mi_2_m": -60.0, "mi_2_s": -10.0}, "datetime": {"datetime": "2019-09-11 18:40:01", "elapsed": 0.293997, "delta": 0.007031}}
{"target": 0.5282156467437744, "params": {"ah_0_e": 27.051311152902045, "ah_0_s": -3.0480745936672236, "ah_1_e": 8.431810605766852, "ah_1_m": 35.88082782601222, "ah_1_s": 2.11275941430237, "ah_2_e": -10.0, "ah_2_m": -60.0, "ah_2_s": -10.0, "ba_0_e": -39.70049562416934, "ba_0_s": 16.17540557056574, "ba_1_e": 3.5831122455656876, "ba_1_m": 49.13501002625957, "ba_1_s": 34.5032727084137, "ba_2_e": -10.0, "ba_2_m": -60.0, "ba_2_s": -10.0, "delay": 0.15569480335423688, "mi_0_e": 5.404469356434986, "mi_0_s": -5.0, "mi_1_e": 33.78379430167202, "mi_1_m": 49.8306152214132, "mi_1_s": 6.191629791851079, "mi_2_e": -10.0, "mi_2_m": -60.0, "mi_2_s": -10.0}, "datetime": {"datetime": "2019-09-11 18:40:01", "elapsed": 0.300002, "delta": 0.006005}}
{"target": 0.5282156467437744, "params": {"ah_0_e": 27.051311152902045, "ah_0_s": -3.0480745936672236, "ah_1_e": 8.431810605766852, "ah_1_m": 35.88082782601222, "ah_1_s": 2.11275941430237, "ah_2_e": -10.0, "ah_2_m": -60.0, "ah_2_s": -10.0, "ba_0_e": -39.70049562416934, "ba_0_s": 16.17540557056574, "ba_1_e": 3.5831122455656876, "ba_1_m": 49.13501002625957, "ba_1_s": 34.5032727084137, "ba_2_e": -10.0, "ba_2_m": -60.0, "ba_2_s": -10.0, "delay": 0.15569480335423688, "mi_0_e": 5.404469356434986, "mi_0_s": -5.0, "mi_1_e": 33.78379430167202, "mi_1_m": 49.8306152214132, "mi_1_s": 6.191629791851079, "mi_2_e": -10.0, "mi_2_m": -60.0, "mi_2_s": -10.0}, "datetime": {"datetime": "2019-09-11 18:40:08", "elapsed": 7.281004, "delta": 6.981002}}
{"target": 1.3018701076507568, "params": {"ah_0_e": 35.533613902217326, "ah_0_s": -6.698826850913306, "ah_1_e": 6.134384565851018, "ah_1_m": 39.682962056459516, "ah_1_s": 8.024814208888188, "ah_2_e": -10.0, "ah_2_m": -60.0, "ah_2_s": -10.0, "ba_0_e": -36.03356381469139, "ba_0_s": 15.874204244493438, "ba_1_e": 1.9125328817787246, "ba_1_m": 48.09077335804555, "ba_1_s": 16.688475133298343, "ba_2_e": -10.0, "ba_2_m": -60.0, "ba_2_s": -10.0, "delay": 0.17869045830477664, "mi_0_e": 6.384734614108745, "mi_0_s": -5.0, "mi_1_e": 11.08401511991732, "mi_1_m": 42.788787548183315, "mi_1_s": 27.896507671399323, "mi_2_e": -10.0, "mi_2_m": -60.0, "mi_2_s": -10.0}, "datetime": {"datetime": "2019-09-11 18:40:23", "elapsed": 21.807643, "delta": 14.526639}}
{"target": 0.929661214351654, "params": {"ah_0_e": 29.0369484626569, "ah_0_s": -36.326942475978015, "ah_1_e": 21.675116634282762, "ah_1_m": 39.25889730236683, "ah_1_s": 28.765661776924972, "ah_2_e": -10.0, "ah_2_m": -60.0, "ah_2_s": -10.0, "ba_0_e": -9.759328652282246, "ba_0_s": 33.46586707379315, "ba_1_e": 9.96226958182365, "ba_1_m": 49.26034903819525, "ba_1_s": 34.90451043076996, "ba_2_e": -10.0, "ba_2_m": -60.0, "ba_2_s": -10.0, "delay": 0.14450002945606338, "mi_0_e": 7.157419268245567, "mi_0_s": -5.0, "mi_1_e": 25.293165284655167, "mi_1_m": 46.528737469526504, "mi_1_s": 18.963986557128617, "mi_2_e": -10.0, "mi_2_m": -60.0, "mi_2_s": -10.0}, "datetime": {"datetime": "2019-09-11 18:40:38", "elapsed": 37.091445, "delta": 15.283802}}
{"target": 0.929661214351654, "params": {"ah_0_e": 29.0369484626569, "ah_0_s": -36.326942475978015, "ah_1_e": 21.675116634282762, "ah_1_m": 39.25889730236683, "ah_1_s": 28.765661776924972, "ah_2_e": -10.0, "ah_2_m": -60.0, "ah_2_s": -10.0, "ba_0_e": -9.759328652282246, "ba_0_s": 33.46586707379315, "ba_1_e": 9.96226958182365, "ba_1_m": 49.26034903819525, "ba_1_s": 34.90451043076996, "ba_2_e": -10.0, "ba_2_m": -60.0, "ba_2_s": -10.0, "delay": 0.14450002945606338, "mi_0_e": 7.157419268245567, "mi_0_s": -5.0, "mi_1_e": 25.293165284655167, "mi_1_m": 46.528737469526504, "mi_1_s": 18.963986557128617, "mi_2_e": -10.0, "mi_2_m": -60.0, "mi_2_s": -10.0}, "datetime": {"datetime": "2019-09-11 18:40:45", "elapsed": 44.334469, "delta": 7.243024}}
{"target": 0.929661214351654, "params": {"ah_0_e": 29.0369484626569, "ah_0_s": -36.326942475978015, "ah_1_e": 21.675116634282762, "ah_1_m": 39.25889730236683, "ah_1_s": 28.765661776924972, "ah_2_e": -10.0, "ah_2_m": -60.0, "ah_2_s": -10.0, "ba_0_e": -9.759328652282246, "ba_0_s": 33.46586707379315, "ba_1_e": 9.96226958182365, "ba_1_m": 49.26034903819525, "ba_1_s": 34.90451043076996, "ba_2_e": -10.0, "ba_2_m": -60.0, "ba_2_s": -10.0, "delay": 0.14450002945606338, "mi_0_e": 7.157419268245567, "mi_0_s": -5.0, "mi_1_e": 25.293165284655167, "mi_1_m": 46.528737469526504, "mi_1_s": 18.963986557128617, "mi_2_e": -10.0, "mi_2_m": -60.0, "mi_2_s": -10.0}, "datetime": {"datetime": "2019-09-11 18:40:52", "elapsed": 51.165766, "delta": 6.831297}}
{"target": 0.929661214351654, "params": {"ah_0_e": 29.0369484626569, "ah_0_s": -36.326942475978015, "ah_1_e": 21.675116634282762, "ah_1_m": 39.25889730236683, "ah_1_s": 28.765661776924972, "ah_2_e": -10.0, "ah_2_m": -60.0, "ah_2_s": -10.0, "ba_0_e": -9.759328652282246, "ba_0_s": 33.46586707379315, "ba_1_e": 9.96226958182365, "ba_1_m": 49.26034903819525, "ba_1_s": 34.90451043076996, "ba_2_e": -10.0, "ba_2_m": -60.0, "ba_2_s": -10.0, "delay": 0.14450002945606338, "mi_0_e": 7.157419268245567, "mi_0_s": -5.0, "mi_1_e": 25.293165284655167, "mi_1_m": 46.528737469526504, "mi_1_s": 18.963986557128617, "mi_2_e": -10.0, "mi_2_m": -60.0, "mi_2_s": -10.0}, "datetime": {"datetime": "2019-09-11 18:40:59", "elapsed": 58.35177, "delta": 7.186004}}
{"target": 0.4877151548862457, "params": {"ah_0_e": 33.47267610494265, "ah_0_s": -15.252351447772856, "ah_1_e": 24.642453515493436, "ah_1_m": 49.734806391649286, "ah_1_s": 34.271427079918254, "ah_2_e": -10.0, "ah_2_m": -60.0, "ah_2_s": -10.0, "ba_0_e": 0.5056284994092479, "ba_0_s": 24.21936615343014, "ba_1_e": 0.4837557486283367, "ba_1_m": 49.51531171255726, "ba_1_s": 28.983590846332223, "ba_2_e": -10.0, "ba_2_m": -60.0, "ba_2_s": -10.0, "delay": 0.13407454638565464, "mi_0_e": 15.738739961921688, "mi_0_s": -5.0, "mi_1_e": 17.991400681760798, "mi_1_m": 38.88654594101654, "mi_1_s": 30.770704720612745, "mi_2_e": -10.0, "mi_2_m": -60.0, "mi_2_s": -10.0}, "datetime": {"datetime": "2019-09-11 18:41:14", "elapsed": 73.013925, "delta": 14.662155}}
{"target": 1.1028430461883545, "params": {"ah_0_e": 26.637626776596246, "ah_0_s": -19.377231168697318, "ah_1_e": 14.18025598811061, "ah_1_m": 43.17536377504398, "ah_1_s": 8.245187746299846, "ah_2_e": -10.0, "ah_2_m": -60.0, "ah_2_s": -10.0, "ba_0_e": -11.821084573293852, "ba_0_s": 24.95941166210218, "ba_1_e": 21.76679801880885, "ba_1_m": 48.55343116280167, "ba_1_s": 34.937397389553475, "ba_2_e": -10.0, "ba_2_m": -60.0, "ba_2_s": -10.0, "delay": 0.20929001886320697, "mi_0_e": 7.1191710400064645, "mi_0_s": -5.0, "mi_1_e": 2.074903851109427, "mi_1_m": 39.89249351386164, "mi_1_s": 25.272505575636337, "mi_2_e": -10.0, "mi_2_m": -60.0, "mi_2_s": -10.0}, "datetime": {"datetime": "2019-09-11 18:41:28", "elapsed": 87.747103, "delta": 14.733178}}
