{"target": 0.17460817098617554, "params": {"ah_0_e": 19.69977432035843, "ah_0_s": -28.210013287629895, "ah_1_e": 31.878214868036547, "ah_1_m": 30.445430230656083, "ah_1_s": 28.739266437663762, "ah_2_e": -19.423419983320926, "ah_2_m": -80.57270697517642, "ah_2_s": -27.760469466982187, "ba_0_e": 3.8395682552791115, "ba_0_s": 9.297024530729699, "ba_1_e": 6.564946241603384, "ba_1_m": 47.78884950928958, "ba_1_s": 20.419221011287977, "ba_2_e": -25.46231923293898, "ba_2_m": -60.02293156434564, "ba_2_s": -21.379886916112653, "delay": 0.14163229073369885, "mi_0_e": 12.120183852953172, "mi_0_s": -36.371289488140164, "mi_1_e": 30.558303239437418, "mi_1_m": 44.00578875266899, "mi_1_s": 16.467418665327315, "mi_2_e": -51.356800116614416, "mi_2_m": -74.87479191255638, "mi_2_s": -28.174434164245262}, "datetime": {"datetime": "2019-09-11 16:57:14", "elapsed": 396.105606, "delta": 8.117374}}
{"target": 0.35005754232406616, "params": {"ah_0_e": 14.646108596630057, "ah_0_s": 1.613336609226728, "ah_1_e": 13.544623198970227, "ah_1_m": 39.8576174686264, "ah_1_s": 8.905333581004774, "ah_2_e": -54.24832594190317, "ah_2_m": -71.4979037041586, "ah_2_s": -24.87873576569376, "ba_0_e": -7.70822670123605, "ba_0_s": 11.68044801103076, "ba_1_e": 4.1367420271463455, "ba_1_m": 46.73995564427024, "ba_1_s": 26.04475724793373, "ba_2_e": -39.526027382355856, "ba_2_m": -67.28674724894611, "ba_2_s": -41.162357259379206, "delay": 0.18106842565929382, "mi_0_e": 16.46493054393138, "mi_0_s": -7.36212700736398, "mi_1_e": 30.818850914751437, "mi_1_m": 39.19913462148517, "mi_1_s": 26.735545132325047, "mi_2_e": -22.694431047136984, "mi_2_m": -77.7416154680255, "mi_2_s": -31.439758017439885}, "datetime": {"datetime": "2019-09-11 16:57:22", "elapsed": 404.190637, "delta": 8.085031}}
{"target": 0.020406531170010567, "params": {"ah_0_e": 18.373522489219884, "ah_0_s": -34.29789772688848, "ah_1_e": 8.549333212314155, "ah_1_m": 31.58683165916638, "ah_1_s": 10.60004066511525, "ah_2_e": -47.08524001157777, "ah_2_m": -78.45047174913147, "ah_2_s": -43.62055494669629, "ba_0_e": -39.62276142137358, "ba_0_s": 28.743194028796196, "ba_1_e": 17.611324169001048, "ba_1_m": 34.618169009683584, "ba_1_s": 6.1213778143672775, "ba_2_e": -19.249148277541494, "ba_2_m": -85.32780015225296, "ba_2_s": -59.12948946525427, "delay": 0.20309916998733052, "mi_0_e": 17.157929713048446, "mi_0_s": -32.307860289197734, "mi_1_e": 19.125910674550074, "mi_1_m": 46.32884795111875, "mi_1_s": 16.930443291611706, "mi_2_e": -39.497564914970184, "mi_2_m": -83.61790342572785, "mi_2_s": -15.011732155156619}, "datetime": {"datetime": "2019-09-11 16:57:30", "elapsed": 412.272108, "delta": 8.081471}}
{"target": 0.1474062204360962, "params": {"ah_0_e": 23.795249089418924, "ah_0_s": -23.53074939986556, "ah_1_e": 21.15073952841053, "ah_1_m": 49.17605031274001, "ah_1_s": 13.748803074893686, "ah_2_e": -29.648649897080823, "ah_2_m": -83.71910980768797, "ah_2_s": -42.25391995427132, "ba_0_e": -22.27521964650806, "ba_0_s": 29.1134266880588, "ba_1_e": 14.140056316903264, "ba_1_m": 32.72226308496244, "ba_1_s": 15.772514403524706, "ba_2_e": -26.720969634863632, "ba_2_m": -66.53906790183504, "ba_2_s": -56.28874008182199, "delay": 0.18517115192636463, "mi_0_e": 25.958731171819768, "mi_0_s": -31.133011524305175, "mi_1_e": 18.968987162000452, "mi_1_m": 44.01066145239005, "mi_1_s": 32.56959367374458, "mi_2_e": -53.130834725261096, "mi_2_m": -65.02325572519564, "mi_2_s": -23.15695119619371}, "datetime": {"datetime": "2019-09-11 16:57:38", "elapsed": 420.306363, "delta": 8.034255}}
{"target": 0.4077235460281372, "params": {"ah_0_e": 7.506359780463159, "ah_0_s": 4.040276232125613, "ah_1_e": 8.273443453113146, "ah_1_m": 43.21196711857198, "ah_1_s": 3.13707446246117, "ah_2_e": -20.538547104350936, "ah_2_m": -75.08473150555213, "ah_2_s": -15.2476834164964, "ba_0_e": -22.500696878737404, "ba_0_s": 23.82957020488883, "ba_1_e": 11.872146470978498, "ba_1_m": 41.11800422253151, "ba_1_s": 18.786891267986242, "ba_2_e": -29.53052493684529, "ba_2_m": -80.88810249303309, "ba_2_s": -43.9241226998962, "delay": 0.1849842519499512, "mi_0_e": 24.652194057978097, "mi_0_s": -17.532796990452752, "mi_1_e": 21.45893173784543, "mi_1_m": 48.714725332163994, "mi_1_s": 20.89109837310906, "mi_2_e": -58.97950871797126, "mi_2_m": -73.23019861226614, "mi_2_s": -46.980598125377334}, "datetime": {"datetime": "2019-09-11 16:57:46", "elapsed": 428.358407, "delta": 8.052044}}
{"target": 0.3333413600921631, "params": {"ah_0_e": 6.316135752736004, "ah_0_s": -5.5873012449781285, "ah_1_e": 18.13985531143843, "ah_1_m": 30.106330659222063, "ah_1_s": 9.702003667390947, "ah_2_e": -36.74161162599057, "ah_2_m": -83.03888634843935, "ah_2_s": -12.654629772626254, "ba_0_e": -15.292595026726616, "ba_0_s": 33.03480945294246, "ba_1_e": 22.73540692074676, "ba_1_m": 48.628940299858215, "ba_1_s": 2.6156005755166403, "ba_2_e": -23.840323130029333, "ba_2_m": -87.57712512768518, "ba_2_s": -48.250257414907146, "delay": 0.1779792275577679, "mi_0_e": 34.15388503429746, "mi_0_s": -36.36152220512507, "mi_1_e": 34.04521234984887, "mi_1_m": 49.97041014179612, "mi_1_s": 4.887726678943622, "mi_2_e": -13.527102237184959, "mi_2_m": -62.2039996308037, "mi_2_s": -10.737189544997346}, "datetime": {"datetime": "2019-09-11 16:57:54", "elapsed": 436.42186, "delta": 8.063453}}
{"target": -0.3468914330005646, "params": {"ah_0_e": 39.013702554227415, "ah_0_s": -35.73548875942469, "ah_1_e": 29.46078891650474, "ah_1_m": 43.70345993815399, "ah_1_s": 17.064500861902133, "ah_2_e": -27.33474406792891, "ah_2_m": -70.60943361201015, "ah_2_s": -22.691944117359363, "ba_0_e": 0.995808816438192, "ba_0_s": 30.397489092320413, "ba_1_e": 0.9074027474494456, "ba_1_m": 39.230425064942295, "ba_1_s": 9.845544538788397, "ba_2_e": -11.448309308894924, "ba_2_m": -86.54045682927884, "ba_2_s": -48.550267897734116, "delay": 0.15637880633954088, "mi_0_e": 32.87955056378489, "mi_0_s": -16.362341277104882, "mi_1_e": 10.775885533617636, "mi_1_m": 48.56218157001452, "mi_1_s": 34.19206566810475, "mi_2_e": -36.177765235844646, "mi_2_m": -88.55805502703775, "mi_2_s": -54.39982469632323}, "datetime": {"datetime": "2019-09-11 16:58:02", "elapsed": 444.520337, "delta": 8.098477}}
{"target": 0.2991645932197571, "params": {"ah_0_e": 23.131139655804304, "ah_0_s": -23.226303905613147, "ah_1_e": 24.86241024118633, "ah_1_m": 39.11286849284108, "ah_1_s": 21.18245132931245, "ah_2_e": -59.52030984449733, "ah_2_m": -83.21748749869406, "ah_2_s": -26.713820249691313, "ba_0_e": -35.99508006299299, "ba_0_s": 11.471695659744292, "ba_1_e": 18.4398156562142, "ba_1_m": 38.34204836213716, "ba_1_s": 28.02308803452339, "ba_2_e": -56.660116909334086, "ba_2_m": -65.33594243854046, "ba_2_s": -53.00333854381081, "delay": 0.20659159410613348, "mi_0_e": 38.58147123974238, "mi_0_s": -6.325190570215067, "mi_1_e": 2.01542269628608, "mi_1_m": 30.11594785835378, "mi_1_s": 10.943840465441674, "mi_2_e": -12.784920635605232, "mi_2_m": -68.81587456411633, "mi_2_s": -27.800824301559327}, "datetime": {"datetime": "2019-09-11 16:58:11", "elapsed": 452.662686, "delta": 8.142349}}
{"target": 0.16095824539661407, "params": {"ah_0_e": 38.37869564658726, "ah_0_s": -18.537208488094993, "ah_1_e": 9.738345484746562, "ah_1_m": 40.0601039010191, "ah_1_s": 22.517527362719743, "ah_2_e": -15.56228362837175, "ah_2_m": -82.74184974399326, "ah_2_s": -52.597288564364774, "ba_0_e": -2.0087563193757276, "ba_0_s": 36.16773913442313, "ba_1_e": 13.36448388645164, "ba_1_m": 38.87610396733037, "ba_1_s": 3.555351658115816, "ba_2_e": -21.290346121561754, "ba_2_m": -89.13961407819633, "ba_2_s": -24.23119844843677, "delay": 0.2025916913792798, "mi_0_e": 36.16933002324089, "mi_0_s": -37.287657404113766, "mi_1_e": 5.465234755427816, "mi_1_m": 47.59444287002762, "mi_1_s": 22.1198232662098, "mi_2_e": -20.531408920940123, "mi_2_m": -70.35347744340244, "mi_2_s": -17.99593942946416}, "datetime": {"datetime": "2019-09-11 16:58:19", "elapsed": 460.715374, "delta": 8.052688}}
{"target": 1.2046499252319336, "params": {"ah_0_e": 20.55218551061445, "ah_0_s": -36.230127076954275, "ah_1_e": 5.786147166808394, "ah_1_m": 33.94392692933339, "ah_1_s": 24.18595695448465, "ah_2_e": -38.69014345826765, "ah_2_m": -86.19969402110196, "ah_2_s": -22.231703285960407, "ba_0_e": -11.66764194764891, "ba_0_s": 6.205094285748347, "ba_1_e": 18.066946137697414, "ba_1_m": 47.26452963427699, "ba_1_s": 34.44442903597209, "ba_2_e": -10.493648767945926, "ba_2_m": -67.58524446230446, "ba_2_s": -21.192483516376267, "delay": 0.13380300753822083, "mi_0_e": 5.356035969162148, "mi_0_s": -22.156835928548112, "mi_1_e": 1.5918750984602925, "mi_1_m": 35.56656261693804, "mi_1_s": 22.39910991881193, "mi_2_e": -24.734602078045214, "mi_2_m": -68.08964103477155, "mi_2_s": -39.52732611217836}, "datetime": {"datetime": "2019-09-11 16:58:27", "elapsed": 468.772581, "delta": 8.057207}}
{"target": 1.2154816389083862, "params": {"ah_0_e": 18.3186927023374, "ah_0_s": -8.38646347173696, "ah_1_e": 17.36433829374514, "ah_1_m": 42.66418531612955, "ah_1_s": 12.36880214505703, "ah_2_e": -24.352197307775434, "ah_2_m": -63.99621341253306, "ah_2_s": -56.854019239948215, "ba_0_e": -3.7823869292892454, "ba_0_s": 37.83099901047233, "ba_1_e": 6.4883183626730805, "ba_1_m": 48.66311525646451, "ba_1_s": 32.75136226922466, "ba_2_e": -24.177225680182726, "ba_2_m": -68.23902745271589, "ba_2_s": -37.57157868366862, "delay": 0.1448231391494842, "mi_0_e": 20.473538871936803, "mi_0_s": -11.486117607818954, "mi_1_e": 33.158157128388574, "mi_1_m": 39.87649314982171, "mi_1_s": 33.737121859839924, "mi_2_e": -42.24708362561059, "mi_2_m": -74.52947319097157, "mi_2_s": -58.384762298059876}, "datetime": {"datetime": "2019-09-11 16:58:35", "elapsed": 476.806413, "delta": 8.033832}}
{"target": 1.5971448421478271, "params": {"ah_0_e": 10.0116423598067, "ah_0_s": -11.545155640007653, "ah_1_e": 23.166092874287916, "ah_1_m": 38.67679654305452, "ah_1_s": 2.077502886863512, "ah_2_e": -34.63613005830166, "ah_2_m": -73.95401830554232, "ah_2_s": -50.33734053874318, "ba_0_e": -28.450255452116068, "ba_0_s": 18.7000627044494, "ba_1_e": 8.406027252748203, "ba_1_m": 43.728868303447285, "ba_1_s": 34.64592086679904, "ba_2_e": -18.871476843413095, "ba_2_m": -84.64340220678892, "ba_2_s": -21.549427964081666, "delay": 0.13463806506982137, "mi_0_e": 9.858578131598577, "mi_0_s": -37.730359043983604, "mi_1_e": 31.098973617467983, "mi_1_m": 35.7852099096582, "mi_1_s": 33.171742313556244, "mi_2_e": -52.49652676157095, "mi_2_m": -73.03964382215021, "mi_2_s": -33.402477743323644}, "datetime": {"datetime": "2019-09-11 16:58:43", "elapsed": 484.851139, "delta": 8.044726}}
{"target": 0.20556311309337616, "params": {"ah_0_e": 27.044855755419796, "ah_0_s": -32.88856742662843, "ah_1_e": 0.517373035973252, "ah_1_m": 35.31024034944772, "ah_1_s": 0.5405271179966309, "ah_2_e": -43.72494220811287, "ah_2_m": -76.5440650743833, "ah_2_s": -26.082407280138884, "ba_0_e": -4.890894829610865, "ba_0_s": 10.102490092517197, "ba_1_e": 8.570822356665925, "ba_1_m": 35.84627524078567, "ba_1_s": 6.857618127464725, "ba_2_e": -14.396934188530166, "ba_2_m": -86.09928540814823, "ba_2_s": -14.409432278575505, "delay": 0.18469682686573102, "mi_0_e": 9.21403069002032, "mi_0_s": -5.374465110046096, "mi_1_e": 19.504388052621984, "mi_1_m": 48.14218110440741, "mi_1_s": 30.11598335679098, "mi_2_e": -26.922569205912502, "mi_2_m": -60.814764879775865, "mi_2_s": -50.04296775650166}, "datetime": {"datetime": "2019-09-11 16:58:51", "elapsed": 492.89249, "delta": 8.041351}}
{"target": 0.0010017892345786095, "params": {"ah_0_e": 33.20947263013831, "ah_0_s": -0.918034766375257, "ah_1_e": 23.43763099564366, "ah_1_m": 46.15557724630153, "ah_1_s": 31.412439880598708, "ah_2_e": -32.69149752450062, "ah_2_m": -76.73475911144732, "ah_2_s": -35.306556441411736, "ba_0_e": -8.860724296410154, "ba_0_s": 28.90174036704562, "ba_1_e": 18.210977255216076, "ba_1_m": 46.56936296170943, "ba_1_s": 17.702278537645327, "ba_2_e": -51.2429281192616, "ba_2_m": -68.45535264429729, "ba_2_s": -18.924741648874413, "delay": 0.20758964562757712, "mi_0_e": 30.967883390962687, "mi_0_s": -14.09270926565451, "mi_1_e": 20.34323698019101, "mi_1_m": 49.105245070763736, "mi_1_s": 2.826386773422758, "mi_2_e": -14.176710353087055, "mi_2_m": -78.57404494259721, "mi_2_s": -21.224673941797885}, "datetime": {"datetime": "2019-09-11 16:58:59", "elapsed": 500.97391, "delta": 8.08142}}
{"target": 0.3061732351779938, "params": {"ah_0_e": 31.781438485672783, "ah_0_s": -14.433135567290272, "ah_1_e": 23.316583157822333, "ah_1_m": 32.15627801589185, "ah_1_s": 2.9499068002794875, "ah_2_e": -41.25605341527448, "ah_2_m": -72.29193783402062, "ah_2_s": -14.36262619359909, "ba_0_e": -23.30212247427149, "ba_0_s": 28.5250543379897, "ba_1_e": 6.6355590067055, "ba_1_m": 47.91458217057408, "ba_1_s": 33.24462361080305, "ba_2_e": -58.07862712172669, "ba_2_m": -81.9024767322078, "ba_2_s": -30.314421384415756, "delay": 0.18949993570809756, "mi_0_e": 15.079540774616303, "mi_0_s": -16.00460278367612, "mi_1_e": 21.206372642625027, "mi_1_m": 41.89694266815835, "mi_1_s": 30.75313417105339, "mi_2_e": -22.73003778302885, "mi_2_m": -82.98565095608465, "mi_2_s": -57.050663340945064}, "datetime": {"datetime": "2019-09-11 16:59:07", "elapsed": 509.112568, "delta": 8.138658}}
{"target": 0.5789861083030701, "params": {"ah_0_e": 5.036152643020712, "ah_0_s": -18.57598968990528, "ah_1_e": 22.996411515865525, "ah_1_m": 46.86646427839045, "ah_1_s": 6.430879415660061, "ah_2_e": -52.80796189936859, "ah_2_m": -70.93096439571084, "ah_2_s": -54.61369646380862, "ba_0_e": -38.752971694493574, "ba_0_s": 7.988654869310972, "ba_1_e": 34.349366301393935, "ba_1_m": 42.190038515469936, "ba_1_s": 14.617132138496414, "ba_2_e": -18.46070923468453, "ba_2_m": -79.4970345926907, "ba_2_s": -11.848753417967892, "delay": 0.15492911307685636, "mi_0_e": 16.321771894617637, "mi_0_s": -26.260466273009374, "mi_1_e": 22.779093983649396, "mi_1_m": 46.92109198472939, "mi_1_s": 32.46533299091402, "mi_2_e": -43.022886380554986, "mi_2_m": -77.34521755225614, "mi_2_s": -29.93577718145042}, "datetime": {"datetime": "2019-09-11 16:59:15", "elapsed": 517.246127, "delta": 8.133559}}
{"target": -0.4022228419780731, "params": {"ah_0_e": 38.83143724247497, "ah_0_s": -33.06643726754392, "ah_1_e": 31.328038302702694, "ah_1_m": 36.22026135769683, "ah_1_s": 19.19711813831364, "ah_2_e": -44.10331292164074, "ah_2_m": -67.09408953978466, "ah_2_s": -18.38683425251358, "ba_0_e": -17.118309395667282, "ba_0_s": 32.71523564546351, "ba_1_e": 24.234506175847645, "ba_1_m": 32.3794667434603, "ba_1_s": 31.525977527510655, "ba_2_e": -33.98687835245775, "ba_2_m": -88.40030037718942, "ba_2_s": -37.67168531241329, "delay": 0.13678414573282824, "mi_0_e": 12.086206248608747, "mi_0_s": -34.89832905207339, "mi_1_e": 24.70745783676517, "mi_1_m": 47.898790403058484, "mi_1_s": 11.52011006280049, "mi_2_e": -36.40006983188131, "mi_2_m": -79.51194397452359, "mi_2_s": -39.71454267933322}, "datetime": {"datetime": "2019-09-11 16:59:23", "elapsed": 525.312522, "delta": 8.066395}}
{"target": -0.8075922131538391, "params": {"ah_0_e": 13.101202743698673, "ah_0_s": -20.7930392748294, "ah_1_e": 8.683901242106119, "ah_1_m": 46.91229924462291, "ah_1_s": 34.53371057388289, "ah_2_e": -13.328540156618963, "ah_2_m": -81.41784096800885, "ah_2_s": -26.505777609953714, "ba_0_e": -11.855407975985518, "ba_0_s": 14.034537724865485, "ba_1_e": 22.78526632579733, "ba_1_m": 37.422943689254595, "ba_1_s": 10.318730783793729, "ba_2_e": -55.58815868488994, "ba_2_m": -88.27496622678623, "ba_2_s": -40.67750132800677, "delay": 0.1471574224664554, "mi_0_e": 37.879660481715575, "mi_0_s": -31.265874135316345, "mi_1_e": 26.288143256298213, "mi_1_m": 34.23442669696972, "mi_1_s": 29.055478415680476, "mi_2_e": -22.004757708060502, "mi_2_m": -78.9486223575048, "mi_2_s": -45.536978494979316}, "datetime": {"datetime": "2019-09-11 16:59:31", "elapsed": 533.448589, "delta": 8.136067}}
{"target": -0.11011188477277756, "params": {"ah_0_e": 30.98342003974856, "ah_0_s": -22.438088293018858, "ah_1_e": 26.593888885063407, "ah_1_m": 48.058718042434194, "ah_1_s": 20.55970067331519, "ah_2_e": -14.52048578473993, "ah_2_m": -63.86927952426828, "ah_2_s": -15.263126333139345, "ba_0_e": -32.2272641504704, "ba_0_s": 9.425081160138976, "ba_1_e": 27.240531152366966, "ba_1_m": 30.788230243688886, "ba_1_s": 8.454544606930241, "ba_2_e": -53.95332006792327, "ba_2_m": -89.20556582508881, "ba_2_s": -40.2711003863524, "delay": 0.20809906116483107, "mi_0_e": 6.520803960024187, "mi_0_s": -38.20004689316026, "mi_1_e": 10.89536288596585, "mi_1_m": 45.979456807231855, "mi_1_s": 28.372018620641555, "mi_2_e": -52.99992957901724, "mi_2_m": -73.75652432707503, "mi_2_s": -56.53221960827242}, "datetime": {"datetime": "2019-09-11 16:59:39", "elapsed": 541.549098, "delta": 8.100509}}
{"target": 0.6945534348487854, "params": {"ah_0_e": 14.026254454946397, "ah_0_s": 2.0500471638313087, "ah_1_e": 21.669187163808118, "ah_1_m": 49.708898298896614, "ah_1_s": 1.1425353086907335, "ah_2_e": -46.258332941635416, "ah_2_m": -76.96662706141143, "ah_2_s": -34.62120236991598, "ba_0_e": -28.335184345716836, "ba_0_s": 16.43907397032313, "ba_1_e": 8.731177234548571, "ba_1_m": 34.385358206501216, "ba_1_s": 27.98812931336936, "ba_2_e": -35.11975029491292, "ba_2_m": -62.49569666090993, "ba_2_s": -48.84920960136902, "delay": 0.17269192608669848, "mi_0_e": 30.87857255712337, "mi_0_s": -23.038779260009246, "mi_1_e": 13.99810733947961, "mi_1_m": 49.7249356487259, "mi_1_s": 0.9884917057019438, "mi_2_e": -56.638195398242914, "mi_2_m": -87.92564903279904, "mi_2_s": -29.545935575072903}, "datetime": {"datetime": "2019-09-11 16:59:48", "elapsed": 549.678253, "delta": 8.129155}}
{"target": 0.3144049048423767, "params": {"ah_0_e": 12.506270489666193, "ah_0_s": -12.135401593004246, "ah_1_e": 6.22903174145593, "ah_1_m": 46.064163886560166, "ah_1_s": 8.887684955720733, "ah_2_e": -24.540307751633897, "ah_2_m": -87.4774737002987, "ah_2_s": -55.14584167372045, "ba_0_e": -15.907859872126522, "ba_0_s": 35.19936432025155, "ba_1_e": 12.338639908177162, "ba_1_m": 49.95768556449805, "ba_1_s": 15.179140879174195, "ba_2_e": -24.740600589924767, "ba_2_m": -61.247227018475016, "ba_2_s": -59.48534768933709, "delay": 0.1671910104729458, "mi_0_e": 30.710475491762974, "mi_0_s": -27.428266841605613, "mi_1_e": 25.30826898831034, "mi_1_m": 31.022218076522325, "mi_1_s": 32.20158918933998, "mi_2_e": -56.34206089511208, "mi_2_m": -76.55985081462592, "mi_2_s": -58.19579443422755}, "datetime": {"datetime": "2019-09-11 16:59:56", "elapsed": 557.794926, "delta": 8.116673}}
{"target": 1.0129668712615967, "params": {"ah_0_e": 14.83344379466286, "ah_0_s": -12.903401778855464, "ah_1_e": 13.876194151841837, "ah_1_m": 42.560464635104566, "ah_1_s": 10.522130098331184, "ah_2_e": -50.96791923280101, "ah_2_m": -62.09357935512626, "ah_2_s": -12.093878514999814, "ba_0_e": -37.777162691500855, "ba_0_s": 10.26592599286822, "ba_1_e": 13.837266582814163, "ba_1_m": 49.10779978514349, "ba_1_s": 3.8778403893584663, "ba_2_e": -42.37764929082136, "ba_2_m": -75.82864525369048, "ba_2_s": -27.66212029915295, "delay": 0.14585593834561536, "mi_0_e": 12.720792864656751, "mi_0_s": -6.533752840450143, "mi_1_e": 24.960739060593507, "mi_1_m": 43.076803983925096, "mi_1_s": 15.531942745365283, "mi_2_e": -45.94697440449218, "mi_2_m": -63.299279173359615, "mi_2_s": -56.93595866844655}, "datetime": {"datetime": "2019-09-11 17:00:04", "elapsed": 565.83977, "delta": 8.044844}}
{"target": 0.5907182693481445, "params": {"ah_0_e": 34.66693482337857, "ah_0_s": -10.343395315035252, "ah_1_e": 13.259090903160613, "ah_1_m": 38.33133458029495, "ah_1_s": 16.87538727551136, "ah_2_e": -56.76418850034003, "ah_2_m": -85.90778864754307, "ah_2_s": -33.89619246082797, "ba_0_e": -15.046667577482484, "ba_0_s": 35.63913517977626, "ba_1_e": 33.224255182030156, "ba_1_m": 42.78369511736492, "ba_1_s": 26.19821120314138, "ba_2_e": -27.58124531802213, "ba_2_m": -87.5408495725854, "ba_2_s": -51.83760249269156, "delay": 0.174164470497981, "mi_0_e": 35.36695233653108, "mi_0_s": -34.745515850411635, "mi_1_e": 28.294397481214965, "mi_1_m": 32.613856487947764, "mi_1_s": 18.760090118763426, "mi_2_e": -55.0391557353458, "mi_2_m": -83.12495491661491, "mi_2_s": -31.03565995125959}, "datetime": {"datetime": "2019-09-11 17:00:12", "elapsed": 573.875963, "delta": 8.036193}}
{"target": 1.0861563682556152, "params": {"ah_0_e": 39.2258137675988, "ah_0_s": -28.715207949714898, "ah_1_e": 11.67635800967642, "ah_1_m": 49.08401014859178, "ah_1_s": 28.305037186485137, "ah_2_e": -55.017000225533096, "ah_2_m": -60.34768768229686, "ah_2_s": -28.98822165169974, "ba_0_e": -29.401511952555882, "ba_0_s": 15.357726816059396, "ba_1_e": 25.82984237413443, "ba_1_m": 44.48169689728148, "ba_1_s": 16.16297935696715, "ba_2_e": -28.263723060354685, "ba_2_m": -77.54074839013578, "ba_2_s": -36.68538773171382, "delay": 0.17404636472062895, "mi_0_e": 26.54169748901302, "mi_0_s": -18.84768952936421, "mi_1_e": 27.010146884541044, "mi_1_m": 35.02406366698773, "mi_1_s": 22.951626876617812, "mi_2_e": -58.019857411000906, "mi_2_m": -60.10664281393278, "mi_2_s": -46.16805221971531}, "datetime": {"datetime": "2019-09-11 17:00:20", "elapsed": 581.952253, "delta": 8.07629}}
{"target": 0.8812655210494995, "params": {"ah_0_e": 8.81482618753753, "ah_0_s": -15.529562875127866, "ah_1_e": 21.94206058381171, "ah_1_m": 34.858942515416025, "ah_1_s": 31.984535633631285, "ah_2_e": -41.11562643458089, "ah_2_m": -66.9508407418458, "ah_2_s": -48.50660937999037, "ba_0_e": -35.25218140011994, "ba_0_s": 24.432886148597056, "ba_1_e": 3.323462443087202, "ba_1_m": 41.61968145350039, "ba_1_s": 8.854303945206594, "ba_2_e": -42.47334039773732, "ba_2_m": -81.4748085857454, "ba_2_s": -36.20928072843306, "delay": 0.1826017126162488, "mi_0_e": 33.46528458637695, "mi_0_s": -33.26292950750612, "mi_1_e": 21.688869721885197, "mi_1_m": 39.0220492424155, "mi_1_s": 14.278249616657861, "mi_2_e": -53.737380995218174, "mi_2_m": -81.08795196343114, "mi_2_s": -19.246751118670083}, "datetime": {"datetime": "2019-09-11 17:00:28", "elapsed": 590.089323, "delta": 8.13707}}
