{"target": -0.2636711597442627, "params": {"ah_0_e": 24.800625132024216, "ah_0_s": 0.8963614535025641, "ah_1_e": 5.274149728689491, "ah_1_m": 46.91035351061413, "ah_1_s": 28.707086321037245, "ah_2_e": -34.967055064891724, "ah_2_m": -61.1275155445711, "ah_2_s": -17.37512526984677, "ba_0_e": 1.518741260990204, "ba_0_s": 6.545417861115186, "ba_1_e": 13.037456824187583, "ba_1_m": 42.38079269450942, "ba_1_s": 6.893181361990584, "ba_2_e": -59.053987862014864, "ba_2_m": -64.67925699130268, "ba_2_s": -36.98395975806372, "delay": 0.17944090594773157, "mi_0_e": 13.084648203439636, "mi_0_s": -21.32081462232695, "mi_1_e": 17.185298519652523, "mi_1_m": 45.33724752653084, "mi_1_s": 22.19982634708557, "mi_2_e": -33.37750265326698, "mi_2_m": -80.00827629581926, "mi_2_s": -32.66887132610992}, "datetime": {"datetime": "2019-09-11 17:00:36", "elapsed": 598.230588, "delta": 8.141265}}
{"target": 1.2537153959274292, "params": {"ah_0_e": 23.39990569694934, "ah_0_s": -10.364438129873715, "ah_1_e": 6.341838368385158, "ah_1_m": 45.76099102344614, "ah_1_s": 21.100286813843905, "ah_2_e": -59.016644256866385, "ah_2_m": -66.67149580593528, "ah_2_s": -33.313323708328674, "ba_0_e": 0.30388111697509856, "ba_0_s": 26.050169339457582, "ba_1_e": 25.408559604708525, "ba_1_m": 38.273403284027204, "ba_1_s": 23.950836764096195, "ba_2_e": -57.30275149237816, "ba_2_m": -66.00558197217967, "ba_2_s": -50.36826319386602, "delay": 0.20756304096799172, "mi_0_e": 5.5099056117166105, "mi_0_s": -12.532335530804964, "mi_1_e": 4.108192210959541, "mi_1_m": 45.34847035482906, "mi_1_s": 2.842580507995665, "mi_2_e": -59.92067792954538, "mi_2_m": -71.68836047637916, "mi_2_s": -55.260138296652016}, "datetime": {"datetime": "2019-09-11 17:00:44", "elapsed": 606.348345, "delta": 8.117757}}
{"target": -0.7116660475730896, "params": {"ah_0_e": 11.600216122481374, "ah_0_s": -20.16075100799691, "ah_1_e": 29.568413665217122, "ah_1_m": 41.905395613465124, "ah_1_s": 16.1755333841975, "ah_2_e": -35.63248733785588, "ah_2_m": -77.21656580677042, "ah_2_s": -32.01596037927966, "ba_0_e": -31.28984690242853, "ba_0_s": 8.988801651071523, "ba_1_e": 5.29297745795518, "ba_1_m": 31.049819277062678, "ba_1_s": 19.553674387227105, "ba_2_e": -52.386050701800535, "ba_2_m": -70.77358016772332, "ba_2_s": -13.76554363179089, "delay": 0.1640579529588093, "mi_0_e": 26.070274346520048, "mi_0_s": -19.889121295147316, "mi_1_e": 28.37524317625795, "mi_1_m": 48.8377249237341, "mi_1_s": 30.446877064392403, "mi_2_e": -45.199974913994424, "mi_2_m": -74.10896774346526, "mi_2_s": -44.13490214516256}, "datetime": {"datetime": "2019-09-11 17:00:52", "elapsed": 614.380016, "delta": 8.031671}}
{"target": -0.030970660969614983, "params": {"ah_0_e": 5.469640869478534, "ah_0_s": 4.211515332591979, "ah_1_e": 6.0227066140113585, "ah_1_m": 48.12520791923364, "ah_1_s": 28.248846558313712, "ah_2_e": -50.006984219349384, "ah_2_m": -68.06808173355195, "ah_2_s": -20.957690287862903, "ba_0_e": -20.703968818866006, "ba_0_s": 34.727988525572925, "ba_1_e": 15.763287486510208, "ba_1_m": 48.708402280141236, "ba_1_s": 12.34377645381083, "ba_2_e": -40.96960828483799, "ba_2_m": -89.4209710906734, "ba_2_s": -42.173126112040244, "delay": 0.13363985728324831, "mi_0_e": 21.224498183309915, "mi_0_s": -16.716297029978232, "mi_1_e": 18.626354198258614, "mi_1_m": 35.69492417226263, "mi_1_s": 4.2791430580500975, "mi_2_e": -43.41444943754009, "mi_2_m": -80.4407926467392, "mi_2_s": -53.35696499995442}, "datetime": {"datetime": "2019-09-11 17:01:00", "elapsed": 622.414944, "delta": 8.034928}}
{"target": -0.37345942854881287, "params": {"ah_0_e": 9.63335227469581, "ah_0_s": -4.062086127488605, "ah_1_e": 28.936905844179513, "ah_1_m": 42.93099871502304, "ah_1_s": 7.1722751023221845, "ah_2_e": -23.071035720291896, "ah_2_m": -72.55490452617528, "ah_2_s": -37.08995363913657, "ba_0_e": -18.515291998350236, "ba_0_s": 21.36109622158793, "ba_1_e": 29.39442485691836, "ba_1_m": 47.40204730615135, "ba_1_s": 28.586388753186835, "ba_2_e": -53.89007093173498, "ba_2_m": -77.13026285811219, "ba_2_s": -58.20180666695409, "delay": 0.1785235478600374, "mi_0_e": 26.13817093778885, "mi_0_s": -16.175420797611658, "mi_1_e": 23.842146444095665, "mi_1_m": 31.03931377010722, "mi_1_s": 4.709124735417979, "mi_2_e": -16.512108378638253, "mi_2_m": -79.65603861674207, "mi_2_s": -18.766629588566914}, "datetime": {"datetime": "2019-09-11 17:01:08", "elapsed": 630.451082, "delta": 8.036138}}
{"target": 1.1868503093719482, "params": {"ah_0_e": 16.940138813804154, "ah_0_s": -38.00597548751029, "ah_1_e": 8.18070260407787, "ah_1_m": 49.28448649698588, "ah_1_s": 17.81987908807287, "ah_2_e": -17.553725923571598, "ah_2_m": -75.69025595203392, "ah_2_s": -57.17546919555404, "ba_0_e": -1.044129369714966, "ba_0_s": 18.72230541256354, "ba_1_e": 9.935363059069093, "ba_1_m": 45.23459725385484, "ba_1_s": 8.416951368108073, "ba_2_e": -22.71161773286762, "ba_2_m": -62.52259062539788, "ba_2_s": -53.20720473820134, "delay": 0.16583191324962238, "mi_0_e": 24.662519121349078, "mi_0_s": -30.784883519273198, "mi_1_e": 27.877110349591845, "mi_1_m": 38.95016277980628, "mi_1_s": 6.444464466152942, "mi_2_e": -51.43664257641509, "mi_2_m": -60.92993879484767, "mi_2_s": -57.336413480397624}, "datetime": {"datetime": "2019-09-11 17:01:16", "elapsed": 638.543614, "delta": 8.092532}}
{"target": 1.5207957029342651, "params": {"ah_0_e": 25.194224626712558, "ah_0_s": -0.6075067697190875, "ah_1_e": 21.299790294074555, "ah_1_m": 35.033191683046475, "ah_1_s": 10.364547322356653, "ah_2_e": -36.646127951582656, "ah_2_m": -88.8623463854128, "ah_2_s": -19.224780224508883, "ba_0_e": -17.054572983560096, "ba_0_s": 17.032583620289554, "ba_1_e": 26.940387073501498, "ba_1_m": 46.05732972864848, "ba_1_s": 14.859596860577582, "ba_2_e": -20.206124999716792, "ba_2_m": -62.01268380986566, "ba_2_s": -19.932413221028074, "delay": 0.15179206801035058, "mi_0_e": 25.957612126822365, "mi_0_s": -35.55792240460525, "mi_1_e": 4.488082859592021, "mi_1_m": 49.16377483429792, "mi_1_s": 23.910979534895127, "mi_2_e": -47.09821178391901, "mi_2_m": -89.48642357762972, "mi_2_s": -30.805038630907102}, "datetime": {"datetime": "2019-09-11 17:01:24", "elapsed": 646.579752, "delta": 8.036138}}
{"target": 0.6010518670082092, "params": {"ah_0_e": 23.60542130635656, "ah_0_s": -9.435417241192663, "ah_1_e": 17.9506299906497, "ah_1_m": 35.98224689321671, "ah_1_s": 3.6884635455513743, "ah_2_e": -24.24660728610724, "ah_2_m": -83.06558544863273, "ah_2_s": -42.03913522259231, "ba_0_e": -3.9401183558563346, "ba_0_s": 23.099218618964933, "ba_1_e": 8.123500764621726, "ba_1_m": 42.55923853963805, "ba_1_s": 10.64019215078061, "ba_2_e": -11.476437247101048, "ba_2_m": -87.09993530450626, "ba_2_s": -31.018478440139255, "delay": 0.16409046243397696, "mi_0_e": 30.943810736615067, "mi_0_s": -38.196044150702775, "mi_1_e": 2.538043481591217, "mi_1_m": 33.454021762645496, "mi_1_s": 11.282512119644874, "mi_2_e": -22.42121231650995, "mi_2_m": -74.86484944083578, "mi_2_s": -51.222980539884176}, "datetime": {"datetime": "2019-09-11 17:01:33", "elapsed": 654.664815, "delta": 8.085063}}
{"target": 1.487632393836975, "params": {"ah_0_e": 34.88903452297616, "ah_0_s": -13.18765260735843, "ah_1_e": 8.406080684087334, "ah_1_m": 33.729853765453704, "ah_1_s": 26.018667934071367, "ah_2_e": -21.86070288217738, "ah_2_m": -76.18472672779649, "ah_2_s": -47.46403935635959, "ba_0_e": -29.728790292307632, "ba_0_s": 11.107541565046041, "ba_1_e": 1.3907490301547938, "ba_1_m": 32.95137675399895, "ba_1_s": 29.800361743144677, "ba_2_e": -15.231795587247928, "ba_2_m": -66.70935136581953, "ba_2_s": -11.637859987298857, "delay": 0.1841085308361023, "mi_0_e": 13.109609951265186, "mi_0_s": -19.475710123061752, "mi_1_e": 4.875540996330437, "mi_1_m": 37.54434575223013, "mi_1_s": 14.855311318386535, "mi_2_e": -33.648247593000654, "mi_2_m": -72.6852543911584, "mi_2_s": -15.137828193708216}, "datetime": {"datetime": "2019-09-11 17:01:41", "elapsed": 662.740699, "delta": 8.075884}}
{"target": 0.8313131332397461, "params": {"ah_0_e": 32.040309332104044, "ah_0_s": -33.82572984295399, "ah_1_e": 14.85023310140342, "ah_1_m": 35.439122249055586, "ah_1_s": 10.535278007796721, "ah_2_e": -43.621038629321625, "ah_2_m": -75.53360171440244, "ah_2_s": -19.504352523997028, "ba_0_e": -18.88895020749803, "ba_0_s": 16.883930407870622, "ba_1_e": 24.657401938684412, "ba_1_m": 34.52190404865098, "ba_1_s": 29.57458480754208, "ba_2_e": -36.31148324458152, "ba_2_m": -75.01858718769267, "ba_2_s": -22.68429034438401, "delay": 0.14489245357893313, "mi_0_e": 21.513667195815888, "mi_0_s": -39.36385462388401, "mi_1_e": 4.651718318163947, "mi_1_m": 35.669248648561144, "mi_1_s": 28.02244109992096, "mi_2_e": -43.23884492553775, "mi_2_m": -68.3627522608031, "mi_2_s": -25.73238033875559}, "datetime": {"datetime": "2019-09-11 17:01:49", "elapsed": 670.796241, "delta": 8.055542}}
{"target": -0.044549331068992615, "params": {"ah_0_e": 19.698188904067518, "ah_0_s": -12.874595699096677, "ah_1_e": 25.176856852737643, "ah_1_m": 47.146006669024615, "ah_1_s": 23.83890146604434, "ah_2_e": -21.84910322358492, "ah_2_m": -87.7716160600878, "ah_2_s": -49.059770033788304, "ba_0_e": -26.167833380747005, "ba_0_s": 15.673797457472212, "ba_1_e": 30.840891145011664, "ba_1_m": 32.52156960794397, "ba_1_s": 22.171129198250398, "ba_2_e": -23.88563662367121, "ba_2_m": -84.81600975417919, "ba_2_s": -28.226172377794413, "delay": 0.18866928755750673, "mi_0_e": 11.734626164480858, "mi_0_s": -21.85060641392588, "mi_1_e": 28.12581192508595, "mi_1_m": 37.93976423344748, "mi_1_s": 5.655091394963145, "mi_2_e": -42.44911113243237, "mi_2_m": -82.59977417683177, "mi_2_s": -24.009631768654685}, "datetime": {"datetime": "2019-09-11 17:01:57", "elapsed": 678.857411, "delta": 8.06117}}
{"target": -0.21878838539123535, "params": {"ah_0_e": 20.797665143134058, "ah_0_s": 0.5202010573729368, "ah_1_e": 30.519497091682144, "ah_1_m": 44.143752195683646, "ah_1_s": 20.681520982164237, "ah_2_e": -50.869113519856285, "ah_2_m": -87.22933938299516, "ah_2_s": -10.125377983396158, "ba_0_e": -22.12475051948072, "ba_0_s": 24.649338930146854, "ba_1_e": 25.687309769970682, "ba_1_m": 31.749455243700872, "ba_1_s": 13.991424568830256, "ba_2_e": -23.981058972492445, "ba_2_m": -72.7053015931555, "ba_2_s": -34.89893163366442, "delay": 0.1828012178820841, "mi_0_e": 22.368264863959773, "mi_0_s": -26.716387021181667, "mi_1_e": 20.38539516612279, "mi_1_m": 38.566647960777125, "mi_1_s": 0.17417276489428868, "mi_2_e": -19.725820692980093, "mi_2_m": -69.60619962858867, "mi_2_s": -17.348906292746566}, "datetime": {"datetime": "2019-09-11 17:02:05", "elapsed": 686.935184, "delta": 8.077773}}
{"target": 0.37930741906166077, "params": {"ah_0_e": 25.95323585622525, "ah_0_s": -12.482523550317893, "ah_1_e": 17.503264085892532, "ah_1_m": 36.41697803201729, "ah_1_s": 22.864031820855903, "ah_2_e": -19.514174133952185, "ah_2_m": -60.17642944333885, "ah_2_s": -46.74710093419807, "ba_0_e": -20.04232711432292, "ba_0_s": 29.424457961744693, "ba_1_e": 6.47651723729416, "ba_1_m": 31.25239603967831, "ba_1_s": 13.233800537405745, "ba_2_e": -44.7998255222747, "ba_2_m": -63.08455102362947, "ba_2_s": -19.79171168374962, "delay": 0.1663162120325216, "mi_0_e": 26.740221639277614, "mi_0_s": -31.254348682414477, "mi_1_e": 3.840725744997981, "mi_1_m": 42.49247214311282, "mi_1_s": 13.557618275056829, "mi_2_e": -43.50451843739035, "mi_2_m": -66.10681132985705, "mi_2_s": -36.39593987653656}, "datetime": {"datetime": "2019-09-11 17:02:13", "elapsed": 695.040165, "delta": 8.104981}}
{"target": 1.1150221824645996, "params": {"ah_0_e": 11.025689423457644, "ah_0_s": -39.15935473016311, "ah_1_e": 17.0432586248385, "ah_1_m": 33.68355553121786, "ah_1_s": 22.34201655011856, "ah_2_e": -36.828740967021645, "ah_2_m": -83.24836139993238, "ah_2_s": -29.64799513171016, "ba_0_e": 4.5253458876313815, "ba_0_s": 23.03251436567258, "ba_1_e": 16.75881904149151, "ba_1_m": 44.98884941504339, "ba_1_s": 20.04409026523454, "ba_2_e": -28.12326586500127, "ba_2_m": -74.67734356380427, "ba_2_s": -19.45691874694249, "delay": 0.16148667314374895, "mi_0_e": 6.048661338341699, "mi_0_s": -21.1885171119771, "mi_1_e": 9.606593948124978, "mi_1_m": 40.534317207172315, "mi_1_s": 1.0245242491089384, "mi_2_e": -37.75433832610872, "mi_2_m": -68.78993650885072, "mi_2_s": -38.87453405067737}, "datetime": {"datetime": "2019-09-11 17:02:21", "elapsed": 703.107165, "delta": 8.067}}
{"target": 0.5945044159889221, "params": {"ah_0_e": 30.646944864147834, "ah_0_s": -20.184797794160303, "ah_1_e": 23.210488800868795, "ah_1_m": 34.77819909740424, "ah_1_s": 34.9509681005268, "ah_2_e": -22.143926080988376, "ah_2_m": -88.22485243144574, "ah_2_s": -20.860987519550896, "ba_0_e": -17.609602692771965, "ba_0_s": 33.741193771245754, "ba_1_e": 25.080581637815698, "ba_1_m": 44.11160824241338, "ba_1_s": 15.415419599150129, "ba_2_e": -47.708751272757965, "ba_2_m": -87.59860731044577, "ba_2_s": -32.06758726579189, "delay": 0.17223723873237606, "mi_0_e": 7.311245440582307, "mi_0_s": -18.677057578474244, "mi_1_e": 16.353349821663606, "mi_1_m": 47.902754216071465, "mi_1_s": 3.8695104089404433, "mi_2_e": -46.55688015994833, "mi_2_m": -76.36413505646158, "mi_2_s": -40.32677152582717}, "datetime": {"datetime": "2019-09-11 17:02:29", "elapsed": 711.152659, "delta": 8.045494}}
{"target": 0.898016095161438, "params": {"ah_0_e": 6.04240304453461, "ah_0_s": -33.39636791076492, "ah_1_e": 9.939412891316481, "ah_1_m": 30.09744095907212, "ah_1_s": 23.42052292289979, "ah_2_e": -53.51289744612991, "ah_2_m": -76.40904927813722, "ah_2_s": -37.15820237596019, "ba_0_e": -12.292333212413322, "ba_0_s": 15.576352514553145, "ba_1_e": 12.83561935813296, "ba_1_m": 41.49879454555533, "ba_1_s": 28.322580430107056, "ba_2_e": -20.079831720408556, "ba_2_m": -69.82572167544868, "ba_2_s": -47.14606251948485, "delay": 0.15727361993058736, "mi_0_e": 6.666382504729427, "mi_0_s": -10.472492503668807, "mi_1_e": 6.785270088084138, "mi_1_m": 39.902247251223564, "mi_1_s": 22.229373638196837, "mi_2_e": -54.01099886092915, "mi_2_m": -87.07609669266735, "mi_2_s": -25.35803842425475}, "datetime": {"datetime": "2019-09-11 17:02:37", "elapsed": 719.184397, "delta": 8.031738}}
{"target": 1.1427979469299316, "params": {"ah_0_e": 31.368302559395502, "ah_0_s": -27.290738624846234, "ah_1_e": 12.900190441784657, "ah_1_m": 35.8545312418626, "ah_1_s": 14.479175766968547, "ah_2_e": -20.735784783419028, "ah_2_m": -69.56958019410567, "ah_2_s": -16.095990694504383, "ba_0_e": 3.3358207817990575, "ba_0_s": 22.639405328957398, "ba_1_e": 32.30852389060323, "ba_1_m": 44.92320281546842, "ba_1_s": 16.01968506881467, "ba_2_e": -47.73111126540659, "ba_2_m": -78.84069235820778, "ba_2_s": -25.187921707593432, "delay": 0.17173274507306174, "mi_0_e": 29.93092684766002, "mi_0_s": -15.685973600690737, "mi_1_e": 0.4382992910265643, "mi_1_m": 35.36525658271873, "mi_1_s": 27.886091645652943, "mi_2_e": -56.499654448175065, "mi_2_m": -78.75993464709765, "mi_2_s": -16.64037422902055}, "datetime": {"datetime": "2019-09-11 17:02:45", "elapsed": 727.265519, "delta": 8.081122}}
{"target": 1.0023972988128662, "params": {"ah_0_e": 31.514962573659744, "ah_0_s": -16.28925942786952, "ah_1_e": 26.385417506742453, "ah_1_m": 47.172234061400246, "ah_1_s": 33.16395428856385, "ah_2_e": -42.72687673114157, "ah_2_m": -85.6277462952794, "ah_2_s": -47.12940288482734, "ba_0_e": -7.280446521834541, "ba_0_s": 35.05767646934377, "ba_1_e": 32.30510642637829, "ba_1_m": 48.04152003049689, "ba_1_s": 13.851259154781324, "ba_2_e": -14.20106398993626, "ba_2_m": -84.88721155374446, "ba_2_s": -36.94657766538172, "delay": 0.17336609237912984, "mi_0_e": 33.88113656982468, "mi_0_s": -6.1194464531520865, "mi_1_e": 30.728614655380486, "mi_1_m": 30.692680026754406, "mi_1_s": 24.261809543243583, "mi_2_e": -39.37422396752046, "mi_2_m": -79.2524754250079, "mi_2_s": -28.704009386912805}, "datetime": {"datetime": "2019-09-11 17:02:53", "elapsed": 735.350327, "delta": 8.084808}}
{"target": 0.5351380705833435, "params": {"ah_0_e": 14.641170932753644, "ah_0_s": -17.076613835255696, "ah_1_e": 31.003809100240254, "ah_1_m": 41.30579340731137, "ah_1_s": 23.210211201251088, "ah_2_e": -32.068961547675045, "ah_2_m": -89.16417261364356, "ah_2_s": -47.12612261758549, "ba_0_e": -24.029387011715198, "ba_0_s": 27.87358614322808, "ba_1_e": 18.991574415510215, "ba_1_m": 47.68112424757372, "ba_1_s": 9.62689178728941, "ba_2_e": -15.403374258616866, "ba_2_m": -65.7381615522351, "ba_2_s": -29.35231163025429, "delay": 0.19832478359474515, "mi_0_e": 14.479571984257081, "mi_0_s": -26.92255811230393, "mi_1_e": 21.82431303659454, "mi_1_m": 38.16094270695857, "mi_1_s": 1.7617295380808113, "mi_2_e": -47.24169365162464, "mi_2_m": -68.87176603271644, "mi_2_s": -29.922909827452006}, "datetime": {"datetime": "2019-09-11 17:03:01", "elapsed": 743.431739, "delta": 8.081412}}
{"target": -0.17531508207321167, "params": {"ah_0_e": 18.203384863567834, "ah_0_s": -10.13788157480079, "ah_1_e": 3.0216650385307418, "ah_1_m": 40.997798409439625, "ah_1_s": 0.5397637820139545, "ah_2_e": -59.15194917697084, "ah_2_m": -77.95281667164045, "ah_2_s": -29.20571139981133, "ba_0_e": -33.39634311726328, "ba_0_s": 29.39074142528818, "ba_1_e": 31.70329458472933, "ba_1_m": 36.36217504689233, "ba_1_s": 26.82722506296804, "ba_2_e": -24.37490510205938, "ba_2_m": -88.7167602712318, "ba_2_s": -45.11578773974037, "delay": 0.1800012474554657, "mi_0_e": 37.57571566025517, "mi_0_s": -14.416483553817148, "mi_1_e": 32.32655112192663, "mi_1_m": 43.561658682479646, "mi_1_s": 26.997687752051167, "mi_2_e": -38.581766821747564, "mi_2_m": -85.01714032497699, "mi_2_s": -44.91408996459313}, "datetime": {"datetime": "2019-09-11 17:03:09", "elapsed": 751.511496, "delta": 8.079757}}
{"target": -0.8450925946235657, "params": {"ah_0_e": 10.131304562191815, "ah_0_s": -12.43924921173663, "ah_1_e": 9.776211746571615, "ah_1_m": 48.317574461346, "ah_1_s": 6.938130157355381, "ah_2_e": -24.285824768565142, "ah_2_m": -61.429641149090365, "ah_2_s": -32.37895720253191, "ba_0_e": -14.90854831729997, "ba_0_s": 25.074637890198336, "ba_1_e": 31.688208298588556, "ba_1_m": 36.9482786560121, "ba_1_s": 15.663493285693933, "ba_2_e": -52.56188312507487, "ba_2_m": -77.30487909696075, "ba_2_s": -42.69964674388668, "delay": 0.15226874643154528, "mi_0_e": 22.061495556904717, "mi_0_s": -26.733333565316528, "mi_1_e": 4.6687910550834, "mi_1_m": 30.658174331850688, "mi_1_s": 3.9693850395789148, "mi_2_e": -33.873053816982654, "mi_2_m": -60.720802038924255, "mi_2_s": -41.31044645686109}, "datetime": {"datetime": "2019-09-11 17:03:18", "elapsed": 759.627578, "delta": 8.116082}}
{"target": 1.1857492923736572, "params": {"ah_0_e": 8.415391629162956, "ah_0_s": -28.70673080276894, "ah_1_e": 14.927253104967646, "ah_1_m": 32.31653493412498, "ah_1_s": 9.469319782911324, "ah_2_e": -11.053983641775563, "ah_2_m": -89.55136660831408, "ah_2_s": -40.57868040607053, "ba_0_e": -22.974077252413792, "ba_0_s": 5.92849228886572, "ba_1_e": 13.644356193124448, "ba_1_m": 39.05117252772868, "ba_1_s": 32.5851117817576, "ba_2_e": -23.92520859190283, "ba_2_m": -78.44345673249897, "ba_2_s": -43.25841772910967, "delay": 0.14487687758370713, "mi_0_e": 22.701717214525114, "mi_0_s": -32.527526700097724, "mi_1_e": 3.3802662049944736, "mi_1_m": 42.120705963379244, "mi_1_s": 0.9120976440937634, "mi_2_e": -10.352336190503783, "mi_2_m": -61.78585821420214, "mi_2_s": -34.07002295745182}, "datetime": {"datetime": "2019-09-11 17:03:26", "elapsed": 767.716612, "delta": 8.089034}}
{"target": 0.6893590092658997, "params": {"ah_0_e": 37.39964380415808, "ah_0_s": -21.749917713743912, "ah_1_e": 2.6261423767789283, "ah_1_m": 47.22704948966057, "ah_1_s": 18.175415491465408, "ah_2_e": -25.946793445871204, "ah_2_m": -88.89097016354027, "ah_2_s": -56.913088425118914, "ba_0_e": -28.299146261948845, "ba_0_s": 12.04871487998021, "ba_1_e": 20.611804615712703, "ba_1_m": 46.85036419683118, "ba_1_s": 11.78523814107692, "ba_2_e": -39.321471073213075, "ba_2_m": -64.86734998436424, "ba_2_s": -19.72968676190709, "delay": 0.19090681727936765, "mi_0_e": 10.25344614732175, "mi_0_s": -14.306746436673961, "mi_1_e": 24.132320211218428, "mi_1_m": 30.30178615265958, "mi_1_s": 1.1268041353999685, "mi_2_e": -24.376297001201433, "mi_2_m": -70.09869541536898, "mi_2_s": -28.110805276500557}, "datetime": {"datetime": "2019-09-11 17:03:34", "elapsed": 775.810645, "delta": 8.094033}}
{"target": 1.278739094734192, "params": {"ah_0_e": 33.25167014297318, "ah_0_s": -38.38085645536111, "ah_1_e": 12.54383356188638, "ah_1_m": 42.76556266533649, "ah_1_s": 5.005143833141293, "ah_2_e": -52.88693072557203, "ah_2_m": -79.36693224820299, "ah_2_s": -15.764671274001355, "ba_0_e": -30.635616550047374, "ba_0_s": 31.092441576185763, "ba_1_e": 14.119231991696049, "ba_1_m": 39.68940121897013, "ba_1_s": 31.060927732545462, "ba_2_e": -16.872177481211544, "ba_2_m": -88.93118392158352, "ba_2_s": -12.131484089828994, "delay": 0.13795522058039078, "mi_0_e": 12.813345082915522, "mi_0_s": -33.23047787911799, "mi_1_e": 15.955548257932584, "mi_1_m": 43.06502284522639, "mi_1_s": 6.1012398131943035, "mi_2_e": -18.33609664632641, "mi_2_m": -75.62545021661367, "mi_2_s": -47.01468176401108}, "datetime": {"datetime": "2019-09-11 17:03:42", "elapsed": 783.900816, "delta": 8.090171}}
