{"target": 1.2224042415618896, "params": {"ah_0_e": 34.53716522895152, "ah_0_s": -7.534926744074838, "ah_1_e": 4.829784948005988, "ah_1_m": 40.75118227096382, "ah_1_s": 7.356379731126018, "ah_2_e": -10.0, "ah_2_m": -60.0, "ah_2_s": -10.0, "ba_0_e": -33.185992584586096, "ba_0_s": 6.708047638042842, "ba_1_e": 7.1319071495574455, "ba_1_m": 49.194677513993305, "ba_1_s": 28.858628259486416, "ba_2_e": -10.0, "ba_2_m": -60.0, "ba_2_s": -10.0, "delay": 0.18003988722146871, "mi_0_e": 25.948281136810685, "mi_0_s": -5.0, "mi_1_e": 4.028011634397081, "mi_1_m": 45.32908772051093, "mi_1_s": 30.397736719504273, "mi_2_e": -10.0, "mi_2_m": -60.0, "mi_2_s": -10.0}, "datetime": {"datetime": "2019-09-11 18:14:45", "elapsed": 5047.323652, "delta": 14.266191}}
{"target": 1.4702272415161133, "params": {"ah_0_e": 36.06928527130572, "ah_0_s": -24.893951739185393, "ah_1_e": 3.6515088881681397, "ah_1_m": 36.706412294527716, "ah_1_s": 19.152691357752815, "ah_2_e": -10.0, "ah_2_m": -60.0, "ah_2_s": -10.0, "ba_0_e": -22.04203714800007, "ba_0_s": 24.827214293394604, "ba_1_e": 0.12169305643926431, "ba_1_m": 40.56748662383199, "ba_1_s": 30.94543669710993, "ba_2_e": -10.0, "ba_2_m": -60.0, "ba_2_s": -10.0, "delay": 0.16597080616167592, "mi_0_e": 24.38084700285958, "mi_0_s": -5.0, "mi_1_e": 6.531168663860799, "mi_1_m": 30.780926319223315, "mi_1_s": 32.38463168948737, "mi_2_e": -10.0, "mi_2_m": -60.0, "mi_2_s": -10.0}, "datetime": {"datetime": "2019-09-11 18:15:01", "elapsed": 5063.218653, "delta": 15.895001}}
{"target": 0.7561484575271606, "params": {"ah_0_e": 39.04544297909194, "ah_0_s": -32.730624734752055, "ah_1_e": 2.172862375452575, "ah_1_m": 41.093791567207475, "ah_1_s": 18.982751735576617, "ah_2_e": -10.0, "ah_2_m": -60.0, "ah_2_s": -10.0, "ba_0_e": -7.606551703268963, "ba_0_s": 12.670827242750086, "ba_1_e": 9.31477455991319, "ba_1_m": 44.03290426574169, "ba_1_s": 23.100726436266903, "ba_2_e": -10.0, "ba_2_m": -60.0, "ba_2_s": -10.0, "delay": 0.17077842479505045, "mi_0_e": 7.657882883611881, "mi_0_s": -5.0, "mi_1_e": 6.765908766752958, "mi_1_m": 48.67297636961662, "mi_1_s": 7.033195263473476, "mi_2_e": -10.0, "mi_2_m": -60.0, "mi_2_s": -10.0}, "datetime": {"datetime": "2019-09-11 18:15:15", "elapsed": 5077.532836, "delta": 14.314183}}
{"target": 1.3235076665878296, "params": {"ah_0_e": 35.60743449060746, "ah_0_s": -3.6818168509305096, "ah_1_e": 6.1712357561599065, "ah_1_m": 39.92680115257359, "ah_1_s": 16.02601674222653, "ah_2_e": -10.0, "ah_2_m": -60.0, "ah_2_s": -10.0, "ba_0_e": -38.40686828397281, "ba_0_s": 16.2947926554098, "ba_1_e": 1.2384671530067686, "ba_1_m": 48.9110847367176, "ba_1_s": 30.31873067162472, "ba_2_e": -10.0, "ba_2_m": -60.0, "ba_2_s": -10.0, "delay": 0.17256274780239456, "mi_0_e": 10.498532199064078, "mi_0_s": -5.0, "mi_1_e": 8.188648640814797, "mi_1_m": 45.83703861097034, "mi_1_s": 32.42180120073205, "mi_2_e": -10.0, "mi_2_m": -60.0, "mi_2_s": -10.0}, "datetime": {"datetime": "2019-09-11 18:15:30", "elapsed": 5091.608022, "delta": 14.075186}}
{"target": 0.5938495397567749, "params": {"ah_0_e": 17.4777598475976, "ah_0_s": -12.6728588259957, "ah_1_e": 5.954280792831926, "ah_1_m": 34.420041097803434, "ah_1_s": 23.21625109661214, "ah_2_e": -10.0, "ah_2_m": -60.0, "ah_2_s": -10.0, "ba_0_e": -11.988170146835444, "ba_0_s": 21.463008107304834, "ba_1_e": 15.723040196359982, "ba_1_m": 45.72075046081355, "ba_1_s": 33.5736237748979, "ba_2_e": -10.0, "ba_2_m": -60.0, "ba_2_s": -10.0, "delay": 0.15897432777958925, "mi_0_e": 7.935346703997372, "mi_0_s": -5.0, "mi_1_e": 19.788225423349193, "mi_1_m": 49.409416723894346, "mi_1_s": 32.87768456647627, "mi_2_e": -10.0, "mi_2_m": -60.0, "mi_2_s": -10.0}, "datetime": {"datetime": "2019-09-11 18:15:44", "elapsed": 5105.708584, "delta": 14.100562}}
{"target": 1.15467369556427, "params": {"ah_0_e": 30.903951814032535, "ah_0_s": -15.556297921465795, "ah_1_e": 21.67463956039091, "ah_1_m": 37.11732254484725, "ah_1_s": 15.95511537411381, "ah_2_e": -10.0, "ah_2_m": -60.0, "ah_2_s": -10.0, "ba_0_e": -13.534665927357295, "ba_0_s": 11.322634110372356, "ba_1_e": 11.302948647362145, "ba_1_m": 49.98142250237517, "ba_1_s": 24.451518382504986, "ba_2_e": -10.0, "ba_2_m": -60.0, "ba_2_s": -10.0, "delay": 0.15455434449188057, "mi_0_e": 8.630266080628134, "mi_0_s": -5.0, "mi_1_e": 1.8104208063277412, "mi_1_m": 38.840620901294315, "mi_1_s": 13.184619312199272, "mi_2_e": -10.0, "mi_2_m": -60.0, "mi_2_s": -10.0}, "datetime": {"datetime": "2019-09-11 18:15:57", "elapsed": 5118.927349, "delta": 13.218765}}
{"target": 0.7094125151634216, "params": {"ah_0_e": 38.64026266148549, "ah_0_s": -30.612370028589787, "ah_1_e": 21.813271012231738, "ah_1_m": 48.63197279960677, "ah_1_s": 16.944351167174855, "ah_2_e": -10.0, "ah_2_m": -60.0, "ah_2_s": -10.0, "ba_0_e": -8.78280555545673, "ba_0_s": 7.28228331604079, "ba_1_e": 4.8113125664177065, "ba_1_m": 46.457469188606495, "ba_1_s": 33.00926664274914, "ba_2_e": -10.0, "ba_2_m": -60.0, "ba_2_s": -10.0, "delay": 0.16498415066800315, "mi_0_e": 7.097115114247946, "mi_0_s": -5.0, "mi_1_e": 9.754788482412994, "mi_1_m": 47.809606673679895, "mi_1_s": 4.067876591025825, "mi_2_e": -10.0, "mi_2_m": -60.0, "mi_2_s": -10.0}, "datetime": {"datetime": "2019-09-11 18:16:10", "elapsed": 5132.580176, "delta": 13.652827}}
{"target": 0.8670486807823181, "params": {"ah_0_e": 39.78943151004729, "ah_0_s": -6.028950105067821, "ah_1_e": 7.198814730201382, "ah_1_m": 42.7451249822531, "ah_1_s": 19.903578187782628, "ah_2_e": -10.0, "ah_2_m": -60.0, "ah_2_s": -10.0, "ba_0_e": -18.875749344936217, "ba_0_s": 8.140228539322717, "ba_1_e": 2.384704239824185, "ba_1_m": 44.84824619596843, "ba_1_s": 23.245746242478724, "ba_2_e": -10.0, "ba_2_m": -60.0, "ba_2_s": -10.0, "delay": 0.19854400393655758, "mi_0_e": 14.68089510596259, "mi_0_s": -5.0, "mi_1_e": 5.035385847107897, "mi_1_m": 47.70761925234545, "mi_1_s": 11.344591970973415, "mi_2_e": -10.0, "mi_2_m": -60.0, "mi_2_s": -10.0}, "datetime": {"datetime": "2019-09-11 18:16:25", "elapsed": 5147.307814, "delta": 14.727638}}
{"target": 1.092585563659668, "params": {"ah_0_e": 27.39856042544628, "ah_0_s": -13.670354846194066, "ah_1_e": 5.45503889871033, "ah_1_m": 39.989078029387244, "ah_1_s": 2.620586749429901, "ah_2_e": -10.0, "ah_2_m": -60.0, "ah_2_s": -10.0, "ba_0_e": -35.81409155060164, "ba_0_s": 18.24005816838909, "ba_1_e": 0.7700298172449899, "ba_1_m": 49.2254596954763, "ba_1_s": 22.016162024725986, "ba_2_e": -10.0, "ba_2_m": -60.0, "ba_2_s": -10.0, "delay": 0.18112774977617258, "mi_0_e": 14.01756629961295, "mi_0_s": -5.0, "mi_1_e": 10.153673675605795, "mi_1_m": 44.8242230875958, "mi_1_s": 34.45465092828228, "mi_2_e": -10.0, "mi_2_m": -60.0, "mi_2_s": -10.0}, "datetime": {"datetime": "2019-09-11 18:16:39", "elapsed": 5161.454385, "delta": 14.146571}}
{"target": 0.7860434651374817, "params": {"ah_0_e": 31.662613699665282, "ah_0_s": -28.503701388288093, "ah_1_e": 32.37653950815111, "ah_1_m": 32.92227485444467, "ah_1_s": 5.463232803305169, "ah_2_e": -10.0, "ah_2_m": -60.0, "ah_2_s": -10.0, "ba_0_e": -28.54917373870157, "ba_0_s": 10.08621718763482, "ba_1_e": 2.140188229372688, "ba_1_m": 48.846330066095796, "ba_1_s": 33.24939432668948, "ba_2_e": -10.0, "ba_2_m": -60.0, "ba_2_s": -10.0, "delay": 0.20612037986752993, "mi_0_e": 7.162085483750371, "mi_0_s": -5.0, "mi_1_e": 10.339682249783003, "mi_1_m": 45.6087819126313, "mi_1_s": 9.62606021966298, "mi_2_e": -10.0, "mi_2_m": -60.0, "mi_2_s": -10.0}, "datetime": {"datetime": "2019-09-11 18:16:54", "elapsed": 5175.752062, "delta": 14.297677}}
{"target": 1.1656293869018555, "params": {"ah_0_e": 24.393521310989602, "ah_0_s": -28.56270323699861, "ah_1_e": 12.136722461513799, "ah_1_m": 35.27601311882204, "ah_1_s": 8.709044838130728, "ah_2_e": -10.0, "ah_2_m": -60.0, "ah_2_s": -10.0, "ba_0_e": -25.016469815460944, "ba_0_s": 29.807787573184594, "ba_1_e": 0.05748999629808127, "ba_1_m": 43.301188399062966, "ba_1_s": 33.45909184764518, "ba_2_e": -10.0, "ba_2_m": -60.0, "ba_2_s": -10.0, "delay": 0.14768593307490047, "mi_0_e": 28.85148559061036, "mi_0_s": -5.0, "mi_1_e": 4.28700700071575, "mi_1_m": 39.89998647911126, "mi_1_s": 10.615297444682858, "mi_2_e": -10.0, "mi_2_m": -60.0, "mi_2_s": -10.0}, "datetime": {"datetime": "2019-09-11 18:17:07", "elapsed": 5189.320358, "delta": 13.568296}}
{"target": 1.1488618850708008, "params": {"ah_0_e": 32.01970411926705, "ah_0_s": -16.998974604182102, "ah_1_e": 23.276992834591834, "ah_1_m": 40.90870443146581, "ah_1_s": 22.53566001444118, "ah_2_e": -10.0, "ah_2_m": -60.0, "ah_2_s": -10.0, "ba_0_e": -33.70371778671151, "ba_0_s": 17.83180073697416, "ba_1_e": 7.3086877549229, "ba_1_m": 43.24004528581824, "ba_1_s": 24.928752828894506, "ba_2_e": -10.0, "ba_2_m": -60.0, "ba_2_s": -10.0, "delay": 0.13470670095559611, "mi_0_e": 14.212734402175817, "mi_0_s": -5.0, "mi_1_e": 8.334642802700131, "mi_1_m": 43.49289718652838, "mi_1_s": 25.995045818925796, "mi_2_e": -10.0, "mi_2_m": -60.0, "mi_2_s": -10.0}, "datetime": {"datetime": "2019-09-11 18:17:21", "elapsed": 5202.887794, "delta": 13.567436}}
{"target": 0.27058911323547363, "params": {"ah_0_e": 38.18422692090521, "ah_0_s": -33.23860508586708, "ah_1_e": 30.284624149336626, "ah_1_m": 31.393265175841176, "ah_1_s": 5.085627589259114, "ah_2_e": -10.0, "ah_2_m": -60.0, "ah_2_s": -10.0, "ba_0_e": -28.15490227080207, "ba_0_s": 28.98488740409661, "ba_1_e": 10.633681935579723, "ba_1_m": 47.68658733627474, "ba_1_s": 32.112543734676116, "ba_2_e": -10.0, "ba_2_m": -60.0, "ba_2_s": -10.0, "delay": 0.19788089225670866, "mi_0_e": 8.941439680779778, "mi_0_s": -5.0, "mi_1_e": 11.498208173868278, "mi_1_m": 34.64034281741755, "mi_1_s": 15.048012924748942, "mi_2_e": -10.0, "mi_2_m": -60.0, "mi_2_s": -10.0}, "datetime": {"datetime": "2019-09-11 18:17:34", "elapsed": 5216.456495, "delta": 13.568701}}
{"target": 0.5934144854545593, "params": {"ah_0_e": 39.39320158599602, "ah_0_s": -3.5112115904652583, "ah_1_e": 19.81244892082738, "ah_1_m": 40.92190382087477, "ah_1_s": 11.300077446552365, "ah_2_e": -10.0, "ah_2_m": -60.0, "ah_2_s": -10.0, "ba_0_e": -18.276677837061737, "ba_0_s": 22.9766615689363, "ba_1_e": 8.21560664668171, "ba_1_m": 49.213864350294415, "ba_1_s": 26.90866807855768, "ba_2_e": -10.0, "ba_2_m": -60.0, "ba_2_s": -10.0, "delay": 0.15290991599946263, "mi_0_e": 29.07982519575808, "mi_0_s": -5.0, "mi_1_e": 12.777731753622621, "mi_1_m": 31.35168957158308, "mi_1_s": 11.688332172164749, "mi_2_e": -10.0, "mi_2_m": -60.0, "mi_2_s": -10.0}, "datetime": {"datetime": "2019-09-11 18:17:49", "elapsed": 5231.122962, "delta": 14.666467}}
{"target": 0.4326346516609192, "params": {"ah_0_e": 25.141374904016146, "ah_0_s": -35.150780994281355, "ah_1_e": 11.771636866713205, "ah_1_m": 43.55366284722432, "ah_1_s": 10.895220174372039, "ah_2_e": -10.0, "ah_2_m": -60.0, "ah_2_s": -10.0, "ba_0_e": -24.540734797359296, "ba_0_s": 25.18866017312059, "ba_1_e": 10.167608807530565, "ba_1_m": 49.5689642317991, "ba_1_s": 33.42235915262994, "ba_2_e": -10.0, "ba_2_m": -60.0, "ba_2_s": -10.0, "delay": 0.14474096867022176, "mi_0_e": 24.30994577188886, "mi_0_s": -5.0, "mi_1_e": 20.69343196648542, "mi_1_m": 31.360901206239863, "mi_1_s": 13.588392556506397, "mi_2_e": -10.0, "mi_2_m": -60.0, "mi_2_s": -10.0}, "datetime": {"datetime": "2019-09-11 18:18:04", "elapsed": 5246.126013, "delta": 15.003051}}
{"target": -0.38263773918151855, "params": {"ah_0_e": 37.78114717163474, "ah_0_s": -38.3995572335903, "ah_1_e": 26.56004092240218, "ah_1_m": 32.77071579834262, "ah_1_s": 0.1777525411781422, "ah_2_e": -10.0, "ah_2_m": -60.0, "ah_2_s": -10.0, "ba_0_e": -35.47318102012025, "ba_0_s": 11.536958200727074, "ba_1_e": 1.5439017994711601, "ba_1_m": 39.72861345769498, "ba_1_s": 3.190842399611027, "ba_2_e": -10.0, "ba_2_m": -60.0, "ba_2_s": -10.0, "delay": 0.14769213637015172, "mi_0_e": 5.860328408127991, "mi_0_s": -5.0, "mi_1_e": 6.1072981593573274, "mi_1_m": 30.679929757393502, "mi_1_s": 2.069264586247899, "mi_2_e": -10.0, "mi_2_m": -60.0, "mi_2_s": -10.0}, "datetime": {"datetime": "2019-09-11 18:18:20", "elapsed": 5261.926176, "delta": 15.800163}}
{"target": 1.2927072048187256, "params": {"ah_0_e": 36.1488517385217, "ah_0_s": -31.80939318211548, "ah_1_e": 0.12327388258347949, "ah_1_m": 47.15098406473992, "ah_1_s": 26.584767812549362, "ah_2_e": -10.0, "ah_2_m": -60.0, "ah_2_s": -10.0, "ba_0_e": -15.808376416631678, "ba_0_s": 15.263718857748222, "ba_1_e": 4.525287667559815, "ba_1_m": 46.303003776143086, "ba_1_s": 33.888935664230495, "ba_2_e": -10.0, "ba_2_m": -60.0, "ba_2_s": -10.0, "delay": 0.15299549078769864, "mi_0_e": 10.984987424998273, "mi_0_s": -5.0, "mi_1_e": 20.378576045644568, "mi_1_m": 41.06776281195057, "mi_1_s": 10.345831420494795, "mi_2_e": -10.0, "mi_2_m": -60.0, "mi_2_s": -10.0}, "datetime": {"datetime": "2019-09-11 18:18:34", "elapsed": 5276.372605, "delta": 14.446429}}
{"target": 1.2599023580551147, "params": {"ah_0_e": 33.679159240811565, "ah_0_s": -22.904854737906284, "ah_1_e": 22.34735365930573, "ah_1_m": 33.99296723041263, "ah_1_s": 3.7414537561069654, "ah_2_e": -10.0, "ah_2_m": -60.0, "ah_2_s": -10.0, "ba_0_e": -27.059446175753695, "ba_0_s": 20.085297716488697, "ba_1_e": 2.743291035319761, "ba_1_m": 49.94089851723323, "ba_1_s": 26.334841061131588, "ba_2_e": -10.0, "ba_2_m": -60.0, "ba_2_s": -10.0, "delay": 0.1757629023100655, "mi_0_e": 39.096993825461205, "mi_0_s": -5.0, "mi_1_e": 1.2112260110323958, "mi_1_m": 45.65682271564427, "mi_1_s": 26.948515980392337, "mi_2_e": -10.0, "mi_2_m": -60.0, "mi_2_s": -10.0}, "datetime": {"datetime": "2019-09-11 18:18:50", "elapsed": 5292.145696, "delta": 15.773091}}
{"target": 0.8777824640274048, "params": {"ah_0_e": 15.247137556963885, "ah_0_s": -6.16531596979042, "ah_1_e": 16.759939902076304, "ah_1_m": 32.17918748047486, "ah_1_s": 10.09142744431478, "ah_2_e": -10.0, "ah_2_m": -60.0, "ah_2_s": -10.0, "ba_0_e": -29.972967791601654, "ba_0_s": 26.217593910336948, "ba_1_e": 9.508291219757124, "ba_1_m": 49.44315073514926, "ba_1_s": 25.34767088177403, "ba_2_e": -10.0, "ba_2_m": -60.0, "ba_2_s": -10.0, "delay": 0.1458653836181289, "mi_0_e": 18.696991397168066, "mi_0_s": -5.0, "mi_1_e": 10.244448462542582, "mi_1_m": 31.19073891950822, "mi_1_s": 17.795115127409012, "mi_2_e": -10.0, "mi_2_m": -60.0, "mi_2_s": -10.0}, "datetime": {"datetime": "2019-09-11 18:19:03", "elapsed": 5305.53962, "delta": 13.393924}}
{"target": 0.8346325755119324, "params": {"ah_0_e": 17.8382694291733, "ah_0_s": -37.68361425142445, "ah_1_e": 16.256242290158568, "ah_1_m": 41.56412800458584, "ah_1_s": 4.122285982176849, "ah_2_e": -10.0, "ah_2_m": -60.0, "ah_2_s": -10.0, "ba_0_e": -6.642049715733478, "ba_0_s": 32.38817719289916, "ba_1_e": 0.9641895871888762, "ba_1_m": 48.955007666273005, "ba_1_s": 33.65429118478967, "ba_2_e": -10.0, "ba_2_m": -60.0, "ba_2_s": -10.0, "delay": 0.1357267677442981, "mi_0_e": 9.210677633325382, "mi_0_s": -5.0, "mi_1_e": 13.724683129178532, "mi_1_m": 37.74998502037877, "mi_1_s": 13.585819656230983, "mi_2_e": -10.0, "mi_2_m": -60.0, "mi_2_s": -10.0}, "datetime": {"datetime": "2019-09-11 18:19:19", "elapsed": 5320.750907, "delta": 15.211287}}
{"target": 0.6594588756561279, "params": {"ah_0_e": 23.894143918245252, "ah_0_s": -8.22312524439727, "ah_1_e": 16.378373357407053, "ah_1_m": 32.510448402035024, "ah_1_s": 20.016171139166513, "ah_2_e": -10.0, "ah_2_m": -60.0, "ah_2_s": -10.0, "ba_0_e": -3.5220714674095532, "ba_0_s": 19.504544532495878, "ba_1_e": 15.877964374519491, "ba_1_m": 42.27430108447081, "ba_1_s": 25.908769334737823, "ba_2_e": -10.0, "ba_2_m": -60.0, "ba_2_s": -10.0, "delay": 0.1553435240686804, "mi_0_e": 12.07268296785138, "mi_0_s": -5.0, "mi_1_e": 16.919513325577615, "mi_1_m": 46.80472106695884, "mi_1_s": 12.041257725442986, "mi_2_e": -10.0, "mi_2_m": -60.0, "mi_2_s": -10.0}, "datetime": {"datetime": "2019-09-11 18:19:33", "elapsed": 5335.117649, "delta": 14.366742}}
{"target": 0.6290636658668518, "params": {"ah_0_e": 38.173141074018254, "ah_0_s": 4.4843109780577635, "ah_1_e": 13.294864520913212, "ah_1_m": 31.2719638370509, "ah_1_s": 29.453092612104992, "ah_2_e": -10.0, "ah_2_m": -60.0, "ah_2_s": -10.0, "ba_0_e": -20.743800766791363, "ba_0_s": 29.42136807290593, "ba_1_e": 10.54857191214137, "ba_1_m": 47.14945699153266, "ba_1_s": 5.087286479384224, "ba_2_e": -10.0, "ba_2_m": -60.0, "ba_2_s": -10.0, "delay": 0.15844752336246176, "mi_0_e": 15.407769622319654, "mi_0_s": -5.0, "mi_1_e": 20.75812511808134, "mi_1_m": 42.09671348520601, "mi_1_s": 29.85256148123464, "mi_2_e": -10.0, "mi_2_m": -60.0, "mi_2_s": -10.0}, "datetime": {"datetime": "2019-09-11 18:19:48", "elapsed": 5350.334928, "delta": 15.217279}}
{"target": 0.7426812052726746, "params": {"ah_0_e": 8.85110548461501, "ah_0_s": -29.373421905195265, "ah_1_e": 7.357722347601763, "ah_1_m": 37.923209476015685, "ah_1_s": 32.61074939911305, "ah_2_e": -10.0, "ah_2_m": -60.0, "ah_2_s": -10.0, "ba_0_e": -33.741463135126075, "ba_0_s": 9.044921248801186, "ba_1_e": 1.7140259187014706, "ba_1_m": 49.95326691535703, "ba_1_s": 27.30644766534966, "ba_2_e": -10.0, "ba_2_m": -60.0, "ba_2_s": -10.0, "delay": 0.15626323956333038, "mi_0_e": 9.347167722293909, "mi_0_s": -5.0, "mi_1_e": 10.38554439219766, "mi_1_m": 42.44052342039385, "mi_1_s": 3.2186899988872337, "mi_2_e": -10.0, "mi_2_m": -60.0, "mi_2_s": -10.0}, "datetime": {"datetime": "2019-09-11 18:20:04", "elapsed": 5366.224621, "delta": 15.889693}}
{"target": 1.111249566078186, "params": {"ah_0_e": 7.739679243243925, "ah_0_s": 1.1599134041991732, "ah_1_e": 3.0812026532450707, "ah_1_m": 32.3267998883904, "ah_1_s": 13.380892836219106, "ah_2_e": -10.0, "ah_2_m": -60.0, "ah_2_s": -10.0, "ba_0_e": -24.32021284959239, "ba_0_s": 10.20144391234762, "ba_1_e": 0.7683996710639518, "ba_1_m": 39.82574198258563, "ba_1_s": 28.15903021473362, "ba_2_e": -10.0, "ba_2_m": -60.0, "ba_2_s": -10.0, "delay": 0.16990379060386462, "mi_0_e": 12.791489749141446, "mi_0_s": -5.0, "mi_1_e": 7.653767564998168, "mi_1_m": 32.8767694469546, "mi_1_s": 20.407678043653156, "mi_2_e": -10.0, "mi_2_m": -60.0, "mi_2_s": -10.0}, "datetime": {"datetime": "2019-09-11 18:20:19", "elapsed": 5381.133836, "delta": 14.909215}}
{"target": 0.5282156467437744, "params": {"ah_0_e": 27.051311152902045, "ah_0_s": -3.0480745936672236, "ah_1_e": 8.431810605766852, "ah_1_m": 35.88082782601222, "ah_1_s": 2.11275941430237, "ah_2_e": -10.0, "ah_2_m": -60.0, "ah_2_s": -10.0, "ba_0_e": -39.70049562416934, "ba_0_s": 16.17540557056574, "ba_1_e": 3.5831122455656876, "ba_1_m": 49.13501002625957, "ba_1_s": 34.5032727084137, "ba_2_e": -10.0, "ba_2_m": -60.0, "ba_2_s": -10.0, "delay": 0.15569480335423688, "mi_0_e": 5.404469356434986, "mi_0_s": -5.0, "mi_1_e": 33.78379430167202, "mi_1_m": 49.8306152214132, "mi_1_s": 6.191629791851079, "mi_2_e": -10.0, "mi_2_m": -60.0, "mi_2_s": -10.0}, "datetime": {"datetime": "2019-09-11 18:20:34", "elapsed": 5396.047081, "delta": 14.913245}}
