{"target": 1.1867048740386963, "params": {"ah_0_e": 12.375633722916225, "ah_0_s": -12.9570588351562, "ah_1_e": 26.212493133604276, "ah_1_m": 42.764374212406665, "ah_1_s": 20.89945560313272, "ah_2_e": -24.774114282774853, "ah_2_m": -81.94819413724527, "ah_2_s": -57.265421999997486, "ba_0_e": -20.849737438230388, "ba_0_s": 32.376363589099185, "ba_1_e": 1.9649363881670356, "ba_1_m": 46.70543204979931, "ba_1_s": 6.72875058877517, "ba_2_e": -29.75484344449866, "ba_2_m": -69.0024313777607, "ba_2_s": -14.005182190302463, "delay": 0.20237048023489942, "mi_0_e": 17.95539621438084, "mi_0_s": -23.57441034666488, "mi_1_e": 17.294069306371377, "mi_1_m": 32.64322283885876, "mi_1_s": 7.225892061130156, "mi_2_e": -13.809440451616059, "mi_2_m": -75.23765099835862, "mi_2_s": -23.077477591649355}, "datetime": {"datetime": "2019-09-11 16:54:00", "elapsed": 202.001013, "delta": 8.056427}}
{"target": 0.03283235803246498, "params": {"ah_0_e": 17.497156310897715, "ah_0_s": -35.13706020862434, "ah_1_e": 27.56431438783775, "ah_1_m": 32.13167753577602, "ah_1_s": 34.49980882996157, "ah_2_e": -18.858058221920867, "ah_2_m": -77.17215337303948, "ah_2_s": -12.242266729454407, "ba_0_e": -4.579766965487465, "ba_0_s": 11.636208173640378, "ba_1_e": 18.47663924428443, "ba_1_m": 44.80155086318143, "ba_1_s": 5.247601972103958, "ba_2_e": -37.55435870934859, "ba_2_m": -66.49851624986339, "ba_2_s": -47.95980246585724, "delay": 0.1878332154844971, "mi_0_e": 11.179216199697905, "mi_0_s": -35.168829518347565, "mi_1_e": 0.6921284830720492, "mi_1_m": 47.204739948462304, "mi_1_s": 19.561633390632842, "mi_2_e": -30.16102360529246, "mi_2_m": -82.7624079306701, "mi_2_s": -45.84645008462349}, "datetime": {"datetime": "2019-09-11 16:54:08", "elapsed": 210.130789, "delta": 8.129776}}
{"target": 0.6816890239715576, "params": {"ah_0_e": 39.556416118294926, "ah_0_s": -27.486172812415774, "ah_1_e": 0.1327785343269905, "ah_1_m": 48.67805216629776, "ah_1_s": 30.026398658826285, "ah_2_e": -46.4425438759628, "ah_2_m": -75.50066348764615, "ah_2_s": -45.34781226243805, "ba_0_e": -4.876169940546575, "ba_0_s": 18.120658023790078, "ba_1_e": 26.961288386548517, "ba_1_m": 45.01248638350351, "ba_1_s": 21.46239240404909, "ba_2_e": -30.09329619839187, "ba_2_m": -80.91924057793022, "ba_2_s": -10.155642891259605, "delay": 0.19199173173796782, "mi_0_e": 36.37458108598965, "mi_0_s": -13.376049760312663, "mi_1_e": 4.22685145082304, "mi_1_m": 34.40567975587455, "mi_1_s": 10.57338559515344, "mi_2_e": -54.15142542819171, "mi_2_m": -76.29499290714284, "mi_2_s": -24.335582480321527}, "datetime": {"datetime": "2019-09-11 16:54:16", "elapsed": 218.239468, "delta": 8.108679}}
{"target": 0.5975401997566223, "params": {"ah_0_e": 9.842414142753128, "ah_0_s": -26.943499160295623, "ah_1_e": 21.48548814094384, "ah_1_m": 36.482770597948935, "ah_1_s": 16.007606359184948, "ah_2_e": -32.20585535083072, "ah_2_m": -84.84406082194536, "ah_2_s": -31.31740771181153, "ba_0_e": -24.443553047102395, "ba_0_s": 28.624006168318683, "ba_1_e": 7.7518719506735065, "ba_1_m": 39.344916478531076, "ba_1_s": 11.016799056340576, "ba_2_e": -41.34278010814173, "ba_2_m": -86.32081424084438, "ba_2_s": -32.38445000728143, "delay": 0.19275659350335383, "mi_0_e": 20.993799519654264, "mi_0_s": -27.9680266100996, "mi_1_e": 4.614434125962575, "mi_1_m": 38.65963013935296, "mi_1_s": 31.825919602922784, "mi_2_e": -40.273950051546734, "mi_2_m": -83.00323761711306, "mi_2_s": -35.23503040479471}, "datetime": {"datetime": "2019-09-11 16:54:24", "elapsed": 226.350087, "delta": 8.110619}}
{"target": 0.5452253222465515, "params": {"ah_0_e": 22.431946868980262, "ah_0_s": -2.0695071913217546, "ah_1_e": 2.373242701933381, "ah_1_m": 41.4654454309937, "ah_1_s": 32.99669014015323, "ah_2_e": -35.8930024086161, "ah_2_m": -65.83397428583653, "ah_2_s": -52.396969622173806, "ba_0_e": -28.676238593986625, "ba_0_s": 29.52541127688883, "ba_1_e": 18.909132913891497, "ba_1_m": 48.97672576560439, "ba_1_s": 21.851784584093657, "ba_2_e": -51.89889810238647, "ba_2_m": -60.237986285835696, "ba_2_s": -59.4670028083319, "delay": 0.13621716562659092, "mi_0_e": 16.274532976516937, "mi_0_s": -38.115333840986786, "mi_1_e": 0.31286858299357734, "mi_1_m": 46.45460010843871, "mi_1_s": 30.142407342837803, "mi_2_e": -31.991540710428627, "mi_2_m": -67.67235581417793, "mi_2_s": -50.13447598166493}, "datetime": {"datetime": "2019-09-11 16:54:32", "elapsed": 234.412561, "delta": 8.062474}}
{"target": 1.5978249311447144, "params": {"ah_0_e": 21.725170155127742, "ah_0_s": -33.954762610493674, "ah_1_e": 32.47471474887538, "ah_1_m": 47.91939934013297, "ah_1_s": 17.204080250592735, "ah_2_e": -52.83512482588961, "ah_2_m": -72.55734077292296, "ah_2_s": -44.17324500831506, "ba_0_e": -22.09042122664349, "ba_0_s": 22.700970610778363, "ba_1_e": 6.634309599187455, "ba_1_m": 49.29977848221827, "ba_1_s": 10.297549088548914, "ba_2_e": -15.172977805820068, "ba_2_m": -64.32946200687144, "ba_2_s": -10.704614709622147, "delay": 0.18727565595699155, "mi_0_e": 24.757441208430592, "mi_0_s": -32.810242291466324, "mi_1_e": 17.747797314944776, "mi_1_m": 45.836420790083075, "mi_1_s": 24.35174749951438, "mi_2_e": -48.89242384295877, "mi_2_m": -72.19448606931259, "mi_2_s": -42.38853165937406}, "datetime": {"datetime": "2019-09-11 16:54:40", "elapsed": 242.488507, "delta": 8.075946}}
{"target": 1.0465024709701538, "params": {"ah_0_e": 11.292800419254103, "ah_0_s": -25.51810164754432, "ah_1_e": 6.041161704192738, "ah_1_m": 38.172744500265246, "ah_1_s": 8.449656178795959, "ah_2_e": -30.346099706467896, "ah_2_m": -89.25667027311937, "ah_2_s": -26.015966291101563, "ba_0_e": 4.2120925238702895, "ba_0_s": 27.270714404959424, "ba_1_e": 13.128185643786885, "ba_1_m": 47.14968998167193, "ba_1_s": 21.685535877900083, "ba_2_e": -22.60165400654197, "ba_2_m": -83.78567033930662, "ba_2_s": -31.646925436708152, "delay": 0.15860089338643532, "mi_0_e": 16.559692778377833, "mi_0_s": -29.40791064645988, "mi_1_e": 9.40275433671793, "mi_1_m": 46.165560274107605, "mi_1_s": 10.335107803994672, "mi_2_e": -37.20606917926786, "mi_2_m": -74.63764475415607, "mi_2_s": -52.76782062976849}, "datetime": {"datetime": "2019-09-11 16:54:49", "elapsed": 250.605353, "delta": 8.116846}}
{"target": 1.5986508131027222, "params": {"ah_0_e": 36.09352520383851, "ah_0_s": -31.702700093450495, "ah_1_e": 20.487196062838787, "ah_1_m": 47.964100920342744, "ah_1_s": 15.614102666205039, "ah_2_e": -56.09341527419077, "ah_2_m": -68.36972671370913, "ah_2_s": -40.44155870968979, "ba_0_e": -9.289583060493307, "ba_0_s": 12.987200667266944, "ba_1_e": 0.48186293952008796, "ba_1_m": 38.334479247413924, "ba_1_s": 32.84686621498569, "ba_2_e": -27.15140549152033, "ba_2_m": -83.392328864478, "ba_2_s": -18.73681564137037, "delay": 0.1573562269041962, "mi_0_e": 10.060920229333387, "mi_0_s": -30.08697849512316, "mi_1_e": 24.475766829388498, "mi_1_m": 43.76994635897837, "mi_1_s": 8.868861207020489, "mi_2_e": -44.61800608117044, "mi_2_m": -66.81892622747849, "mi_2_s": -31.232455796566985}, "datetime": {"datetime": "2019-09-11 16:54:57", "elapsed": 258.69912, "delta": 8.093767}}
{"target": 0.18859335780143738, "params": {"ah_0_e": 18.017274258369053, "ah_0_s": -24.0111439770945, "ah_1_e": 2.0179182534439732, "ah_1_m": 42.632932537318794, "ah_1_s": 24.756081093859482, "ah_2_e": -40.679434725141775, "ah_2_m": -79.44938268489373, "ah_2_s": -18.49703571086289, "ba_0_e": -33.27489404775119, "ba_0_s": 22.9961265234059, "ba_1_e": 30.63664542240887, "ba_1_m": 33.67906883094444, "ba_1_s": 16.199369154789096, "ba_2_e": -31.446616701495145, "ba_2_m": -74.91867557758549, "ba_2_s": -18.075538524300597, "delay": 0.15739525129078485, "mi_0_e": 14.165814143623207, "mi_0_s": -34.55844301303176, "mi_1_e": 28.01162860217406, "mi_1_m": 38.53278316536287, "mi_1_s": 21.245541127616363, "mi_2_e": -17.273280513310997, "mi_2_m": -75.28839882652676, "mi_2_s": -24.847354289345226}, "datetime": {"datetime": "2019-09-11 16:55:05", "elapsed": 266.790937, "delta": 8.091817}}
{"target": 0.45434093475341797, "params": {"ah_0_e": 35.08778337492204, "ah_0_s": -9.778072859212454, "ah_1_e": 22.171590441784733, "ah_1_m": 32.495026001383586, "ah_1_s": 16.470575782461, "ah_2_e": -59.32863897934408, "ah_2_m": -88.44897522217995, "ah_2_s": -42.25428201302218, "ba_0_e": -33.17238080356119, "ba_0_s": 27.369439705196676, "ba_1_e": 19.79817393903746, "ba_1_m": 39.37331675322504, "ba_1_s": 14.981311431389456, "ba_2_e": -39.96348778290151, "ba_2_m": -85.49909665547897, "ba_2_s": -47.55605201859687, "delay": 0.17634884322377864, "mi_0_e": 37.36464635376098, "mi_0_s": -7.265899420454209, "mi_1_e": 34.69712780561332, "mi_1_m": 31.05989085335979, "mi_1_s": 6.9823441148496475, "mi_2_e": -31.137633082228046, "mi_2_m": -63.22526628555503, "mi_2_s": -41.18352054988509}, "datetime": {"datetime": "2019-09-11 16:55:13", "elapsed": 274.890143, "delta": 8.099206}}
{"target": 0.292479008436203, "params": {"ah_0_e": 6.679739741710356, "ah_0_s": -27.191925354687605, "ah_1_e": 2.136283839188488, "ah_1_m": 44.07038662210162, "ah_1_s": 23.39596586563187, "ah_2_e": -28.929029662530112, "ah_2_m": -65.64582780089464, "ah_2_s": -47.350241451497254, "ba_0_e": -24.682931915553972, "ba_0_s": 32.8355408591975, "ba_1_e": 17.07653287128671, "ba_1_m": 40.51338888701959, "ba_1_s": 0.9971797322048526, "ba_2_e": -42.21160099395159, "ba_2_m": -70.51969507296502, "ba_2_s": -21.460251364603288, "delay": 0.16471067009693605, "mi_0_e": 18.386361004482115, "mi_0_s": -21.44261640302261, "mi_1_e": 34.281917396293224, "mi_1_m": 37.287561407364606, "mi_1_s": 27.10435466676138, "mi_2_e": -37.638379827494624, "mi_2_m": -86.67393267322448, "mi_2_s": -27.7476425574786}, "datetime": {"datetime": "2019-09-11 16:55:21", "elapsed": 282.967773, "delta": 8.07763}}
{"target": -0.6188521981239319, "params": {"ah_0_e": 13.593153806527761, "ah_0_s": 0.9958657845635699, "ah_1_e": 1.5236992315217879, "ah_1_m": 49.01506856122005, "ah_1_s": 19.474242048482385, "ah_2_e": -28.818160834354376, "ah_2_m": -89.85156967017333, "ah_2_s": -12.918132307381583, "ba_0_e": -16.748213810457454, "ba_0_s": 6.088397640944175, "ba_1_e": 19.99115087151817, "ba_1_m": 33.609370179902314, "ba_1_s": 22.083572011883565, "ba_2_e": -59.046183787529074, "ba_2_m": -86.24707653637142, "ba_2_s": -32.59181247104353, "delay": 0.18667686960413737, "mi_0_e": 32.21140625011162, "mi_0_s": -22.319507946389727, "mi_1_e": 18.49867215621478, "mi_1_m": 33.01568796744385, "mi_1_s": 12.928997396416719, "mi_2_e": -17.111062653639333, "mi_2_m": -81.80681260033688, "mi_2_s": -33.85064972011316}, "datetime": {"datetime": "2019-09-11 16:55:29", "elapsed": 291.067214, "delta": 8.099441}}
{"target": -0.21575266122817993, "params": {"ah_0_e": 20.710759284736795, "ah_0_s": -0.1300912975591899, "ah_1_e": 18.46665703090465, "ah_1_m": 38.181816638337196, "ah_1_s": 9.411220777442605, "ah_2_e": -13.600601758488498, "ah_2_m": -72.54408401175948, "ah_2_s": -11.287674120329168, "ba_0_e": -26.89807267514074, "ba_0_s": 22.62283284469388, "ba_1_e": 33.80765727569028, "ba_1_m": 32.18765828387169, "ba_1_s": 23.55643689758177, "ba_2_e": -34.996618554959994, "ba_2_m": -83.3129468782735, "ba_2_s": -17.180349893710464, "delay": 0.13665621091487004, "mi_0_e": 18.972651187335885, "mi_0_s": -32.893678819296504, "mi_1_e": 6.708650861846153, "mi_1_m": 45.35554384294548, "mi_1_s": 10.160429897165388, "mi_2_e": -20.844574380589766, "mi_2_m": -60.50146767231019, "mi_2_s": -29.932952996118935}, "datetime": {"datetime": "2019-09-11 16:55:37", "elapsed": 299.119327, "delta": 8.052113}}
{"target": 0.23546306788921356, "params": {"ah_0_e": 18.337852195270834, "ah_0_s": -10.329477871208589, "ah_1_e": 2.4821440164635526, "ah_1_m": 33.052079740845436, "ah_1_s": 0.5801559015326951, "ah_2_e": -15.68981782237034, "ah_2_m": -79.5536782803027, "ah_2_s": -30.13284260874596, "ba_0_e": -25.553815862470785, "ba_0_s": 24.526919798532035, "ba_1_e": 34.771116208494746, "ba_1_m": 46.68973028036059, "ba_1_s": 24.486811383985437, "ba_2_e": -55.912929456602896, "ba_2_m": -61.191861200492546, "ba_2_s": -13.516672080776262, "delay": 0.16792050319904436, "mi_0_e": 17.220859453497706, "mi_0_s": -37.803822174495714, "mi_1_e": 17.1347736400809, "mi_1_m": 40.79298220186701, "mi_1_s": 31.334112800592727, "mi_2_e": -32.33175229118453, "mi_2_m": -86.31103167811057, "mi_2_s": -22.679087468581418}, "datetime": {"datetime": "2019-09-11 16:55:45", "elapsed": 307.215725, "delta": 8.096398}}
{"target": 0.7145261168479919, "params": {"ah_0_e": 14.5833396455338, "ah_0_s": -25.223737446058443, "ah_1_e": 19.16474946683337, "ah_1_m": 34.40257348053962, "ah_1_s": 23.500020987844565, "ah_2_e": -17.13966414015002, "ah_2_m": -62.82300823498918, "ah_2_s": -53.509587310268884, "ba_0_e": -29.34090833993507, "ba_0_s": 18.51014038579084, "ba_1_e": 20.003973245386632, "ba_1_m": 40.516039399029395, "ba_1_s": 2.6608357804737404, "ba_2_e": -53.706296779901415, "ba_2_m": -88.53406855256077, "ba_2_s": -50.62536520873359, "delay": 0.15270414679574995, "mi_0_e": 23.47463786412858, "mi_0_s": -16.87958534061633, "mi_1_e": 19.413355877568335, "mi_1_m": 49.48806937826005, "mi_1_s": 10.90960212016435, "mi_2_e": -43.439830296143484, "mi_2_m": -69.77901621926958, "mi_2_s": -48.72386330075398}, "datetime": {"datetime": "2019-09-11 16:55:53", "elapsed": 315.26571, "delta": 8.049985}}
{"target": 0.07549843192100525, "params": {"ah_0_e": 16.403348831462168, "ah_0_s": 0.042230365131871395, "ah_1_e": 26.30977023217434, "ah_1_m": 45.25264190890221, "ah_1_s": 16.431765999597403, "ah_2_e": -20.538225123435268, "ah_2_m": -61.244252387294964, "ah_2_s": -26.091439998512225, "ba_0_e": -38.32993009777025, "ba_0_s": 29.28493939808649, "ba_1_e": 23.462251117765895, "ba_1_m": 38.6094356548995, "ba_1_s": 26.872614218036055, "ba_2_e": -36.80042473697819, "ba_2_m": -61.19579779906358, "ba_2_s": -16.739655898033952, "delay": 0.14547331192119348, "mi_0_e": 16.74823304076274, "mi_0_s": -6.830953125311686, "mi_1_e": 21.179087317512817, "mi_1_m": 40.241220550478374, "mi_1_s": 21.611135420600462, "mi_2_e": -31.6177797382172, "mi_2_m": -85.43101404712313, "mi_2_s": -32.70295280295757}, "datetime": {"datetime": "2019-09-11 16:56:01", "elapsed": 323.295109, "delta": 8.029399}}
{"target": -0.521379828453064, "params": {"ah_0_e": 5.5391231927172315, "ah_0_s": -0.7119333198805222, "ah_1_e": 22.96705417104346, "ah_1_m": 46.46006081296942, "ah_1_s": 33.31214925618481, "ah_2_e": -12.54561917584436, "ah_2_m": -67.05215592273044, "ah_2_s": -13.16717217281699, "ba_0_e": -21.02539512853971, "ba_0_s": 35.23402009255082, "ba_1_e": 2.8568393950273836, "ba_1_m": 39.46223905771757, "ba_1_s": 4.394008843305327, "ba_2_e": -48.644280108355886, "ba_2_m": -85.2426647038753, "ba_2_s": -12.16454690930793, "delay": 0.1689152594536316, "mi_0_e": 13.379386544821458, "mi_0_s": -38.33658235926407, "mi_1_e": 33.03624197243286, "mi_1_m": 42.27868004769402, "mi_1_s": 34.07205890638187, "mi_2_e": -27.24306718581255, "mi_2_m": -86.93552153003046, "mi_2_s": -31.729748670425476}, "datetime": {"datetime": "2019-09-11 16:56:09", "elapsed": 331.322428, "delta": 8.027319}}
{"target": 0.13572999835014343, "params": {"ah_0_e": 13.25351230016298, "ah_0_s": 2.337258344062974, "ah_1_e": 23.947631784412962, "ah_1_m": 31.298231706782587, "ah_1_s": 30.464869988807315, "ah_2_e": -45.069014731667316, "ah_2_m": -78.14780618922845, "ah_2_s": -46.61874495896652, "ba_0_e": -28.595243087509864, "ba_0_s": 26.017113434609055, "ba_1_e": 28.511671344157936, "ba_1_m": 31.082273206479996, "ba_1_s": 4.567873496874309, "ba_2_e": -52.12229049782068, "ba_2_m": -78.55037607983657, "ba_2_s": -36.5643905240529, "delay": 0.14986325831976788, "mi_0_e": 15.327750133732355, "mi_0_s": -35.54401577218117, "mi_1_e": 14.758307719739824, "mi_1_m": 31.288605111592137, "mi_1_s": 31.394477432765388, "mi_2_e": -20.169041641202554, "mi_2_m": -84.78682606477174, "mi_2_s": -54.08853115414036}, "datetime": {"datetime": "2019-09-11 16:56:17", "elapsed": 339.415204, "delta": 8.092776}}
{"target": -0.13577499985694885, "params": {"ah_0_e": 22.036276068641836, "ah_0_s": -13.069088810291365, "ah_1_e": 18.454360976989594, "ah_1_m": 42.49642588370998, "ah_1_s": 29.9264602471573, "ah_2_e": -24.106972420243032, "ah_2_m": -86.51266524541802, "ah_2_s": -38.384516505957464, "ba_0_e": -34.82036315648935, "ba_0_s": 12.94504078251303, "ba_1_e": 20.859383496455482, "ba_1_m": 34.788924738093606, "ba_1_s": 4.59954811881112, "ba_2_e": -18.092385706191756, "ba_2_m": -85.34617554707216, "ba_2_s": -40.109182694635535, "delay": 0.20708536697506735, "mi_0_e": 17.09877246536089, "mi_0_s": -25.846878434723237, "mi_1_e": 20.964485114069692, "mi_1_m": 42.31408574407897, "mi_1_s": 2.0712022515002837, "mi_2_e": -47.51585922873429, "mi_2_m": -88.44628494562876, "mi_2_s": -36.733952858979436}, "datetime": {"datetime": "2019-09-11 16:56:25", "elapsed": 347.490694, "delta": 8.07549}}
{"target": 0.8204904198646545, "params": {"ah_0_e": 11.739460733427395, "ah_0_s": -6.118333825902603, "ah_1_e": 0.256163926475233, "ah_1_m": 36.565122073015615, "ah_1_s": 32.116222167553765, "ah_2_e": -39.41836664469384, "ah_2_m": -85.65570851712405, "ah_2_s": -40.23360261745938, "ba_0_e": -2.983983136425806, "ba_0_s": 35.781923320026095, "ba_1_e": 11.234523108355862, "ba_1_m": 32.45909543104357, "ba_1_s": 25.24561704652998, "ba_2_e": -32.01735434156191, "ba_2_m": -63.80207127426026, "ba_2_s": -39.491182405494456, "delay": 0.1328854651655888, "mi_0_e": 12.006374074384542, "mi_0_s": -32.59054163837891, "mi_1_e": 0.4233866005375253, "mi_1_m": 36.06691343417138, "mi_1_s": 0.7481586380824751, "mi_2_e": -59.87424963641647, "mi_2_m": -77.46089929030386, "mi_2_s": -24.66881392430283}, "datetime": {"datetime": "2019-09-11 16:56:34", "elapsed": 355.639129, "delta": 8.148435}}
{"target": 0.46478185057640076, "params": {"ah_0_e": 37.51323116625905, "ah_0_s": -17.179625940330798, "ah_1_e": 15.914227964334241, "ah_1_m": 41.75743012592373, "ah_1_s": 9.244817547369937, "ah_2_e": -25.264414967371664, "ah_2_m": -71.14963730172548, "ah_2_s": -22.222399968580543, "ba_0_e": -13.69537302475166, "ba_0_s": 29.354614687631425, "ba_1_e": 2.5181527057400395, "ba_1_m": 49.42166639250928, "ba_1_s": 26.35747295543092, "ba_2_e": -50.30815814767041, "ba_2_m": -82.54921212243872, "ba_2_s": -14.003048863560865, "delay": 0.16853570264169415, "mi_0_e": 20.59855347405796, "mi_0_s": -28.536542768372545, "mi_1_e": 15.705804058851268, "mi_1_m": 44.0862679676782, "mi_1_s": 23.857586816091803, "mi_2_e": -44.85742643763781, "mi_2_m": -78.55802227684609, "mi_2_s": -17.54903666398229}, "datetime": {"datetime": "2019-09-11 16:56:42", "elapsed": 363.679131, "delta": 8.040002}}
{"target": 0.37287309765815735, "params": {"ah_0_e": 31.628085970701463, "ah_0_s": -4.852938001271937, "ah_1_e": 31.64360450698317, "ah_1_m": 34.67537385208212, "ah_1_s": 6.183761257531949, "ah_2_e": -29.55495615533812, "ah_2_m": -69.6169396198548, "ah_2_s": -50.77384645028131, "ba_0_e": -12.391334514920576, "ba_0_s": 31.60006133224121, "ba_1_e": 14.968278489393747, "ba_1_m": 31.988811258311785, "ba_1_s": 4.026225421758618, "ba_2_e": -28.670356586859764, "ba_2_m": -65.81543302528522, "ba_2_s": -51.03732493114691, "delay": 0.17797088067389732, "mi_0_e": 29.109584065653276, "mi_0_s": -22.188848645650367, "mi_1_e": 3.086078843476337, "mi_1_m": 34.7015527337234, "mi_1_s": 16.15607283120677, "mi_2_e": -19.929575152696312, "mi_2_m": -60.764287073364606, "mi_2_s": -46.46988491280763}, "datetime": {"datetime": "2019-09-11 16:56:50", "elapsed": 371.833635, "delta": 8.154504}}
{"target": 0.6354331970214844, "params": {"ah_0_e": 30.37208615266917, "ah_0_s": -25.132371413723376, "ah_1_e": 29.522294412227943, "ah_1_m": 38.56884951902147, "ah_1_s": 30.2640150667237, "ah_2_e": -42.853271231144475, "ah_2_m": -77.4310697225427, "ah_2_s": -20.03637440175455, "ba_0_e": -16.17040252847223, "ba_0_s": 36.30513464496504, "ba_1_e": 10.674789154232561, "ba_1_m": 47.41891218322107, "ba_1_s": 31.806084550043586, "ba_2_e": -26.492228134094116, "ba_2_m": -80.49223099009693, "ba_2_s": -54.96104747829844, "delay": 0.13605575054066427, "mi_0_e": 35.750575212166964, "mi_0_s": -11.679377714396821, "mi_1_e": 29.741911850627574, "mi_1_m": 43.34237577398408, "mi_1_s": 12.051871840751886, "mi_2_e": -17.56877849963995, "mi_2_m": -79.06112884465361, "mi_2_s": -52.38940218573708}, "datetime": {"datetime": "2019-09-11 16:56:58", "elapsed": 379.948636, "delta": 8.115001}}
{"target": 1.0442945957183838, "params": {"ah_0_e": 33.76472811674037, "ah_0_s": -11.729218129120397, "ah_1_e": 33.470552841433125, "ah_1_m": 41.79846254151539, "ah_1_s": 6.924147462677176, "ah_2_e": -31.466536130824615, "ah_2_m": -70.10237996103501, "ah_2_s": -59.59725059536405, "ba_0_e": -22.889357674723087, "ba_0_s": 39.74453057826863, "ba_1_e": 18.158148775669495, "ba_1_m": 33.44559402954251, "ba_1_s": 2.610092493801795, "ba_2_e": -28.515284688694383, "ba_2_m": -63.702565794441895, "ba_2_s": -41.72593581459208, "delay": 0.1631135876583527, "mi_0_e": 39.68204713839076, "mi_0_s": -37.54844682786612, "mi_1_e": 5.223261130841251, "mi_1_m": 37.89764525073601, "mi_1_s": 16.155289883683515, "mi_2_e": -38.04743775609726, "mi_2_m": -83.41090569867805, "mi_2_s": -34.359695453671186}, "datetime": {"datetime": "2019-09-11 16:57:06", "elapsed": 387.988232, "delta": 8.039596}}
