{"target": 1.258984923362732, "params": {"ah_0_e": 38.718373117097535, "ah_0_s": -15.074696175656307, "ah_1_e": 4.952222719785707, "ah_1_m": 45.29228481941594, "ah_1_s": 4.973467540436212, "ah_2_e": -10.0, "ah_2_m": -60.0, "ah_2_s": -10.0, "ba_0_e": -26.650890755833643, "ba_0_s": 24.761254861361163, "ba_1_e": 7.869971608850211, "ba_1_m": 44.111406584364715, "ba_1_s": 32.94020441778272, "ba_2_e": -10.0, "ba_2_m": -60.0, "ba_2_s": -10.0, "delay": 0.13583643711123283, "mi_0_e": 11.12116665429052, "mi_0_s": -5.0, "mi_1_e": 1.990150475234519, "mi_1_m": 45.38415974069805, "mi_1_s": 32.782190027186914, "mi_2_e": -10.0, "mi_2_m": -60.0, "mi_2_s": -10.0}, "datetime": {"datetime": "2019-09-11 18:52:36", "elapsed": 754.925734, "delta": 16.287332}}
{"target": 1.258984923362732, "params": {"ah_0_e": 38.718373117097535, "ah_0_s": -15.074696175656307, "ah_1_e": 4.952222719785707, "ah_1_m": 45.29228481941594, "ah_1_s": 4.973467540436212, "ah_2_e": -10.0, "ah_2_m": -60.0, "ah_2_s": -10.0, "ba_0_e": -26.650890755833643, "ba_0_s": 24.761254861361163, "ba_1_e": 7.869971608850211, "ba_1_m": 44.111406584364715, "ba_1_s": 32.94020441778272, "ba_2_e": -10.0, "ba_2_m": -60.0, "ba_2_s": -10.0, "delay": 0.13583643711123283, "mi_0_e": 11.12116665429052, "mi_0_s": -5.0, "mi_1_e": 1.990150475234519, "mi_1_m": 45.38415974069805, "mi_1_s": 32.782190027186914, "mi_2_e": -10.0, "mi_2_m": -60.0, "mi_2_s": -10.0}, "datetime": {"datetime": "2019-09-11 18:52:44", "elapsed": 762.893349, "delta": 7.967615}}
{"target": 1.258984923362732, "params": {"ah_0_e": 38.718373117097535, "ah_0_s": -15.074696175656307, "ah_1_e": 4.952222719785707, "ah_1_m": 45.29228481941594, "ah_1_s": 4.973467540436212, "ah_2_e": -10.0, "ah_2_m": -60.0, "ah_2_s": -10.0, "ba_0_e": -26.650890755833643, "ba_0_s": 24.761254861361163, "ba_1_e": 7.869971608850211, "ba_1_m": 44.111406584364715, "ba_1_s": 32.94020441778272, "ba_2_e": -10.0, "ba_2_m": -60.0, "ba_2_s": -10.0, "delay": 0.13583643711123283, "mi_0_e": 11.12116665429052, "mi_0_s": -5.0, "mi_1_e": 1.990150475234519, "mi_1_m": 45.38415974069805, "mi_1_s": 32.782190027186914, "mi_2_e": -10.0, "mi_2_m": -60.0, "mi_2_s": -10.0}, "datetime": {"datetime": "2019-09-11 18:52:50", "elapsed": 769.37002, "delta": 6.476671}}
{"target": 1.197895884513855, "params": {"ah_0_e": 17.492578563929836, "ah_0_s": -12.285470899870472, "ah_1_e": 3.2448907252905492, "ah_1_m": 45.292408832243744, "ah_1_s": 20.504187535904997, "ah_2_e": -10.0, "ah_2_m": -60.0, "ah_2_s": -10.0, "ba_0_e": -29.63299747149557, "ba_0_s": 32.92222093101392, "ba_1_e": 8.759301008775621, "ba_1_m": 46.92234661043119, "ba_1_s": 26.680812297883133, "ba_2_e": -10.0, "ba_2_m": -60.0, "ba_2_s": -10.0, "delay": 0.15727862696390962, "mi_0_e": 6.997704077469985, "mi_0_s": -5.0, "mi_1_e": 0.7274389202415105, "mi_1_m": 32.789255686121514, "mi_1_s": 33.25952309654241, "mi_2_e": -10.0, "mi_2_m": -60.0, "mi_2_s": -10.0}, "datetime": {"datetime": "2019-09-11 18:53:05", "elapsed": 784.179986, "delta": 14.809966}}
{"target": 1.0950125455856323, "params": {"ah_0_e": 22.600091252281857, "ah_0_s": -39.08520047147017, "ah_1_e": 12.71647652960056, "ah_1_m": 38.43352223375004, "ah_1_s": 15.365003686694287, "ah_2_e": -10.0, "ah_2_m": -60.0, "ah_2_s": -10.0, "ba_0_e": -30.788165638152837, "ba_0_s": 8.031400815182991, "ba_1_e": 6.665062285881495, "ba_1_m": 42.32396674775625, "ba_1_s": 31.754583745943574, "ba_2_e": -10.0, "ba_2_m": -60.0, "ba_2_s": -10.0, "delay": 0.19051813378050045, "mi_0_e": 10.85224288427105, "mi_0_s": -5.0, "mi_1_e": 16.40530808999072, "mi_1_m": 30.809985245576513, "mi_1_s": 26.190339737255073, "mi_2_e": -10.0, "mi_2_m": -60.0, "mi_2_s": -10.0}, "datetime": {"datetime": "2019-09-11 18:53:20", "elapsed": 799.607602, "delta": 15.427616}}
{"target": 1.0950125455856323, "params": {"ah_0_e": 22.600091252281857, "ah_0_s": -39.08520047147017, "ah_1_e": 12.71647652960056, "ah_1_m": 38.43352223375004, "ah_1_s": 15.365003686694287, "ah_2_e": -10.0, "ah_2_m": -60.0, "ah_2_s": -10.0, "ba_0_e": -30.788165638152837, "ba_0_s": 8.031400815182991, "ba_1_e": 6.665062285881495, "ba_1_m": 42.32396674775625, "ba_1_s": 31.754583745943574, "ba_2_e": -10.0, "ba_2_m": -60.0, "ba_2_s": -10.0, "delay": 0.19051813378050045, "mi_0_e": 10.85224288427105, "mi_0_s": -5.0, "mi_1_e": 16.40530808999072, "mi_1_m": 30.809985245576513, "mi_1_s": 26.190339737255073, "mi_2_e": -10.0, "mi_2_m": -60.0, "mi_2_s": -10.0}, "datetime": {"datetime": "2019-09-11 18:53:28", "elapsed": 807.143602, "delta": 7.536}}
{"target": 1.0950125455856323, "params": {"ah_0_e": 22.600091252281857, "ah_0_s": -39.08520047147017, "ah_1_e": 12.71647652960056, "ah_1_m": 38.43352223375004, "ah_1_s": 15.365003686694287, "ah_2_e": -10.0, "ah_2_m": -60.0, "ah_2_s": -10.0, "ba_0_e": -30.788165638152837, "ba_0_s": 8.031400815182991, "ba_1_e": 6.665062285881495, "ba_1_m": 42.32396674775625, "ba_1_s": 31.754583745943574, "ba_2_e": -10.0, "ba_2_m": -60.0, "ba_2_s": -10.0, "delay": 0.19051813378050045, "mi_0_e": 10.85224288427105, "mi_0_s": -5.0, "mi_1_e": 16.40530808999072, "mi_1_m": 30.809985245576513, "mi_1_s": 26.190339737255073, "mi_2_e": -10.0, "mi_2_m": -60.0, "mi_2_s": -10.0}, "datetime": {"datetime": "2019-09-11 18:53:36", "elapsed": 815.128599, "delta": 7.984997}}
{"target": 1.3724515438079834, "params": {"ah_0_e": 31.17028263445373, "ah_0_s": -13.049854823164377, "ah_1_e": 9.892531699043765, "ah_1_m": 39.496559706827114, "ah_1_s": 28.398572061725112, "ah_2_e": -10.0, "ah_2_m": -60.0, "ah_2_s": -10.0, "ba_0_e": -25.142631331790604, "ba_0_s": 13.038898905084363, "ba_1_e": 10.08797717656153, "ba_1_m": 44.65872377239519, "ba_1_s": 30.971657752119974, "ba_2_e": -10.0, "ba_2_m": -60.0, "ba_2_s": -10.0, "delay": 0.145792050290095, "mi_0_e": 6.619181842381295, "mi_0_s": -5.0, "mi_1_e": 8.656814102483711, "mi_1_m": 42.525077368717255, "mi_1_s": 26.466849944335777, "mi_2_e": -10.0, "mi_2_m": -60.0, "mi_2_s": -10.0}, "datetime": {"datetime": "2019-09-11 18:53:51", "elapsed": 830.634046, "delta": 15.505447}}
{"target": 1.3099502325057983, "params": {"ah_0_e": 35.811861734229765, "ah_0_s": -12.079402795602434, "ah_1_e": 2.032400258230689, "ah_1_m": 39.32497068318302, "ah_1_s": 15.434633391141727, "ah_2_e": -10.0, "ah_2_m": -60.0, "ah_2_s": -10.0, "ba_0_e": -32.13396329267905, "ba_0_s": 12.683220671684161, "ba_1_e": 0.06130161766262243, "ba_1_m": 46.969514708498565, "ba_1_s": 34.53913835750974, "ba_2_e": -10.0, "ba_2_m": -60.0, "ba_2_s": -10.0, "delay": 0.19195084831947617, "mi_0_e": 6.8284369004648156, "mi_0_s": -5.0, "mi_1_e": 5.908026641275752, "mi_1_m": 42.234486351643994, "mi_1_s": 16.926420368709675, "mi_2_e": -10.0, "mi_2_m": -60.0, "mi_2_s": -10.0}, "datetime": {"datetime": "2019-09-11 18:54:07", "elapsed": 845.8118, "delta": 15.177754}}
{"target": 0.8201606869697571, "params": {"ah_0_e": 9.841521445583169, "ah_0_s": -23.613780828074464, "ah_1_e": 16.8100541723433, "ah_1_m": 46.327563803532726, "ah_1_s": 16.2829146192335, "ah_2_e": -10.0, "ah_2_m": -60.0, "ah_2_s": -10.0, "ba_0_e": -30.921395370611236, "ba_0_s": 26.34253311611565, "ba_1_e": 0.6927356061709544, "ba_1_m": 49.67246671066208, "ba_1_s": 32.81234305479047, "ba_2_e": -10.0, "ba_2_m": -60.0, "ba_2_s": -10.0, "delay": 0.20844664887247571, "mi_0_e": 7.247233394452767, "mi_0_s": -5.0, "mi_1_e": 16.067474019070843, "mi_1_m": 43.42001689529937, "mi_1_s": 17.041549747808475, "mi_2_e": -10.0, "mi_2_m": -60.0, "mi_2_s": -10.0}, "datetime": {"datetime": "2019-09-11 18:54:22", "elapsed": 861.733494, "delta": 15.921694}}
{"target": 0.8545982837677002, "params": {"ah_0_e": 36.4840204738574, "ah_0_s": -16.727258214189288, "ah_1_e": 24.091669267531763, "ah_1_m": 42.279157498800124, "ah_1_s": 10.261243686811476, "ah_2_e": -10.0, "ah_2_m": -60.0, "ah_2_s": -10.0, "ba_0_e": -26.155792873500758, "ba_0_s": 35.047918443219466, "ba_1_e": 11.077262356219665, "ba_1_m": 45.50209582406691, "ba_1_s": 23.14432183730727, "ba_2_e": -10.0, "ba_2_m": -60.0, "ba_2_s": -10.0, "delay": 0.1813697440347092, "mi_0_e": 16.138817480880483, "mi_0_s": -5.0, "mi_1_e": 5.7915750751642125, "mi_1_m": 36.10087868589893, "mi_1_s": 23.723785234253615, "mi_2_e": -10.0, "mi_2_m": -60.0, "mi_2_s": -10.0}, "datetime": {"datetime": "2019-09-11 18:54:38", "elapsed": 876.808709, "delta": 15.075215}}
{"target": 0.8545982837677002, "params": {"ah_0_e": 36.4840204738574, "ah_0_s": -16.727258214189288, "ah_1_e": 24.091669267531763, "ah_1_m": 42.279157498800124, "ah_1_s": 10.261243686811476, "ah_2_e": -10.0, "ah_2_m": -60.0, "ah_2_s": -10.0, "ba_0_e": -26.155792873500758, "ba_0_s": 35.047918443219466, "ba_1_e": 11.077262356219665, "ba_1_m": 45.50209582406691, "ba_1_s": 23.14432183730727, "ba_2_e": -10.0, "ba_2_m": -60.0, "ba_2_s": -10.0, "delay": 0.1813697440347092, "mi_0_e": 16.138817480880483, "mi_0_s": -5.0, "mi_1_e": 5.7915750751642125, "mi_1_m": 36.10087868589893, "mi_1_s": 23.723785234253615, "mi_2_e": -10.0, "mi_2_m": -60.0, "mi_2_s": -10.0}, "datetime": {"datetime": "2019-09-11 18:54:46", "elapsed": 884.806735, "delta": 7.998026}}
{"target": 1.295566201210022, "params": {"ah_0_e": 35.772131779204884, "ah_0_s": -8.603557432347415, "ah_1_e": 9.709312754470874, "ah_1_m": 31.998880177510898, "ah_1_s": 31.73645938249285, "ah_2_e": -10.0, "ah_2_m": -60.0, "ah_2_s": -10.0, "ba_0_e": -15.038887517672038, "ba_0_s": 19.075515750923625, "ba_1_e": 2.3765612419907294, "ba_1_m": 49.29591482572526, "ba_1_s": 24.27906410495097, "ba_2_e": -10.0, "ba_2_m": -60.0, "ba_2_s": -10.0, "delay": 0.1957612534260506, "mi_0_e": 5.986781649555809, "mi_0_s": -5.0, "mi_1_e": 15.208293853632435, "mi_1_m": 38.86639554219224, "mi_1_s": 32.45005569958628, "mi_2_e": -10.0, "mi_2_m": -60.0, "mi_2_s": -10.0}, "datetime": {"datetime": "2019-09-11 18:55:01", "elapsed": 899.757319, "delta": 14.950584}}
{"target": 1.4406713247299194, "params": {"ah_0_e": 38.65392101503172, "ah_0_s": -10.722892702225423, "ah_1_e": 5.962503017422316, "ah_1_m": 35.202616919239745, "ah_1_s": 34.01199713408268, "ah_2_e": -10.0, "ah_2_m": -60.0, "ah_2_s": -10.0, "ba_0_e": -31.6736597378935, "ba_0_s": 10.884378552051034, "ba_1_e": 1.350566230411578, "ba_1_m": 48.21782264608669, "ba_1_s": 30.481333717634516, "ba_2_e": -10.0, "ba_2_m": -60.0, "ba_2_s": -10.0, "delay": 0.16639331835791885, "mi_0_e": 27.017355630324822, "mi_0_s": -5.0, "mi_1_e": 3.5016151311626587, "mi_1_m": 38.082816394009434, "mi_1_s": 21.221450893992266, "mi_2_e": -10.0, "mi_2_m": -60.0, "mi_2_s": -10.0}, "datetime": {"datetime": "2019-09-11 18:55:17", "elapsed": 915.949516, "delta": 16.192197}}
{"target": 1.4406713247299194, "params": {"ah_0_e": 38.65392101503172, "ah_0_s": -10.722892702225423, "ah_1_e": 5.962503017422316, "ah_1_m": 35.202616919239745, "ah_1_s": 34.01199713408268, "ah_2_e": -10.0, "ah_2_m": -60.0, "ah_2_s": -10.0, "ba_0_e": -31.6736597378935, "ba_0_s": 10.884378552051034, "ba_1_e": 1.350566230411578, "ba_1_m": 48.21782264608669, "ba_1_s": 30.481333717634516, "ba_2_e": -10.0, "ba_2_m": -60.0, "ba_2_s": -10.0, "delay": 0.16639331835791885, "mi_0_e": 27.017355630324822, "mi_0_s": -5.0, "mi_1_e": 3.5016151311626587, "mi_1_m": 38.082816394009434, "mi_1_s": 21.221450893992266, "mi_2_e": -10.0, "mi_2_m": -60.0, "mi_2_s": -10.0}, "datetime": {"datetime": "2019-09-11 18:55:25", "elapsed": 923.850518, "delta": 7.901002}}
{"target": 1.4406713247299194, "params": {"ah_0_e": 38.65392101503172, "ah_0_s": -10.722892702225423, "ah_1_e": 5.962503017422316, "ah_1_m": 35.202616919239745, "ah_1_s": 34.01199713408268, "ah_2_e": -10.0, "ah_2_m": -60.0, "ah_2_s": -10.0, "ba_0_e": -31.6736597378935, "ba_0_s": 10.884378552051034, "ba_1_e": 1.350566230411578, "ba_1_m": 48.21782264608669, "ba_1_s": 30.481333717634516, "ba_2_e": -10.0, "ba_2_m": -60.0, "ba_2_s": -10.0, "delay": 0.16639331835791885, "mi_0_e": 27.017355630324822, "mi_0_s": -5.0, "mi_1_e": 3.5016151311626587, "mi_1_m": 38.082816394009434, "mi_1_s": 21.221450893992266, "mi_2_e": -10.0, "mi_2_m": -60.0, "mi_2_s": -10.0}, "datetime": {"datetime": "2019-09-11 18:55:31", "elapsed": 930.120624, "delta": 6.270106}}
{"target": 1.2249284982681274, "params": {"ah_0_e": 39.7187397065112, "ah_0_s": -22.77350022986434, "ah_1_e": 24.581574843268857, "ah_1_m": 38.870613217007914, "ah_1_s": 23.776087817799336, "ah_2_e": -10.0, "ah_2_m": -60.0, "ah_2_s": -10.0, "ba_0_e": -38.339889660262976, "ba_0_s": 12.04484861977352, "ba_1_e": 6.367743355258186, "ba_1_m": 43.90005461601654, "ba_1_s": 18.10339010784779, "ba_2_e": -10.0, "ba_2_m": -60.0, "ba_2_s": -10.0, "delay": 0.2091712785450832, "mi_0_e": 17.078451893213604, "mi_0_s": -5.0, "mi_1_e": 0.09163687445123803, "mi_1_m": 35.69651517690527, "mi_1_s": 27.228345133391073, "mi_2_e": -10.0, "mi_2_m": -60.0, "mi_2_s": -10.0}, "datetime": {"datetime": "2019-09-11 18:55:47", "elapsed": 946.248863, "delta": 16.128239}}
{"target": 1.274766445159912, "params": {"ah_0_e": 15.898287607134431, "ah_0_s": -22.83297853084187, "ah_1_e": 10.184870942232648, "ah_1_m": 32.48442490780887, "ah_1_s": 26.79084385333093, "ah_2_e": -10.0, "ah_2_m": -60.0, "ah_2_s": -10.0, "ba_0_e": -34.829933759694164, "ba_0_s": 11.794237661523931, "ba_1_e": 4.25312123100009, "ba_1_m": 46.00295295361695, "ba_1_s": 34.493616562989324, "ba_2_e": -10.0, "ba_2_m": -60.0, "ba_2_s": -10.0, "delay": 0.1593374737044346, "mi_0_e": 18.429419259905828, "mi_0_s": -5.0, "mi_1_e": 19.662849860641334, "mi_1_m": 34.56475437000159, "mi_1_s": 22.261932938627936, "mi_2_e": -10.0, "mi_2_m": -60.0, "mi_2_s": -10.0}, "datetime": {"datetime": "2019-09-11 18:56:04", "elapsed": 962.824403, "delta": 16.57554}}
{"target": 0.7017953991889954, "params": {"ah_0_e": 20.79415360058396, "ah_0_s": -31.787272055422058, "ah_1_e": 17.16275810714353, "ah_1_m": 41.15730633320015, "ah_1_s": 1.7147586833211963, "ah_2_e": -10.0, "ah_2_m": -60.0, "ah_2_s": -10.0, "ba_0_e": -9.966458211135038, "ba_0_s": 31.831388628548623, "ba_1_e": 13.86104162055576, "ba_1_m": 42.882780918427144, "ba_1_s": 21.302625447816045, "ba_2_e": -10.0, "ba_2_m": -60.0, "ba_2_s": -10.0, "delay": 0.19799091950785394, "mi_0_e": 9.651044187910134, "mi_0_s": -5.0, "mi_1_e": 1.5854529810863727, "mi_1_m": 46.78257478359565, "mi_1_s": 15.92463758944161, "mi_2_e": -10.0, "mi_2_m": -60.0, "mi_2_s": -10.0}, "datetime": {"datetime": "2019-09-11 18:56:21", "elapsed": 979.793607, "delta": 16.969204}}
{"target": 1.1067357063293457, "params": {"ah_0_e": 26.954986695334608, "ah_0_s": -22.005786206645087, "ah_1_e": 12.258011794918213, "ah_1_m": 36.075533835005906, "ah_1_s": 20.040415761494543, "ah_2_e": -10.0, "ah_2_m": -60.0, "ah_2_s": -10.0, "ba_0_e": -31.44591021985656, "ba_0_s": 22.395397408297995, "ba_1_e": 4.474605973267348, "ba_1_m": 47.95350497218911, "ba_1_s": 29.04120891359923, "ba_2_e": -10.0, "ba_2_m": -60.0, "ba_2_s": -10.0, "delay": 0.1776210911256183, "mi_0_e": 6.266001683087907, "mi_0_s": -5.0, "mi_1_e": 11.831557531936744, "mi_1_m": 44.335505453720685, "mi_1_s": 19.370578993133254, "mi_2_e": -10.0, "mi_2_m": -60.0, "mi_2_s": -10.0}, "datetime": {"datetime": "2019-09-11 18:56:36", "elapsed": 995.116046, "delta": 15.322439}}
{"target": 1.5984618663787842, "params": {"ah_0_e": 39.68621764381986, "ah_0_s": -25.66125084256822, "ah_1_e": 12.41518539307477, "ah_1_m": 31.675853478640775, "ah_1_s": 4.99464465768189, "ah_2_e": -10.0, "ah_2_m": -60.0, "ah_2_s": -10.0, "ba_0_e": -23.12125702893127, "ba_0_s": 17.3090112992621, "ba_1_e": 9.602537850542678, "ba_1_m": 42.60316588915663, "ba_1_s": 16.460114845604817, "ba_2_e": -10.0, "ba_2_m": -60.0, "ba_2_s": -10.0, "delay": 0.14256617773523392, "mi_0_e": 14.399767492528753, "mi_0_s": -5.0, "mi_1_e": 0.03092172021768702, "mi_1_m": 34.70264438752375, "mi_1_s": 23.07040238625355, "mi_2_e": -10.0, "mi_2_m": -60.0, "mi_2_s": -10.0}, "datetime": {"datetime": "2019-09-11 18:56:51", "elapsed": 1010.416385, "delta": 15.300339}}
{"target": 1.5984618663787842, "params": {"ah_0_e": 39.68621764381986, "ah_0_s": -25.66125084256822, "ah_1_e": 12.41518539307477, "ah_1_m": 31.675853478640775, "ah_1_s": 4.99464465768189, "ah_2_e": -10.0, "ah_2_m": -60.0, "ah_2_s": -10.0, "ba_0_e": -23.12125702893127, "ba_0_s": 17.3090112992621, "ba_1_e": 9.602537850542678, "ba_1_m": 42.60316588915663, "ba_1_s": 16.460114845604817, "ba_2_e": -10.0, "ba_2_m": -60.0, "ba_2_s": -10.0, "delay": 0.14256617773523392, "mi_0_e": 14.399767492528753, "mi_0_s": -5.0, "mi_1_e": 0.03092172021768702, "mi_1_m": 34.70264438752375, "mi_1_s": 23.07040238625355, "mi_2_e": -10.0, "mi_2_m": -60.0, "mi_2_s": -10.0}, "datetime": {"datetime": "2019-09-11 18:57:00", "elapsed": 1019.024603, "delta": 8.608218}}
{"target": 1.4109935760498047, "params": {"ah_0_e": 22.631007814998927, "ah_0_s": -25.983814563954184, "ah_1_e": 22.626589131453517, "ah_1_m": 32.13006092746042, "ah_1_s": 13.03124604566242, "ah_2_e": -10.0, "ah_2_m": -60.0, "ah_2_s": -10.0, "ba_0_e": -34.564321405373924, "ba_0_s": 17.092361705513575, "ba_1_e": 13.69918931838115, "ba_1_m": 49.62319259219121, "ba_1_s": 34.55857305521342, "ba_2_e": -10.0, "ba_2_m": -60.0, "ba_2_s": -10.0, "delay": 0.17521740689422294, "mi_0_e": 11.6482977164291, "mi_0_s": -5.0, "mi_1_e": 9.068426801528375, "mi_1_m": 33.03728739211154, "mi_1_s": 7.939202321464936, "mi_2_e": -10.0, "mi_2_m": -60.0, "mi_2_s": -10.0}, "datetime": {"datetime": "2019-09-11 18:57:17", "elapsed": 1036.676396, "delta": 17.651793}}
{"target": 1.4109935760498047, "params": {"ah_0_e": 22.631007814998927, "ah_0_s": -25.983814563954184, "ah_1_e": 22.626589131453517, "ah_1_m": 32.13006092746042, "ah_1_s": 13.03124604566242, "ah_2_e": -10.0, "ah_2_m": -60.0, "ah_2_s": -10.0, "ba_0_e": -34.564321405373924, "ba_0_s": 17.092361705513575, "ba_1_e": 13.69918931838115, "ba_1_m": 49.62319259219121, "ba_1_s": 34.55857305521342, "ba_2_e": -10.0, "ba_2_m": -60.0, "ba_2_s": -10.0, "delay": 0.17521740689422294, "mi_0_e": 11.6482977164291, "mi_0_s": -5.0, "mi_1_e": 9.068426801528375, "mi_1_m": 33.03728739211154, "mi_1_s": 7.939202321464936, "mi_2_e": -10.0, "mi_2_m": -60.0, "mi_2_s": -10.0}, "datetime": {"datetime": "2019-09-11 18:57:24", "elapsed": 1043.394516, "delta": 6.71812}}
{"target": 1.4109935760498047, "params": {"ah_0_e": 22.631007814998927, "ah_0_s": -25.983814563954184, "ah_1_e": 22.626589131453517, "ah_1_m": 32.13006092746042, "ah_1_s": 13.03124604566242, "ah_2_e": -10.0, "ah_2_m": -60.0, "ah_2_s": -10.0, "ba_0_e": -34.564321405373924, "ba_0_s": 17.092361705513575, "ba_1_e": 13.69918931838115, "ba_1_m": 49.62319259219121, "ba_1_s": 34.55857305521342, "ba_2_e": -10.0, "ba_2_m": -60.0, "ba_2_s": -10.0, "delay": 0.17521740689422294, "mi_0_e": 11.6482977164291, "mi_0_s": -5.0, "mi_1_e": 9.068426801528375, "mi_1_m": 33.03728739211154, "mi_1_s": 7.939202321464936, "mi_2_e": -10.0, "mi_2_m": -60.0, "mi_2_s": -10.0}, "datetime": {"datetime": "2019-09-11 18:57:32", "elapsed": 1050.828516, "delta": 7.434}}
{"target": 1.061375617980957, "params": {"ah_0_e": 27.74605454733904, "ah_0_s": -25.164443991588502, "ah_1_e": 2.527485254930473, "ah_1_m": 30.627979999890233, "ah_1_s": 25.795774860820583, "ah_2_e": -10.0, "ah_2_m": -60.0, "ah_2_s": -10.0, "ba_0_e": -19.33235824845919, "ba_0_s": 8.585991999669012, "ba_1_e": 9.423277165433323, "ba_1_m": 48.30698449096817, "ba_1_s": 34.683478575955476, "ba_2_e": -10.0, "ba_2_m": -60.0, "ba_2_s": -10.0, "delay": 0.14711901621937246, "mi_0_e": 11.3519880705703, "mi_0_s": -5.0, "mi_1_e": 10.818064200417055, "mi_1_m": 38.07443675377894, "mi_1_s": 20.821869678731208, "mi_2_e": -10.0, "mi_2_m": -60.0, "mi_2_s": -10.0}, "datetime": {"datetime": "2019-09-11 18:57:49", "elapsed": 1068.065608, "delta": 17.237092}}
{"target": 0.9546785354614258, "params": {"ah_0_e": 21.67286998175933, "ah_0_s": -20.661526446936655, "ah_1_e": 11.792384617689539, "ah_1_m": 40.48973135058877, "ah_1_s": 4.215962253644859, "ah_2_e": -10.0, "ah_2_m": -60.0, "ah_2_s": -10.0, "ba_0_e": -37.01794640275612, "ba_0_s": 27.281630898606927, "ba_1_e": 9.748365978785696, "ba_1_m": 48.49073402116057, "ba_1_s": 32.232459384462295, "ba_2_e": -10.0, "ba_2_m": -60.0, "ba_2_s": -10.0, "delay": 0.20456795418874685, "mi_0_e": 12.331696830467862, "mi_0_s": -5.0, "mi_1_e": 8.567442986408237, "mi_1_m": 45.291332358743546, "mi_1_s": 23.882421927648316, "mi_2_e": -10.0, "mi_2_m": -60.0, "mi_2_s": -10.0}, "datetime": {"datetime": "2019-09-11 18:58:04", "elapsed": 1083.175868, "delta": 15.11026}}
{"target": 0.9546785354614258, "params": {"ah_0_e": 21.67286998175933, "ah_0_s": -20.661526446936655, "ah_1_e": 11.792384617689539, "ah_1_m": 40.48973135058877, "ah_1_s": 4.215962253644859, "ah_2_e": -10.0, "ah_2_m": -60.0, "ah_2_s": -10.0, "ba_0_e": -37.01794640275612, "ba_0_s": 27.281630898606927, "ba_1_e": 9.748365978785696, "ba_1_m": 48.49073402116057, "ba_1_s": 32.232459384462295, "ba_2_e": -10.0, "ba_2_m": -60.0, "ba_2_s": -10.0, "delay": 0.20456795418874685, "mi_0_e": 12.331696830467862, "mi_0_s": -5.0, "mi_1_e": 8.567442986408237, "mi_1_m": 45.291332358743546, "mi_1_s": 23.882421927648316, "mi_2_e": -10.0, "mi_2_m": -60.0, "mi_2_s": -10.0}, "datetime": {"datetime": "2019-09-11 18:58:11", "elapsed": 1089.800877, "delta": 6.625009}}
{"target": 0.6154388189315796, "params": {"ah_0_e": 34.026087490026, "ah_0_s": -35.21479414156972, "ah_1_e": 10.300197186598806, "ah_1_m": 45.606855226425836, "ah_1_s": 7.17121509153355, "ah_2_e": -10.0, "ah_2_m": -60.0, "ah_2_s": -10.0, "ba_0_e": -38.13987422566128, "ba_0_s": 30.50549047833052, "ba_1_e": 7.083383014767978, "ba_1_m": 49.586825381841734, "ba_1_s": 9.94828652968005, "ba_2_e": -10.0, "ba_2_m": -60.0, "ba_2_s": -10.0, "delay": 0.17780472896259786, "mi_0_e": 8.058276817799864, "mi_0_s": -5.0, "mi_1_e": 0.5079532712419371, "mi_1_m": 32.082079425375525, "mi_1_s": 10.43755918964531, "mi_2_e": -10.0, "mi_2_m": -60.0, "mi_2_s": -10.0}, "datetime": {"datetime": "2019-09-11 18:58:26", "elapsed": 1105.61903, "delta": 15.818153}}
