{"target": 0.5282156467437744, "params": {"ah_0_e": 27.051311152902045, "ah_0_s": -3.0480745936672236, "ah_1_e": 8.431810605766852, "ah_1_m": 35.88082782601222, "ah_1_s": 2.11275941430237, "ah_2_e": -10.0, "ah_2_m": -60.0, "ah_2_s": -10.0, "ba_0_e": -39.70049562416934, "ba_0_s": 16.17540557056574, "ba_1_e": 3.5831122455656876, "ba_1_m": 49.13501002625957, "ba_1_s": 34.5032727084137, "ba_2_e": -10.0, "ba_2_m": -60.0, "ba_2_s": -10.0, "delay": 0.15569480335423688, "mi_0_e": 5.404469356434986, "mi_0_s": -5.0, "mi_1_e": 33.78379430167202, "mi_1_m": 49.8306152214132, "mi_1_s": 6.191629791851079, "mi_2_e": -10.0, "mi_2_m": -60.0, "mi_2_s": -10.0}, "datetime": {"datetime": "2019-09-11 18:40:01", "elapsed": 0.0, "delta": 0.0}}
{"target": 0.5282156467437744, "params": {"ah_0_e": 27.051311152902045, "ah_0_s": -3.0480745936672236, "ah_1_e": 8.431810605766852, "ah_1_m": 35.88082782601222, "ah_1_s": 2.11275941430237, "ah_2_e": -10.0, "ah_2_m": -60.0, "ah_2_s": -10.0, "ba_0_e": -39.70049562416934, "ba_0_s": 16.17540557056574, "ba_1_e": 3.5831122455656876, "ba_1_m": 49.13501002625957, "ba_1_s": 34.5032727084137, "ba_2_e": -10.0, "ba_2_m": -60.0, "ba_2_s": -10.0, "delay": 0.15569480335423688, "mi_0_e": 5.404469356434986, "mi_0_s": -5.0, "mi_1_e": 33.78379430167202, "mi_1_m": 49.8306152214132, "mi_1_s": 6.191629791851079, "mi_2_e": -10.0, "mi_2_m": -60.0, "mi_2_s": -10.0}, "datetime": {"datetime": "2019-09-11 18:40:01", "elapsed": 0.006994, "delta": 0.006994}}
{"target": 0.5282156467437744, "params": {"ah_0_e": 27.051311152902045, "ah_0_s": -3.0480745936672236, "ah_1_e": 8.431810605766852, "ah_1_m": 35.88082782601222, "ah_1_s": 2.11275941430237, "ah_2_e": -10.0, "ah_2_m": -60.0, "ah_2_s": -10.0, "ba_0_e": -39.70049562416934, "ba_0_s": 16.17540557056574, "ba_1_e": 3.5831122455656876, "ba_1_m": 49.13501002625957, "ba_1_s": 34.5032727084137, "ba_2_e": -10.0, "ba_2_m": -60.0, "ba_2_s": -10.0, "delay": 0.15569480335423688, "mi_0_e": 5.404469356434986, "mi_0_s": -5.0, "mi_1_e": 33.78379430167202, "mi_1_m": 49.8306152214132, "mi_1_s": 6.191629791851079, "mi_2_e": -10.0, "mi_2_m": -60.0, "mi_2_s": -10.0}, "datetime": {"datetime": "2019-09-11 18:40:01", "elapsed": 0.012996, "delta": 0.006002}}
{"target": 0.5282156467437744, "params": {"ah_0_e": 27.051311152902045, "ah_0_s": -3.0480745936672236, "ah_1_e": 8.431810605766852, "ah_1_m": 35.88082782601222, "ah_1_s": 2.11275941430237, "ah_2_e": -10.0, "ah_2_m": -60.0, "ah_2_s": -10.0, "ba_0_e": -39.70049562416934, "ba_0_s": 16.17540557056574, "ba_1_e": 3.5831122455656876, "ba_1_m": 49.13501002625957, "ba_1_s": 34.5032727084137, "ba_2_e": -10.0, "ba_2_m": -60.0, "ba_2_s": -10.0, "delay": 0.15569480335423688, "mi_0_e": 5.404469356434986, "mi_0_s": -5.0, "mi_1_e": 33.78379430167202, "mi_1_m": 49.8306152214132, "mi_1_s": 6.191629791851079, "mi_2_e": -10.0, "mi_2_m": -60.0, "mi_2_s": -10.0}, "datetime": {"datetime": "2019-09-11 18:40:01", "elapsed": 0.018997, "delta": 0.006001}}
{"target": 0.5282156467437744, "params": {"ah_0_e": 27.051311152902045, "ah_0_s": -3.0480745936672236, "ah_1_e": 8.431810605766852, "ah_1_m": 35.88082782601222, "ah_1_s": 2.11275941430237, "ah_2_e": -10.0, "ah_2_m": -60.0, "ah_2_s": -10.0, "ba_0_e": -39.70049562416934, "ba_0_s": 16.17540557056574, "ba_1_e": 3.5831122455656876, "ba_1_m": 49.13501002625957, "ba_1_s": 34.5032727084137, "ba_2_e": -10.0, "ba_2_m": -60.0, "ba_2_s": -10.0, "delay": 0.15569480335423688, "mi_0_e": 5.404469356434986, "mi_0_s": -5.0, "mi_1_e": 33.78379430167202, "mi_1_m": 49.8306152214132, "mi_1_s": 6.191629791851079, "mi_2_e": -10.0, "mi_2_m": -60.0, "mi_2_s": -10.0}, "datetime": {"datetime": "2019-09-11 18:40:01", "elapsed": 0.024996, "delta": 0.005999}}
{"target": 0.5282156467437744, "params": {"ah_0_e": 27.051311152902045, "ah_0_s": -3.0480745936672236, "ah_1_e": 8.431810605766852, "ah_1_m": 35.88082782601222, "ah_1_s": 2.11275941430237, "ah_2_e": -10.0, "ah_2_m": -60.0, "ah_2_s": -10.0, "ba_0_e": -39.70049562416934, "ba_0_s": 16.17540557056574, "ba_1_e": 3.5831122455656876, "ba_1_m": 49.13501002625957, "ba_1_s": 34.5032727084137, "ba_2_e": -10.0, "ba_2_m": -60.0, "ba_2_s": -10.0, "delay": 0.15569480335423688, "mi_0_e": 5.404469356434986, "mi_0_s": -5.0, "mi_1_e": 33.78379430167202, "mi_1_m": 49.8306152214132, "mi_1_s": 6.191629791851079, "mi_2_e": -10.0, "mi_2_m": -60.0, "mi_2_s": -10.0}, "datetime": {"datetime": "2019-09-11 18:40:01", "elapsed": 0.030996, "delta": 0.006}}
{"target": 0.5282156467437744, "params": {"ah_0_e": 27.051311152902045, "ah_0_s": -3.0480745936672236, "ah_1_e": 8.431810605766852, "ah_1_m": 35.88082782601222, "ah_1_s": 2.11275941430237, "ah_2_e": -10.0, "ah_2_m": -60.0, "ah_2_s": -10.0, "ba_0_e": -39.70049562416934, "ba_0_s": 16.17540557056574, "ba_1_e": 3.5831122455656876, "ba_1_m": 49.13501002625957, "ba_1_s": 34.5032727084137, "ba_2_e": -10.0, "ba_2_m": -60.0, "ba_2_s": -10.0, "delay": 0.15569480335423688, "mi_0_e": 5.404469356434986, "mi_0_s": -5.0, "mi_1_e": 33.78379430167202, "mi_1_m": 49.8306152214132, "mi_1_s": 6.191629791851079, "mi_2_e": -10.0, "mi_2_m": -60.0, "mi_2_s": -10.0}, "datetime": {"datetime": "2019-09-11 18:40:01", "elapsed": 0.035996, "delta": 0.005}}
{"target": 0.5282156467437744, "params": {"ah_0_e": 27.051311152902045, "ah_0_s": -3.0480745936672236, "ah_1_e": 8.431810605766852, "ah_1_m": 35.88082782601222, "ah_1_s": 2.11275941430237, "ah_2_e": -10.0, "ah_2_m": -60.0, "ah_2_s": -10.0, "ba_0_e": -39.70049562416934, "ba_0_s": 16.17540557056574, "ba_1_e": 3.5831122455656876, "ba_1_m": 49.13501002625957, "ba_1_s": 34.5032727084137, "ba_2_e": -10.0, "ba_2_m": -60.0, "ba_2_s": -10.0, "delay": 0.15569480335423688, "mi_0_e": 5.404469356434986, "mi_0_s": -5.0, "mi_1_e": 33.78379430167202, "mi_1_m": 49.8306152214132, "mi_1_s": 6.191629791851079, "mi_2_e": -10.0, "mi_2_m": -60.0, "mi_2_s": -10.0}, "datetime": {"datetime": "2019-09-11 18:40:01", "elapsed": 0.040996, "delta": 0.005}}
{"target": 0.5282156467437744, "params": {"ah_0_e": 27.051311152902045, "ah_0_s": -3.0480745936672236, "ah_1_e": 8.431810605766852, "ah_1_m": 35.88082782601222, "ah_1_s": 2.11275941430237, "ah_2_e": -10.0, "ah_2_m": -60.0, "ah_2_s": -10.0, "ba_0_e": -39.70049562416934, "ba_0_s": 16.17540557056574, "ba_1_e": 3.5831122455656876, "ba_1_m": 49.13501002625957, "ba_1_s": 34.5032727084137, "ba_2_e": -10.0, "ba_2_m": -60.0, "ba_2_s": -10.0, "delay": 0.15569480335423688, "mi_0_e": 5.404469356434986, "mi_0_s": -5.0, "mi_1_e": 33.78379430167202, "mi_1_m": 49.8306152214132, "mi_1_s": 6.191629791851079, "mi_2_e": -10.0, "mi_2_m": -60.0, "mi_2_s": -10.0}, "datetime": {"datetime": "2019-09-11 18:40:01", "elapsed": 0.046996, "delta": 0.006}}
{"target": 0.5282156467437744, "params": {"ah_0_e": 27.051311152902045, "ah_0_s": -3.0480745936672236, "ah_1_e": 8.431810605766852, "ah_1_m": 35.88082782601222, "ah_1_s": 2.11275941430237, "ah_2_e": -10.0, "ah_2_m": -60.0, "ah_2_s": -10.0, "ba_0_e": -39.70049562416934, "ba_0_s": 16.17540557056574, "ba_1_e": 3.5831122455656876, "ba_1_m": 49.13501002625957, "ba_1_s": 34.5032727084137, "ba_2_e": -10.0, "ba_2_m": -60.0, "ba_2_s": -10.0, "delay": 0.15569480335423688, "mi_0_e": 5.404469356434986, "mi_0_s": -5.0, "mi_1_e": 33.78379430167202, "mi_1_m": 49.8306152214132, "mi_1_s": 6.191629791851079, "mi_2_e": -10.0, "mi_2_m": -60.0, "mi_2_s": -10.0}, "datetime": {"datetime": "2019-09-11 18:40:01", "elapsed": 0.051996, "delta": 0.005}}
{"target": 0.5282156467437744, "params": {"ah_0_e": 27.051311152902045, "ah_0_s": -3.0480745936672236, "ah_1_e": 8.431810605766852, "ah_1_m": 35.88082782601222, "ah_1_s": 2.11275941430237, "ah_2_e": -10.0, "ah_2_m": -60.0, "ah_2_s": -10.0, "ba_0_e": -39.70049562416934, "ba_0_s": 16.17540557056574, "ba_1_e": 3.5831122455656876, "ba_1_m": 49.13501002625957, "ba_1_s": 34.5032727084137, "ba_2_e": -10.0, "ba_2_m": -60.0, "ba_2_s": -10.0, "delay": 0.15569480335423688, "mi_0_e": 5.404469356434986, "mi_0_s": -5.0, "mi_1_e": 33.78379430167202, "mi_1_m": 49.8306152214132, "mi_1_s": 6.191629791851079, "mi_2_e": -10.0, "mi_2_m": -60.0, "mi_2_s": -10.0}, "datetime": {"datetime": "2019-09-11 18:40:01", "elapsed": 0.057997, "delta": 0.006001}}
{"target": 0.5282156467437744, "params": {"ah_0_e": 27.051311152902045, "ah_0_s": -3.0480745936672236, "ah_1_e": 8.431810605766852, "ah_1_m": 35.88082782601222, "ah_1_s": 2.11275941430237, "ah_2_e": -10.0, "ah_2_m": -60.0, "ah_2_s": -10.0, "ba_0_e": -39.70049562416934, "ba_0_s": 16.17540557056574, "ba_1_e": 3.5831122455656876, "ba_1_m": 49.13501002625957, "ba_1_s": 34.5032727084137, "ba_2_e": -10.0, "ba_2_m": -60.0, "ba_2_s": -10.0, "delay": 0.15569480335423688, "mi_0_e": 5.404469356434986, "mi_0_s": -5.0, "mi_1_e": 33.78379430167202, "mi_1_m": 49.8306152214132, "mi_1_s": 6.191629791851079, "mi_2_e": -10.0, "mi_2_m": -60.0, "mi_2_s": -10.0}, "datetime": {"datetime": "2019-09-11 18:40:01", "elapsed": 0.064, "delta": 0.006003}}
{"target": 0.5282156467437744, "params": {"ah_0_e": 27.051311152902045, "ah_0_s": -3.0480745936672236, "ah_1_e": 8.431810605766852, "ah_1_m": 35.88082782601222, "ah_1_s": 2.11275941430237, "ah_2_e": -10.0, "ah_2_m": -60.0, "ah_2_s": -10.0, "ba_0_e": -39.70049562416934, "ba_0_s": 16.17540557056574, "ba_1_e": 3.5831122455656876, "ba_1_m": 49.13501002625957, "ba_1_s": 34.5032727084137, "ba_2_e": -10.0, "ba_2_m": -60.0, "ba_2_s": -10.0, "delay": 0.15569480335423688, "mi_0_e": 5.404469356434986, "mi_0_s": -5.0, "mi_1_e": 33.78379430167202, "mi_1_m": 49.8306152214132, "mi_1_s": 6.191629791851079, "mi_2_e": -10.0, "mi_2_m": -60.0, "mi_2_s": -10.0}, "datetime": {"datetime": "2019-09-11 18:40:01", "elapsed": 0.070993, "delta": 0.006993}}
{"target": 0.5282156467437744, "params": {"ah_0_e": 27.051311152902045, "ah_0_s": -3.0480745936672236, "ah_1_e": 8.431810605766852, "ah_1_m": 35.88082782601222, "ah_1_s": 2.11275941430237, "ah_2_e": -10.0, "ah_2_m": -60.0, "ah_2_s": -10.0, "ba_0_e": -39.70049562416934, "ba_0_s": 16.17540557056574, "ba_1_e": 3.5831122455656876, "ba_1_m": 49.13501002625957, "ba_1_s": 34.5032727084137, "ba_2_e": -10.0, "ba_2_m": -60.0, "ba_2_s": -10.0, "delay": 0.15569480335423688, "mi_0_e": 5.404469356434986, "mi_0_s": -5.0, "mi_1_e": 33.78379430167202, "mi_1_m": 49.8306152214132, "mi_1_s": 6.191629791851079, "mi_2_e": -10.0, "mi_2_m": -60.0, "mi_2_s": -10.0}, "datetime": {"datetime": "2019-09-11 18:40:01", "elapsed": 0.076996, "delta": 0.006003}}
{"target": 0.5282156467437744, "params": {"ah_0_e": 27.051311152902045, "ah_0_s": -3.0480745936672236, "ah_1_e": 8.431810605766852, "ah_1_m": 35.88082782601222, "ah_1_s": 2.11275941430237, "ah_2_e": -10.0, "ah_2_m": -60.0, "ah_2_s": -10.0, "ba_0_e": -39.70049562416934, "ba_0_s": 16.17540557056574, "ba_1_e": 3.5831122455656876, "ba_1_m": 49.13501002625957, "ba_1_s": 34.5032727084137, "ba_2_e": -10.0, "ba_2_m": -60.0, "ba_2_s": -10.0, "delay": 0.15569480335423688, "mi_0_e": 5.404469356434986, "mi_0_s": -5.0, "mi_1_e": 33.78379430167202, "mi_1_m": 49.8306152214132, "mi_1_s": 6.191629791851079, "mi_2_e": -10.0, "mi_2_m": -60.0, "mi_2_s": -10.0}, "datetime": {"datetime": "2019-09-11 18:40:01", "elapsed": 0.082965, "delta": 0.005969}}
{"target": 0.5282156467437744, "params": {"ah_0_e": 27.051311152902045, "ah_0_s": -3.0480745936672236, "ah_1_e": 8.431810605766852, "ah_1_m": 35.88082782601222, "ah_1_s": 2.11275941430237, "ah_2_e": -10.0, "ah_2_m": -60.0, "ah_2_s": -10.0, "ba_0_e": -39.70049562416934, "ba_0_s": 16.17540557056574, "ba_1_e": 3.5831122455656876, "ba_1_m": 49.13501002625957, "ba_1_s": 34.5032727084137, "ba_2_e": -10.0, "ba_2_m": -60.0, "ba_2_s": -10.0, "delay": 0.15569480335423688, "mi_0_e": 5.404469356434986, "mi_0_s": -5.0, "mi_1_e": 33.78379430167202, "mi_1_m": 49.8306152214132, "mi_1_s": 6.191629791851079, "mi_2_e": -10.0, "mi_2_m": -60.0, "mi_2_s": -10.0}, "datetime": {"datetime": "2019-09-11 18:40:01", "elapsed": 0.087996, "delta": 0.005031}}
{"target": 0.5282156467437744, "params": {"ah_0_e": 27.051311152902045, "ah_0_s": -3.0480745936672236, "ah_1_e": 8.431810605766852, "ah_1_m": 35.88082782601222, "ah_1_s": 2.11275941430237, "ah_2_e": -10.0, "ah_2_m": -60.0, "ah_2_s": -10.0, "ba_0_e": -39.70049562416934, "ba_0_s": 16.17540557056574, "ba_1_e": 3.5831122455656876, "ba_1_m": 49.13501002625957, "ba_1_s": 34.5032727084137, "ba_2_e": -10.0, "ba_2_m": -60.0, "ba_2_s": -10.0, "delay": 0.15569480335423688, "mi_0_e": 5.404469356434986, "mi_0_s": -5.0, "mi_1_e": 33.78379430167202, "mi_1_m": 49.8306152214132, "mi_1_s": 6.191629791851079, "mi_2_e": -10.0, "mi_2_m": -60.0, "mi_2_s": -10.0}, "datetime": {"datetime": "2019-09-11 18:40:01", "elapsed": 0.093993, "delta": 0.005997}}
{"target": 0.5282156467437744, "params": {"ah_0_e": 27.051311152902045, "ah_0_s": -3.0480745936672236, "ah_1_e": 8.431810605766852, "ah_1_m": 35.88082782601222, "ah_1_s": 2.11275941430237, "ah_2_e": -10.0, "ah_2_m": -60.0, "ah_2_s": -10.0, "ba_0_e": -39.70049562416934, "ba_0_s": 16.17540557056574, "ba_1_e": 3.5831122455656876, "ba_1_m": 49.13501002625957, "ba_1_s": 34.5032727084137, "ba_2_e": -10.0, "ba_2_m": -60.0, "ba_2_s": -10.0, "delay": 0.15569480335423688, "mi_0_e": 5.404469356434986, "mi_0_s": -5.0, "mi_1_e": 33.78379430167202, "mi_1_m": 49.8306152214132, "mi_1_s": 6.191629791851079, "mi_2_e": -10.0, "mi_2_m": -60.0, "mi_2_s": -10.0}, "datetime": {"datetime": "2019-09-11 18:40:01", "elapsed": 0.099997, "delta": 0.006004}}
{"target": 0.5282156467437744, "params": {"ah_0_e": 27.051311152902045, "ah_0_s": -3.0480745936672236, "ah_1_e": 8.431810605766852, "ah_1_m": 35.88082782601222, "ah_1_s": 2.11275941430237, "ah_2_e": -10.0, "ah_2_m": -60.0, "ah_2_s": -10.0, "ba_0_e": -39.70049562416934, "ba_0_s": 16.17540557056574, "ba_1_e": 3.5831122455656876, "ba_1_m": 49.13501002625957, "ba_1_s": 34.5032727084137, "ba_2_e": -10.0, "ba_2_m": -60.0, "ba_2_s": -10.0, "delay": 0.15569480335423688, "mi_0_e": 5.404469356434986, "mi_0_s": -5.0, "mi_1_e": 33.78379430167202, "mi_1_m": 49.8306152214132, "mi_1_s": 6.191629791851079, "mi_2_e": -10.0, "mi_2_m": -60.0, "mi_2_s": -10.0}, "datetime": {"datetime": "2019-09-11 18:40:01", "elapsed": 0.105966, "delta": 0.005969}}
{"target": 0.5282156467437744, "params": {"ah_0_e": 27.051311152902045, "ah_0_s": -3.0480745936672236, "ah_1_e": 8.431810605766852, "ah_1_m": 35.88082782601222, "ah_1_s": 2.11275941430237, "ah_2_e": -10.0, "ah_2_m": -60.0, "ah_2_s": -10.0, "ba_0_e": -39.70049562416934, "ba_0_s": 16.17540557056574, "ba_1_e": 3.5831122455656876, "ba_1_m": 49.13501002625957, "ba_1_s": 34.5032727084137, "ba_2_e": -10.0, "ba_2_m": -60.0, "ba_2_s": -10.0, "delay": 0.15569480335423688, "mi_0_e": 5.404469356434986, "mi_0_s": -5.0, "mi_1_e": 33.78379430167202, "mi_1_m": 49.8306152214132, "mi_1_s": 6.191629791851079, "mi_2_e": -10.0, "mi_2_m": -60.0, "mi_2_s": -10.0}, "datetime": {"datetime": "2019-09-11 18:40:01", "elapsed": 0.111998, "delta": 0.006032}}
{"target": 0.5282156467437744, "params": {"ah_0_e": 27.051311152902045, "ah_0_s": -3.0480745936672236, "ah_1_e": 8.431810605766852, "ah_1_m": 35.88082782601222, "ah_1_s": 2.11275941430237, "ah_2_e": -10.0, "ah_2_m": -60.0, "ah_2_s": -10.0, "ba_0_e": -39.70049562416934, "ba_0_s": 16.17540557056574, "ba_1_e": 3.5831122455656876, "ba_1_m": 49.13501002625957, "ba_1_s": 34.5032727084137, "ba_2_e": -10.0, "ba_2_m": -60.0, "ba_2_s": -10.0, "delay": 0.15569480335423688, "mi_0_e": 5.404469356434986, "mi_0_s": -5.0, "mi_1_e": 33.78379430167202, "mi_1_m": 49.8306152214132, "mi_1_s": 6.191629791851079, "mi_2_e": -10.0, "mi_2_m": -60.0, "mi_2_s": -10.0}, "datetime": {"datetime": "2019-09-11 18:40:01", "elapsed": 0.116995, "delta": 0.004997}}
{"target": 0.5282156467437744, "params": {"ah_0_e": 27.051311152902045, "ah_0_s": -3.0480745936672236, "ah_1_e": 8.431810605766852, "ah_1_m": 35.88082782601222, "ah_1_s": 2.11275941430237, "ah_2_e": -10.0, "ah_2_m": -60.0, "ah_2_s": -10.0, "ba_0_e": -39.70049562416934, "ba_0_s": 16.17540557056574, "ba_1_e": 3.5831122455656876, "ba_1_m": 49.13501002625957, "ba_1_s": 34.5032727084137, "ba_2_e": -10.0, "ba_2_m": -60.0, "ba_2_s": -10.0, "delay": 0.15569480335423688, "mi_0_e": 5.404469356434986, "mi_0_s": -5.0, "mi_1_e": 33.78379430167202, "mi_1_m": 49.8306152214132, "mi_1_s": 6.191629791851079, "mi_2_e": -10.0, "mi_2_m": -60.0, "mi_2_s": -10.0}, "datetime": {"datetime": "2019-09-11 18:40:01", "elapsed": 0.122996, "delta": 0.006001}}
{"target": 0.5282156467437744, "params": {"ah_0_e": 27.051311152902045, "ah_0_s": -3.0480745936672236, "ah_1_e": 8.431810605766852, "ah_1_m": 35.88082782601222, "ah_1_s": 2.11275941430237, "ah_2_e": -10.0, "ah_2_m": -60.0, "ah_2_s": -10.0, "ba_0_e": -39.70049562416934, "ba_0_s": 16.17540557056574, "ba_1_e": 3.5831122455656876, "ba_1_m": 49.13501002625957, "ba_1_s": 34.5032727084137, "ba_2_e": -10.0, "ba_2_m": -60.0, "ba_2_s": -10.0, "delay": 0.15569480335423688, "mi_0_e": 5.404469356434986, "mi_0_s": -5.0, "mi_1_e": 33.78379430167202, "mi_1_m": 49.8306152214132, "mi_1_s": 6.191629791851079, "mi_2_e": -10.0, "mi_2_m": -60.0, "mi_2_s": -10.0}, "datetime": {"datetime": "2019-09-11 18:40:01", "elapsed": 0.128997, "delta": 0.006001}}
{"target": 0.5282156467437744, "params": {"ah_0_e": 27.051311152902045, "ah_0_s": -3.0480745936672236, "ah_1_e": 8.431810605766852, "ah_1_m": 35.88082782601222, "ah_1_s": 2.11275941430237, "ah_2_e": -10.0, "ah_2_m": -60.0, "ah_2_s": -10.0, "ba_0_e": -39.70049562416934, "ba_0_s": 16.17540557056574, "ba_1_e": 3.5831122455656876, "ba_1_m": 49.13501002625957, "ba_1_s": 34.5032727084137, "ba_2_e": -10.0, "ba_2_m": -60.0, "ba_2_s": -10.0, "delay": 0.15569480335423688, "mi_0_e": 5.404469356434986, "mi_0_s": -5.0, "mi_1_e": 33.78379430167202, "mi_1_m": 49.8306152214132, "mi_1_s": 6.191629791851079, "mi_2_e": -10.0, "mi_2_m": -60.0, "mi_2_s": -10.0}, "datetime": {"datetime": "2019-09-11 18:40:01", "elapsed": 0.134993, "delta": 0.005996}}
{"target": 0.5282156467437744, "params": {"ah_0_e": 27.051311152902045, "ah_0_s": -3.0480745936672236, "ah_1_e": 8.431810605766852, "ah_1_m": 35.88082782601222, "ah_1_s": 2.11275941430237, "ah_2_e": -10.0, "ah_2_m": -60.0, "ah_2_s": -10.0, "ba_0_e": -39.70049562416934, "ba_0_s": 16.17540557056574, "ba_1_e": 3.5831122455656876, "ba_1_m": 49.13501002625957, "ba_1_s": 34.5032727084137, "ba_2_e": -10.0, "ba_2_m": -60.0, "ba_2_s": -10.0, "delay": 0.15569480335423688, "mi_0_e": 5.404469356434986, "mi_0_s": -5.0, "mi_1_e": 33.78379430167202, "mi_1_m": 49.8306152214132, "mi_1_s": 6.191629791851079, "mi_2_e": -10.0, "mi_2_m": -60.0, "mi_2_s": -10.0}, "datetime": {"datetime": "2019-09-11 18:40:01", "elapsed": 0.140997, "delta": 0.006004}}
{"target": 0.5282156467437744, "params": {"ah_0_e": 27.051311152902045, "ah_0_s": -3.0480745936672236, "ah_1_e": 8.431810605766852, "ah_1_m": 35.88082782601222, "ah_1_s": 2.11275941430237, "ah_2_e": -10.0, "ah_2_m": -60.0, "ah_2_s": -10.0, "ba_0_e": -39.70049562416934, "ba_0_s": 16.17540557056574, "ba_1_e": 3.5831122455656876, "ba_1_m": 49.13501002625957, "ba_1_s": 34.5032727084137, "ba_2_e": -10.0, "ba_2_m": -60.0, "ba_2_s": -10.0, "delay": 0.15569480335423688, "mi_0_e": 5.404469356434986, "mi_0_s": -5.0, "mi_1_e": 33.78379430167202, "mi_1_m": 49.8306152214132, "mi_1_s": 6.191629791851079, "mi_2_e": -10.0, "mi_2_m": -60.0, "mi_2_s": -10.0}, "datetime": {"datetime": "2019-09-11 18:40:01", "elapsed": 0.145996, "delta": 0.004999}}
{"target": 0.5282156467437744, "params": {"ah_0_e": 27.051311152902045, "ah_0_s": -3.0480745936672236, "ah_1_e": 8.431810605766852, "ah_1_m": 35.88082782601222, "ah_1_s": 2.11275941430237, "ah_2_e": -10.0, "ah_2_m": -60.0, "ah_2_s": -10.0, "ba_0_e": -39.70049562416934, "ba_0_s": 16.17540557056574, "ba_1_e": 3.5831122455656876, "ba_1_m": 49.13501002625957, "ba_1_s": 34.5032727084137, "ba_2_e": -10.0, "ba_2_m": -60.0, "ba_2_s": -10.0, "delay": 0.15569480335423688, "mi_0_e": 5.404469356434986, "mi_0_s": -5.0, "mi_1_e": 33.78379430167202, "mi_1_m": 49.8306152214132, "mi_1_s": 6.191629791851079, "mi_2_e": -10.0, "mi_2_m": -60.0, "mi_2_s": -10.0}, "datetime": {"datetime": "2019-09-11 18:40:01", "elapsed": 0.151996, "delta": 0.006}}
{"target": 0.5282156467437744, "params": {"ah_0_e": 27.051311152902045, "ah_0_s": -3.0480745936672236, "ah_1_e": 8.431810605766852, "ah_1_m": 35.88082782601222, "ah_1_s": 2.11275941430237, "ah_2_e": -10.0, "ah_2_m": -60.0, "ah_2_s": -10.0, "ba_0_e": -39.70049562416934, "ba_0_s": 16.17540557056574, "ba_1_e": 3.5831122455656876, "ba_1_m": 49.13501002625957, "ba_1_s": 34.5032727084137, "ba_2_e": -10.0, "ba_2_m": -60.0, "ba_2_s": -10.0, "delay": 0.15569480335423688, "mi_0_e": 5.404469356434986, "mi_0_s": -5.0, "mi_1_e": 33.78379430167202, "mi_1_m": 49.8306152214132, "mi_1_s": 6.191629791851079, "mi_2_e": -10.0, "mi_2_m": -60.0, "mi_2_s": -10.0}, "datetime": {"datetime": "2019-09-11 18:40:01", "elapsed": 0.157998, "delta": 0.006002}}
{"target": 0.5282156467437744, "params": {"ah_0_e": 27.051311152902045, "ah_0_s": -3.0480745936672236, "ah_1_e": 8.431810605766852, "ah_1_m": 35.88082782601222, "ah_1_s": 2.11275941430237, "ah_2_e": -10.0, "ah_2_m": -60.0, "ah_2_s": -10.0, "ba_0_e": -39.70049562416934, "ba_0_s": 16.17540557056574, "ba_1_e": 3.5831122455656876, "ba_1_m": 49.13501002625957, "ba_1_s": 34.5032727084137, "ba_2_e": -10.0, "ba_2_m": -60.0, "ba_2_s": -10.0, "delay": 0.15569480335423688, "mi_0_e": 5.404469356434986, "mi_0_s": -5.0, "mi_1_e": 33.78379430167202, "mi_1_m": 49.8306152214132, "mi_1_s": 6.191629791851079, "mi_2_e": -10.0, "mi_2_m": -60.0, "mi_2_s": -10.0}, "datetime": {"datetime": "2019-09-11 18:40:01", "elapsed": 0.163996, "delta": 0.005998}}
