{"target": 1.4070693254470825, "params": {"ah_0_e": 38.119669929161425, "ah_0_s": -12.207697706549602, "ah_1_e": 1.0220315144290333, "ah_1_m": 32.28139256116944, "ah_1_s": 12.005536323188096, "ah_2_e": -10.0, "ah_2_m": -60.0, "ah_2_s": -10.0, "ba_0_e": -25.823807050816384, "ba_0_s": 14.261460621305327, "ba_1_e": 3.6657160024143574, "ba_1_m": 47.23176518678051, "ba_1_s": 31.700073484148653, "ba_2_e": -10.0, "ba_2_m": -60.0, "ba_2_s": -10.0, "delay": 0.17669784601167898, "mi_0_e": 10.241561069549096, "mi_0_s": -5.0, "mi_1_e": 8.440145333407774, "mi_1_m": 38.52376574145595, "mi_1_s": 7.8510024771044655, "mi_2_e": -10.0, "mi_2_m": -60.0, "mi_2_s": -10.0}, "datetime": {"datetime": "2019-09-11 17:12:49", "elapsed": 1331.287264, "delta": 9.69445}}
{"target": 1.5410840511322021, "params": {"ah_0_e": 39.821167085713604, "ah_0_s": -18.48429157019267, "ah_1_e": 5.372804943374468, "ah_1_m": 31.438046894111267, "ah_1_s": 17.641843675230334, "ah_2_e": -10.0, "ah_2_m": -60.0, "ah_2_s": -10.0, "ba_0_e": -17.411882093312634, "ba_0_s": 19.420772666732994, "ba_1_e": 5.3694675556095985, "ba_1_m": 45.09694833986733, "ba_1_s": 33.02145963522475, "ba_2_e": -10.0, "ba_2_m": -60.0, "ba_2_s": -10.0, "delay": 0.18618306472801044, "mi_0_e": 9.371871389243221, "mi_0_s": -5.0, "mi_1_e": 18.567599313016157, "mi_1_m": 32.59371797721769, "mi_1_s": 14.380473157879555, "mi_2_e": -10.0, "mi_2_m": -60.0, "mi_2_s": -10.0}, "datetime": {"datetime": "2019-09-11 17:12:59", "elapsed": 1340.781838, "delta": 9.494574}}
{"target": 0.7973856925964355, "params": {"ah_0_e": 33.60830384960187, "ah_0_s": -31.412538734687953, "ah_1_e": 3.8775547659470684, "ah_1_m": 47.31386885192838, "ah_1_s": 8.801649529204251, "ah_2_e": -10.0, "ah_2_m": -60.0, "ah_2_s": -10.0, "ba_0_e": -16.368675572522978, "ba_0_s": 19.742558289384252, "ba_1_e": 10.29312888641487, "ba_1_m": 40.638388923691224, "ba_1_s": 33.11955519878468, "ba_2_e": -10.0, "ba_2_m": -60.0, "ba_2_s": -10.0, "delay": 0.18040061266631705, "mi_0_e": 5.195586754370516, "mi_0_s": -5.0, "mi_1_e": 23.36636263196263, "mi_1_m": 48.404778424397904, "mi_1_s": 23.17815226457595, "mi_2_e": -10.0, "mi_2_m": -60.0, "mi_2_s": -10.0}, "datetime": {"datetime": "2019-09-11 17:13:08", "elapsed": 1350.428543, "delta": 9.646705}}
{"target": 1.2092541456222534, "params": {"ah_0_e": 21.93443870554635, "ah_0_s": 4.988571516366697, "ah_1_e": 18.627759229266392, "ah_1_m": 34.87846588113449, "ah_1_s": 3.4491927962414515, "ah_2_e": -10.0, "ah_2_m": -60.0, "ah_2_s": -10.0, "ba_0_e": -28.961129413915938, "ba_0_s": 13.645932774021313, "ba_1_e": 3.3997293637976673, "ba_1_m": 49.024111125787606, "ba_1_s": 33.97522214052814, "ba_2_e": -10.0, "ba_2_m": -60.0, "ba_2_s": -10.0, "delay": 0.20640590078580706, "mi_0_e": 5.148431586966882, "mi_0_s": -5.0, "mi_1_e": 2.115646552298993, "mi_1_m": 46.22604972697461, "mi_1_s": 22.317009865500616, "mi_2_e": -10.0, "mi_2_m": -60.0, "mi_2_s": -10.0}, "datetime": {"datetime": "2019-09-11 17:13:18", "elapsed": 1360.192358, "delta": 9.763815}}
{"target": 0.7827547788619995, "params": {"ah_0_e": 26.849502877840788, "ah_0_s": -30.199444597772228, "ah_1_e": 30.02399836179384, "ah_1_m": 35.8815030636027, "ah_1_s": 34.255032735620595, "ah_2_e": -10.0, "ah_2_m": -60.0, "ah_2_s": -10.0, "ba_0_e": -29.46663243076354, "ba_0_s": 36.70108653780805, "ba_1_e": 4.342956938082078, "ba_1_m": 48.52066484251933, "ba_1_s": 32.12330186530221, "ba_2_e": -10.0, "ba_2_m": -60.0, "ba_2_s": -10.0, "delay": 0.14836401300005012, "mi_0_e": 16.232686762912696, "mi_0_s": -5.0, "mi_1_e": 15.766016862330648, "mi_1_m": 49.730425742199195, "mi_1_s": 19.181433282715858, "mi_2_e": -10.0, "mi_2_m": -60.0, "mi_2_s": -10.0}, "datetime": {"datetime": "2019-09-11 17:13:28", "elapsed": 1369.936003, "delta": 9.743645}}
{"target": 1.0094265937805176, "params": {"ah_0_e": 27.515511501832584, "ah_0_s": -12.88933053014776, "ah_1_e": 9.65206337407478, "ah_1_m": 39.52141684858712, "ah_1_s": 24.416079600105682, "ah_2_e": -10.0, "ah_2_m": -60.0, "ah_2_s": -10.0, "ba_0_e": -33.77712239565322, "ba_0_s": 15.901481512902848, "ba_1_e": 2.372765165164527, "ba_1_m": 42.510862363819, "ba_1_s": 14.664223281234674, "ba_2_e": -10.0, "ba_2_m": -60.0, "ba_2_s": -10.0, "delay": 0.15505915564878467, "mi_0_e": 18.46245095426955, "mi_0_s": -5.0, "mi_1_e": 13.88890656003248, "mi_1_m": 48.930623250580965, "mi_1_s": 25.0514466800007, "mi_2_e": -10.0, "mi_2_m": -60.0, "mi_2_s": -10.0}, "datetime": {"datetime": "2019-09-11 17:13:38", "elapsed": 1379.6163, "delta": 9.680297}}
{"target": 1.112928867340088, "params": {"ah_0_e": 31.341296603623153, "ah_0_s": -17.591379713069824, "ah_1_e": 15.508807431918294, "ah_1_m": 37.102580200937844, "ah_1_s": 34.49216146332203, "ah_2_e": -10.0, "ah_2_m": -60.0, "ah_2_s": -10.0, "ba_0_e": -18.63220937471241, "ba_0_s": 21.90320294942051, "ba_1_e": 3.2948082287210845, "ba_1_m": 47.210720264659514, "ba_1_s": 34.559410018666405, "ba_2_e": -10.0, "ba_2_m": -60.0, "ba_2_s": -10.0, "delay": 0.16268005444938002, "mi_0_e": 19.256916457836986, "mi_0_s": -5.0, "mi_1_e": 16.69122609477308, "mi_1_m": 49.45292765844728, "mi_1_s": 22.102537752111413, "mi_2_e": -10.0, "mi_2_m": -60.0, "mi_2_s": -10.0}, "datetime": {"datetime": "2019-09-11 17:13:47", "elapsed": 1389.157104, "delta": 9.540804}}
{"target": 1.122032642364502, "params": {"ah_0_e": 27.812635322768433, "ah_0_s": -29.4353917438385, "ah_1_e": 0.5913151453756016, "ah_1_m": 40.74007562179499, "ah_1_s": 17.926810544554332, "ah_2_e": -10.0, "ah_2_m": -60.0, "ah_2_s": -10.0, "ba_0_e": -32.83537115002413, "ba_0_s": 17.725690776122114, "ba_1_e": 7.83430764083941, "ba_1_m": 49.388495657414936, "ba_1_s": 23.422253099963882, "ba_2_e": -10.0, "ba_2_m": -60.0, "ba_2_s": -10.0, "delay": 0.13578644573487056, "mi_0_e": 8.153826769603029, "mi_0_s": -5.0, "mi_1_e": 2.2235642722872884, "mi_1_m": 45.295255611859034, "mi_1_s": 20.30848240908147, "mi_2_e": -10.0, "mi_2_m": -60.0, "mi_2_s": -10.0}, "datetime": {"datetime": "2019-09-11 17:13:57", "elapsed": 1398.837764, "delta": 9.68066}}
{"target": 0.9185301661491394, "params": {"ah_0_e": 32.28661471891111, "ah_0_s": -1.8783487530219887, "ah_1_e": 0.8205388025432059, "ah_1_m": 40.85084723486248, "ah_1_s": 19.160507332317327, "ah_2_e": -10.0, "ah_2_m": -60.0, "ah_2_s": -10.0, "ba_0_e": -3.334391368421983, "ba_0_s": 25.71182608356287, "ba_1_e": 11.27260222962195, "ba_1_m": 49.43913671113856, "ba_1_s": 34.784267268533256, "ba_2_e": -10.0, "ba_2_m": -60.0, "ba_2_s": -10.0, "delay": 0.1349776395478632, "mi_0_e": 6.308826821215703, "mi_0_s": -5.0, "mi_1_e": 18.3887467492164, "mi_1_m": 34.92169248001895, "mi_1_s": 8.785378717218332, "mi_2_e": -10.0, "mi_2_m": -60.0, "mi_2_s": -10.0}, "datetime": {"datetime": "2019-09-11 17:14:06", "elapsed": 1408.490589, "delta": 9.652825}}
{"target": 0.8886423707008362, "params": {"ah_0_e": 38.08427079502886, "ah_0_s": -39.43855118696449, "ah_1_e": 1.8269731954747241, "ah_1_m": 33.43190730242239, "ah_1_s": 28.587926952060275, "ah_2_e": -10.0, "ah_2_m": -60.0, "ah_2_s": -10.0, "ba_0_e": -31.4141861225147, "ba_0_s": 8.28919582205793, "ba_1_e": 1.9659020631569208, "ba_1_m": 45.482010094173674, "ba_1_s": 34.54940500671418, "ba_2_e": -10.0, "ba_2_m": -60.0, "ba_2_s": -10.0, "delay": 0.20244481472021036, "mi_0_e": 17.57479585184865, "mi_0_s": -5.0, "mi_1_e": 4.078912518559588, "mi_1_m": 44.93905053724957, "mi_1_s": 14.887596253125091, "mi_2_e": -10.0, "mi_2_m": -60.0, "mi_2_s": -10.0}, "datetime": {"datetime": "2019-09-11 17:14:16", "elapsed": 1418.288424, "delta": 9.797835}}
{"target": 1.166863203048706, "params": {"ah_0_e": 35.18277999981615, "ah_0_s": -19.71824608815045, "ah_1_e": 9.045973256142815, "ah_1_m": 34.463542883726966, "ah_1_s": 26.24915599428076, "ah_2_e": -10.0, "ah_2_m": -60.0, "ah_2_s": -10.0, "ba_0_e": -4.4108354300906, "ba_0_s": 14.714386006048246, "ba_1_e": 0.12086471379034402, "ba_1_m": 49.67118018660512, "ba_1_s": 17.75344261891835, "ba_2_e": -10.0, "ba_2_m": -60.0, "ba_2_s": -10.0, "delay": 0.18058897851946254, "mi_0_e": 6.135722691141226, "mi_0_s": -5.0, "mi_1_e": 18.93826305867743, "mi_1_m": 48.865108682088284, "mi_1_s": 19.785391583648725, "mi_2_e": -10.0, "mi_2_m": -60.0, "mi_2_s": -10.0}, "datetime": {"datetime": "2019-09-11 17:14:26", "elapsed": 1428.146512, "delta": 9.858088}}
{"target": 1.0566309690475464, "params": {"ah_0_e": 22.691958366687086, "ah_0_s": -31.447034211306892, "ah_1_e": 7.515505958094156, "ah_1_m": 35.623788387770425, "ah_1_s": 22.060555538526163, "ah_2_e": -10.0, "ah_2_m": -60.0, "ah_2_s": -10.0, "ba_0_e": -22.16945408847932, "ba_0_s": 39.28877465477457, "ba_1_e": 7.43383047472423, "ba_1_m": 46.05700593110282, "ba_1_s": 30.636689219185335, "ba_2_e": -10.0, "ba_2_m": -60.0, "ba_2_s": -10.0, "delay": 0.130598298670784, "mi_0_e": 8.229085336392403, "mi_0_s": -5.0, "mi_1_e": 6.918353686722471, "mi_1_m": 36.44612085670359, "mi_1_s": 29.11854970453377, "mi_2_e": -10.0, "mi_2_m": -60.0, "mi_2_s": -10.0}, "datetime": {"datetime": "2019-09-11 17:14:36", "elapsed": 1437.976319, "delta": 9.829807}}
{"target": 1.1292638778686523, "params": {"ah_0_e": 20.610808894690514, "ah_0_s": -31.193730182904325, "ah_1_e": 10.8904336230453, "ah_1_m": 30.685341465015973, "ah_1_s": 23.58224715069231, "ah_2_e": -10.0, "ah_2_m": -60.0, "ah_2_s": -10.0, "ba_0_e": -26.94796196828056, "ba_0_s": 37.4851881476141, "ba_1_e": 6.526290080926408, "ba_1_m": 47.66877296906777, "ba_1_s": 22.787550490950196, "ba_2_e": -10.0, "ba_2_m": -60.0, "ba_2_s": -10.0, "delay": 0.14519273976375593, "mi_0_e": 26.67377402849863, "mi_0_s": -5.0, "mi_1_e": 7.534469877510742, "mi_1_m": 35.099834286221466, "mi_1_s": 10.23299894110384, "mi_2_e": -10.0, "mi_2_m": -60.0, "mi_2_s": -10.0}, "datetime": {"datetime": "2019-09-11 17:14:45", "elapsed": 1447.495482, "delta": 9.519163}}
{"target": 1.0945045948028564, "params": {"ah_0_e": 9.961562677275513, "ah_0_s": -3.882972335726265, "ah_1_e": 10.285376726505024, "ah_1_m": 36.90588879185185, "ah_1_s": 19.71971250166903, "ah_2_e": -10.0, "ah_2_m": -60.0, "ah_2_s": -10.0, "ba_0_e": -26.44569080586198, "ba_0_s": 22.880827778056844, "ba_1_e": 5.871450453097344, "ba_1_m": 46.47577490278489, "ba_1_s": 33.63556820359, "ba_2_e": -10.0, "ba_2_m": -60.0, "ba_2_s": -10.0, "delay": 0.205075989739969, "mi_0_e": 15.198747354403835, "mi_0_s": -5.0, "mi_1_e": 15.39953329865787, "mi_1_m": 43.48345455731051, "mi_1_s": 17.117325907353198, "mi_2_e": -10.0, "mi_2_m": -60.0, "mi_2_s": -10.0}, "datetime": {"datetime": "2019-09-11 17:14:55", "elapsed": 1457.11312, "delta": 9.617638}}
{"target": 0.7162120342254639, "params": {"ah_0_e": 21.300284661806913, "ah_0_s": -10.707382279262148, "ah_1_e": 7.150388776016245, "ah_1_m": 34.06430110517267, "ah_1_s": 25.12115783656376, "ah_2_e": -10.0, "ah_2_m": -60.0, "ah_2_s": -10.0, "ba_0_e": -8.372718296529005, "ba_0_s": 34.17892190073617, "ba_1_e": 6.700368207761022, "ba_1_m": 48.535229013358986, "ba_1_s": 33.52017111332879, "ba_2_e": -10.0, "ba_2_m": -60.0, "ba_2_s": -10.0, "delay": 0.16593321296572558, "mi_0_e": 5.089899848561627, "mi_0_s": -5.0, "mi_1_e": 18.25106086992203, "mi_1_m": 45.15196912384489, "mi_1_s": 5.002886282696994, "mi_2_e": -10.0, "mi_2_m": -60.0, "mi_2_s": -10.0}, "datetime": {"datetime": "2019-09-11 17:15:05", "elapsed": 1466.622895, "delta": 9.509775}}
{"target": 1.0165138244628906, "params": {"ah_0_e": 26.96218649664971, "ah_0_s": -9.88027875222247, "ah_1_e": 18.86452999067439, "ah_1_m": 38.965870021086474, "ah_1_s": 5.777632564922622, "ah_2_e": -10.0, "ah_2_m": -60.0, "ah_2_s": -10.0, "ba_0_e": -8.886923370606702, "ba_0_s": 28.624237486660135, "ba_1_e": 0.6125542314868387, "ba_1_m": 49.15746797218753, "ba_1_s": 5.513020895673048, "ba_2_e": -10.0, "ba_2_m": -60.0, "ba_2_s": -10.0, "delay": 0.17887971202014724, "mi_0_e": 6.569709274168225, "mi_0_s": -5.0, "mi_1_e": 1.672476012510642, "mi_1_m": 38.32513162123267, "mi_1_s": 22.14154960865534, "mi_2_e": -10.0, "mi_2_m": -60.0, "mi_2_s": -10.0}, "datetime": {"datetime": "2019-09-11 17:15:14", "elapsed": 1476.393366, "delta": 9.770471}}
{"target": 0.20072923600673676, "params": {"ah_0_e": 33.12343690856423, "ah_0_s": -1.5466720190995957, "ah_1_e": 25.509039333903473, "ah_1_m": 33.84236875955424, "ah_1_s": 1.7424440165585735, "ah_2_e": -10.0, "ah_2_m": -60.0, "ah_2_s": -10.0, "ba_0_e": -16.90281369974386, "ba_0_s": 27.850064625783048, "ba_1_e": 2.919565744370818, "ba_1_m": 35.86460703424287, "ba_1_s": 29.233849444672035, "ba_2_e": -10.0, "ba_2_m": -60.0, "ba_2_s": -10.0, "delay": 0.19660658114434187, "mi_0_e": 11.255287482585132, "mi_0_s": -5.0, "mi_1_e": 0.6499576015494773, "mi_1_m": 47.87293045159434, "mi_1_s": 22.358330604654686, "mi_2_e": -10.0, "mi_2_m": -60.0, "mi_2_s": -10.0}, "datetime": {"datetime": "2019-09-11 17:15:24", "elapsed": 1486.229804, "delta": 9.836438}}
{"target": 1.4040040969848633, "params": {"ah_0_e": 37.784352619824716, "ah_0_s": -12.923620695212119, "ah_1_e": 5.33463736402698, "ah_1_m": 40.00568990935506, "ah_1_s": 7.672079649585571, "ah_2_e": -10.0, "ah_2_m": -60.0, "ah_2_s": -10.0, "ba_0_e": -26.647060676024978, "ba_0_s": 11.891517648493043, "ba_1_e": 2.183938762669249, "ba_1_m": 44.35714772950501, "ba_1_s": 33.54247294974107, "ba_2_e": -10.0, "ba_2_m": -60.0, "ba_2_s": -10.0, "delay": 0.20181978896459377, "mi_0_e": 14.902434171755344, "mi_0_s": -5.0, "mi_1_e": 14.31968725983029, "mi_1_m": 31.1479068789277, "mi_1_s": 13.292555240328289, "mi_2_e": -10.0, "mi_2_m": -60.0, "mi_2_s": -10.0}, "datetime": {"datetime": "2019-09-11 17:15:34", "elapsed": 1496.018353, "delta": 9.788549}}
{"target": 1.2407397031784058, "params": {"ah_0_e": 38.45515328021343, "ah_0_s": -0.8553239970584556, "ah_1_e": 22.650647182641855, "ah_1_m": 33.77220516712596, "ah_1_s": 9.289323346746764, "ah_2_e": -10.0, "ah_2_m": -60.0, "ah_2_s": -10.0, "ba_0_e": -30.849786263126564, "ba_0_s": 32.08134987706464, "ba_1_e": 3.2233722931673596, "ba_1_m": 49.594175446316996, "ba_1_s": 30.66159986858821, "ba_2_e": -10.0, "ba_2_m": -60.0, "ba_2_s": -10.0, "delay": 0.13030902317613627, "mi_0_e": 6.21998119615973, "mi_0_s": -5.0, "mi_1_e": 19.02471674420875, "mi_1_m": 49.16612420972693, "mi_1_s": 25.06934507285734, "mi_2_e": -10.0, "mi_2_m": -60.0, "mi_2_s": -10.0}, "datetime": {"datetime": "2019-09-11 17:15:44", "elapsed": 1505.669301, "delta": 9.650948}}
{"target": 1.1992862224578857, "params": {"ah_0_e": 32.08531370986296, "ah_0_s": -32.23728577910418, "ah_1_e": 17.05230122876679, "ah_1_m": 44.97222657883063, "ah_1_s": 31.437520871351992, "ah_2_e": -10.0, "ah_2_m": -60.0, "ah_2_s": -10.0, "ba_0_e": -22.23679888516762, "ba_0_s": 32.85241739140211, "ba_1_e": 6.459656721620312, "ba_1_m": 46.82757643066484, "ba_1_s": 33.69652872550333, "ba_2_e": -10.0, "ba_2_m": -60.0, "ba_2_s": -10.0, "delay": 0.18177182088659374, "mi_0_e": 5.687293437594649, "mi_0_s": -5.0, "mi_1_e": 14.969827568020019, "mi_1_m": 41.06677599707159, "mi_1_s": 5.636866651755918, "mi_2_e": -10.0, "mi_2_m": -60.0, "mi_2_s": -10.0}, "datetime": {"datetime": "2019-09-11 17:15:53", "elapsed": 1515.548731, "delta": 9.87943}}
{"target": 0.900898277759552, "params": {"ah_0_e": 25.13317936782021, "ah_0_s": -1.9752331762309794, "ah_1_e": 1.081663982998743, "ah_1_m": 32.426184598319054, "ah_1_s": 28.491789261596704, "ah_2_e": -10.0, "ah_2_m": -60.0, "ah_2_s": -10.0, "ba_0_e": -10.353752481600505, "ba_0_s": 22.08821851590201, "ba_1_e": 9.518993869423086, "ba_1_m": 46.106016632502474, "ba_1_s": 33.15261878745616, "ba_2_e": -10.0, "ba_2_m": -60.0, "ba_2_s": -10.0, "delay": 0.1475438632795011, "mi_0_e": 6.4094750633043, "mi_0_s": -5.0, "mi_1_e": 5.188332595843324, "mi_1_m": 48.24354562988693, "mi_1_s": 13.64381055583347, "mi_2_e": -10.0, "mi_2_m": -60.0, "mi_2_s": -10.0}, "datetime": {"datetime": "2019-09-11 17:16:03", "elapsed": 1525.21128, "delta": 9.662549}}
{"target": 1.0653144121170044, "params": {"ah_0_e": 17.502192794943113, "ah_0_s": -36.83371828452563, "ah_1_e": 11.285999501469538, "ah_1_m": 38.44403220534806, "ah_1_s": 23.631331633590964, "ah_2_e": -10.0, "ah_2_m": -60.0, "ah_2_s": -10.0, "ba_0_e": -37.17033412244991, "ba_0_s": 22.766315256650508, "ba_1_e": 7.404833441034267, "ba_1_m": 49.14887952994671, "ba_1_s": 34.57759629678771, "ba_2_e": -10.0, "ba_2_m": -60.0, "ba_2_s": -10.0, "delay": 0.16358164188091484, "mi_0_e": 15.776623883267893, "mi_0_s": -5.0, "mi_1_e": 15.50379180629786, "mi_1_m": 43.509055374316894, "mi_1_s": 29.268083094862504, "mi_2_e": -10.0, "mi_2_m": -60.0, "mi_2_s": -10.0}, "datetime": {"datetime": "2019-09-11 17:16:13", "elapsed": 1535.008472, "delta": 9.797192}}
{"target": 0.9877645969390869, "params": {"ah_0_e": 35.65095741714036, "ah_0_s": -38.04144069640786, "ah_1_e": 23.024600243649168, "ah_1_m": 42.13445401038827, "ah_1_s": 32.380771578872455, "ah_2_e": -10.0, "ah_2_m": -60.0, "ah_2_s": -10.0, "ba_0_e": -20.38555085913934, "ba_0_s": 30.71872038176684, "ba_1_e": 3.1974007869690153, "ba_1_m": 49.459830490668, "ba_1_s": 28.926255748619518, "ba_2_e": -10.0, "ba_2_m": -60.0, "ba_2_s": -10.0, "delay": 0.16026142458918424, "mi_0_e": 7.068058273782468, "mi_0_s": -5.0, "mi_1_e": 30.810973273049424, "mi_1_m": 31.440118365157453, "mi_1_s": 32.35566819606441, "mi_2_e": -10.0, "mi_2_m": -60.0, "mi_2_s": -10.0}, "datetime": {"datetime": "2019-09-11 17:16:23", "elapsed": 1544.781681, "delta": 9.773209}}
{"target": 1.1325870752334595, "params": {"ah_0_e": 36.523594342670464, "ah_0_s": -24.598220180271163, "ah_1_e": 10.35001111947459, "ah_1_m": 30.716771185368533, "ah_1_s": 21.27792740108712, "ah_2_e": -10.0, "ah_2_m": -60.0, "ah_2_s": -10.0, "ba_0_e": -30.142841544680415, "ba_0_s": 25.994430856054766, "ba_1_e": 14.097591559005293, "ba_1_m": 49.96831782960344, "ba_1_s": 31.479102638183047, "ba_2_e": -10.0, "ba_2_m": -60.0, "ba_2_s": -10.0, "delay": 0.17524448791635538, "mi_0_e": 24.140684209595385, "mi_0_s": -5.0, "mi_1_e": 18.75744992298774, "mi_1_m": 45.09211768547043, "mi_1_s": 24.542229831193698, "mi_2_e": -10.0, "mi_2_m": -60.0, "mi_2_s": -10.0}, "datetime": {"datetime": "2019-09-11 17:16:33", "elapsed": 1554.69011, "delta": 9.908429}}
{"target": 0.982202410697937, "params": {"ah_0_e": 37.6191828702581, "ah_0_s": -5.845168560294418, "ah_1_e": 11.592774589506542, "ah_1_m": 41.421869712020396, "ah_1_s": 3.709262941296684, "ah_2_e": -10.0, "ah_2_m": -60.0, "ah_2_s": -10.0, "ba_0_e": -30.143357545242893, "ba_0_s": 26.855004931747175, "ba_1_e": 1.551534031010235, "ba_1_m": 48.09830304242864, "ba_1_s": 31.404520295841582, "ba_2_e": -10.0, "ba_2_m": -60.0, "ba_2_s": -10.0, "delay": 0.15074642292401003, "mi_0_e": 12.699385956856194, "mi_0_s": -5.0, "mi_1_e": 13.79083786644471, "mi_1_m": 48.548316747588615, "mi_1_s": 34.0726369809076, "mi_2_e": -10.0, "mi_2_m": -60.0, "mi_2_s": -10.0}, "datetime": {"datetime": "2019-09-11 17:16:42", "elapsed": 1564.57725, "delta": 9.88714}}
{"target": 1.0086795091629028, "params": {"ah_0_e": 24.166714789691387, "ah_0_s": -13.933577414434854, "ah_1_e": 22.920028768485082, "ah_1_m": 44.224059999315784, "ah_1_s": 3.317699042675075, "ah_2_e": -10.0, "ah_2_m": -60.0, "ah_2_s": -10.0, "ba_0_e": -37.28914371299626, "ba_0_s": 38.201231948574666, "ba_1_e": 0.04648885836579131, "ba_1_m": 44.12757062553098, "ba_1_s": 34.2318960214371, "ba_2_e": -10.0, "ba_2_m": -60.0, "ba_2_s": -10.0, "delay": 0.16139683803115176, "mi_0_e": 8.592039702115652, "mi_0_s": -5.0, "mi_1_e": 9.406257046182656, "mi_1_m": 49.7788581002679, "mi_1_s": 7.720142439028724, "mi_2_e": -10.0, "mi_2_m": -60.0, "mi_2_s": -10.0}, "datetime": {"datetime": "2019-09-11 17:16:52", "elapsed": 1574.189608, "delta": 9.612358}}
{"target": -0.12268985062837601, "params": {"ah_0_e": 19.027002388757214, "ah_0_s": 4.899843827833571, "ah_1_e": 5.6782433799442105, "ah_1_m": 35.59418246803296, "ah_1_s": 3.96632241793451, "ah_2_e": -10.0, "ah_2_m": -60.0, "ah_2_s": -10.0, "ba_0_e": -23.43856571059496, "ba_0_s": 6.933045646161817, "ba_1_e": 3.505899638792438, "ba_1_m": 47.79498450353973, "ba_1_s": 31.031047426762825, "ba_2_e": -10.0, "ba_2_m": -60.0, "ba_2_s": -10.0, "delay": 0.1484129433355665, "mi_0_e": 11.22915262550542, "mi_0_s": -5.0, "mi_1_e": 33.59318332289962, "mi_1_m": 38.32675871580472, "mi_1_s": 6.811748721876364, "mi_2_e": -10.0, "mi_2_m": -60.0, "mi_2_s": -10.0}, "datetime": {"datetime": "2019-09-11 17:17:02", "elapsed": 1583.943679, "delta": 9.754071}}
{"target": 0.7009430527687073, "params": {"ah_0_e": 37.91237852117079, "ah_0_s": -14.923436678586558, "ah_1_e": 22.04093396454491, "ah_1_m": 36.791969991103954, "ah_1_s": 12.500744975749157, "ah_2_e": -10.0, "ah_2_m": -60.0, "ah_2_s": -10.0, "ba_0_e": -21.318471769478826, "ba_0_s": 11.665037031963085, "ba_1_e": 2.6831413505529134, "ba_1_m": 47.70244315155036, "ba_1_s": 34.149708455278486, "ba_2_e": -10.0, "ba_2_m": -60.0, "ba_2_s": -10.0, "delay": 0.13738297562399726, "mi_0_e": 5.672721452124286, "mi_0_s": -5.0, "mi_1_e": 30.492413067431812, "mi_1_m": 31.773708825088406, "mi_1_s": 27.40242432117622, "mi_2_e": -10.0, "mi_2_m": -60.0, "mi_2_s": -10.0}, "datetime": {"datetime": "2019-09-11 17:17:12", "elapsed": 1593.811996, "delta": 9.868317}}
{"target": -0.018315985798835754, "params": {"ah_0_e": 39.97097642786816, "ah_0_s": -31.03228791146069, "ah_1_e": 29.93706644610953, "ah_1_m": 30.62559913228456, "ah_1_s": 23.084232966244727, "ah_2_e": -10.0, "ah_2_m": -60.0, "ah_2_s": -10.0, "ba_0_e": -18.585018711806484, "ba_0_s": 35.845462423471744, "ba_1_e": 5.108371945593413, "ba_1_m": 48.542108123085896, "ba_1_s": 24.581413689972273, "ba_2_e": -10.0, "ba_2_m": -60.0, "ba_2_s": -10.0, "delay": 0.1701385052416797, "mi_0_e": 6.338240413340639, "mi_0_s": -5.0, "mi_1_e": 14.610264633232605, "mi_1_m": 33.89889278320345, "mi_1_s": 10.708543253095053, "mi_2_e": -10.0, "mi_2_m": -60.0, "mi_2_s": -10.0}, "datetime": {"datetime": "2019-09-11 17:17:22", "elapsed": 1603.651024, "delta": 9.839028}}
