{"target": 0.9130990505218506, "params": {"ah_0_e": 22.82801602441962, "ah_0_s": -17.302048481210107, "ah_1_e": 24.479228001708172, "ah_1_m": 31.95273742463784, "ah_1_s": 21.49953512403454, "ah_2_e": -10.0, "ah_2_m": -60.0, "ah_2_s": -10.0, "ba_0_e": 3.4518329160683336, "ba_0_s": 35.27395902277083, "ba_1_e": 12.472832253004759, "ba_1_m": 42.94609078697547, "ba_1_s": 31.086929782046187, "ba_2_e": -10.0, "ba_2_m": -60.0, "ba_2_s": -10.0, "delay": 0.17490933163930544, "mi_0_e": 7.400500717670317, "mi_0_s": -5.0, "mi_1_e": 19.055298190754787, "mi_1_m": 41.209517742104204, "mi_1_s": 31.096852527340506, "mi_2_e": -10.0, "mi_2_m": -60.0, "mi_2_s": -10.0}, "datetime": {"datetime": "2019-09-11 19:15:46", "elapsed": 2145.159563, "delta": 8.571135}}
{"target": 0.7965264320373535, "params": {"ah_0_e": 13.852149913066027, "ah_0_s": -16.026671278912428, "ah_1_e": 6.888272141541765, "ah_1_m": 42.20988236619743, "ah_1_s": 14.605964328099533, "ah_2_e": -10.0, "ah_2_m": -60.0, "ah_2_s": -10.0, "ba_0_e": -16.967583364796006, "ba_0_s": 11.36016163621963, "ba_1_e": 4.602615590027998, "ba_1_m": 49.235871952044505, "ba_1_s": 28.486005850209274, "ba_2_e": -10.0, "ba_2_m": -60.0, "ba_2_s": -10.0, "delay": 0.18664054905720195, "mi_0_e": 11.447363206956643, "mi_0_s": -5.0, "mi_1_e": 0.00404028786470223, "mi_1_m": 41.17714252803942, "mi_1_s": 28.04612340255769, "mi_2_e": -10.0, "mi_2_m": -60.0, "mi_2_s": -10.0}, "datetime": {"datetime": "2019-09-11 19:16:02", "elapsed": 2161.106689, "delta": 15.947126}}
{"target": 0.7965264320373535, "params": {"ah_0_e": 13.852149913066027, "ah_0_s": -16.026671278912428, "ah_1_e": 6.888272141541765, "ah_1_m": 42.20988236619743, "ah_1_s": 14.605964328099533, "ah_2_e": -10.0, "ah_2_m": -60.0, "ah_2_s": -10.0, "ba_0_e": -16.967583364796006, "ba_0_s": 11.36016163621963, "ba_1_e": 4.602615590027998, "ba_1_m": 49.235871952044505, "ba_1_s": 28.486005850209274, "ba_2_e": -10.0, "ba_2_m": -60.0, "ba_2_s": -10.0, "delay": 0.18664054905720195, "mi_0_e": 11.447363206956643, "mi_0_s": -5.0, "mi_1_e": 0.00404028786470223, "mi_1_m": 41.17714252803942, "mi_1_s": 28.04612340255769, "mi_2_e": -10.0, "mi_2_m": -60.0, "mi_2_s": -10.0}, "datetime": {"datetime": "2019-09-11 19:16:12", "elapsed": 2170.930664, "delta": 9.823975}}
{"target": 1.38215970993042, "params": {"ah_0_e": 36.52917596919299, "ah_0_s": -13.260808399828914, "ah_1_e": 7.474839517801411, "ah_1_m": 36.908066490882604, "ah_1_s": 30.706041191333817, "ah_2_e": -10.0, "ah_2_m": -60.0, "ah_2_s": -10.0, "ba_0_e": -25.38628976345493, "ba_0_s": 27.600985007625795, "ba_1_e": 9.92484976352341, "ba_1_m": 46.73001887218273, "ba_1_s": 29.911962822934235, "ba_2_e": -10.0, "ba_2_m": -60.0, "ba_2_s": -10.0, "delay": 0.2048614028490921, "mi_0_e": 8.304488670598833, "mi_0_s": -5.0, "mi_1_e": 15.516104537071856, "mi_1_m": 33.54106802584003, "mi_1_s": 22.33004595930928, "mi_2_e": -10.0, "mi_2_m": -60.0, "mi_2_s": -10.0}, "datetime": {"datetime": "2019-09-11 19:16:28", "elapsed": 2187.428389, "delta": 16.497725}}
{"target": 1.38215970993042, "params": {"ah_0_e": 36.52917596919299, "ah_0_s": -13.260808399828914, "ah_1_e": 7.474839517801411, "ah_1_m": 36.908066490882604, "ah_1_s": 30.706041191333817, "ah_2_e": -10.0, "ah_2_m": -60.0, "ah_2_s": -10.0, "ba_0_e": -25.38628976345493, "ba_0_s": 27.600985007625795, "ba_1_e": 9.92484976352341, "ba_1_m": 46.73001887218273, "ba_1_s": 29.911962822934235, "ba_2_e": -10.0, "ba_2_m": -60.0, "ba_2_s": -10.0, "delay": 0.2048614028490921, "mi_0_e": 8.304488670598833, "mi_0_s": -5.0, "mi_1_e": 15.516104537071856, "mi_1_m": 33.54106802584003, "mi_1_s": 22.33004595930928, "mi_2_e": -10.0, "mi_2_m": -60.0, "mi_2_s": -10.0}, "datetime": {"datetime": "2019-09-11 19:16:39", "elapsed": 2197.991394, "delta": 10.563005}}
{"target": 1.38215970993042, "params": {"ah_0_e": 36.52917596919299, "ah_0_s": -13.260808399828914, "ah_1_e": 7.474839517801411, "ah_1_m": 36.908066490882604, "ah_1_s": 30.706041191333817, "ah_2_e": -10.0, "ah_2_m": -60.0, "ah_2_s": -10.0, "ba_0_e": -25.38628976345493, "ba_0_s": 27.600985007625795, "ba_1_e": 9.92484976352341, "ba_1_m": 46.73001887218273, "ba_1_s": 29.911962822934235, "ba_2_e": -10.0, "ba_2_m": -60.0, "ba_2_s": -10.0, "delay": 0.2048614028490921, "mi_0_e": 8.304488670598833, "mi_0_s": -5.0, "mi_1_e": 15.516104537071856, "mi_1_m": 33.54106802584003, "mi_1_s": 22.33004595930928, "mi_2_e": -10.0, "mi_2_m": -60.0, "mi_2_s": -10.0}, "datetime": {"datetime": "2019-09-11 19:16:48", "elapsed": 2207.546393, "delta": 9.554999}}
{"target": 1.38215970993042, "params": {"ah_0_e": 36.52917596919299, "ah_0_s": -13.260808399828914, "ah_1_e": 7.474839517801411, "ah_1_m": 36.908066490882604, "ah_1_s": 30.706041191333817, "ah_2_e": -10.0, "ah_2_m": -60.0, "ah_2_s": -10.0, "ba_0_e": -25.38628976345493, "ba_0_s": 27.600985007625795, "ba_1_e": 9.92484976352341, "ba_1_m": 46.73001887218273, "ba_1_s": 29.911962822934235, "ba_2_e": -10.0, "ba_2_m": -60.0, "ba_2_s": -10.0, "delay": 0.2048614028490921, "mi_0_e": 8.304488670598833, "mi_0_s": -5.0, "mi_1_e": 15.516104537071856, "mi_1_m": 33.54106802584003, "mi_1_s": 22.33004595930928, "mi_2_e": -10.0, "mi_2_m": -60.0, "mi_2_s": -10.0}, "datetime": {"datetime": "2019-09-11 19:16:57", "elapsed": 2216.203394, "delta": 8.657001}}
{"target": 1.2478785514831543, "params": {"ah_0_e": 33.6389660198182, "ah_0_s": -23.359775311922792, "ah_1_e": 1.6209742355707184, "ah_1_m": 40.33168168559579, "ah_1_s": 20.78244638723461, "ah_2_e": -10.0, "ah_2_m": -60.0, "ah_2_s": -10.0, "ba_0_e": -19.085502119247842, "ba_0_s": 14.117375011609361, "ba_1_e": 0.5717038484572567, "ba_1_m": 44.492002269767966, "ba_1_s": 33.36737331700446, "ba_2_e": -10.0, "ba_2_m": -60.0, "ba_2_s": -10.0, "delay": 0.17263540574691438, "mi_0_e": 5.017050330096461, "mi_0_s": -5.0, "mi_1_e": 5.219852011733083, "mi_1_m": 43.64934191114425, "mi_1_s": 30.69405691346996, "mi_2_e": -10.0, "mi_2_m": -60.0, "mi_2_s": -10.0}, "datetime": {"datetime": "2019-09-11 19:17:13", "elapsed": 2232.653908, "delta": 16.450514}}
{"target": 1.2478785514831543, "params": {"ah_0_e": 33.6389660198182, "ah_0_s": -23.359775311922792, "ah_1_e": 1.6209742355707184, "ah_1_m": 40.33168168559579, "ah_1_s": 20.78244638723461, "ah_2_e": -10.0, "ah_2_m": -60.0, "ah_2_s": -10.0, "ba_0_e": -19.085502119247842, "ba_0_s": 14.117375011609361, "ba_1_e": 0.5717038484572567, "ba_1_m": 44.492002269767966, "ba_1_s": 33.36737331700446, "ba_2_e": -10.0, "ba_2_m": -60.0, "ba_2_s": -10.0, "delay": 0.17263540574691438, "mi_0_e": 5.017050330096461, "mi_0_s": -5.0, "mi_1_e": 5.219852011733083, "mi_1_m": 43.64934191114425, "mi_1_s": 30.69405691346996, "mi_2_e": -10.0, "mi_2_m": -60.0, "mi_2_s": -10.0}, "datetime": {"datetime": "2019-09-11 19:17:20", "elapsed": 2239.616904, "delta": 6.962996}}
{"target": 1.2478785514831543, "params": {"ah_0_e": 33.6389660198182, "ah_0_s": -23.359775311922792, "ah_1_e": 1.6209742355707184, "ah_1_m": 40.33168168559579, "ah_1_s": 20.78244638723461, "ah_2_e": -10.0, "ah_2_m": -60.0, "ah_2_s": -10.0, "ba_0_e": -19.085502119247842, "ba_0_s": 14.117375011609361, "ba_1_e": 0.5717038484572567, "ba_1_m": 44.492002269767966, "ba_1_s": 33.36737331700446, "ba_2_e": -10.0, "ba_2_m": -60.0, "ba_2_s": -10.0, "delay": 0.17263540574691438, "mi_0_e": 5.017050330096461, "mi_0_s": -5.0, "mi_1_e": 5.219852011733083, "mi_1_m": 43.64934191114425, "mi_1_s": 30.69405691346996, "mi_2_e": -10.0, "mi_2_m": -60.0, "mi_2_s": -10.0}, "datetime": {"datetime": "2019-09-11 19:17:29", "elapsed": 2248.013983, "delta": 8.397079}}
{"target": 1.3325518369674683, "params": {"ah_0_e": 26.558393370058393, "ah_0_s": -25.95004002659863, "ah_1_e": 20.343704720645913, "ah_1_m": 39.50659193948417, "ah_1_s": 6.425834940612357, "ah_2_e": -10.0, "ah_2_m": -60.0, "ah_2_s": -10.0, "ba_0_e": -21.64439023798287, "ba_0_s": 20.81722999098456, "ba_1_e": 20.76689750681548, "ba_1_m": 49.80178754409712, "ba_1_s": 28.07542402306154, "ba_2_e": -10.0, "ba_2_m": -60.0, "ba_2_s": -10.0, "delay": 0.16191274753861337, "mi_0_e": 12.843270748832463, "mi_0_s": -5.0, "mi_1_e": 10.2833789534277, "mi_1_m": 31.14456749086903, "mi_1_s": 23.812285783448832, "mi_2_e": -10.0, "mi_2_m": -60.0, "mi_2_s": -10.0}, "datetime": {"datetime": "2019-09-11 19:17:46", "elapsed": 2265.133868, "delta": 17.119885}}
{"target": 1.3325518369674683, "params": {"ah_0_e": 26.558393370058393, "ah_0_s": -25.95004002659863, "ah_1_e": 20.343704720645913, "ah_1_m": 39.50659193948417, "ah_1_s": 6.425834940612357, "ah_2_e": -10.0, "ah_2_m": -60.0, "ah_2_s": -10.0, "ba_0_e": -21.64439023798287, "ba_0_s": 20.81722999098456, "ba_1_e": 20.76689750681548, "ba_1_m": 49.80178754409712, "ba_1_s": 28.07542402306154, "ba_2_e": -10.0, "ba_2_m": -60.0, "ba_2_s": -10.0, "delay": 0.16191274753861337, "mi_0_e": 12.843270748832463, "mi_0_s": -5.0, "mi_1_e": 10.2833789534277, "mi_1_m": 31.14456749086903, "mi_1_s": 23.812285783448832, "mi_2_e": -10.0, "mi_2_m": -60.0, "mi_2_s": -10.0}, "datetime": {"datetime": "2019-09-11 19:17:53", "elapsed": 2272.142914, "delta": 7.009046}}
{"target": 0.6512291431427002, "params": {"ah_0_e": 27.183201473462177, "ah_0_s": -18.976185710208984, "ah_1_e": 0.946179082553601, "ah_1_m": 32.565569910004434, "ah_1_s": 13.715944178623282, "ah_2_e": -10.0, "ah_2_m": -60.0, "ah_2_s": -10.0, "ba_0_e": -27.055401215606118, "ba_0_s": 27.020578336655735, "ba_1_e": 0.021775823216327872, "ba_1_m": 43.65713632430942, "ba_1_s": 25.066455727415757, "ba_2_e": -10.0, "ba_2_m": -60.0, "ba_2_s": -10.0, "delay": 0.16377332108207154, "mi_0_e": 20.37640574497701, "mi_0_s": -5.0, "mi_1_e": 25.069392045333004, "mi_1_m": 42.80898754995226, "mi_1_s": 2.278850848258857, "mi_2_e": -10.0, "mi_2_m": -60.0, "mi_2_s": -10.0}, "datetime": {"datetime": "2019-09-11 19:18:10", "elapsed": 2289.344664, "delta": 17.20175}}
{"target": 0.6512291431427002, "params": {"ah_0_e": 27.183201473462177, "ah_0_s": -18.976185710208984, "ah_1_e": 0.946179082553601, "ah_1_m": 32.565569910004434, "ah_1_s": 13.715944178623282, "ah_2_e": -10.0, "ah_2_m": -60.0, "ah_2_s": -10.0, "ba_0_e": -27.055401215606118, "ba_0_s": 27.020578336655735, "ba_1_e": 0.021775823216327872, "ba_1_m": 43.65713632430942, "ba_1_s": 25.066455727415757, "ba_2_e": -10.0, "ba_2_m": -60.0, "ba_2_s": -10.0, "delay": 0.16377332108207154, "mi_0_e": 20.37640574497701, "mi_0_s": -5.0, "mi_1_e": 25.069392045333004, "mi_1_m": 42.80898754995226, "mi_1_s": 2.278850848258857, "mi_2_e": -10.0, "mi_2_m": -60.0, "mi_2_s": -10.0}, "datetime": {"datetime": "2019-09-11 19:18:20", "elapsed": 2299.132969, "delta": 9.788305}}
{"target": 0.6512291431427002, "params": {"ah_0_e": 27.183201473462177, "ah_0_s": -18.976185710208984, "ah_1_e": 0.946179082553601, "ah_1_m": 32.565569910004434, "ah_1_s": 13.715944178623282, "ah_2_e": -10.0, "ah_2_m": -60.0, "ah_2_s": -10.0, "ba_0_e": -27.055401215606118, "ba_0_s": 27.020578336655735, "ba_1_e": 0.021775823216327872, "ba_1_m": 43.65713632430942, "ba_1_s": 25.066455727415757, "ba_2_e": -10.0, "ba_2_m": -60.0, "ba_2_s": -10.0, "delay": 0.16377332108207154, "mi_0_e": 20.37640574497701, "mi_0_s": -5.0, "mi_1_e": 25.069392045333004, "mi_1_m": 42.80898754995226, "mi_1_s": 2.278850848258857, "mi_2_e": -10.0, "mi_2_m": -60.0, "mi_2_s": -10.0}, "datetime": {"datetime": "2019-09-11 19:18:28", "elapsed": 2307.04724, "delta": 7.914271}}
{"target": 0.6512291431427002, "params": {"ah_0_e": 27.183201473462177, "ah_0_s": -18.976185710208984, "ah_1_e": 0.946179082553601, "ah_1_m": 32.565569910004434, "ah_1_s": 13.715944178623282, "ah_2_e": -10.0, "ah_2_m": -60.0, "ah_2_s": -10.0, "ba_0_e": -27.055401215606118, "ba_0_s": 27.020578336655735, "ba_1_e": 0.021775823216327872, "ba_1_m": 43.65713632430942, "ba_1_s": 25.066455727415757, "ba_2_e": -10.0, "ba_2_m": -60.0, "ba_2_s": -10.0, "delay": 0.16377332108207154, "mi_0_e": 20.37640574497701, "mi_0_s": -5.0, "mi_1_e": 25.069392045333004, "mi_1_m": 42.80898754995226, "mi_1_s": 2.278850848258857, "mi_2_e": -10.0, "mi_2_m": -60.0, "mi_2_s": -10.0}, "datetime": {"datetime": "2019-09-11 19:18:37", "elapsed": 2316.028328, "delta": 8.981088}}
{"target": 0.6512291431427002, "params": {"ah_0_e": 27.183201473462177, "ah_0_s": -18.976185710208984, "ah_1_e": 0.946179082553601, "ah_1_m": 32.565569910004434, "ah_1_s": 13.715944178623282, "ah_2_e": -10.0, "ah_2_m": -60.0, "ah_2_s": -10.0, "ba_0_e": -27.055401215606118, "ba_0_s": 27.020578336655735, "ba_1_e": 0.021775823216327872, "ba_1_m": 43.65713632430942, "ba_1_s": 25.066455727415757, "ba_2_e": -10.0, "ba_2_m": -60.0, "ba_2_s": -10.0, "delay": 0.16377332108207154, "mi_0_e": 20.37640574497701, "mi_0_s": -5.0, "mi_1_e": 25.069392045333004, "mi_1_m": 42.80898754995226, "mi_1_s": 2.278850848258857, "mi_2_e": -10.0, "mi_2_m": -60.0, "mi_2_s": -10.0}, "datetime": {"datetime": "2019-09-11 19:18:46", "elapsed": 2325.518327, "delta": 9.489999}}
{"target": 0.6512291431427002, "params": {"ah_0_e": 27.183201473462177, "ah_0_s": -18.976185710208984, "ah_1_e": 0.946179082553601, "ah_1_m": 32.565569910004434, "ah_1_s": 13.715944178623282, "ah_2_e": -10.0, "ah_2_m": -60.0, "ah_2_s": -10.0, "ba_0_e": -27.055401215606118, "ba_0_s": 27.020578336655735, "ba_1_e": 0.021775823216327872, "ba_1_m": 43.65713632430942, "ba_1_s": 25.066455727415757, "ba_2_e": -10.0, "ba_2_m": -60.0, "ba_2_s": -10.0, "delay": 0.16377332108207154, "mi_0_e": 20.37640574497701, "mi_0_s": -5.0, "mi_1_e": 25.069392045333004, "mi_1_m": 42.80898754995226, "mi_1_s": 2.278850848258857, "mi_2_e": -10.0, "mi_2_m": -60.0, "mi_2_s": -10.0}, "datetime": {"datetime": "2019-09-11 19:18:57", "elapsed": 2336.084327, "delta": 10.566}}
