{"target": 0.7162011861801147, "params": {"ah_0_e": 27.774537715476693, "ah_0_s": -30.998157205667233, "ah_1_e": 9.058491820677194, "ah_1_m": 46.77568530387464, "ah_1_s": 2.7680575101988896, "ah_2_e": -10.0, "ah_2_m": -60.0, "ah_2_s": -10.0, "ba_0_e": -26.340460793140032, "ba_0_s": 35.12450486334353, "ba_1_e": 13.080430106375717, "ba_1_m": 47.067460355407796, "ba_1_s": 27.730765839171788, "ba_2_e": -10.0, "ba_2_m": -60.0, "ba_2_s": -10.0, "delay": 0.18736504050603464, "mi_0_e": 13.119604998755731, "mi_0_s": -5.0, "mi_1_e": 3.4082971029990206, "mi_1_m": 48.07266544863524, "mi_1_s": 21.35427143654402, "mi_2_e": -10.0, "mi_2_m": -60.0, "mi_2_s": -10.0}, "datetime": {"datetime": "2019-09-11 17:32:33", "elapsed": 2515.07789, "delta": 10.624607}}
{"target": 1.029265284538269, "params": {"ah_0_e": 28.21951304863791, "ah_0_s": -8.04333469548057, "ah_1_e": 6.55823482742355, "ah_1_m": 32.66978900010647, "ah_1_s": 4.214729657128873, "ah_2_e": -10.0, "ah_2_m": -60.0, "ah_2_s": -10.0, "ba_0_e": -38.38375848611955, "ba_0_s": 29.693779932267535, "ba_1_e": 3.0719394409665473, "ba_1_m": 45.30044025694789, "ba_1_s": 32.709236899570286, "ba_2_e": -10.0, "ba_2_m": -60.0, "ba_2_s": -10.0, "delay": 0.2094180532947521, "mi_0_e": 15.914791243489105, "mi_0_s": -5.0, "mi_1_e": 18.56269015337839, "mi_1_m": 48.13949384942538, "mi_1_s": 9.87577333618413, "mi_2_e": -10.0, "mi_2_m": -60.0, "mi_2_s": -10.0}, "datetime": {"datetime": "2019-09-11 17:32:44", "elapsed": 2525.756247, "delta": 10.678357}}
{"target": 0.8556014895439148, "params": {"ah_0_e": 26.25120486042388, "ah_0_s": -8.071920422966556, "ah_1_e": 14.839141036785607, "ah_1_m": 36.89173106597289, "ah_1_s": 19.90307616380486, "ah_2_e": -10.0, "ah_2_m": -60.0, "ah_2_s": -10.0, "ba_0_e": -32.3231240760328, "ba_0_s": 13.409182294253474, "ba_1_e": 13.320859596905906, "ba_1_m": 43.896577215874274, "ba_1_s": 17.547016887096547, "ba_2_e": -10.0, "ba_2_m": -60.0, "ba_2_s": -10.0, "delay": 0.17229749258425828, "mi_0_e": 9.05882451524264, "mi_0_s": -5.0, "mi_1_e": 13.939967750201262, "mi_1_m": 30.079174579940688, "mi_1_s": 12.800612352575842, "mi_2_e": -10.0, "mi_2_m": -60.0, "mi_2_s": -10.0}, "datetime": {"datetime": "2019-09-11 17:32:55", "elapsed": 2536.657597, "delta": 10.90135}}
{"target": 0.7821418642997742, "params": {"ah_0_e": 19.11197360794239, "ah_0_s": -36.77123079274379, "ah_1_e": 31.443923778819983, "ah_1_m": 30.092730586740135, "ah_1_s": 29.454657651548054, "ah_2_e": -10.0, "ah_2_m": -60.0, "ah_2_s": -10.0, "ba_0_e": -38.97636547643261, "ba_0_s": 24.541147296077657, "ba_1_e": 9.271349191946948, "ba_1_m": 49.4856448051674, "ba_1_s": 32.849301920576835, "ba_2_e": -10.0, "ba_2_m": -60.0, "ba_2_s": -10.0, "delay": 0.15272427025024246, "mi_0_e": 12.9882019794278, "mi_0_s": -5.0, "mi_1_e": 9.391378102176414, "mi_1_m": 31.80283339552058, "mi_1_s": 30.927485986554867, "mi_2_e": -10.0, "mi_2_m": -60.0, "mi_2_s": -10.0}, "datetime": {"datetime": "2019-09-11 17:33:05", "elapsed": 2547.261557, "delta": 10.60396}}
{"target": 0.7436164617538452, "params": {"ah_0_e": 29.457926211653056, "ah_0_s": -32.731031378835716, "ah_1_e": 0.5969057895988106, "ah_1_m": 47.01431052700619, "ah_1_s": 13.005080090546432, "ah_2_e": -10.0, "ah_2_m": -60.0, "ah_2_s": -10.0, "ba_0_e": -29.546712074087267, "ba_0_s": 29.258489138376717, "ba_1_e": 11.745726483094737, "ba_1_m": 46.63243480768661, "ba_1_s": 30.87807496476545, "ba_2_e": -10.0, "ba_2_m": -60.0, "ba_2_s": -10.0, "delay": 0.17065784311771254, "mi_0_e": 9.971660533173225, "mi_0_s": -5.0, "mi_1_e": 0.787293028942952, "mi_1_m": 34.994729179654165, "mi_1_s": 34.791914961160614, "mi_2_e": -10.0, "mi_2_m": -60.0, "mi_2_s": -10.0}, "datetime": {"datetime": "2019-09-11 17:33:16", "elapsed": 2558.151709, "delta": 10.890152}}
{"target": 0.92050701379776, "params": {"ah_0_e": 39.811239455649996, "ah_0_s": 4.09158608689647, "ah_1_e": 19.73040085611015, "ah_1_m": 30.187951231701952, "ah_1_s": 2.8475840284179417, "ah_2_e": -10.0, "ah_2_m": -60.0, "ah_2_s": -10.0, "ba_0_e": -19.19495171610871, "ba_0_s": 6.287517090476627, "ba_1_e": 16.13830401631829, "ba_1_m": 48.63022664340836, "ba_1_s": 34.27837657525115, "ba_2_e": -10.0, "ba_2_m": -60.0, "ba_2_s": -10.0, "delay": 0.15065839241112955, "mi_0_e": 14.363427661903092, "mi_0_s": -5.0, "mi_1_e": 12.583707447038645, "mi_1_m": 36.190997823947995, "mi_1_s": 32.69411522694436, "mi_2_e": -10.0, "mi_2_m": -60.0, "mi_2_s": -10.0}, "datetime": {"datetime": "2019-09-11 17:33:27", "elapsed": 2568.86663, "delta": 10.714921}}
{"target": 0.9089327454566956, "params": {"ah_0_e": 27.28853868501788, "ah_0_s": -8.963813474445168, "ah_1_e": 2.584500898210091, "ah_1_m": 37.283852325073546, "ah_1_s": 8.53367760376136, "ah_2_e": -10.0, "ah_2_m": -60.0, "ah_2_s": -10.0, "ba_0_e": -25.290355239154987, "ba_0_s": 35.2918448880107, "ba_1_e": 22.654308401935015, "ba_1_m": 47.77997208125054, "ba_1_s": 33.90097606652454, "ba_2_e": -10.0, "ba_2_m": -60.0, "ba_2_s": -10.0, "delay": 0.14007954506633505, "mi_0_e": 6.030974612626072, "mi_0_s": -5.0, "mi_1_e": 16.28351754682315, "mi_1_m": 38.8596114783292, "mi_1_s": 18.63986328210026, "mi_2_e": -10.0, "mi_2_m": -60.0, "mi_2_s": -10.0}, "datetime": {"datetime": "2019-09-11 17:33:37", "elapsed": 2579.533498, "delta": 10.666868}}
{"target": 0.5173987150192261, "params": {"ah_0_e": 37.76102854135434, "ah_0_s": -8.163349459856736, "ah_1_e": 25.499465786902096, "ah_1_m": 30.436911233739046, "ah_1_s": 16.011013568181518, "ah_2_e": -10.0, "ah_2_m": -60.0, "ah_2_s": -10.0, "ba_0_e": -16.698962599834488, "ba_0_s": 29.022348589052672, "ba_1_e": 21.832916206211898, "ba_1_m": 43.332439306714505, "ba_1_s": 31.928533051453208, "ba_2_e": -10.0, "ba_2_m": -60.0, "ba_2_s": -10.0, "delay": 0.19197600071375898, "mi_0_e": 10.242313015208861, "mi_0_s": -5.0, "mi_1_e": 6.418897119909648, "mi_1_m": 33.33227462091146, "mi_1_s": 30.1966734556058, "mi_2_e": -10.0, "mi_2_m": -60.0, "mi_2_s": -10.0}, "datetime": {"datetime": "2019-09-11 17:33:49", "elapsed": 2590.779597, "delta": 11.246099}}
{"target": -0.1369023472070694, "params": {"ah_0_e": 19.395973473067833, "ah_0_s": -1.6775418232149306, "ah_1_e": 0.9870851907346107, "ah_1_m": 48.73473450350649, "ah_1_s": 12.853562841806763, "ah_2_e": -10.0, "ah_2_m": -60.0, "ah_2_s": -10.0, "ba_0_e": -27.74037746047752, "ba_0_s": 32.69391081915796, "ba_1_e": 26.077084533141427, "ba_1_m": 31.836080389932643, "ba_1_s": 12.334962063506245, "ba_2_e": -10.0, "ba_2_m": -60.0, "ba_2_s": -10.0, "delay": 0.20069105411718757, "mi_0_e": 23.583440689433342, "mi_0_s": -5.0, "mi_1_e": 28.044924052128163, "mi_1_m": 47.10875671595787, "mi_1_s": 15.365281828817373, "mi_2_e": -10.0, "mi_2_m": -60.0, "mi_2_s": -10.0}, "datetime": {"datetime": "2019-09-11 17:33:59", "elapsed": 2601.331037, "delta": 10.55144}}
{"target": 0.09967940300703049, "params": {"ah_0_e": 19.384150329131455, "ah_0_s": -11.166257307069067, "ah_1_e": 16.411434811909444, "ah_1_m": 36.741606892488036, "ah_1_s": 14.537652304655081, "ah_2_e": -10.0, "ah_2_m": -60.0, "ah_2_s": -10.0, "ba_0_e": -32.615344360752836, "ba_0_s": 20.487130119663355, "ba_1_e": 2.6244719229553777, "ba_1_m": 42.50926763576068, "ba_1_s": 34.48925031959351, "ba_2_e": -10.0, "ba_2_m": -60.0, "ba_2_s": -10.0, "delay": 0.1840370406465883, "mi_0_e": 15.789320291277487, "mi_0_s": -5.0, "mi_1_e": 9.69930185322929, "mi_1_m": 30.52064565030078, "mi_1_s": 12.123375458676895, "mi_2_e": -10.0, "mi_2_m": -60.0, "mi_2_s": -10.0}, "datetime": {"datetime": "2019-09-11 17:34:10", "elapsed": 2612.256544, "delta": 10.925507}}
{"target": 0.5143060684204102, "params": {"ah_0_e": 33.23486489467402, "ah_0_s": -11.33041497458035, "ah_1_e": 22.19281246683213, "ah_1_m": 40.26794599256128, "ah_1_s": 7.469471119169409, "ah_2_e": -10.0, "ah_2_m": -60.0, "ah_2_s": -10.0, "ba_0_e": -15.17340115100998, "ba_0_s": 11.564331527142738, "ba_1_e": 6.5375545723946376, "ba_1_m": 47.62010102700884, "ba_1_s": 10.83493247671888, "ba_2_e": -10.0, "ba_2_m": -60.0, "ba_2_s": -10.0, "delay": 0.20760811633011134, "mi_0_e": 6.348148643489377, "mi_0_s": -5.0, "mi_1_e": 2.2209557926725028, "mi_1_m": 38.606707865462276, "mi_1_s": 8.601364079179975, "mi_2_e": -10.0, "mi_2_m": -60.0, "mi_2_s": -10.0}, "datetime": {"datetime": "2019-09-11 17:34:21", "elapsed": 2623.265182, "delta": 11.008638}}
{"target": 1.0042142868041992, "params": {"ah_0_e": 33.67187612508846, "ah_0_s": -35.5014673802859, "ah_1_e": 17.559655811800457, "ah_1_m": 36.48909925936647, "ah_1_s": 6.124525752287754, "ah_2_e": -10.0, "ah_2_m": -60.0, "ah_2_s": -10.0, "ba_0_e": -22.416632068103947, "ba_0_s": 25.01421684974556, "ba_1_e": 18.91449462760218, "ba_1_m": 44.30781754229385, "ba_1_s": 32.39533590435596, "ba_2_e": -10.0, "ba_2_m": -60.0, "ba_2_s": -10.0, "delay": 0.19088867663127368, "mi_0_e": 7.341493572750118, "mi_0_s": -5.0, "mi_1_e": 0.26319658277845825, "mi_1_m": 30.81012115808408, "mi_1_s": 25.36263564010067, "mi_2_e": -10.0, "mi_2_m": -60.0, "mi_2_s": -10.0}, "datetime": {"datetime": "2019-09-11 17:34:32", "elapsed": 2634.028942, "delta": 10.76376}}
{"target": 0.8914706707000732, "params": {"ah_0_e": 9.119438992437251, "ah_0_s": -23.399424438682615, "ah_1_e": 6.045354584882708, "ah_1_m": 44.25331863814867, "ah_1_s": 9.753303491883543, "ah_2_e": -10.0, "ah_2_m": -60.0, "ah_2_s": -10.0, "ba_0_e": -33.082566499614174, "ba_0_s": 25.116620123693107, "ba_1_e": 0.0060892062712541994, "ba_1_m": 45.077815685075855, "ba_1_s": 28.448260521568933, "ba_2_e": -10.0, "ba_2_m": -60.0, "ba_2_s": -10.0, "delay": 0.15571669562035295, "mi_0_e": 14.772153553306708, "mi_0_s": -5.0, "mi_1_e": 10.48890879080463, "mi_1_m": 47.78767204279663, "mi_1_s": 7.49116243883143, "mi_2_e": -10.0, "mi_2_m": -60.0, "mi_2_s": -10.0}, "datetime": {"datetime": "2019-09-11 17:34:43", "elapsed": 2645.335228, "delta": 11.306286}}
{"target": 1.2241371870040894, "params": {"ah_0_e": 39.045442159841464, "ah_0_s": -5.540796677715733, "ah_1_e": 3.1863457412809804, "ah_1_m": 39.46698037883769, "ah_1_s": 20.769266574810963, "ah_2_e": -10.0, "ah_2_m": -60.0, "ah_2_s": -10.0, "ba_0_e": -31.252696950953364, "ba_0_s": 9.626001103690474, "ba_1_e": 18.362345027346034, "ba_1_m": 47.45692292220167, "ba_1_s": 34.175017647786966, "ba_2_e": -10.0, "ba_2_m": -60.0, "ba_2_s": -10.0, "delay": 0.15291469316199266, "mi_0_e": 14.413843826241639, "mi_0_s": -5.0, "mi_1_e": 4.002788671882241, "mi_1_m": 34.245492931933455, "mi_1_s": 29.17961710642193, "mi_2_e": -10.0, "mi_2_m": -60.0, "mi_2_s": -10.0}, "datetime": {"datetime": "2019-09-11 17:34:54", "elapsed": 2656.28189, "delta": 10.946662}}
{"target": 1.3827357292175293, "params": {"ah_0_e": 31.573949649032926, "ah_0_s": -6.171890948854397, "ah_1_e": 5.568575981404569, "ah_1_m": 30.249053723591317, "ah_1_s": 11.111203090716694, "ah_2_e": -10.0, "ah_2_m": -60.0, "ah_2_s": -10.0, "ba_0_e": -29.43174046580198, "ba_0_s": 19.205381183497657, "ba_1_e": 8.864241741538125, "ba_1_m": 49.14564459920024, "ba_1_s": 31.542418254023808, "ba_2_e": -10.0, "ba_2_m": -60.0, "ba_2_s": -10.0, "delay": 0.19138903102239588, "mi_0_e": 5.703302416414446, "mi_0_s": -5.0, "mi_1_e": 19.559427885557863, "mi_1_m": 31.61270661424625, "mi_1_s": 7.9047452176896025, "mi_2_e": -10.0, "mi_2_m": -60.0, "mi_2_s": -10.0}, "datetime": {"datetime": "2019-09-11 17:35:06", "elapsed": 2668.286237, "delta": 12.004347}}
{"target": 0.4065987765789032, "params": {"ah_0_e": 28.129337749018166, "ah_0_s": -18.19776092877542, "ah_1_e": 26.464014387106012, "ah_1_m": 30.065181297150698, "ah_1_s": 3.4406368478549147, "ah_2_e": -10.0, "ah_2_m": -60.0, "ah_2_s": -10.0, "ba_0_e": -22.446857700065735, "ba_0_s": 38.04360087872655, "ba_1_e": 6.1555261614223955, "ba_1_m": 39.822117419901105, "ba_1_s": 32.82535816876197, "ba_2_e": -10.0, "ba_2_m": -60.0, "ba_2_s": -10.0, "delay": 0.18526965642891635, "mi_0_e": 9.460806092332648, "mi_0_s": -5.0, "mi_1_e": 3.2084668655936044, "mi_1_m": 37.011380992409, "mi_1_s": 12.310347384448264, "mi_2_e": -10.0, "mi_2_m": -60.0, "mi_2_s": -10.0}, "datetime": {"datetime": "2019-09-11 17:35:17", "elapsed": 2679.465403, "delta": 11.179166}}
{"target": 0.9421687722206116, "params": {"ah_0_e": 29.69935373208931, "ah_0_s": -10.099547099951867, "ah_1_e": 6.0050341076508245, "ah_1_m": 41.11497836201514, "ah_1_s": 11.180034700235513, "ah_2_e": -10.0, "ah_2_m": -60.0, "ah_2_s": -10.0, "ba_0_e": -30.497633133194974, "ba_0_s": 12.161737670601774, "ba_1_e": 3.2293029402011264, "ba_1_m": 49.046656764475756, "ba_1_s": 23.084773655429828, "ba_2_e": -10.0, "ba_2_m": -60.0, "ba_2_s": -10.0, "delay": 0.1742052370123698, "mi_0_e": 8.732669056580072, "mi_0_s": -5.0, "mi_1_e": 19.911008857314503, "mi_1_m": 43.71244524365513, "mi_1_s": 1.7258274938468576, "mi_2_e": -10.0, "mi_2_m": -60.0, "mi_2_s": -10.0}, "datetime": {"datetime": "2019-09-11 17:35:29", "elapsed": 2690.610918, "delta": 11.145515}}
{"target": 0.5860922336578369, "params": {"ah_0_e": 31.469972773892508, "ah_0_s": -34.710844117649174, "ah_1_e": 6.924019317857709, "ah_1_m": 35.97598190178699, "ah_1_s": 3.543065732583802, "ah_2_e": -10.0, "ah_2_m": -60.0, "ah_2_s": -10.0, "ba_0_e": -19.585685946610717, "ba_0_s": 7.49174883531091, "ba_1_e": 1.9337746413805084, "ba_1_m": 43.18680927362908, "ba_1_s": 30.374894685745446, "ba_2_e": -10.0, "ba_2_m": -60.0, "ba_2_s": -10.0, "delay": 0.13547104258161222, "mi_0_e": 6.0761541305354685, "mi_0_s": -5.0, "mi_1_e": 4.415704010759872, "mi_1_m": 49.24786603507603, "mi_1_s": 7.385736700409903, "mi_2_e": -10.0, "mi_2_m": -60.0, "mi_2_s": -10.0}, "datetime": {"datetime": "2019-09-11 17:35:40", "elapsed": 2701.696911, "delta": 11.085993}}
{"target": 1.110836386680603, "params": {"ah_0_e": 21.116680360059767, "ah_0_s": -25.955173292791272, "ah_1_e": 4.611845897482234, "ah_1_m": 34.822629027938156, "ah_1_s": 31.379657900175317, "ah_2_e": -10.0, "ah_2_m": -60.0, "ah_2_s": -10.0, "ba_0_e": -20.284962227966265, "ba_0_s": 7.7507542525402275, "ba_1_e": 2.601706841297275, "ba_1_m": 48.864675972895796, "ba_1_s": 31.471779758072156, "ba_2_e": -10.0, "ba_2_m": -60.0, "ba_2_s": -10.0, "delay": 0.1832550165811161, "mi_0_e": 21.19547949993242, "mi_0_s": -5.0, "mi_1_e": 0.45926603664551924, "mi_1_m": 39.49074543134223, "mi_1_s": 15.299610555237525, "mi_2_e": -10.0, "mi_2_m": -60.0, "mi_2_s": -10.0}, "datetime": {"datetime": "2019-09-11 17:35:50", "elapsed": 2712.584171, "delta": 10.88726}}
{"target": 0.5053779482841492, "params": {"ah_0_e": 8.040744408661814, "ah_0_s": -24.264800795184023, "ah_1_e": 29.603181774396994, "ah_1_m": 38.516440468268776, "ah_1_s": 2.2582338799684614, "ah_2_e": -10.0, "ah_2_m": -60.0, "ah_2_s": -10.0, "ba_0_e": -30.773435094153562, "ba_0_s": 30.90667875771516, "ba_1_e": 8.63170179728887, "ba_1_m": 46.14041420163814, "ba_1_s": 34.7589381171359, "ba_2_e": -10.0, "ba_2_m": -60.0, "ba_2_s": -10.0, "delay": 0.1501744789338162, "mi_0_e": 6.839191399247548, "mi_0_s": -5.0, "mi_1_e": 1.503547144579117, "mi_1_m": 40.98424384039575, "mi_1_s": 20.383116274834833, "mi_2_e": -10.0, "mi_2_m": -60.0, "mi_2_s": -10.0}, "datetime": {"datetime": "2019-09-11 17:36:02", "elapsed": 2723.731755, "delta": 11.147584}}
{"target": 0.32888686656951904, "params": {"ah_0_e": 38.8231150148169, "ah_0_s": 4.790134747238248, "ah_1_e": 7.957031363142559, "ah_1_m": 32.63309265726218, "ah_1_s": 1.4808960160379936, "ah_2_e": -10.0, "ah_2_m": -60.0, "ah_2_s": -10.0, "ba_0_e": -33.67364425221467, "ba_0_s": 39.11647897978003, "ba_1_e": 9.102231364761254, "ba_1_m": 37.145017252833, "ba_1_s": 27.923352374995122, "ba_2_e": -10.0, "ba_2_m": -60.0, "ba_2_s": -10.0, "delay": 0.20026777109192484, "mi_0_e": 11.795667380931825, "mi_0_s": -5.0, "mi_1_e": 10.923811736179431, "mi_1_m": 46.734031709202284, "mi_1_s": 21.044829904448665, "mi_2_e": -10.0, "mi_2_m": -60.0, "mi_2_s": -10.0}, "datetime": {"datetime": "2019-09-11 17:36:13", "elapsed": 2734.816551, "delta": 11.084796}}
{"target": 0.7665174603462219, "params": {"ah_0_e": 35.86738419892794, "ah_0_s": -34.60345868923889, "ah_1_e": 13.070258939217007, "ah_1_m": 30.018514703289778, "ah_1_s": 1.6633158925148728, "ah_2_e": -10.0, "ah_2_m": -60.0, "ah_2_s": -10.0, "ba_0_e": -27.957507090973767, "ba_0_s": 18.590750150769082, "ba_1_e": 5.324476295770386, "ba_1_m": 48.52452028874903, "ba_1_s": 33.58350502582555, "ba_2_e": -10.0, "ba_2_m": -60.0, "ba_2_s": -10.0, "delay": 0.14805994611411222, "mi_0_e": 31.11076524229652, "mi_0_s": -5.0, "mi_1_e": 25.533898185240073, "mi_1_m": 33.88112608177087, "mi_1_s": 16.770789608400136, "mi_2_e": -10.0, "mi_2_m": -60.0, "mi_2_s": -10.0}, "datetime": {"datetime": "2019-09-11 17:36:23", "elapsed": 2745.558592, "delta": 10.742041}}
{"target": 0.9738989472389221, "params": {"ah_0_e": 34.180734110424396, "ah_0_s": -35.017501444382766, "ah_1_e": 15.199043103291281, "ah_1_m": 36.96527808338601, "ah_1_s": 25.281482208593744, "ah_2_e": -10.0, "ah_2_m": -60.0, "ah_2_s": -10.0, "ba_0_e": -33.95543334270808, "ba_0_s": 15.554411199026593, "ba_1_e": 9.228334458989606, "ba_1_m": 44.321249960233644, "ba_1_s": 34.379007438472684, "ba_2_e": -10.0, "ba_2_m": -60.0, "ba_2_s": -10.0, "delay": 0.15065844687541827, "mi_0_e": 7.67841115668368, "mi_0_s": -5.0, "mi_1_e": 28.641611315373282, "mi_1_m": 30.06231027093703, "mi_1_s": 21.93604029093826, "mi_2_e": -10.0, "mi_2_m": -60.0, "mi_2_s": -10.0}, "datetime": {"datetime": "2019-09-11 17:36:35", "elapsed": 2756.711698, "delta": 11.153106}}
{"target": 0.9664040207862854, "params": {"ah_0_e": 38.06535600200668, "ah_0_s": -3.306518219502209, "ah_1_e": 27.918039630448614, "ah_1_m": 39.00141614986883, "ah_1_s": 28.43184364898986, "ah_2_e": -10.0, "ah_2_m": -60.0, "ah_2_s": -10.0, "ba_0_e": -14.637500807907212, "ba_0_s": 18.6788038144769, "ba_1_e": 14.613248782263586, "ba_1_m": 43.53573830642245, "ba_1_s": 28.52760892078498, "ba_2_e": -10.0, "ba_2_m": -60.0, "ba_2_s": -10.0, "delay": 0.20747308382110471, "mi_0_e": 11.705715211764765, "mi_0_s": -5.0, "mi_1_e": 15.79237328874294, "mi_1_m": 40.36525605865734, "mi_1_s": 29.149368431426062, "mi_2_e": -10.0, "mi_2_m": -60.0, "mi_2_s": -10.0}, "datetime": {"datetime": "2019-09-11 17:36:46", "elapsed": 2767.999543, "delta": 11.287845}}
{"target": 1.003534197807312, "params": {"ah_0_e": 26.58114534787813, "ah_0_s": -28.40974022924513, "ah_1_e": 20.57492061275921, "ah_1_m": 30.899148336383714, "ah_1_s": 4.374863254347679, "ah_2_e": -10.0, "ah_2_m": -60.0, "ah_2_s": -10.0, "ba_0_e": -27.48643036380598, "ba_0_s": 26.564892825464437, "ba_1_e": 21.502261885985575, "ba_1_m": 47.45335098291212, "ba_1_s": 21.094044398980017, "ba_2_e": -10.0, "ba_2_m": -60.0, "ba_2_s": -10.0, "delay": 0.19370687000978332, "mi_0_e": 5.8312738993543665, "mi_0_s": -5.0, "mi_1_e": 6.1631569358592335, "mi_1_m": 48.464299218705236, "mi_1_s": 21.091236634609544, "mi_2_e": -10.0, "mi_2_m": -60.0, "mi_2_s": -10.0}, "datetime": {"datetime": "2019-09-11 17:36:57", "elapsed": 2778.905509, "delta": 10.905966}}
{"target": 0.6332806944847107, "params": {"ah_0_e": 23.063608438982225, "ah_0_s": -14.843366401761035, "ah_1_e": 9.677788631821494, "ah_1_m": 46.62226629641368, "ah_1_s": 14.628165773490812, "ah_2_e": -10.0, "ah_2_m": -60.0, "ah_2_s": -10.0, "ba_0_e": -38.92046505665722, "ba_0_s": 37.78700151824854, "ba_1_e": 1.8063367197853113, "ba_1_m": 46.227698488593134, "ba_1_s": 22.35377507254669, "ba_2_e": -10.0, "ba_2_m": -60.0, "ba_2_s": -10.0, "delay": 0.20367327640680313, "mi_0_e": 6.071088283740261, "mi_0_s": -5.0, "mi_1_e": 26.093518929237344, "mi_1_m": 41.634844633613746, "mi_1_s": 24.503932934808507, "mi_2_e": -10.0, "mi_2_m": -60.0, "mi_2_s": -10.0}, "datetime": {"datetime": "2019-09-11 17:37:08", "elapsed": 2789.953552, "delta": 11.048043}}
{"target": 0.15854454040527344, "params": {"ah_0_e": 38.406226928028936, "ah_0_s": -30.142083059276487, "ah_1_e": 24.171507012817226, "ah_1_m": 43.653200667337124, "ah_1_s": 2.533092886067231, "ah_2_e": -10.0, "ah_2_m": -60.0, "ah_2_s": -10.0, "ba_0_e": -19.575339769264918, "ba_0_s": 17.33773435148749, "ba_1_e": 1.9866950631610647, "ba_1_m": 43.92680474657844, "ba_1_s": 32.5005098667998, "ba_2_e": -10.0, "ba_2_m": -60.0, "ba_2_s": -10.0, "delay": 0.201785993215797, "mi_0_e": 13.360612668210655, "mi_0_s": -5.0, "mi_1_e": 1.544414178654453, "mi_1_m": 32.49993052258932, "mi_1_s": 5.146607438943944, "mi_2_e": -10.0, "mi_2_m": -60.0, "mi_2_s": -10.0}, "datetime": {"datetime": "2019-09-11 17:37:19", "elapsed": 2801.289221, "delta": 11.335669}}
{"target": 1.7165673971176147, "params": {"ah_0_e": 39.06120292818272, "ah_0_s": -2.218202112010829, "ah_1_e": 6.894080472616839, "ah_1_m": 32.900490768910124, "ah_1_s": 6.835806933258562, "ah_2_e": -10.0, "ah_2_m": -60.0, "ah_2_s": -10.0, "ba_0_e": -34.159745280940555, "ba_0_s": 6.5358065687375015, "ba_1_e": 16.924009747336168, "ba_1_m": 46.995568107973774, "ba_1_s": 21.413970649670322, "ba_2_e": -10.0, "ba_2_m": -60.0, "ba_2_s": -10.0, "delay": 0.13839941381804005, "mi_0_e": 22.640802087953514, "mi_0_s": -5.0, "mi_1_e": 11.68639517278555, "mi_1_m": 38.41518801661174, "mi_1_s": 28.69344703604321, "mi_2_e": -10.0, "mi_2_m": -60.0, "mi_2_s": -10.0}, "datetime": {"datetime": "2019-09-11 17:37:31", "elapsed": 2812.782809, "delta": 11.493588}}
{"target": 0.6100613474845886, "params": {"ah_0_e": 35.713599283815356, "ah_0_s": 3.948748811278193, "ah_1_e": 23.986908291123406, "ah_1_m": 32.41742974830916, "ah_1_s": 0.49253982134419283, "ah_2_e": -10.0, "ah_2_m": -60.0, "ah_2_s": -10.0, "ba_0_e": -10.307616287370116, "ba_0_s": 28.36552603301815, "ba_1_e": 1.4416988286510102, "ba_1_m": 45.35371995722979, "ba_1_s": 33.20206622220893, "ba_2_e": -10.0, "ba_2_m": -60.0, "ba_2_s": -10.0, "delay": 0.18446409354926746, "mi_0_e": 9.09694360460009, "mi_0_s": -5.0, "mi_1_e": 4.1588905656823965, "mi_1_m": 36.50039724041047, "mi_1_s": 19.4250973313144, "mi_2_e": -10.0, "mi_2_m": -60.0, "mi_2_s": -10.0}, "datetime": {"datetime": "2019-09-11 17:37:42", "elapsed": 2824.171509, "delta": 11.3887}}
