{"target": 0.27934858202934265, "params": {"ah_0_e": 21.186606282525997, "ah_0_s": -0.8673661695499248, "ah_1_e": 23.11441771347241, "ah_1_m": 34.981801769038654, "ah_1_s": 8.22157772807367, "ah_2_e": -28.70233584335348, "ah_2_m": -82.69848168888652, "ah_2_s": -56.89688321548911, "ba_0_e": -1.2142300306525158, "ba_0_s": 14.156377743902262, "ba_1_e": 14.429762479249943, "ba_1_m": 42.230881989006434, "ba_1_s": 19.139205953553294, "ba_2_e": -29.463747270448284, "ba_2_m": -63.0426233064383, "ba_2_s": -45.61224021986278, "delay": 0.13705081311403472, "mi_0_e": 35.31271002808019, "mi_0_s": -35.22069541164221, "mi_1_e": 24.795777703038045, "mi_1_m": 39.72849147615372, "mi_1_s": 24.470129789452077, "mi_2_e": -29.749353005088256, "mi_2_m": -83.92487952880046, "mi_2_s": -49.32085411399239}, "datetime": {"datetime": "2019-09-11 17:03:50", "elapsed": 791.948925, "delta": 8.048109}}
{"target": -0.17914390563964844, "params": {"ah_0_e": 10.443500435576759, "ah_0_s": -25.6982102342231, "ah_1_e": 12.039411187509662, "ah_1_m": 37.283405973070515, "ah_1_s": 19.832594484076456, "ah_2_e": -12.084372126014388, "ah_2_m": -79.79909156891698, "ah_2_s": -20.08158795283172, "ba_0_e": -21.259184972210136, "ba_0_s": 20.7812429775245, "ba_1_e": 12.205436934167608, "ba_1_m": 37.665606202560255, "ba_1_s": 6.310712129671577, "ba_2_e": -13.40650286970372, "ba_2_m": -76.53769946807554, "ba_2_s": -39.793347280832556, "delay": 0.1416399831377367, "mi_0_e": 13.082959791274344, "mi_0_s": -15.023199603808385, "mi_1_e": 29.076297841654902, "mi_1_m": 33.068418823248244, "mi_1_s": 19.32485826437185, "mi_2_e": -38.406985884609625, "mi_2_m": -70.30260279326016, "mi_2_s": -27.53085946534768}, "datetime": {"datetime": "2019-09-11 17:03:58", "elapsed": 800.101406, "delta": 8.152481}}
{"target": 0.11486160755157471, "params": {"ah_0_e": 30.384773654929738, "ah_0_s": -15.85480894510556, "ah_1_e": 27.636074649238648, "ah_1_m": 48.610319718582176, "ah_1_s": 5.054940910077183, "ah_2_e": -10.0, "ah_2_m": -60.0, "ah_2_s": -10.0, "ba_0_e": -15.349546044213508, "ba_0_s": 10.792351066902896, "ba_1_e": 1.547968659593555, "ba_1_m": 49.413369652030426, "ba_1_s": 33.64056713791692, "ba_2_e": -10.0, "ba_2_m": -60.0, "ba_2_s": -10.0, "delay": 0.19768481994462475, "mi_0_e": 5.974405807608467, "mi_0_s": -5.0, "mi_1_e": 20.980531053968942, "mi_1_m": 31.115247612942973, "mi_1_s": 17.240831910571156, "mi_2_e": -10.0, "mi_2_m": -60.0, "mi_2_s": -10.0}, "datetime": {"datetime": "2019-09-11 17:04:07", "elapsed": 809.137136, "delta": 9.03573}}
{"target": 0.8362324237823486, "params": {"ah_0_e": 20.890186729191317, "ah_0_s": -33.393608684814076, "ah_1_e": 7.512503285822218, "ah_1_m": 30.056140872216858, "ah_1_s": 15.938519926161648, "ah_2_e": -10.0, "ah_2_m": -60.0, "ah_2_s": -10.0, "ba_0_e": -15.531354703984569, "ba_0_s": 37.765943204403925, "ba_1_e": 7.283753735537617, "ba_1_m": 49.59784190190704, "ba_1_s": 34.018855453811604, "ba_2_e": -10.0, "ba_2_m": -60.0, "ba_2_s": -10.0, "delay": 0.20557260130594684, "mi_0_e": 20.100434143368243, "mi_0_s": -5.0, "mi_1_e": 12.120886059022318, "mi_1_m": 42.230542213022915, "mi_1_s": 14.002465773644772, "mi_2_e": -10.0, "mi_2_m": -60.0, "mi_2_s": -10.0}, "datetime": {"datetime": "2019-09-11 17:04:16", "elapsed": 818.232417, "delta": 9.095281}}
{"target": 0.9610376358032227, "params": {"ah_0_e": 27.7209341882965, "ah_0_s": -34.87336740143087, "ah_1_e": 7.095450653770612, "ah_1_m": 36.132904930690714, "ah_1_s": 11.76888566278968, "ah_2_e": -10.0, "ah_2_m": -60.0, "ah_2_s": -10.0, "ba_0_e": -28.79443513292152, "ba_0_s": 37.43806163414365, "ba_1_e": 1.6448773828165382, "ba_1_m": 49.590383278975146, "ba_1_s": 14.800783810158125, "ba_2_e": -10.0, "ba_2_m": -60.0, "ba_2_s": -10.0, "delay": 0.16778741299361888, "mi_0_e": 20.743065250824728, "mi_0_s": -5.0, "mi_1_e": 3.9195866475605006, "mi_1_m": 47.81063178918285, "mi_1_s": 7.345253859229215, "mi_2_e": -10.0, "mi_2_m": -60.0, "mi_2_s": -10.0}, "datetime": {"datetime": "2019-09-11 17:04:25", "elapsed": 827.298638, "delta": 9.066221}}
{"target": 1.3834248781204224, "params": {"ah_0_e": 22.256079999460876, "ah_0_s": -39.04345392021612, "ah_1_e": 14.7120543413157, "ah_1_m": 31.428453597361365, "ah_1_s": 17.378649466680855, "ah_2_e": -10.0, "ah_2_m": -60.0, "ah_2_s": -10.0, "ba_0_e": -29.862317875396748, "ba_0_s": 9.401447113725034, "ba_1_e": 13.109199906052027, "ba_1_m": 45.94511402358126, "ba_1_s": 30.428239429318822, "ba_2_e": -10.0, "ba_2_m": -60.0, "ba_2_s": -10.0, "delay": 0.2016248864788306, "mi_0_e": 26.385400056451743, "mi_0_s": -5.0, "mi_1_e": 12.288107583027987, "mi_1_m": 39.34185109082877, "mi_1_s": 12.987157441689137, "mi_2_e": -10.0, "mi_2_m": -60.0, "mi_2_s": -10.0}, "datetime": {"datetime": "2019-09-11 17:04:34", "elapsed": 836.451765, "delta": 9.153127}}
{"target": 0.9853644371032715, "params": {"ah_0_e": 28.61797495645968, "ah_0_s": -36.23012720633954, "ah_1_e": 2.398584535900471, "ah_1_m": 44.32588086417906, "ah_1_s": 1.365247442554904, "ah_2_e": -10.0, "ah_2_m": -60.0, "ah_2_s": -10.0, "ba_0_e": -27.65178579108882, "ba_0_s": 6.522609478815023, "ba_1_e": 20.827486895718653, "ba_1_m": 49.24097118373595, "ba_1_s": 34.05211156763256, "ba_2_e": -10.0, "ba_2_m": -60.0, "ba_2_s": -10.0, "delay": 0.14396420771617535, "mi_0_e": 22.192759419443654, "mi_0_s": -5.0, "mi_1_e": 15.402964204500794, "mi_1_m": 30.475043262495902, "mi_1_s": 3.127812881534658, "mi_2_e": -10.0, "mi_2_m": -60.0, "mi_2_s": -10.0}, "datetime": {"datetime": "2019-09-11 17:04:43", "elapsed": 845.503997, "delta": 9.052232}}
{"target": 1.2732492685317993, "params": {"ah_0_e": 38.42648257434903, "ah_0_s": -20.426241362212416, "ah_1_e": 16.513684619506563, "ah_1_m": 31.60578476641959, "ah_1_s": 14.9673416104376, "ah_2_e": -10.0, "ah_2_m": -60.0, "ah_2_s": -10.0, "ba_0_e": -26.220152776358745, "ba_0_s": 16.165416155545618, "ba_1_e": 20.381753286833412, "ba_1_m": 49.312918100448755, "ba_1_s": 26.752139641149217, "ba_2_e": -10.0, "ba_2_m": -60.0, "ba_2_s": -10.0, "delay": 0.18281256806910318, "mi_0_e": 10.64051985410954, "mi_0_s": -5.0, "mi_1_e": 3.407632825641087, "mi_1_m": 42.93601394374064, "mi_1_s": 3.507654671674027, "mi_2_e": -10.0, "mi_2_m": -60.0, "mi_2_s": -10.0}, "datetime": {"datetime": "2019-09-11 17:04:53", "elapsed": 854.625522, "delta": 9.121525}}
{"target": 0.9503799080848694, "params": {"ah_0_e": 35.79251526798719, "ah_0_s": -1.4157281443202976, "ah_1_e": 16.42005610149064, "ah_1_m": 34.70355963345688, "ah_1_s": 12.05437104085098, "ah_2_e": -10.0, "ah_2_m": -60.0, "ah_2_s": -10.0, "ba_0_e": -39.59302220913458, "ba_0_s": 15.367259433466371, "ba_1_e": 2.846993822648564, "ba_1_m": 37.45965120758595, "ba_1_s": 11.876720864239495, "ba_2_e": -10.0, "ba_2_m": -60.0, "ba_2_s": -10.0, "delay": 0.15429109992869267, "mi_0_e": 6.878179110688806, "mi_0_s": -5.0, "mi_1_e": 7.309791351402272, "mi_1_m": 43.03052588050734, "mi_1_s": 1.3424509723187432, "mi_2_e": -10.0, "mi_2_m": -60.0, "mi_2_s": -10.0}, "datetime": {"datetime": "2019-09-11 17:05:02", "elapsed": 863.726633, "delta": 9.101111}}
{"target": 0.7571538090705872, "params": {"ah_0_e": 33.261430447156954, "ah_0_s": -36.869256134292115, "ah_1_e": 2.7829341429519667, "ah_1_m": 36.13157126376345, "ah_1_s": 0.17909338808670017, "ah_2_e": -10.0, "ah_2_m": -60.0, "ah_2_s": -10.0, "ba_0_e": -32.6234407755456, "ba_0_s": 33.52271080512825, "ba_1_e": 0.005902981351161296, "ba_1_m": 43.515225670083176, "ba_1_s": 28.53254747611934, "ba_2_e": -10.0, "ba_2_m": -60.0, "ba_2_s": -10.0, "delay": 0.15103423746929498, "mi_0_e": 16.07413626930311, "mi_0_s": -5.0, "mi_1_e": 1.4770255785958641, "mi_1_m": 45.03705347436627, "mi_1_s": 0.08664093802855655, "mi_2_e": -10.0, "mi_2_m": -60.0, "mi_2_s": -10.0}, "datetime": {"datetime": "2019-09-11 17:05:11", "elapsed": 872.914266, "delta": 9.187633}}
{"target": 1.1921062469482422, "params": {"ah_0_e": 33.003931846607394, "ah_0_s": 0.046704425537924976, "ah_1_e": 3.5465243315305712, "ah_1_m": 40.761417757318334, "ah_1_s": 25.874048479501912, "ah_2_e": -10.0, "ah_2_m": -60.0, "ah_2_s": -10.0, "ba_0_e": -36.22001872775923, "ba_0_s": 6.970489389480289, "ba_1_e": 1.8007891673514291, "ba_1_m": 45.74139179959271, "ba_1_s": 33.0061373807563, "ba_2_e": -10.0, "ba_2_m": -60.0, "ba_2_s": -10.0, "delay": 0.20131146577810838, "mi_0_e": 7.834258861497762, "mi_0_s": -5.0, "mi_1_e": 5.7048552764550955, "mi_1_m": 44.98976838451363, "mi_1_s": 25.616871070483644, "mi_2_e": -10.0, "mi_2_m": -60.0, "mi_2_s": -10.0}, "datetime": {"datetime": "2019-09-11 17:05:20", "elapsed": 882.027707, "delta": 9.113441}}
{"target": 1.0425896644592285, "params": {"ah_0_e": 37.589919495780855, "ah_0_s": -5.472361040499443, "ah_1_e": 25.858140639418302, "ah_1_m": 38.79531643072852, "ah_1_s": 13.94953628425841, "ah_2_e": -10.0, "ah_2_m": -60.0, "ah_2_s": -10.0, "ba_0_e": -30.147110232938243, "ba_0_s": 34.54428348510303, "ba_1_e": 24.74525005011919, "ba_1_m": 44.587097682866734, "ba_1_s": 31.036734311398533, "ba_2_e": -10.0, "ba_2_m": -60.0, "ba_2_s": -10.0, "delay": 0.15378894000778193, "mi_0_e": 7.211788933920401, "mi_0_s": -5.0, "mi_1_e": 1.0009003880373335, "mi_1_m": 45.64824964465329, "mi_1_s": 31.45382432060823, "mi_2_e": -10.0, "mi_2_m": -60.0, "mi_2_s": -10.0}, "datetime": {"datetime": "2019-09-11 17:05:29", "elapsed": 891.051642, "delta": 9.023935}}
{"target": 0.5284436941146851, "params": {"ah_0_e": 22.70525632756239, "ah_0_s": -38.77899260979077, "ah_1_e": 13.206957004505732, "ah_1_m": 36.762290239954865, "ah_1_s": 22.734239866983476, "ah_2_e": -10.0, "ah_2_m": -60.0, "ah_2_s": -10.0, "ba_0_e": -38.33277128288765, "ba_0_s": 23.923580638778674, "ba_1_e": 15.868043781617525, "ba_1_m": 49.664227866699974, "ba_1_s": 33.84361289972937, "ba_2_e": -10.0, "ba_2_m": -60.0, "ba_2_s": -10.0, "delay": 0.14863981590293904, "mi_0_e": 24.646142106509842, "mi_0_s": -5.0, "mi_1_e": 32.34026177870504, "mi_1_m": 38.360924352791876, "mi_1_s": 20.463085226600317, "mi_2_e": -10.0, "mi_2_m": -60.0, "mi_2_s": -10.0}, "datetime": {"datetime": "2019-09-11 17:05:38", "elapsed": 900.166692, "delta": 9.11505}}
{"target": 0.32757166028022766, "params": {"ah_0_e": 13.240253129063245, "ah_0_s": -21.771912266640882, "ah_1_e": 20.866243960193895, "ah_1_m": 31.87201111931228, "ah_1_s": 17.534860739564046, "ah_2_e": -10.0, "ah_2_m": -60.0, "ah_2_s": -10.0, "ba_0_e": -30.066564186754377, "ba_0_s": 32.6360399783301, "ba_1_e": 25.219313966510864, "ba_1_m": 31.662921055139556, "ba_1_s": 11.59821461297952, "ba_2_e": -10.0, "ba_2_m": -60.0, "ba_2_s": -10.0, "delay": 0.14990571981638567, "mi_0_e": 10.284349116356001, "mi_0_s": -5.0, "mi_1_e": 13.142230408739346, "mi_1_m": 39.807124527177926, "mi_1_s": 7.86113307211778, "mi_2_e": -10.0, "mi_2_m": -60.0, "mi_2_s": -10.0}, "datetime": {"datetime": "2019-09-11 17:05:47", "elapsed": 909.227823, "delta": 9.061131}}
{"target": 0.9056640267372131, "params": {"ah_0_e": 15.071991235101699, "ah_0_s": -18.567752985802635, "ah_1_e": 16.39157554472884, "ah_1_m": 35.137001651039, "ah_1_s": 5.035079656328333, "ah_2_e": -10.0, "ah_2_m": -60.0, "ah_2_s": -10.0, "ba_0_e": -39.154367163408736, "ba_0_s": 28.110164140018547, "ba_1_e": 0.03673238963402492, "ba_1_m": 48.24969792186756, "ba_1_s": 32.532282590330354, "ba_2_e": -10.0, "ba_2_m": -60.0, "ba_2_s": -10.0, "delay": 0.14849453026266538, "mi_0_e": 20.900459835640945, "mi_0_s": -5.0, "mi_1_e": 22.969011891744792, "mi_1_m": 46.5082370419377, "mi_1_s": 3.5441456611875566, "mi_2_e": -10.0, "mi_2_m": -60.0, "mi_2_s": -10.0}, "datetime": {"datetime": "2019-09-11 17:05:56", "elapsed": 918.364769, "delta": 9.136946}}
{"target": 1.0721118450164795, "params": {"ah_0_e": 27.983423748589654, "ah_0_s": -35.766384037775836, "ah_1_e": 3.4635284942699625, "ah_1_m": 42.9152977016586, "ah_1_s": 22.29987973852884, "ah_2_e": -10.0, "ah_2_m": -60.0, "ah_2_s": -10.0, "ba_0_e": -36.69739614661506, "ba_0_s": 28.68681775830417, "ba_1_e": 7.6989709914992535, "ba_1_m": 46.95069807397688, "ba_1_s": 34.84087618131598, "ba_2_e": -10.0, "ba_2_m": -60.0, "ba_2_s": -10.0, "delay": 0.13922185713969906, "mi_0_e": 12.543682147586928, "mi_0_s": -5.0, "mi_1_e": 1.2074426904705604, "mi_1_m": 45.21924593947122, "mi_1_s": 16.93461228412138, "mi_2_e": -10.0, "mi_2_m": -60.0, "mi_2_s": -10.0}, "datetime": {"datetime": "2019-09-11 17:06:05", "elapsed": 927.584375, "delta": 9.219606}}
{"target": 1.0198420286178589, "params": {"ah_0_e": 27.738972390929582, "ah_0_s": -31.312040631486163, "ah_1_e": 11.572222713586443, "ah_1_m": 32.66238517707465, "ah_1_s": 27.231507987204342, "ah_2_e": -10.0, "ah_2_m": -60.0, "ah_2_s": -10.0, "ba_0_e": -27.95576225123241, "ba_0_s": 9.50553870154653, "ba_1_e": 3.687899196015647, "ba_1_m": 45.57262229002821, "ba_1_s": 30.008383629982458, "ba_2_e": -10.0, "ba_2_m": -60.0, "ba_2_s": -10.0, "delay": 0.18693219657142285, "mi_0_e": 11.727437127251163, "mi_0_s": -5.0, "mi_1_e": 0.36884631284237746, "mi_1_m": 41.236267257773704, "mi_1_s": 7.230806980906456, "mi_2_e": -10.0, "mi_2_m": -60.0, "mi_2_s": -10.0}, "datetime": {"datetime": "2019-09-11 17:06:15", "elapsed": 936.750957, "delta": 9.166582}}
{"target": 0.7031306624412537, "params": {"ah_0_e": 36.19305604948772, "ah_0_s": -31.738245249127438, "ah_1_e": 12.574814629573593, "ah_1_m": 39.73396496858995, "ah_1_s": 17.86602347815161, "ah_2_e": -10.0, "ah_2_m": -60.0, "ah_2_s": -10.0, "ba_0_e": 0.817171623097444, "ba_0_s": 28.464806565547562, "ba_1_e": 3.4091035923847457, "ba_1_m": 48.8265577965773, "ba_1_s": 18.326566349514927, "ba_2_e": -10.0, "ba_2_m": -60.0, "ba_2_s": -10.0, "delay": 0.1841765036089338, "mi_0_e": 19.355993768363973, "mi_0_s": -5.0, "mi_1_e": 21.50494171115973, "mi_1_m": 46.036385424237295, "mi_1_s": 0.6448104635665325, "mi_2_e": -10.0, "mi_2_m": -60.0, "mi_2_s": -10.0}, "datetime": {"datetime": "2019-09-11 17:06:24", "elapsed": 946.019983, "delta": 9.269026}}
{"target": 1.2271502017974854, "params": {"ah_0_e": 38.150909981655765, "ah_0_s": -2.2532914483980804, "ah_1_e": 4.130405386257226, "ah_1_m": 39.98398678518209, "ah_1_s": 7.659599376157236, "ah_2_e": -10.0, "ah_2_m": -60.0, "ah_2_s": -10.0, "ba_0_e": -33.88885459021851, "ba_0_s": 13.285222985911801, "ba_1_e": 0.02347589979368847, "ba_1_m": 44.383286292502824, "ba_1_s": 19.591686439899213, "ba_2_e": -10.0, "ba_2_m": -60.0, "ba_2_s": -10.0, "delay": 0.13371527312049888, "mi_0_e": 5.769857349434401, "mi_0_s": -5.0, "mi_1_e": 14.600392065198577, "mi_1_m": 49.59056149013376, "mi_1_s": 15.387033244792441, "mi_2_e": -10.0, "mi_2_m": -60.0, "mi_2_s": -10.0}, "datetime": {"datetime": "2019-09-11 17:06:33", "elapsed": 955.111933, "delta": 9.09195}}
{"target": 0.9262627959251404, "params": {"ah_0_e": 30.21666794964072, "ah_0_s": -35.43392029175877, "ah_1_e": 20.56963755158705, "ah_1_m": 35.309029549100316, "ah_1_s": 11.728897022393808, "ah_2_e": -10.0, "ah_2_m": -60.0, "ah_2_s": -10.0, "ba_0_e": -36.831734812788056, "ba_0_s": 24.03868788509016, "ba_1_e": 8.210264919920787, "ba_1_m": 49.797818014649636, "ba_1_s": 26.792338160102343, "ba_2_e": -10.0, "ba_2_m": -60.0, "ba_2_s": -10.0, "delay": 0.2028833332125473, "mi_0_e": 29.046859817028746, "mi_0_s": -5.0, "mi_1_e": 0.8595798544752864, "mi_1_m": 31.743631079226926, "mi_1_s": 14.457741068314235, "mi_2_e": -10.0, "mi_2_m": -60.0, "mi_2_s": -10.0}, "datetime": {"datetime": "2019-09-11 17:06:42", "elapsed": 964.298597, "delta": 9.186664}}
{"target": 1.1112395524978638, "params": {"ah_0_e": 21.27987118415857, "ah_0_s": -26.331589766774112, "ah_1_e": 28.42175125604976, "ah_1_m": 31.694676828876432, "ah_1_s": 32.58817763343674, "ah_2_e": -10.0, "ah_2_m": -60.0, "ah_2_s": -10.0, "ba_0_e": -28.03659707632467, "ba_0_s": 27.919530495945832, "ba_1_e": 8.155805496947812, "ba_1_m": 48.74650602749995, "ba_1_s": 31.033151569137825, "ba_2_e": -10.0, "ba_2_m": -60.0, "ba_2_s": -10.0, "delay": 0.14809131957750513, "mi_0_e": 5.605049357575727, "mi_0_s": -5.0, "mi_1_e": 20.43758697774959, "mi_1_m": 44.34172439829531, "mi_1_s": 11.436545682501848, "mi_2_e": -10.0, "mi_2_m": -60.0, "mi_2_s": -10.0}, "datetime": {"datetime": "2019-09-11 17:06:51", "elapsed": 973.579187, "delta": 9.28059}}
{"target": 1.091199517250061, "params": {"ah_0_e": 38.233212834622414, "ah_0_s": -36.550189267348486, "ah_1_e": 17.284714965216597, "ah_1_m": 31.309066838594383, "ah_1_s": 23.573708479728225, "ah_2_e": -10.0, "ah_2_m": -60.0, "ah_2_s": -10.0, "ba_0_e": -31.549589094693346, "ba_0_s": 37.620489866326615, "ba_1_e": 10.975727641802905, "ba_1_m": 45.21923863832113, "ba_1_s": 34.78416341393865, "ba_2_e": -10.0, "ba_2_m": -60.0, "ba_2_s": -10.0, "delay": 0.20875174019839093, "mi_0_e": 9.349563375158926, "mi_0_s": -5.0, "mi_1_e": 6.192523210952484, "mi_1_m": 44.241056167051724, "mi_1_s": 31.41931342204049, "mi_2_e": -10.0, "mi_2_m": -60.0, "mi_2_s": -10.0}, "datetime": {"datetime": "2019-09-11 17:07:01", "elapsed": 982.898838, "delta": 9.319651}}
{"target": 1.0299897193908691, "params": {"ah_0_e": 36.40762151659628, "ah_0_s": -19.079463126061803, "ah_1_e": 3.5014709998244036, "ah_1_m": 30.07631373732249, "ah_1_s": 34.957411070038496, "ah_2_e": -10.0, "ah_2_m": -60.0, "ah_2_s": -10.0, "ba_0_e": -14.357844447319884, "ba_0_s": 36.36451516115812, "ba_1_e": 14.795211352027678, "ba_1_m": 49.45450716950599, "ba_1_s": 31.150574958586958, "ba_2_e": -10.0, "ba_2_m": -60.0, "ba_2_s": -10.0, "delay": 0.16998729201601354, "mi_0_e": 6.102472317827097, "mi_0_s": -5.0, "mi_1_e": 7.141613540655769, "mi_1_m": 37.30144328573693, "mi_1_s": 34.461304434222214, "mi_2_e": -10.0, "mi_2_m": -60.0, "mi_2_s": -10.0}, "datetime": {"datetime": "2019-09-11 17:07:10", "elapsed": 992.041751, "delta": 9.142913}}
{"target": 0.7577812671661377, "params": {"ah_0_e": 18.572951896379404, "ah_0_s": -31.053995713209233, "ah_1_e": 26.687018041612006, "ah_1_m": 34.145282196599204, "ah_1_s": 7.162673689927529, "ah_2_e": -10.0, "ah_2_m": -60.0, "ah_2_s": -10.0, "ba_0_e": -24.66160150129131, "ba_0_s": 13.45372737442136, "ba_1_e": 2.6787037270083243, "ba_1_m": 49.78353888209918, "ba_1_s": 25.646648562383387, "ba_2_e": -10.0, "ba_2_m": -60.0, "ba_2_s": -10.0, "delay": 0.16958857178673642, "mi_0_e": 5.860867428542999, "mi_0_s": -5.0, "mi_1_e": 8.931656649736132, "mi_1_m": 46.000368710809894, "mi_1_s": 11.458440182452469, "mi_2_e": -10.0, "mi_2_m": -60.0, "mi_2_s": -10.0}, "datetime": {"datetime": "2019-09-11 17:07:19", "elapsed": 1001.170267, "delta": 9.128516}}
{"target": 1.38837730884552, "params": {"ah_0_e": 29.80989196057669, "ah_0_s": -19.497933995937895, "ah_1_e": 11.912224076247439, "ah_1_m": 46.0064043279416, "ah_1_s": 3.660978624840082, "ah_2_e": -10.0, "ah_2_m": -60.0, "ah_2_s": -10.0, "ba_0_e": -32.45573119974572, "ba_0_s": 24.132701182633376, "ba_1_e": 5.22930701888198, "ba_1_m": 48.5297055198713, "ba_1_s": 30.535191064372786, "ba_2_e": -10.0, "ba_2_m": -60.0, "ba_2_s": -10.0, "delay": 0.13021022502215823, "mi_0_e": 18.816921274372802, "mi_0_s": -5.0, "mi_1_e": 13.068611224453852, "mi_1_m": 42.192064868847325, "mi_1_s": 28.92411405418984, "mi_2_e": -10.0, "mi_2_m": -60.0, "mi_2_s": -10.0}, "datetime": {"datetime": "2019-09-11 17:07:28", "elapsed": 1010.46168, "delta": 9.291413}}
{"target": 0.015399224124848843, "params": {"ah_0_e": 20.13827016944196, "ah_0_s": -27.808861033220158, "ah_1_e": 34.162128679567225, "ah_1_m": 37.55256116534434, "ah_1_s": 11.921385458297603, "ah_2_e": -10.0, "ah_2_m": -60.0, "ah_2_s": -10.0, "ba_0_e": -5.644005384996213, "ba_0_s": 10.523702845160146, "ba_1_e": 17.327557100869143, "ba_1_m": 42.22938008928506, "ba_1_s": 24.53722210510842, "ba_2_e": -10.0, "ba_2_m": -60.0, "ba_2_s": -10.0, "delay": 0.16921899467515367, "mi_0_e": 37.96223610798681, "mi_0_s": -5.0, "mi_1_e": 29.945809987311037, "mi_1_m": 47.26876470558582, "mi_1_s": 12.459162060299615, "mi_2_e": -10.0, "mi_2_m": -60.0, "mi_2_s": -10.0}, "datetime": {"datetime": "2019-09-11 17:07:37", "elapsed": 1019.575865, "delta": 9.114185}}
{"target": 0.9600412249565125, "params": {"ah_0_e": 25.01363465586257, "ah_0_s": -24.459052174485198, "ah_1_e": 15.573184128494862, "ah_1_m": 43.26746037440656, "ah_1_s": 22.184803225507487, "ah_2_e": -10.0, "ah_2_m": -60.0, "ah_2_s": -10.0, "ba_0_e": -5.767048476810849, "ba_0_s": 31.314751914857055, "ba_1_e": 2.344971420565484, "ba_1_m": 46.759781401591404, "ba_1_s": 34.79490108882036, "ba_2_e": -10.0, "ba_2_m": -60.0, "ba_2_s": -10.0, "delay": 0.19958826914781813, "mi_0_e": 5.764711760482465, "mi_0_s": -5.0, "mi_1_e": 12.30818219327293, "mi_1_m": 49.42863408998069, "mi_1_s": 1.7623392394069326, "mi_2_e": -10.0, "mi_2_m": -60.0, "mi_2_s": -10.0}, "datetime": {"datetime": "2019-09-11 17:07:47", "elapsed": 1028.89315, "delta": 9.317285}}
{"target": 1.3533425331115723, "params": {"ah_0_e": 27.766211004429557, "ah_0_s": -36.749186876016275, "ah_1_e": 10.188543861931455, "ah_1_m": 42.310053131122565, "ah_1_s": 19.926765128242273, "ah_2_e": -10.0, "ah_2_m": -60.0, "ah_2_s": -10.0, "ba_0_e": -37.17070623418092, "ba_0_s": 17.52275500248883, "ba_1_e": 6.404296821603416, "ba_1_m": 43.84002782838451, "ba_1_s": 34.75742318446216, "ba_2_e": -10.0, "ba_2_m": -60.0, "ba_2_s": -10.0, "delay": 0.18059386465616245, "mi_0_e": 35.72909815752504, "mi_0_s": -5.0, "mi_1_e": 15.309774864647588, "mi_1_m": 42.98712712590073, "mi_1_s": 23.511914943264, "mi_2_e": -10.0, "mi_2_m": -60.0, "mi_2_s": -10.0}, "datetime": {"datetime": "2019-09-11 17:07:56", "elapsed": 1038.229086, "delta": 9.335936}}
{"target": 0.9910908937454224, "params": {"ah_0_e": 29.640629623971037, "ah_0_s": -19.34719338709983, "ah_1_e": 8.783767267255968, "ah_1_m": 31.214794238702222, "ah_1_s": 13.371173266262865, "ah_2_e": -10.0, "ah_2_m": -60.0, "ah_2_s": -10.0, "ba_0_e": -38.37562050066277, "ba_0_s": 31.24796559129471, "ba_1_e": 16.215698516598454, "ba_1_m": 47.94238758517706, "ba_1_s": 31.223763139299287, "ba_2_e": -10.0, "ba_2_m": -60.0, "ba_2_s": -10.0, "delay": 0.20908921361538435, "mi_0_e": 8.195522656005377, "mi_0_s": -5.0, "mi_1_e": 5.670171466154572, "mi_1_m": 47.262285694598276, "mi_1_s": 12.402850613324537, "mi_2_e": -10.0, "mi_2_m": -60.0, "mi_2_s": -10.0}, "datetime": {"datetime": "2019-09-11 17:08:05", "elapsed": 1047.555308, "delta": 9.326222}}
