{"target": 0.6154388189315796, "params": {"ah_0_e": 34.026087490026, "ah_0_s": -35.21479414156972, "ah_1_e": 10.300197186598806, "ah_1_m": 45.606855226425836, "ah_1_s": 7.17121509153355, "ah_2_e": -10.0, "ah_2_m": -60.0, "ah_2_s": -10.0, "ba_0_e": -38.13987422566128, "ba_0_s": 30.50549047833052, "ba_1_e": 7.083383014767978, "ba_1_m": 49.586825381841734, "ba_1_s": 9.94828652968005, "ba_2_e": -10.0, "ba_2_m": -60.0, "ba_2_s": -10.0, "delay": 0.17780472896259786, "mi_0_e": 8.058276817799864, "mi_0_s": -5.0, "mi_1_e": 0.5079532712419371, "mi_1_m": 32.082079425375525, "mi_1_s": 10.43755918964531, "mi_2_e": -10.0, "mi_2_m": -60.0, "mi_2_s": -10.0}, "datetime": {"datetime": "2019-09-11 18:58:36", "elapsed": 1115.407033, "delta": 9.788003}}
{"target": 0.7736934423446655, "params": {"ah_0_e": 27.887562736900502, "ah_0_s": -9.882233793943541, "ah_1_e": 11.527860169271483, "ah_1_m": 48.00058691883582, "ah_1_s": 11.403604387243973, "ah_2_e": -10.0, "ah_2_m": -60.0, "ah_2_s": -10.0, "ba_0_e": -12.307166464018248, "ba_0_s": 34.783880060736315, "ba_1_e": 3.802096260147266, "ba_1_m": 48.4328870393465, "ba_1_s": 21.171012066540495, "ba_2_e": -10.0, "ba_2_m": -60.0, "ba_2_s": -10.0, "delay": 0.1632570711760573, "mi_0_e": 6.1726270721715455, "mi_0_s": -5.0, "mi_1_e": 8.72269708295227, "mi_1_m": 37.81355914489352, "mi_1_s": 29.500781573946856, "mi_2_e": -10.0, "mi_2_m": -60.0, "mi_2_s": -10.0}, "datetime": {"datetime": "2019-09-11 18:58:52", "elapsed": 1131.452565, "delta": 16.045532}}
{"target": 0.7736934423446655, "params": {"ah_0_e": 27.887562736900502, "ah_0_s": -9.882233793943541, "ah_1_e": 11.527860169271483, "ah_1_m": 48.00058691883582, "ah_1_s": 11.403604387243973, "ah_2_e": -10.0, "ah_2_m": -60.0, "ah_2_s": -10.0, "ba_0_e": -12.307166464018248, "ba_0_s": 34.783880060736315, "ba_1_e": 3.802096260147266, "ba_1_m": 48.4328870393465, "ba_1_s": 21.171012066540495, "ba_2_e": -10.0, "ba_2_m": -60.0, "ba_2_s": -10.0, "delay": 0.1632570711760573, "mi_0_e": 6.1726270721715455, "mi_0_s": -5.0, "mi_1_e": 8.72269708295227, "mi_1_m": 37.81355914489352, "mi_1_s": 29.500781573946856, "mi_2_e": -10.0, "mi_2_m": -60.0, "mi_2_s": -10.0}, "datetime": {"datetime": "2019-09-11 18:58:59", "elapsed": 1138.465801, "delta": 7.013236}}
{"target": 1.1960902214050293, "params": {"ah_0_e": 26.797868568077067, "ah_0_s": -7.853150392164274, "ah_1_e": 19.09857399489003, "ah_1_m": 32.70646740695996, "ah_1_s": 29.52032026417925, "ah_2_e": -10.0, "ah_2_m": -60.0, "ah_2_s": -10.0, "ba_0_e": -8.96614093003216, "ba_0_s": 10.429965135533116, "ba_1_e": 9.517420551648433, "ba_1_m": 45.17531349073504, "ba_1_s": 31.330253017116977, "ba_2_e": -10.0, "ba_2_m": -60.0, "ba_2_s": -10.0, "delay": 0.19130317990927792, "mi_0_e": 5.141228649210709, "mi_0_s": -5.0, "mi_1_e": 9.16899595279625, "mi_1_m": 45.08888966622227, "mi_1_s": 13.057504316095796, "mi_2_e": -10.0, "mi_2_m": -60.0, "mi_2_s": -10.0}, "datetime": {"datetime": "2019-09-11 18:59:16", "elapsed": 1155.343943, "delta": 16.878142}}
{"target": 1.2235628366470337, "params": {"ah_0_e": 18.533428164775728, "ah_0_s": -22.433220788044725, "ah_1_e": 7.640735825298089, "ah_1_m": 40.407728161967256, "ah_1_s": 8.459588775539556, "ah_2_e": -10.0, "ah_2_m": -60.0, "ah_2_s": -10.0, "ba_0_e": -29.794039008141553, "ba_0_s": 34.981717756330724, "ba_1_e": 6.831629778118472, "ba_1_m": 41.1446821230644, "ba_1_s": 31.325837361242744, "ba_2_e": -10.0, "ba_2_m": -60.0, "ba_2_s": -10.0, "delay": 0.14564381011084018, "mi_0_e": 13.467821772408191, "mi_0_s": -5.0, "mi_1_e": 0.7244134206286618, "mi_1_m": 33.13362804420289, "mi_1_s": 8.531307560376472, "mi_2_e": -10.0, "mi_2_m": -60.0, "mi_2_s": -10.0}, "datetime": {"datetime": "2019-09-11 18:59:31", "elapsed": 1170.258117, "delta": 14.914174}}
{"target": 1.2235628366470337, "params": {"ah_0_e": 18.533428164775728, "ah_0_s": -22.433220788044725, "ah_1_e": 7.640735825298089, "ah_1_m": 40.407728161967256, "ah_1_s": 8.459588775539556, "ah_2_e": -10.0, "ah_2_m": -60.0, "ah_2_s": -10.0, "ba_0_e": -29.794039008141553, "ba_0_s": 34.981717756330724, "ba_1_e": 6.831629778118472, "ba_1_m": 41.1446821230644, "ba_1_s": 31.325837361242744, "ba_2_e": -10.0, "ba_2_m": -60.0, "ba_2_s": -10.0, "delay": 0.14564381011084018, "mi_0_e": 13.467821772408191, "mi_0_s": -5.0, "mi_1_e": 0.7244134206286618, "mi_1_m": 33.13362804420289, "mi_1_s": 8.531307560376472, "mi_2_e": -10.0, "mi_2_m": -60.0, "mi_2_s": -10.0}, "datetime": {"datetime": "2019-09-11 18:59:39", "elapsed": 1178.689118, "delta": 8.431001}}
{"target": 1.2235628366470337, "params": {"ah_0_e": 18.533428164775728, "ah_0_s": -22.433220788044725, "ah_1_e": 7.640735825298089, "ah_1_m": 40.407728161967256, "ah_1_s": 8.459588775539556, "ah_2_e": -10.0, "ah_2_m": -60.0, "ah_2_s": -10.0, "ba_0_e": -29.794039008141553, "ba_0_s": 34.981717756330724, "ba_1_e": 6.831629778118472, "ba_1_m": 41.1446821230644, "ba_1_s": 31.325837361242744, "ba_2_e": -10.0, "ba_2_m": -60.0, "ba_2_s": -10.0, "delay": 0.14564381011084018, "mi_0_e": 13.467821772408191, "mi_0_s": -5.0, "mi_1_e": 0.7244134206286618, "mi_1_m": 33.13362804420289, "mi_1_s": 8.531307560376472, "mi_2_e": -10.0, "mi_2_m": -60.0, "mi_2_s": -10.0}, "datetime": {"datetime": "2019-09-11 18:59:47", "elapsed": 1186.633087, "delta": 7.943969}}
{"target": 1.2235628366470337, "params": {"ah_0_e": 18.533428164775728, "ah_0_s": -22.433220788044725, "ah_1_e": 7.640735825298089, "ah_1_m": 40.407728161967256, "ah_1_s": 8.459588775539556, "ah_2_e": -10.0, "ah_2_m": -60.0, "ah_2_s": -10.0, "ba_0_e": -29.794039008141553, "ba_0_s": 34.981717756330724, "ba_1_e": 6.831629778118472, "ba_1_m": 41.1446821230644, "ba_1_s": 31.325837361242744, "ba_2_e": -10.0, "ba_2_m": -60.0, "ba_2_s": -10.0, "delay": 0.14564381011084018, "mi_0_e": 13.467821772408191, "mi_0_s": -5.0, "mi_1_e": 0.7244134206286618, "mi_1_m": 33.13362804420289, "mi_1_s": 8.531307560376472, "mi_2_e": -10.0, "mi_2_m": -60.0, "mi_2_s": -10.0}, "datetime": {"datetime": "2019-09-11 18:59:55", "elapsed": 1194.303109, "delta": 7.670022}}
{"target": 0.28101012110710144, "params": {"ah_0_e": 5.965171648872876, "ah_0_s": -20.938821070929343, "ah_1_e": 17.288030632652244, "ah_1_m": 35.460788416527016, "ah_1_s": 7.091088015773856, "ah_2_e": -10.0, "ah_2_m": -60.0, "ah_2_s": -10.0, "ba_0_e": -13.09454159501512, "ba_0_s": 15.542839143673362, "ba_1_e": 13.058550978730127, "ba_1_m": 48.85859953603792, "ba_1_s": 31.095018734320252, "ba_2_e": -10.0, "ba_2_m": -60.0, "ba_2_s": -10.0, "delay": 0.13166742819479035, "mi_0_e": 13.437579561979753, "mi_0_s": -5.0, "mi_1_e": 25.628496068078597, "mi_1_m": 36.43897533674804, "mi_1_s": 6.644221726954946, "mi_2_e": -10.0, "mi_2_m": -60.0, "mi_2_s": -10.0}, "datetime": {"datetime": "2019-09-11 19:00:13", "elapsed": 1212.063249, "delta": 17.76014}}
{"target": 0.28101012110710144, "params": {"ah_0_e": 5.965171648872876, "ah_0_s": -20.938821070929343, "ah_1_e": 17.288030632652244, "ah_1_m": 35.460788416527016, "ah_1_s": 7.091088015773856, "ah_2_e": -10.0, "ah_2_m": -60.0, "ah_2_s": -10.0, "ba_0_e": -13.09454159501512, "ba_0_s": 15.542839143673362, "ba_1_e": 13.058550978730127, "ba_1_m": 48.85859953603792, "ba_1_s": 31.095018734320252, "ba_2_e": -10.0, "ba_2_m": -60.0, "ba_2_s": -10.0, "delay": 0.13166742819479035, "mi_0_e": 13.437579561979753, "mi_0_s": -5.0, "mi_1_e": 25.628496068078597, "mi_1_m": 36.43897533674804, "mi_1_s": 6.644221726954946, "mi_2_e": -10.0, "mi_2_m": -60.0, "mi_2_s": -10.0}, "datetime": {"datetime": "2019-09-11 19:00:22", "elapsed": 1221.030399, "delta": 8.96715}}
{"target": 0.28101012110710144, "params": {"ah_0_e": 5.965171648872876, "ah_0_s": -20.938821070929343, "ah_1_e": 17.288030632652244, "ah_1_m": 35.460788416527016, "ah_1_s": 7.091088015773856, "ah_2_e": -10.0, "ah_2_m": -60.0, "ah_2_s": -10.0, "ba_0_e": -13.09454159501512, "ba_0_s": 15.542839143673362, "ba_1_e": 13.058550978730127, "ba_1_m": 48.85859953603792, "ba_1_s": 31.095018734320252, "ba_2_e": -10.0, "ba_2_m": -60.0, "ba_2_s": -10.0, "delay": 0.13166742819479035, "mi_0_e": 13.437579561979753, "mi_0_s": -5.0, "mi_1_e": 25.628496068078597, "mi_1_m": 36.43897533674804, "mi_1_s": 6.644221726954946, "mi_2_e": -10.0, "mi_2_m": -60.0, "mi_2_s": -10.0}, "datetime": {"datetime": "2019-09-11 19:00:28", "elapsed": 1227.326453, "delta": 6.296054}}
{"target": 0.28101012110710144, "params": {"ah_0_e": 5.965171648872876, "ah_0_s": -20.938821070929343, "ah_1_e": 17.288030632652244, "ah_1_m": 35.460788416527016, "ah_1_s": 7.091088015773856, "ah_2_e": -10.0, "ah_2_m": -60.0, "ah_2_s": -10.0, "ba_0_e": -13.09454159501512, "ba_0_s": 15.542839143673362, "ba_1_e": 13.058550978730127, "ba_1_m": 48.85859953603792, "ba_1_s": 31.095018734320252, "ba_2_e": -10.0, "ba_2_m": -60.0, "ba_2_s": -10.0, "delay": 0.13166742819479035, "mi_0_e": 13.437579561979753, "mi_0_s": -5.0, "mi_1_e": 25.628496068078597, "mi_1_m": 36.43897533674804, "mi_1_s": 6.644221726954946, "mi_2_e": -10.0, "mi_2_m": -60.0, "mi_2_s": -10.0}, "datetime": {"datetime": "2019-09-11 19:00:35", "elapsed": 1234.467516, "delta": 7.141063}}
{"target": 0.28101012110710144, "params": {"ah_0_e": 5.965171648872876, "ah_0_s": -20.938821070929343, "ah_1_e": 17.288030632652244, "ah_1_m": 35.460788416527016, "ah_1_s": 7.091088015773856, "ah_2_e": -10.0, "ah_2_m": -60.0, "ah_2_s": -10.0, "ba_0_e": -13.09454159501512, "ba_0_s": 15.542839143673362, "ba_1_e": 13.058550978730127, "ba_1_m": 48.85859953603792, "ba_1_s": 31.095018734320252, "ba_2_e": -10.0, "ba_2_m": -60.0, "ba_2_s": -10.0, "delay": 0.13166742819479035, "mi_0_e": 13.437579561979753, "mi_0_s": -5.0, "mi_1_e": 25.628496068078597, "mi_1_m": 36.43897533674804, "mi_1_s": 6.644221726954946, "mi_2_e": -10.0, "mi_2_m": -60.0, "mi_2_s": -10.0}, "datetime": {"datetime": "2019-09-11 19:00:43", "elapsed": 1242.066603, "delta": 7.599087}}
{"target": 0.28101012110710144, "params": {"ah_0_e": 5.965171648872876, "ah_0_s": -20.938821070929343, "ah_1_e": 17.288030632652244, "ah_1_m": 35.460788416527016, "ah_1_s": 7.091088015773856, "ah_2_e": -10.0, "ah_2_m": -60.0, "ah_2_s": -10.0, "ba_0_e": -13.09454159501512, "ba_0_s": 15.542839143673362, "ba_1_e": 13.058550978730127, "ba_1_m": 48.85859953603792, "ba_1_s": 31.095018734320252, "ba_2_e": -10.0, "ba_2_m": -60.0, "ba_2_s": -10.0, "delay": 0.13166742819479035, "mi_0_e": 13.437579561979753, "mi_0_s": -5.0, "mi_1_e": 25.628496068078597, "mi_1_m": 36.43897533674804, "mi_1_s": 6.644221726954946, "mi_2_e": -10.0, "mi_2_m": -60.0, "mi_2_s": -10.0}, "datetime": {"datetime": "2019-09-11 19:00:49", "elapsed": 1248.083609, "delta": 6.017006}}
{"target": 0.28101012110710144, "params": {"ah_0_e": 5.965171648872876, "ah_0_s": -20.938821070929343, "ah_1_e": 17.288030632652244, "ah_1_m": 35.460788416527016, "ah_1_s": 7.091088015773856, "ah_2_e": -10.0, "ah_2_m": -60.0, "ah_2_s": -10.0, "ba_0_e": -13.09454159501512, "ba_0_s": 15.542839143673362, "ba_1_e": 13.058550978730127, "ba_1_m": 48.85859953603792, "ba_1_s": 31.095018734320252, "ba_2_e": -10.0, "ba_2_m": -60.0, "ba_2_s": -10.0, "delay": 0.13166742819479035, "mi_0_e": 13.437579561979753, "mi_0_s": -5.0, "mi_1_e": 25.628496068078597, "mi_1_m": 36.43897533674804, "mi_1_s": 6.644221726954946, "mi_2_e": -10.0, "mi_2_m": -60.0, "mi_2_s": -10.0}, "datetime": {"datetime": "2019-09-11 19:00:58", "elapsed": 1256.870151, "delta": 8.786542}}
{"target": 1.2955074310302734, "params": {"ah_0_e": 31.19898926106816, "ah_0_s": -30.809733896389382, "ah_1_e": 18.792987872466576, "ah_1_m": 38.86779856738009, "ah_1_s": 20.442074321613674, "ah_2_e": -10.0, "ah_2_m": -60.0, "ah_2_s": -10.0, "ba_0_e": -36.12714347225469, "ba_0_s": 5.911954583078845, "ba_1_e": 2.2657662070693902, "ba_1_m": 49.036338450523985, "ba_1_s": 34.65250472870982, "ba_2_e": -10.0, "ba_2_m": -60.0, "ba_2_s": -10.0, "delay": 0.20291932376890742, "mi_0_e": 7.4179472038130285, "mi_0_s": -5.0, "mi_1_e": 9.3193440326108, "mi_1_m": 35.911419025852226, "mi_1_s": 24.94585645018682, "mi_2_e": -10.0, "mi_2_m": -60.0, "mi_2_s": -10.0}, "datetime": {"datetime": "2019-09-11 19:01:14", "elapsed": 1272.953607, "delta": 16.083456}}
{"target": 1.2955074310302734, "params": {"ah_0_e": 31.19898926106816, "ah_0_s": -30.809733896389382, "ah_1_e": 18.792987872466576, "ah_1_m": 38.86779856738009, "ah_1_s": 20.442074321613674, "ah_2_e": -10.0, "ah_2_m": -60.0, "ah_2_s": -10.0, "ba_0_e": -36.12714347225469, "ba_0_s": 5.911954583078845, "ba_1_e": 2.2657662070693902, "ba_1_m": 49.036338450523985, "ba_1_s": 34.65250472870982, "ba_2_e": -10.0, "ba_2_m": -60.0, "ba_2_s": -10.0, "delay": 0.20291932376890742, "mi_0_e": 7.4179472038130285, "mi_0_s": -5.0, "mi_1_e": 9.3193440326108, "mi_1_m": 35.911419025852226, "mi_1_s": 24.94585645018682, "mi_2_e": -10.0, "mi_2_m": -60.0, "mi_2_s": -10.0}, "datetime": {"datetime": "2019-09-11 19:01:22", "elapsed": 1281.390291, "delta": 8.436684}}
{"target": 0.8800842761993408, "params": {"ah_0_e": 30.217190220570597, "ah_0_s": -30.536852853763616, "ah_1_e": 11.93825620850225, "ah_1_m": 33.80450377326298, "ah_1_s": 22.884637103207734, "ah_2_e": -10.0, "ah_2_m": -60.0, "ah_2_s": -10.0, "ba_0_e": -12.656041890380315, "ba_0_s": 18.968345227153712, "ba_1_e": 0.09215805838444613, "ba_1_m": 44.08410687913223, "ba_1_s": 27.627846017389878, "ba_2_e": -10.0, "ba_2_m": -60.0, "ba_2_s": -10.0, "delay": 0.17078219737003733, "mi_0_e": 13.675651470064563, "mi_0_s": -5.0, "mi_1_e": 15.164399058788602, "mi_1_m": 47.82994207592949, "mi_1_s": 21.96966663589316, "mi_2_e": -10.0, "mi_2_m": -60.0, "mi_2_s": -10.0}, "datetime": {"datetime": "2019-09-11 19:01:39", "elapsed": 1297.992968, "delta": 16.602677}}
{"target": 1.2212501764297485, "params": {"ah_0_e": 33.27913218095775, "ah_0_s": -17.857403558862753, "ah_1_e": 1.95461333951216, "ah_1_m": 32.262127760081654, "ah_1_s": 23.165468796149828, "ah_2_e": -10.0, "ah_2_m": -60.0, "ah_2_s": -10.0, "ba_0_e": -31.457461974477653, "ba_0_s": 17.438035153998896, "ba_1_e": 11.817557347097713, "ba_1_m": 47.69668372033183, "ba_1_s": 32.61890208469915, "ba_2_e": -10.0, "ba_2_m": -60.0, "ba_2_s": -10.0, "delay": 0.16138813821417727, "mi_0_e": 24.84725644591513, "mi_0_s": -5.0, "mi_1_e": 8.815580471597467, "mi_1_m": 47.85575659845823, "mi_1_s": 20.144955452654905, "mi_2_e": -10.0, "mi_2_m": -60.0, "mi_2_s": -10.0}, "datetime": {"datetime": "2019-09-11 19:01:56", "elapsed": 1315.229187, "delta": 17.236219}}
{"target": 0.559493899345398, "params": {"ah_0_e": 29.771819154952805, "ah_0_s": -22.524291520420558, "ah_1_e": 17.340019788442174, "ah_1_m": 32.36434014934928, "ah_1_s": 19.1881091869374, "ah_2_e": -10.0, "ah_2_m": -60.0, "ah_2_s": -10.0, "ba_0_e": 2.389941972084358, "ba_0_s": 30.98740653830316, "ba_1_e": 0.734632422471469, "ba_1_m": 47.91982304383525, "ba_1_s": 20.242910013288515, "ba_2_e": -10.0, "ba_2_m": -60.0, "ba_2_s": -10.0, "delay": 0.1373722230148787, "mi_0_e": 19.65793906302101, "mi_0_s": -5.0, "mi_1_e": 27.579713711291436, "mi_1_m": 30.784989296704254, "mi_1_s": 10.326235041783425, "mi_2_e": -10.0, "mi_2_m": -60.0, "mi_2_s": -10.0}, "datetime": {"datetime": "2019-09-11 19:02:13", "elapsed": 1331.781436, "delta": 16.552249}}
{"target": 0.559493899345398, "params": {"ah_0_e": 29.771819154952805, "ah_0_s": -22.524291520420558, "ah_1_e": 17.340019788442174, "ah_1_m": 32.36434014934928, "ah_1_s": 19.1881091869374, "ah_2_e": -10.0, "ah_2_m": -60.0, "ah_2_s": -10.0, "ba_0_e": 2.389941972084358, "ba_0_s": 30.98740653830316, "ba_1_e": 0.734632422471469, "ba_1_m": 47.91982304383525, "ba_1_s": 20.242910013288515, "ba_2_e": -10.0, "ba_2_m": -60.0, "ba_2_s": -10.0, "delay": 0.1373722230148787, "mi_0_e": 19.65793906302101, "mi_0_s": -5.0, "mi_1_e": 27.579713711291436, "mi_1_m": 30.784989296704254, "mi_1_s": 10.326235041783425, "mi_2_e": -10.0, "mi_2_m": -60.0, "mi_2_s": -10.0}, "datetime": {"datetime": "2019-09-11 19:02:21", "elapsed": 1340.040492, "delta": 8.259056}}
{"target": 0.6347545981407166, "params": {"ah_0_e": 13.320461645142437, "ah_0_s": -20.809918279797323, "ah_1_e": 7.788642204541294, "ah_1_m": 48.399390869451764, "ah_1_s": 21.800985083834853, "ah_2_e": -10.0, "ah_2_m": -60.0, "ah_2_s": -10.0, "ba_0_e": -25.931682167343936, "ba_0_s": 18.310607579547828, "ba_1_e": 2.6282843750418245, "ba_1_m": 43.12474573607619, "ba_1_s": 29.84594579947096, "ba_2_e": -10.0, "ba_2_m": -60.0, "ba_2_s": -10.0, "delay": 0.17291195823416575, "mi_0_e": 7.281903933885784, "mi_0_s": -5.0, "mi_1_e": 11.916883418623236, "mi_1_m": 46.91079880797221, "mi_1_s": 27.051882130907526, "mi_2_e": -10.0, "mi_2_m": -60.0, "mi_2_s": -10.0}, "datetime": {"datetime": "2019-09-11 19:02:37", "elapsed": 1356.297952, "delta": 16.25746}}
{"target": 1.3525140285491943, "params": {"ah_0_e": 38.01516527510882, "ah_0_s": -13.656349087035789, "ah_1_e": 9.021348325432092, "ah_1_m": 30.135768758193976, "ah_1_s": 18.182976789773566, "ah_2_e": -10.0, "ah_2_m": -60.0, "ah_2_s": -10.0, "ba_0_e": -36.42136820881533, "ba_0_s": 22.177971162957604, "ba_1_e": 2.2481394485271586, "ba_1_m": 47.99723741559458, "ba_1_s": 33.253519100078094, "ba_2_e": -10.0, "ba_2_m": -60.0, "ba_2_s": -10.0, "delay": 0.1944289314965073, "mi_0_e": 9.929024168611239, "mi_0_s": -5.0, "mi_1_e": 15.917061739718145, "mi_1_m": 39.70640925556957, "mi_1_s": 16.232909629749155, "mi_2_e": -10.0, "mi_2_m": -60.0, "mi_2_s": -10.0}, "datetime": {"datetime": "2019-09-11 19:02:53", "elapsed": 1372.0717, "delta": 15.773748}}
{"target": 1.3525140285491943, "params": {"ah_0_e": 38.01516527510882, "ah_0_s": -13.656349087035789, "ah_1_e": 9.021348325432092, "ah_1_m": 30.135768758193976, "ah_1_s": 18.182976789773566, "ah_2_e": -10.0, "ah_2_m": -60.0, "ah_2_s": -10.0, "ba_0_e": -36.42136820881533, "ba_0_s": 22.177971162957604, "ba_1_e": 2.2481394485271586, "ba_1_m": 47.99723741559458, "ba_1_s": 33.253519100078094, "ba_2_e": -10.0, "ba_2_m": -60.0, "ba_2_s": -10.0, "delay": 0.1944289314965073, "mi_0_e": 9.929024168611239, "mi_0_s": -5.0, "mi_1_e": 15.917061739718145, "mi_1_m": 39.70640925556957, "mi_1_s": 16.232909629749155, "mi_2_e": -10.0, "mi_2_m": -60.0, "mi_2_s": -10.0}, "datetime": {"datetime": "2019-09-11 19:03:02", "elapsed": 1381.000716, "delta": 8.929016}}
{"target": 1.3525140285491943, "params": {"ah_0_e": 38.01516527510882, "ah_0_s": -13.656349087035789, "ah_1_e": 9.021348325432092, "ah_1_m": 30.135768758193976, "ah_1_s": 18.182976789773566, "ah_2_e": -10.0, "ah_2_m": -60.0, "ah_2_s": -10.0, "ba_0_e": -36.42136820881533, "ba_0_s": 22.177971162957604, "ba_1_e": 2.2481394485271586, "ba_1_m": 47.99723741559458, "ba_1_s": 33.253519100078094, "ba_2_e": -10.0, "ba_2_m": -60.0, "ba_2_s": -10.0, "delay": 0.1944289314965073, "mi_0_e": 9.929024168611239, "mi_0_s": -5.0, "mi_1_e": 15.917061739718145, "mi_1_m": 39.70640925556957, "mi_1_s": 16.232909629749155, "mi_2_e": -10.0, "mi_2_m": -60.0, "mi_2_s": -10.0}, "datetime": {"datetime": "2019-09-11 19:03:10", "elapsed": 1389.714716, "delta": 8.714}}
{"target": 1.3525140285491943, "params": {"ah_0_e": 38.01516527510882, "ah_0_s": -13.656349087035789, "ah_1_e": 9.021348325432092, "ah_1_m": 30.135768758193976, "ah_1_s": 18.182976789773566, "ah_2_e": -10.0, "ah_2_m": -60.0, "ah_2_s": -10.0, "ba_0_e": -36.42136820881533, "ba_0_s": 22.177971162957604, "ba_1_e": 2.2481394485271586, "ba_1_m": 47.99723741559458, "ba_1_s": 33.253519100078094, "ba_2_e": -10.0, "ba_2_m": -60.0, "ba_2_s": -10.0, "delay": 0.1944289314965073, "mi_0_e": 9.929024168611239, "mi_0_s": -5.0, "mi_1_e": 15.917061739718145, "mi_1_m": 39.70640925556957, "mi_1_s": 16.232909629749155, "mi_2_e": -10.0, "mi_2_m": -60.0, "mi_2_s": -10.0}, "datetime": {"datetime": "2019-09-11 19:03:19", "elapsed": 1397.839743, "delta": 8.125027}}
{"target": 1.1462773084640503, "params": {"ah_0_e": 21.207747728330133, "ah_0_s": -8.326392971956878, "ah_1_e": 18.061326244643183, "ah_1_m": 33.337123270236226, "ah_1_s": 6.919951788227599, "ah_2_e": -10.0, "ah_2_m": -60.0, "ah_2_s": -10.0, "ba_0_e": -39.37731819548576, "ba_0_s": 28.74629922702369, "ba_1_e": 15.562807041513338, "ba_1_m": 45.98941191989394, "ba_1_s": 33.7216622499651, "ba_2_e": -10.0, "ba_2_m": -60.0, "ba_2_s": -10.0, "delay": 0.1469117573583625, "mi_0_e": 23.096268171487715, "mi_0_s": -5.0, "mi_1_e": 3.6606732998769393, "mi_1_m": 30.053480046965873, "mi_1_s": 16.033829006464345, "mi_2_e": -10.0, "mi_2_m": -60.0, "mi_2_s": -10.0}, "datetime": {"datetime": "2019-09-11 19:03:34", "elapsed": 1413.245967, "delta": 15.406224}}
{"target": 0.8929025530815125, "params": {"ah_0_e": 15.757207508105745, "ah_0_s": -38.876843996546235, "ah_1_e": 11.183123178375913, "ah_1_m": 33.99181775173611, "ah_1_s": 27.857316085515098, "ah_2_e": -10.0, "ah_2_m": -60.0, "ah_2_s": -10.0, "ba_0_e": -24.389223541437808, "ba_0_s": 7.855748316547663, "ba_1_e": 5.555019632795441, "ba_1_m": 48.95622357342167, "ba_1_s": 31.795508045851374, "ba_2_e": -10.0, "ba_2_m": -60.0, "ba_2_s": -10.0, "delay": 0.1574397923116951, "mi_0_e": 15.547225336914629, "mi_0_s": -5.0, "mi_1_e": 19.439065707473706, "mi_1_m": 45.27573680405987, "mi_1_s": 6.141053943882252, "mi_2_e": -10.0, "mi_2_m": -60.0, "mi_2_s": -10.0}, "datetime": {"datetime": "2019-09-11 19:03:50", "elapsed": 1429.503545, "delta": 16.257578}}
{"target": 0.8929025530815125, "params": {"ah_0_e": 15.757207508105745, "ah_0_s": -38.876843996546235, "ah_1_e": 11.183123178375913, "ah_1_m": 33.99181775173611, "ah_1_s": 27.857316085515098, "ah_2_e": -10.0, "ah_2_m": -60.0, "ah_2_s": -10.0, "ba_0_e": -24.389223541437808, "ba_0_s": 7.855748316547663, "ba_1_e": 5.555019632795441, "ba_1_m": 48.95622357342167, "ba_1_s": 31.795508045851374, "ba_2_e": -10.0, "ba_2_m": -60.0, "ba_2_s": -10.0, "delay": 0.1574397923116951, "mi_0_e": 15.547225336914629, "mi_0_s": -5.0, "mi_1_e": 19.439065707473706, "mi_1_m": 45.27573680405987, "mi_1_s": 6.141053943882252, "mi_2_e": -10.0, "mi_2_m": -60.0, "mi_2_s": -10.0}, "datetime": {"datetime": "2019-09-11 19:03:59", "elapsed": 1438.117576, "delta": 8.614031}}
