{"target": 0.8929025530815125, "params": {"ah_0_e": 15.757207508105745, "ah_0_s": -38.876843996546235, "ah_1_e": 11.183123178375913, "ah_1_m": 33.99181775173611, "ah_1_s": 27.857316085515098, "ah_2_e": -10.0, "ah_2_m": -60.0, "ah_2_s": -10.0, "ba_0_e": -24.389223541437808, "ba_0_s": 7.855748316547663, "ba_1_e": 5.555019632795441, "ba_1_m": 48.95622357342167, "ba_1_s": 31.795508045851374, "ba_2_e": -10.0, "ba_2_m": -60.0, "ba_2_s": -10.0, "delay": 0.1574397923116951, "mi_0_e": 15.547225336914629, "mi_0_s": -5.0, "mi_1_e": 19.439065707473706, "mi_1_m": 45.27573680405987, "mi_1_s": 6.141053943882252, "mi_2_e": -10.0, "mi_2_m": -60.0, "mi_2_s": -10.0}, "datetime": {"datetime": "2019-09-11 19:04:06", "elapsed": 1445.570581, "delta": 7.453005}}
{"target": 0.8929025530815125, "params": {"ah_0_e": 15.757207508105745, "ah_0_s": -38.876843996546235, "ah_1_e": 11.183123178375913, "ah_1_m": 33.99181775173611, "ah_1_s": 27.857316085515098, "ah_2_e": -10.0, "ah_2_m": -60.0, "ah_2_s": -10.0, "ba_0_e": -24.389223541437808, "ba_0_s": 7.855748316547663, "ba_1_e": 5.555019632795441, "ba_1_m": 48.95622357342167, "ba_1_s": 31.795508045851374, "ba_2_e": -10.0, "ba_2_m": -60.0, "ba_2_s": -10.0, "delay": 0.1574397923116951, "mi_0_e": 15.547225336914629, "mi_0_s": -5.0, "mi_1_e": 19.439065707473706, "mi_1_m": 45.27573680405987, "mi_1_s": 6.141053943882252, "mi_2_e": -10.0, "mi_2_m": -60.0, "mi_2_s": -10.0}, "datetime": {"datetime": "2019-09-11 19:04:16", "elapsed": 1454.945579, "delta": 9.374998}}
{"target": 0.8929025530815125, "params": {"ah_0_e": 15.757207508105745, "ah_0_s": -38.876843996546235, "ah_1_e": 11.183123178375913, "ah_1_m": 33.99181775173611, "ah_1_s": 27.857316085515098, "ah_2_e": -10.0, "ah_2_m": -60.0, "ah_2_s": -10.0, "ba_0_e": -24.389223541437808, "ba_0_s": 7.855748316547663, "ba_1_e": 5.555019632795441, "ba_1_m": 48.95622357342167, "ba_1_s": 31.795508045851374, "ba_2_e": -10.0, "ba_2_m": -60.0, "ba_2_s": -10.0, "delay": 0.1574397923116951, "mi_0_e": 15.547225336914629, "mi_0_s": -5.0, "mi_1_e": 19.439065707473706, "mi_1_m": 45.27573680405987, "mi_1_s": 6.141053943882252, "mi_2_e": -10.0, "mi_2_m": -60.0, "mi_2_s": -10.0}, "datetime": {"datetime": "2019-09-11 19:04:24", "elapsed": 1463.714763, "delta": 8.769184}}
{"target": 0.8929025530815125, "params": {"ah_0_e": 15.757207508105745, "ah_0_s": -38.876843996546235, "ah_1_e": 11.183123178375913, "ah_1_m": 33.99181775173611, "ah_1_s": 27.857316085515098, "ah_2_e": -10.0, "ah_2_m": -60.0, "ah_2_s": -10.0, "ba_0_e": -24.389223541437808, "ba_0_s": 7.855748316547663, "ba_1_e": 5.555019632795441, "ba_1_m": 48.95622357342167, "ba_1_s": 31.795508045851374, "ba_2_e": -10.0, "ba_2_m": -60.0, "ba_2_s": -10.0, "delay": 0.1574397923116951, "mi_0_e": 15.547225336914629, "mi_0_s": -5.0, "mi_1_e": 19.439065707473706, "mi_1_m": 45.27573680405987, "mi_1_s": 6.141053943882252, "mi_2_e": -10.0, "mi_2_m": -60.0, "mi_2_s": -10.0}, "datetime": {"datetime": "2019-09-11 19:04:34", "elapsed": 1473.303771, "delta": 9.589008}}
{"target": 0.8929025530815125, "params": {"ah_0_e": 15.757207508105745, "ah_0_s": -38.876843996546235, "ah_1_e": 11.183123178375913, "ah_1_m": 33.99181775173611, "ah_1_s": 27.857316085515098, "ah_2_e": -10.0, "ah_2_m": -60.0, "ah_2_s": -10.0, "ba_0_e": -24.389223541437808, "ba_0_s": 7.855748316547663, "ba_1_e": 5.555019632795441, "ba_1_m": 48.95622357342167, "ba_1_s": 31.795508045851374, "ba_2_e": -10.0, "ba_2_m": -60.0, "ba_2_s": -10.0, "delay": 0.1574397923116951, "mi_0_e": 15.547225336914629, "mi_0_s": -5.0, "mi_1_e": 19.439065707473706, "mi_1_m": 45.27573680405987, "mi_1_s": 6.141053943882252, "mi_2_e": -10.0, "mi_2_m": -60.0, "mi_2_s": -10.0}, "datetime": {"datetime": "2019-09-11 19:04:42", "elapsed": 1481.719765, "delta": 8.415994}}
{"target": 0.8929025530815125, "params": {"ah_0_e": 15.757207508105745, "ah_0_s": -38.876843996546235, "ah_1_e": 11.183123178375913, "ah_1_m": 33.99181775173611, "ah_1_s": 27.857316085515098, "ah_2_e": -10.0, "ah_2_m": -60.0, "ah_2_s": -10.0, "ba_0_e": -24.389223541437808, "ba_0_s": 7.855748316547663, "ba_1_e": 5.555019632795441, "ba_1_m": 48.95622357342167, "ba_1_s": 31.795508045851374, "ba_2_e": -10.0, "ba_2_m": -60.0, "ba_2_s": -10.0, "delay": 0.1574397923116951, "mi_0_e": 15.547225336914629, "mi_0_s": -5.0, "mi_1_e": 19.439065707473706, "mi_1_m": 45.27573680405987, "mi_1_s": 6.141053943882252, "mi_2_e": -10.0, "mi_2_m": -60.0, "mi_2_s": -10.0}, "datetime": {"datetime": "2019-09-11 19:04:51", "elapsed": 1489.861764, "delta": 8.141999}}
{"target": 0.8929025530815125, "params": {"ah_0_e": 15.757207508105745, "ah_0_s": -38.876843996546235, "ah_1_e": 11.183123178375913, "ah_1_m": 33.99181775173611, "ah_1_s": 27.857316085515098, "ah_2_e": -10.0, "ah_2_m": -60.0, "ah_2_s": -10.0, "ba_0_e": -24.389223541437808, "ba_0_s": 7.855748316547663, "ba_1_e": 5.555019632795441, "ba_1_m": 48.95622357342167, "ba_1_s": 31.795508045851374, "ba_2_e": -10.0, "ba_2_m": -60.0, "ba_2_s": -10.0, "delay": 0.1574397923116951, "mi_0_e": 15.547225336914629, "mi_0_s": -5.0, "mi_1_e": 19.439065707473706, "mi_1_m": 45.27573680405987, "mi_1_s": 6.141053943882252, "mi_2_e": -10.0, "mi_2_m": -60.0, "mi_2_s": -10.0}, "datetime": {"datetime": "2019-09-11 19:05:01", "elapsed": 1500.27499, "delta": 10.413226}}
{"target": 0.3869558274745941, "params": {"ah_0_e": 7.9556784363492, "ah_0_s": -30.418484745861146, "ah_1_e": 27.801362836429703, "ah_1_m": 49.09302423697469, "ah_1_s": 14.458229999198863, "ah_2_e": -10.0, "ah_2_m": -60.0, "ah_2_s": -10.0, "ba_0_e": -9.008183078989287, "ba_0_s": 35.403813932996044, "ba_1_e": 5.401613325935907, "ba_1_m": 48.15356339430808, "ba_1_s": 26.84658626010639, "ba_2_e": -10.0, "ba_2_m": -60.0, "ba_2_s": -10.0, "delay": 0.1509505144183882, "mi_0_e": 8.268940117459191, "mi_0_s": -5.0, "mi_1_e": 2.26844866186547, "mi_1_m": 46.49119066111203, "mi_1_s": 25.318117169804772, "mi_2_e": -10.0, "mi_2_m": -60.0, "mi_2_s": -10.0}, "datetime": {"datetime": "2019-09-11 19:05:17", "elapsed": 1515.999474, "delta": 15.724484}}
{"target": 0.3869558274745941, "params": {"ah_0_e": 7.9556784363492, "ah_0_s": -30.418484745861146, "ah_1_e": 27.801362836429703, "ah_1_m": 49.09302423697469, "ah_1_s": 14.458229999198863, "ah_2_e": -10.0, "ah_2_m": -60.0, "ah_2_s": -10.0, "ba_0_e": -9.008183078989287, "ba_0_s": 35.403813932996044, "ba_1_e": 5.401613325935907, "ba_1_m": 48.15356339430808, "ba_1_s": 26.84658626010639, "ba_2_e": -10.0, "ba_2_m": -60.0, "ba_2_s": -10.0, "delay": 0.1509505144183882, "mi_0_e": 8.268940117459191, "mi_0_s": -5.0, "mi_1_e": 2.26844866186547, "mi_1_m": 46.49119066111203, "mi_1_s": 25.318117169804772, "mi_2_e": -10.0, "mi_2_m": -60.0, "mi_2_s": -10.0}, "datetime": {"datetime": "2019-09-11 19:05:27", "elapsed": 1526.293513, "delta": 10.294039}}
{"target": 0.4654628038406372, "params": {"ah_0_e": 28.799873503974283, "ah_0_s": -38.61737952482287, "ah_1_e": 0.8926258378140917, "ah_1_m": 31.58468249984808, "ah_1_s": 18.91653646074374, "ah_2_e": -10.0, "ah_2_m": -60.0, "ah_2_s": -10.0, "ba_0_e": -21.935290277879012, "ba_0_s": 28.92728262849772, "ba_1_e": 9.610557172154172, "ba_1_m": 42.95941921715283, "ba_1_s": 32.826435881231156, "ba_2_e": -10.0, "ba_2_m": -60.0, "ba_2_s": -10.0, "delay": 0.14518467270426338, "mi_0_e": 11.748415146712851, "mi_0_s": -5.0, "mi_1_e": 8.59583440861052, "mi_1_m": 45.88753426783092, "mi_1_s": 29.587571606939022, "mi_2_e": -10.0, "mi_2_m": -60.0, "mi_2_s": -10.0}, "datetime": {"datetime": "2019-09-11 19:05:42", "elapsed": 1541.654473, "delta": 15.36096}}
{"target": 0.8783448338508606, "params": {"ah_0_e": 22.04633680341813, "ah_0_s": -35.90694017419029, "ah_1_e": 17.211711051687296, "ah_1_m": 31.393196715960666, "ah_1_s": 0.9490632670058713, "ah_2_e": -10.0, "ah_2_m": -60.0, "ah_2_s": -10.0, "ba_0_e": -37.01438218597337, "ba_0_s": 31.429807107166088, "ba_1_e": 1.3548398262518853, "ba_1_m": 44.516387202955386, "ba_1_s": 27.04373098367651, "ba_2_e": -10.0, "ba_2_m": -60.0, "ba_2_s": -10.0, "delay": 0.13792995200333152, "mi_0_e": 7.797139880714953, "mi_0_s": -5.0, "mi_1_e": 5.805763331170497, "mi_1_m": 39.046621106846885, "mi_1_s": 30.786966152515255, "mi_2_e": -10.0, "mi_2_m": -60.0, "mi_2_s": -10.0}, "datetime": {"datetime": "2019-09-11 19:05:57", "elapsed": 1556.545352, "delta": 14.890879}}
{"target": 1.0090746879577637, "params": {"ah_0_e": 20.532060084590725, "ah_0_s": -33.32857100773457, "ah_1_e": 3.0064150331889077, "ah_1_m": 39.76801432601264, "ah_1_s": 30.653944454815523, "ah_2_e": -10.0, "ah_2_m": -60.0, "ah_2_s": -10.0, "ba_0_e": -8.859631780381395, "ba_0_s": 26.017676390188207, "ba_1_e": 4.859036018652489, "ba_1_m": 48.51536740788917, "ba_1_s": 30.543796511716266, "ba_2_e": -10.0, "ba_2_m": -60.0, "ba_2_s": -10.0, "delay": 0.1346559439910554, "mi_0_e": 13.425570589363621, "mi_0_s": -5.0, "mi_1_e": 2.501094638691158, "mi_1_m": 38.555947101356594, "mi_1_s": 4.661110248153465, "mi_2_e": -10.0, "mi_2_m": -60.0, "mi_2_s": -10.0}, "datetime": {"datetime": "2019-09-11 19:06:13", "elapsed": 1571.834395, "delta": 15.289043}}
{"target": 1.0090746879577637, "params": {"ah_0_e": 20.532060084590725, "ah_0_s": -33.32857100773457, "ah_1_e": 3.0064150331889077, "ah_1_m": 39.76801432601264, "ah_1_s": 30.653944454815523, "ah_2_e": -10.0, "ah_2_m": -60.0, "ah_2_s": -10.0, "ba_0_e": -8.859631780381395, "ba_0_s": 26.017676390188207, "ba_1_e": 4.859036018652489, "ba_1_m": 48.51536740788917, "ba_1_s": 30.543796511716266, "ba_2_e": -10.0, "ba_2_m": -60.0, "ba_2_s": -10.0, "delay": 0.1346559439910554, "mi_0_e": 13.425570589363621, "mi_0_s": -5.0, "mi_1_e": 2.501094638691158, "mi_1_m": 38.555947101356594, "mi_1_s": 4.661110248153465, "mi_2_e": -10.0, "mi_2_m": -60.0, "mi_2_s": -10.0}, "datetime": {"datetime": "2019-09-11 19:06:20", "elapsed": 1579.257611, "delta": 7.423216}}
{"target": 1.0090746879577637, "params": {"ah_0_e": 20.532060084590725, "ah_0_s": -33.32857100773457, "ah_1_e": 3.0064150331889077, "ah_1_m": 39.76801432601264, "ah_1_s": 30.653944454815523, "ah_2_e": -10.0, "ah_2_m": -60.0, "ah_2_s": -10.0, "ba_0_e": -8.859631780381395, "ba_0_s": 26.017676390188207, "ba_1_e": 4.859036018652489, "ba_1_m": 48.51536740788917, "ba_1_s": 30.543796511716266, "ba_2_e": -10.0, "ba_2_m": -60.0, "ba_2_s": -10.0, "delay": 0.1346559439910554, "mi_0_e": 13.425570589363621, "mi_0_s": -5.0, "mi_1_e": 2.501094638691158, "mi_1_m": 38.555947101356594, "mi_1_s": 4.661110248153465, "mi_2_e": -10.0, "mi_2_m": -60.0, "mi_2_s": -10.0}, "datetime": {"datetime": "2019-09-11 19:06:29", "elapsed": 1588.375842, "delta": 9.118231}}
{"target": 0.3317966163158417, "params": {"ah_0_e": 30.93201136203041, "ah_0_s": -16.309172005553773, "ah_1_e": 19.444807323278123, "ah_1_m": 49.866528386637235, "ah_1_s": 7.408370706193456, "ah_2_e": -10.0, "ah_2_m": -60.0, "ah_2_s": -10.0, "ba_0_e": 0.7370785901319792, "ba_0_s": 31.448520066474483, "ba_1_e": 3.7211353560797624, "ba_1_m": 42.27060419509585, "ba_1_s": 24.980213477351434, "ba_2_e": -10.0, "ba_2_m": -60.0, "ba_2_s": -10.0, "delay": 0.1511801636198501, "mi_0_e": 5.07531392822879, "mi_0_s": -5.0, "mi_1_e": 17.480536145782946, "mi_1_m": 46.02784930070099, "mi_1_s": 17.453519564164235, "mi_2_e": -10.0, "mi_2_m": -60.0, "mi_2_s": -10.0}, "datetime": {"datetime": "2019-09-11 19:06:46", "elapsed": 1604.814253, "delta": 16.438411}}
{"target": 1.4648447036743164, "params": {"ah_0_e": 39.91244418691359, "ah_0_s": -18.49900636667266, "ah_1_e": 9.581575359595577, "ah_1_m": 33.52619834616424, "ah_1_s": 0.4001694262958866, "ah_2_e": -10.0, "ah_2_m": -60.0, "ah_2_s": -10.0, "ba_0_e": -29.26400033207621, "ba_0_s": 9.429533152554969, "ba_1_e": 9.379620578104188, "ba_1_m": 48.982572547124754, "ba_1_s": 6.7065240869949525, "ba_2_e": -10.0, "ba_2_m": -60.0, "ba_2_s": -10.0, "delay": 0.14063976543339504, "mi_0_e": 15.981004508356675, "mi_0_s": -5.0, "mi_1_e": 5.319874496981988, "mi_1_m": 47.77884023731956, "mi_1_s": 11.116129869074612, "mi_2_e": -10.0, "mi_2_m": -60.0, "mi_2_s": -10.0}, "datetime": {"datetime": "2019-09-11 19:07:03", "elapsed": 1621.757429, "delta": 16.943176}}
{"target": 1.4648447036743164, "params": {"ah_0_e": 39.91244418691359, "ah_0_s": -18.49900636667266, "ah_1_e": 9.581575359595577, "ah_1_m": 33.52619834616424, "ah_1_s": 0.4001694262958866, "ah_2_e": -10.0, "ah_2_m": -60.0, "ah_2_s": -10.0, "ba_0_e": -29.26400033207621, "ba_0_s": 9.429533152554969, "ba_1_e": 9.379620578104188, "ba_1_m": 48.982572547124754, "ba_1_s": 6.7065240869949525, "ba_2_e": -10.0, "ba_2_m": -60.0, "ba_2_s": -10.0, "delay": 0.14063976543339504, "mi_0_e": 15.981004508356675, "mi_0_s": -5.0, "mi_1_e": 5.319874496981988, "mi_1_m": 47.77884023731956, "mi_1_s": 11.116129869074612, "mi_2_e": -10.0, "mi_2_m": -60.0, "mi_2_s": -10.0}, "datetime": {"datetime": "2019-09-11 19:07:11", "elapsed": 1630.237495, "delta": 8.480066}}
{"target": 1.4648447036743164, "params": {"ah_0_e": 39.91244418691359, "ah_0_s": -18.49900636667266, "ah_1_e": 9.581575359595577, "ah_1_m": 33.52619834616424, "ah_1_s": 0.4001694262958866, "ah_2_e": -10.0, "ah_2_m": -60.0, "ah_2_s": -10.0, "ba_0_e": -29.26400033207621, "ba_0_s": 9.429533152554969, "ba_1_e": 9.379620578104188, "ba_1_m": 48.982572547124754, "ba_1_s": 6.7065240869949525, "ba_2_e": -10.0, "ba_2_m": -60.0, "ba_2_s": -10.0, "delay": 0.14063976543339504, "mi_0_e": 15.981004508356675, "mi_0_s": -5.0, "mi_1_e": 5.319874496981988, "mi_1_m": 47.77884023731956, "mi_1_s": 11.116129869074612, "mi_2_e": -10.0, "mi_2_m": -60.0, "mi_2_s": -10.0}, "datetime": {"datetime": "2019-09-11 19:07:19", "elapsed": 1638.61846, "delta": 8.380965}}
{"target": 0.922555685043335, "params": {"ah_0_e": 30.51979538741403, "ah_0_s": -11.592822668146823, "ah_1_e": 2.4902039156402345, "ah_1_m": 30.321245451726636, "ah_1_s": 34.783514900409564, "ah_2_e": -10.0, "ah_2_m": -60.0, "ah_2_s": -10.0, "ba_0_e": -21.577565282546733, "ba_0_s": 20.998063468370393, "ba_1_e": 3.385734443588926, "ba_1_m": 36.69554691116378, "ba_1_s": 33.3468297122066, "ba_2_e": -10.0, "ba_2_m": -60.0, "ba_2_s": -10.0, "delay": 0.2066560014886517, "mi_0_e": 18.204272156756783, "mi_0_s": -5.0, "mi_1_e": 16.623566159763655, "mi_1_m": 46.7872662831586, "mi_1_s": 30.763671266918017, "mi_2_e": -10.0, "mi_2_m": -60.0, "mi_2_s": -10.0}, "datetime": {"datetime": "2019-09-11 19:07:35", "elapsed": 1654.250396, "delta": 15.631936}}
{"target": 0.922555685043335, "params": {"ah_0_e": 30.51979538741403, "ah_0_s": -11.592822668146823, "ah_1_e": 2.4902039156402345, "ah_1_m": 30.321245451726636, "ah_1_s": 34.783514900409564, "ah_2_e": -10.0, "ah_2_m": -60.0, "ah_2_s": -10.0, "ba_0_e": -21.577565282546733, "ba_0_s": 20.998063468370393, "ba_1_e": 3.385734443588926, "ba_1_m": 36.69554691116378, "ba_1_s": 33.3468297122066, "ba_2_e": -10.0, "ba_2_m": -60.0, "ba_2_s": -10.0, "delay": 0.2066560014886517, "mi_0_e": 18.204272156756783, "mi_0_s": -5.0, "mi_1_e": 16.623566159763655, "mi_1_m": 46.7872662831586, "mi_1_s": 30.763671266918017, "mi_2_e": -10.0, "mi_2_m": -60.0, "mi_2_s": -10.0}, "datetime": {"datetime": "2019-09-11 19:07:42", "elapsed": 1661.060861, "delta": 6.810465}}
{"target": 0.4637925624847412, "params": {"ah_0_e": 32.84260647296689, "ah_0_s": -1.829597155349056, "ah_1_e": 26.994721940073447, "ah_1_m": 32.46747767803205, "ah_1_s": 12.511605406257523, "ah_2_e": -10.0, "ah_2_m": -60.0, "ah_2_s": -10.0, "ba_0_e": -18.187246653032417, "ba_0_s": 19.732406861785016, "ba_1_e": 7.02873113613303, "ba_1_m": 42.16544555018548, "ba_1_s": 20.498826961828154, "ba_2_e": -10.0, "ba_2_m": -60.0, "ba_2_s": -10.0, "delay": 0.1508917257164047, "mi_0_e": 26.024770765267377, "mi_0_s": -5.0, "mi_1_e": 0.8932450857651064, "mi_1_m": 44.72568306683736, "mi_1_s": 17.798135454804584, "mi_2_e": -10.0, "mi_2_m": -60.0, "mi_2_s": -10.0}, "datetime": {"datetime": "2019-09-11 19:07:59", "elapsed": 1677.848313, "delta": 16.787452}}
{"target": 1.1206386089324951, "params": {"ah_0_e": 22.91326785471476, "ah_0_s": -19.03344675013299, "ah_1_e": 15.411188506178329, "ah_1_m": 38.602362253084834, "ah_1_s": 6.969112201176348, "ah_2_e": -10.0, "ah_2_m": -60.0, "ah_2_s": -10.0, "ba_0_e": -19.07486010338979, "ba_0_s": 21.894143527282502, "ba_1_e": 16.529706777346288, "ba_1_m": 47.86329141619156, "ba_1_s": 34.108357621578854, "ba_2_e": -10.0, "ba_2_m": -60.0, "ba_2_s": -10.0, "delay": 0.2066930316096598, "mi_0_e": 10.969787504048288, "mi_0_s": -5.0, "mi_1_e": 2.181000071950491, "mi_1_m": 37.64178367753645, "mi_1_s": 20.824214103405485, "mi_2_e": -10.0, "mi_2_m": -60.0, "mi_2_s": -10.0}, "datetime": {"datetime": "2019-09-11 19:08:15", "elapsed": 1693.856251, "delta": 16.007938}}
{"target": 1.1206386089324951, "params": {"ah_0_e": 22.91326785471476, "ah_0_s": -19.03344675013299, "ah_1_e": 15.411188506178329, "ah_1_m": 38.602362253084834, "ah_1_s": 6.969112201176348, "ah_2_e": -10.0, "ah_2_m": -60.0, "ah_2_s": -10.0, "ba_0_e": -19.07486010338979, "ba_0_s": 21.894143527282502, "ba_1_e": 16.529706777346288, "ba_1_m": 47.86329141619156, "ba_1_s": 34.108357621578854, "ba_2_e": -10.0, "ba_2_m": -60.0, "ba_2_s": -10.0, "delay": 0.2066930316096598, "mi_0_e": 10.969787504048288, "mi_0_s": -5.0, "mi_1_e": 2.181000071950491, "mi_1_m": 37.64178367753645, "mi_1_s": 20.824214103405485, "mi_2_e": -10.0, "mi_2_m": -60.0, "mi_2_s": -10.0}, "datetime": {"datetime": "2019-09-11 19:08:22", "elapsed": 1701.636217, "delta": 7.779966}}
{"target": 1.1206386089324951, "params": {"ah_0_e": 22.91326785471476, "ah_0_s": -19.03344675013299, "ah_1_e": 15.411188506178329, "ah_1_m": 38.602362253084834, "ah_1_s": 6.969112201176348, "ah_2_e": -10.0, "ah_2_m": -60.0, "ah_2_s": -10.0, "ba_0_e": -19.07486010338979, "ba_0_s": 21.894143527282502, "ba_1_e": 16.529706777346288, "ba_1_m": 47.86329141619156, "ba_1_s": 34.108357621578854, "ba_2_e": -10.0, "ba_2_m": -60.0, "ba_2_s": -10.0, "delay": 0.2066930316096598, "mi_0_e": 10.969787504048288, "mi_0_s": -5.0, "mi_1_e": 2.181000071950491, "mi_1_m": 37.64178367753645, "mi_1_s": 20.824214103405485, "mi_2_e": -10.0, "mi_2_m": -60.0, "mi_2_s": -10.0}, "datetime": {"datetime": "2019-09-11 19:08:31", "elapsed": 1710.338257, "delta": 8.70204}}
{"target": 1.068121314048767, "params": {"ah_0_e": 38.62918169367417, "ah_0_s": -36.27522858982505, "ah_1_e": 6.284948861884693, "ah_1_m": 39.76736755536034, "ah_1_s": 34.5994945412466, "ah_2_e": -10.0, "ah_2_m": -60.0, "ah_2_s": -10.0, "ba_0_e": -35.42586865650065, "ba_0_s": 37.89880918356065, "ba_1_e": 2.1977402746549957, "ba_1_m": 46.94691429974314, "ba_1_s": 20.287729843679145, "ba_2_e": -10.0, "ba_2_m": -60.0, "ba_2_s": -10.0, "delay": 0.18323142957035277, "mi_0_e": 10.104191658301502, "mi_0_s": -5.0, "mi_1_e": 2.426156505425573, "mi_1_m": 47.40519201733599, "mi_1_s": 32.45437343254732, "mi_2_e": -10.0, "mi_2_m": -60.0, "mi_2_s": -10.0}, "datetime": {"datetime": "2019-09-11 19:08:50", "elapsed": 1729.640377, "delta": 19.30212}}
{"target": 1.068121314048767, "params": {"ah_0_e": 38.62918169367417, "ah_0_s": -36.27522858982505, "ah_1_e": 6.284948861884693, "ah_1_m": 39.76736755536034, "ah_1_s": 34.5994945412466, "ah_2_e": -10.0, "ah_2_m": -60.0, "ah_2_s": -10.0, "ba_0_e": -35.42586865650065, "ba_0_s": 37.89880918356065, "ba_1_e": 2.1977402746549957, "ba_1_m": 46.94691429974314, "ba_1_s": 20.287729843679145, "ba_2_e": -10.0, "ba_2_m": -60.0, "ba_2_s": -10.0, "delay": 0.18323142957035277, "mi_0_e": 10.104191658301502, "mi_0_s": -5.0, "mi_1_e": 2.426156505425573, "mi_1_m": 47.40519201733599, "mi_1_s": 32.45437343254732, "mi_2_e": -10.0, "mi_2_m": -60.0, "mi_2_s": -10.0}, "datetime": {"datetime": "2019-09-11 19:08:59", "elapsed": 1738.414755, "delta": 8.774378}}
{"target": 1.068121314048767, "params": {"ah_0_e": 38.62918169367417, "ah_0_s": -36.27522858982505, "ah_1_e": 6.284948861884693, "ah_1_m": 39.76736755536034, "ah_1_s": 34.5994945412466, "ah_2_e": -10.0, "ah_2_m": -60.0, "ah_2_s": -10.0, "ba_0_e": -35.42586865650065, "ba_0_s": 37.89880918356065, "ba_1_e": 2.1977402746549957, "ba_1_m": 46.94691429974314, "ba_1_s": 20.287729843679145, "ba_2_e": -10.0, "ba_2_m": -60.0, "ba_2_s": -10.0, "delay": 0.18323142957035277, "mi_0_e": 10.104191658301502, "mi_0_s": -5.0, "mi_1_e": 2.426156505425573, "mi_1_m": 47.40519201733599, "mi_1_s": 32.45437343254732, "mi_2_e": -10.0, "mi_2_m": -60.0, "mi_2_s": -10.0}, "datetime": {"datetime": "2019-09-11 19:09:08", "elapsed": 1746.967923, "delta": 8.553168}}
{"target": 1.068121314048767, "params": {"ah_0_e": 38.62918169367417, "ah_0_s": -36.27522858982505, "ah_1_e": 6.284948861884693, "ah_1_m": 39.76736755536034, "ah_1_s": 34.5994945412466, "ah_2_e": -10.0, "ah_2_m": -60.0, "ah_2_s": -10.0, "ba_0_e": -35.42586865650065, "ba_0_s": 37.89880918356065, "ba_1_e": 2.1977402746549957, "ba_1_m": 46.94691429974314, "ba_1_s": 20.287729843679145, "ba_2_e": -10.0, "ba_2_m": -60.0, "ba_2_s": -10.0, "delay": 0.18323142957035277, "mi_0_e": 10.104191658301502, "mi_0_s": -5.0, "mi_1_e": 2.426156505425573, "mi_1_m": 47.40519201733599, "mi_1_s": 32.45437343254732, "mi_2_e": -10.0, "mi_2_m": -60.0, "mi_2_s": -10.0}, "datetime": {"datetime": "2019-09-11 19:09:16", "elapsed": 1755.392934, "delta": 8.425011}}
{"target": 1.068121314048767, "params": {"ah_0_e": 38.62918169367417, "ah_0_s": -36.27522858982505, "ah_1_e": 6.284948861884693, "ah_1_m": 39.76736755536034, "ah_1_s": 34.5994945412466, "ah_2_e": -10.0, "ah_2_m": -60.0, "ah_2_s": -10.0, "ba_0_e": -35.42586865650065, "ba_0_s": 37.89880918356065, "ba_1_e": 2.1977402746549957, "ba_1_m": 46.94691429974314, "ba_1_s": 20.287729843679145, "ba_2_e": -10.0, "ba_2_m": -60.0, "ba_2_s": -10.0, "delay": 0.18323142957035277, "mi_0_e": 10.104191658301502, "mi_0_s": -5.0, "mi_1_e": 2.426156505425573, "mi_1_m": 47.40519201733599, "mi_1_s": 32.45437343254732, "mi_2_e": -10.0, "mi_2_m": -60.0, "mi_2_s": -10.0}, "datetime": {"datetime": "2019-09-11 19:09:24", "elapsed": 1763.313173, "delta": 7.920239}}
