{"target": 0.8143588304519653, "params": {"ah_0_e": 36.6619770924427, "ah_0_s": -21.86897665114478, "ah_1_e": 29.479855587969674, "ah_1_m": 33.79429146232204, "ah_1_s": 1.299799847646082, "ah_2_e": -10.0, "ah_2_m": -60.0, "ah_2_s": -10.0, "ba_0_e": -36.63113467480157, "ba_0_s": 37.99559622491163, "ba_1_e": 11.587251155708396, "ba_1_m": 47.388607377506744, "ba_1_s": 30.82942466698499, "ba_2_e": -10.0, "ba_2_m": -60.0, "ba_2_s": -10.0, "delay": 0.1911080385566281, "mi_0_e": 20.633996992814133, "mi_0_s": -5.0, "mi_1_e": 14.116177521593373, "mi_1_m": 48.022625638668444, "mi_1_s": 33.209052116522, "mi_2_e": -10.0, "mi_2_m": -60.0, "mi_2_s": -10.0}, "datetime": {"datetime": "2019-09-11 17:22:23", "elapsed": 1904.86484, "delta": 10.337843}}
{"target": 0.8669580817222595, "params": {"ah_0_e": 13.285776590720399, "ah_0_s": -28.272473131308928, "ah_1_e": 24.08541857740067, "ah_1_m": 45.81287088573258, "ah_1_s": 27.92980295172703, "ah_2_e": -10.0, "ah_2_m": -60.0, "ah_2_s": -10.0, "ba_0_e": -34.29984322787118, "ba_0_s": 29.253666499415644, "ba_1_e": 1.6960347684385568, "ba_1_m": 49.07826169696875, "ba_1_s": 27.792775724552495, "ba_2_e": -10.0, "ba_2_m": -60.0, "ba_2_s": -10.0, "delay": 0.19892378554767418, "mi_0_e": 8.163855304166388, "mi_0_s": -5.0, "mi_1_e": 4.779653644569829, "mi_1_m": 39.3518654152142, "mi_1_s": 33.56905239364389, "mi_2_e": -10.0, "mi_2_m": -60.0, "mi_2_s": -10.0}, "datetime": {"datetime": "2019-09-11 17:22:33", "elapsed": 1915.057502, "delta": 10.192662}}
{"target": 1.0455058813095093, "params": {"ah_0_e": 26.63561238289511, "ah_0_s": -32.05107778057241, "ah_1_e": 9.64822742817332, "ah_1_m": 31.834082123814866, "ah_1_s": 2.0771418234743804, "ah_2_e": -10.0, "ah_2_m": -60.0, "ah_2_s": -10.0, "ba_0_e": -38.48111656247883, "ba_0_s": 37.41327845750987, "ba_1_e": 1.7388778873994974, "ba_1_m": 48.87279761043067, "ba_1_s": 34.94304789926059, "ba_2_e": -10.0, "ba_2_m": -60.0, "ba_2_s": -10.0, "delay": 0.1544076967124182, "mi_0_e": 24.38931928640227, "mi_0_s": -5.0, "mi_1_e": 22.85439629843085, "mi_1_m": 30.995451642127897, "mi_1_s": 1.5206270583730375, "mi_2_e": -10.0, "mi_2_m": -60.0, "mi_2_s": -10.0}, "datetime": {"datetime": "2019-09-11 17:22:43", "elapsed": 1925.284832, "delta": 10.22733}}
{"target": 1.1887528896331787, "params": {"ah_0_e": 38.91208691407658, "ah_0_s": -34.371730158611236, "ah_1_e": 4.454471716943884, "ah_1_m": 33.40605506005331, "ah_1_s": 0.17725335238576556, "ah_2_e": -10.0, "ah_2_m": -60.0, "ah_2_s": -10.0, "ba_0_e": -29.519989888986196, "ba_0_s": 36.827344179436764, "ba_1_e": 1.2873795688766716, "ba_1_m": 45.02195242732129, "ba_1_s": 33.380883722191115, "ba_2_e": -10.0, "ba_2_m": -60.0, "ba_2_s": -10.0, "delay": 0.13460861068950175, "mi_0_e": 10.21553201746448, "mi_0_s": -5.0, "mi_1_e": 2.514185183066053, "mi_1_m": 32.17312069612564, "mi_1_s": 26.682853928361162, "mi_2_e": -10.0, "mi_2_m": -60.0, "mi_2_s": -10.0}, "datetime": {"datetime": "2019-09-11 17:22:53", "elapsed": 1935.581472, "delta": 10.29664}}
{"target": 1.0949879884719849, "params": {"ah_0_e": 34.81313490587894, "ah_0_s": -27.241709924936266, "ah_1_e": 5.894909884239731, "ah_1_m": 39.7269584085761, "ah_1_s": 3.0537204538338236, "ah_2_e": -10.0, "ah_2_m": -60.0, "ah_2_s": -10.0, "ba_0_e": -18.809968384040634, "ba_0_s": 31.766705781192474, "ba_1_e": 0.5109869398292172, "ba_1_m": 43.39954785774482, "ba_1_s": 31.264074334026688, "ba_2_e": -10.0, "ba_2_m": -60.0, "ba_2_s": -10.0, "delay": 0.20968542569494591, "mi_0_e": 12.56784210341069, "mi_0_s": -5.0, "mi_1_e": 5.140762566459042, "mi_1_m": 48.416137261880195, "mi_1_s": 22.779351877531642, "mi_2_e": -10.0, "mi_2_m": -60.0, "mi_2_s": -10.0}, "datetime": {"datetime": "2019-09-11 17:23:04", "elapsed": 1945.845188, "delta": 10.263716}}
{"target": 0.9106035232543945, "params": {"ah_0_e": 19.184804062061055, "ah_0_s": -19.444248318561474, "ah_1_e": 16.109815326263472, "ah_1_m": 36.00211875533887, "ah_1_s": 8.735414700205906, "ah_2_e": -10.0, "ah_2_m": -60.0, "ah_2_s": -10.0, "ba_0_e": -24.380119997283927, "ba_0_s": 29.852807724326816, "ba_1_e": 4.3283833814180595, "ba_1_m": 47.099640605605885, "ba_1_s": 28.538556394303633, "ba_2_e": -10.0, "ba_2_m": -60.0, "ba_2_s": -10.0, "delay": 0.17999933179332966, "mi_0_e": 9.632617518959773, "mi_0_s": -5.0, "mi_1_e": 1.7165566798169352, "mi_1_m": 40.83419618675876, "mi_1_s": 19.88652296228316, "mi_2_e": -10.0, "mi_2_m": -60.0, "mi_2_s": -10.0}, "datetime": {"datetime": "2019-09-11 17:23:14", "elapsed": 1956.233839, "delta": 10.388651}}
{"target": 1.2133944034576416, "params": {"ah_0_e": 29.955464822678525, "ah_0_s": -13.117949954193826, "ah_1_e": 6.049325609543128, "ah_1_m": 37.57740544863746, "ah_1_s": 28.094620844656507, "ah_2_e": -10.0, "ah_2_m": -60.0, "ah_2_s": -10.0, "ba_0_e": -6.2291478973946255, "ba_0_s": 14.29742408053535, "ba_1_e": 0.47468303749733154, "ba_1_m": 49.006840432450176, "ba_1_s": 33.055789738512914, "ba_2_e": -10.0, "ba_2_m": -60.0, "ba_2_s": -10.0, "delay": 0.16607183173523354, "mi_0_e": 6.798540215427269, "mi_0_s": -5.0, "mi_1_e": 7.074189258797717, "mi_1_m": 41.38723839757699, "mi_1_s": 29.886750988239285, "mi_2_e": -10.0, "mi_2_m": -60.0, "mi_2_s": -10.0}, "datetime": {"datetime": "2019-09-11 17:23:24", "elapsed": 1966.408706, "delta": 10.174867}}
{"target": 1.065882921218872, "params": {"ah_0_e": 31.717600551762562, "ah_0_s": -16.289911249415116, "ah_1_e": 4.462677102999766, "ah_1_m": 49.59071032508825, "ah_1_s": 20.27485852711625, "ah_2_e": -10.0, "ah_2_m": -60.0, "ah_2_s": -10.0, "ba_0_e": -34.59154428759396, "ba_0_s": 16.355057806132383, "ba_1_e": 4.350373052327071, "ba_1_m": 47.70492744185363, "ba_1_s": 32.93331016127966, "ba_2_e": -10.0, "ba_2_m": -60.0, "ba_2_s": -10.0, "delay": 0.19838944156863605, "mi_0_e": 6.902112085395685, "mi_0_s": -5.0, "mi_1_e": 1.4095176436611712, "mi_1_m": 49.671683355417585, "mi_1_s": 6.226366500414507, "mi_2_e": -10.0, "mi_2_m": -60.0, "mi_2_s": -10.0}, "datetime": {"datetime": "2019-09-11 17:23:34", "elapsed": 1976.497483, "delta": 10.088777}}
{"target": 1.68125319480896, "params": {"ah_0_e": 39.33603324375912, "ah_0_s": -11.652554594016316, "ah_1_e": 15.598243019103023, "ah_1_m": 37.70129767388664, "ah_1_s": 30.345273309826837, "ah_2_e": -10.0, "ah_2_m": -60.0, "ah_2_s": -10.0, "ba_0_e": -37.827253382856824, "ba_0_s": 8.228649074264016, "ba_1_e": 0.6248093731159637, "ba_1_m": 46.47396423596287, "ba_1_s": 31.713042802462706, "ba_2_e": -10.0, "ba_2_m": -60.0, "ba_2_s": -10.0, "delay": 0.1412330427178556, "mi_0_e": 16.101854803400236, "mi_0_s": -5.0, "mi_1_e": 11.956653078902736, "mi_1_m": 44.9328132744219, "mi_1_s": 29.355062342719364, "mi_2_e": -10.0, "mi_2_m": -60.0, "mi_2_s": -10.0}, "datetime": {"datetime": "2019-09-11 17:23:45", "elapsed": 1986.833448, "delta": 10.335965}}
{"target": 0.9568543434143066, "params": {"ah_0_e": 39.771192764280215, "ah_0_s": -13.543770287089938, "ah_1_e": 22.176707305464948, "ah_1_m": 43.65327768443423, "ah_1_s": 9.77137703122491, "ah_2_e": -10.0, "ah_2_m": -60.0, "ah_2_s": -10.0, "ba_0_e": -21.810875092572967, "ba_0_s": 28.17828343220796, "ba_1_e": 20.52465204336614, "ba_1_m": 47.813229766216566, "ba_1_s": 33.11000265497274, "ba_2_e": -10.0, "ba_2_m": -60.0, "ba_2_s": -10.0, "delay": 0.14490560402971578, "mi_0_e": 11.885820143015788, "mi_0_s": -5.0, "mi_1_e": 13.828127216606644, "mi_1_m": 33.97481243570273, "mi_1_s": 17.603362646809444, "mi_2_e": -10.0, "mi_2_m": -60.0, "mi_2_s": -10.0}, "datetime": {"datetime": "2019-09-11 17:23:55", "elapsed": 1997.228756, "delta": 10.395308}}
{"target": 1.3756630420684814, "params": {"ah_0_e": 24.737549112188425, "ah_0_s": -0.19513882944649197, "ah_1_e": 15.685031289837216, "ah_1_m": 32.412845566519145, "ah_1_s": 17.979290537055444, "ah_2_e": -10.0, "ah_2_m": -60.0, "ah_2_s": -10.0, "ba_0_e": -27.75477143345276, "ba_0_s": 30.991557377813926, "ba_1_e": 0.665812772953483, "ba_1_m": 46.0689916909632, "ba_1_s": 34.51808887609613, "ba_2_e": -10.0, "ba_2_m": -60.0, "ba_2_s": -10.0, "delay": 0.17336656075281917, "mi_0_e": 20.280817252628047, "mi_0_s": -5.0, "mi_1_e": 11.289102028583605, "mi_1_m": 30.868470936634605, "mi_1_s": 23.565389221153026, "mi_2_e": -10.0, "mi_2_m": -60.0, "mi_2_s": -10.0}, "datetime": {"datetime": "2019-09-11 17:24:05", "elapsed": 2007.377994, "delta": 10.149238}}
{"target": 0.01887882687151432, "params": {"ah_0_e": 39.768555536246986, "ah_0_s": -3.991208978634404, "ah_1_e": 24.7438343037137, "ah_1_m": 48.35584395145703, "ah_1_s": 5.243424749645339, "ah_2_e": -10.0, "ah_2_m": -60.0, "ah_2_s": -10.0, "ba_0_e": -13.590336544555427, "ba_0_s": 7.160310105195114, "ba_1_e": 12.659036315994335, "ba_1_m": 46.8443708448827, "ba_1_s": 24.352356830981844, "ba_2_e": -10.0, "ba_2_m": -60.0, "ba_2_s": -10.0, "delay": 0.14418951514209116, "mi_0_e": 12.394154683989694, "mi_0_s": -5.0, "mi_1_e": 20.95830826073769, "mi_1_m": 31.925456568187048, "mi_1_s": 8.55271933689501, "mi_2_e": -10.0, "mi_2_m": -60.0, "mi_2_s": -10.0}, "datetime": {"datetime": "2019-09-11 17:24:16", "elapsed": 2017.728365, "delta": 10.350371}}
{"target": 0.7031266689300537, "params": {"ah_0_e": 6.486007753702712, "ah_0_s": -34.76068170574974, "ah_1_e": 0.8812638425455854, "ah_1_m": 35.01345532317979, "ah_1_s": 27.13215988623157, "ah_2_e": -10.0, "ah_2_m": -60.0, "ah_2_s": -10.0, "ba_0_e": -32.88184378728796, "ba_0_s": 39.58736463154752, "ba_1_e": 2.0624147620987903, "ba_1_m": 49.38024087122072, "ba_1_s": 34.402334875670874, "ba_2_e": -10.0, "ba_2_m": -60.0, "ba_2_s": -10.0, "delay": 0.20342708916868724, "mi_0_e": 15.632333398224135, "mi_0_s": -5.0, "mi_1_e": 3.4149968689416594, "mi_1_m": 44.321799597119956, "mi_1_s": 0.15736985104399914, "mi_2_e": -10.0, "mi_2_m": -60.0, "mi_2_s": -10.0}, "datetime": {"datetime": "2019-09-11 17:24:26", "elapsed": 2027.833404, "delta": 10.105039}}
{"target": 1.0957447290420532, "params": {"ah_0_e": 28.286406904735358, "ah_0_s": -19.625441535991836, "ah_1_e": 18.586858260677335, "ah_1_m": 30.39506134109467, "ah_1_s": 1.1551064315825128, "ah_2_e": -10.0, "ah_2_m": -60.0, "ah_2_s": -10.0, "ba_0_e": -36.84856614002857, "ba_0_s": 33.287458335642924, "ba_1_e": 6.5136612069502995, "ba_1_m": 42.66272554976467, "ba_1_s": 34.453394398286235, "ba_2_e": -10.0, "ba_2_m": -60.0, "ba_2_s": -10.0, "delay": 0.18094005115738757, "mi_0_e": 16.834034670673596, "mi_0_s": -5.0, "mi_1_e": 18.083278039063277, "mi_1_m": 36.732275507402655, "mi_1_s": 10.932002532476918, "mi_2_e": -10.0, "mi_2_m": -60.0, "mi_2_s": -10.0}, "datetime": {"datetime": "2019-09-11 17:24:36", "elapsed": 2038.273266, "delta": 10.439862}}
{"target": 0.8585389852523804, "params": {"ah_0_e": 29.020635140711292, "ah_0_s": -34.025997488280446, "ah_1_e": 3.150338439200154, "ah_1_m": 31.59657078610576, "ah_1_s": 14.100010081805104, "ah_2_e": -10.0, "ah_2_m": -60.0, "ah_2_s": -10.0, "ba_0_e": -32.92860624511894, "ba_0_s": 27.633035640319374, "ba_1_e": 12.556573919878485, "ba_1_m": 44.717023231471444, "ba_1_s": 33.42801051854934, "ba_2_e": -10.0, "ba_2_m": -60.0, "ba_2_s": -10.0, "delay": 0.1524557564842334, "mi_0_e": 19.146309882491217, "mi_0_s": -5.0, "mi_1_e": 7.264332045989461, "mi_1_m": 42.005070290086664, "mi_1_s": 17.156520243857944, "mi_2_e": -10.0, "mi_2_m": -60.0, "mi_2_s": -10.0}, "datetime": {"datetime": "2019-09-11 17:24:47", "elapsed": 2048.610659, "delta": 10.337393}}
{"target": 0.773411750793457, "params": {"ah_0_e": 24.43881551927338, "ah_0_s": -1.9544220925840818, "ah_1_e": 1.859377835591125, "ah_1_m": 48.34067228871319, "ah_1_s": 1.1682653489799122, "ah_2_e": -10.0, "ah_2_m": -60.0, "ah_2_s": -10.0, "ba_0_e": -13.012811182433783, "ba_0_s": 5.617413120394415, "ba_1_e": 7.548231274800262, "ba_1_m": 40.33729482640537, "ba_1_s": 30.384560321525495, "ba_2_e": -10.0, "ba_2_m": -60.0, "ba_2_s": -10.0, "delay": 0.19899443342285933, "mi_0_e": 14.637671839200383, "mi_0_s": -5.0, "mi_1_e": 4.864523041212584, "mi_1_m": 31.23428413904671, "mi_1_s": 27.359667646659567, "mi_2_e": -10.0, "mi_2_m": -60.0, "mi_2_s": -10.0}, "datetime": {"datetime": "2019-09-11 17:24:57", "elapsed": 2058.957465, "delta": 10.346806}}
{"target": 0.930164635181427, "params": {"ah_0_e": 36.48664371715455, "ah_0_s": -18.84260323701849, "ah_1_e": 21.306674086789343, "ah_1_m": 44.21356784540471, "ah_1_s": 4.446701373867611, "ah_2_e": -10.0, "ah_2_m": -60.0, "ah_2_s": -10.0, "ba_0_e": -37.9523770046447, "ba_0_s": 13.407649386157974, "ba_1_e": 3.6457448252558744, "ba_1_m": 43.030937547379146, "ba_1_s": 24.670005856198355, "ba_2_e": -10.0, "ba_2_m": -60.0, "ba_2_s": -10.0, "delay": 0.17778351080588567, "mi_0_e": 16.466407087606747, "mi_0_s": -5.0, "mi_1_e": 13.390355305915268, "mi_1_m": 37.358474772333714, "mi_1_s": 2.651205116820184, "mi_2_e": -10.0, "mi_2_m": -60.0, "mi_2_s": -10.0}, "datetime": {"datetime": "2019-09-11 17:25:08", "elapsed": 2069.705225, "delta": 10.74776}}
{"target": 1.2548452615737915, "params": {"ah_0_e": 32.86082044923219, "ah_0_s": -35.74101053529546, "ah_1_e": 6.842712231962994, "ah_1_m": 46.00407166990374, "ah_1_s": 3.4894298412924947, "ah_2_e": -10.0, "ah_2_m": -60.0, "ah_2_s": -10.0, "ba_0_e": -31.785979503006317, "ba_0_s": 14.57793939429804, "ba_1_e": 8.447817355933969, "ba_1_m": 49.60153276258488, "ba_1_s": 31.227478408032177, "ba_2_e": -10.0, "ba_2_m": -60.0, "ba_2_s": -10.0, "delay": 0.19919311616937596, "mi_0_e": 6.794260576284509, "mi_0_s": -5.0, "mi_1_e": 4.518817891926342, "mi_1_m": 32.3813787810281, "mi_1_s": 28.379985685630658, "mi_2_e": -10.0, "mi_2_m": -60.0, "mi_2_s": -10.0}, "datetime": {"datetime": "2019-09-11 17:25:18", "elapsed": 2080.051987, "delta": 10.346762}}
{"target": 0.5591899156570435, "params": {"ah_0_e": 38.42261556074869, "ah_0_s": -13.562328229230772, "ah_1_e": 3.0959415277766293, "ah_1_m": 30.792096719002025, "ah_1_s": 6.8633987811992, "ah_2_e": -10.0, "ah_2_m": -60.0, "ah_2_s": -10.0, "ba_0_e": -10.78371314763569, "ba_0_s": 33.75372009393435, "ba_1_e": 0.8250735912101043, "ba_1_m": 48.58027216434062, "ba_1_s": 33.94780497244288, "ba_2_e": -10.0, "ba_2_m": -60.0, "ba_2_s": -10.0, "delay": 0.1721235254171079, "mi_0_e": 7.208647092772112, "mi_0_s": -5.0, "mi_1_e": 28.482376130245644, "mi_1_m": 33.391440697806765, "mi_1_s": 11.53412693757225, "mi_2_e": -10.0, "mi_2_m": -60.0, "mi_2_s": -10.0}, "datetime": {"datetime": "2019-09-11 17:25:29", "elapsed": 2090.620786, "delta": 10.568799}}
{"target": 0.6620420813560486, "params": {"ah_0_e": 38.53142351716446, "ah_0_s": -8.393533308689289, "ah_1_e": 17.42144906678484, "ah_1_m": 34.266630651907654, "ah_1_s": 16.01912238801088, "ah_2_e": -10.0, "ah_2_m": -60.0, "ah_2_s": -10.0, "ba_0_e": -18.910970483675094, "ba_0_s": 6.136107931729917, "ba_1_e": 1.4212458836468107, "ba_1_m": 44.520706763791004, "ba_1_s": 19.12848212152415, "ba_2_e": -10.0, "ba_2_m": -60.0, "ba_2_s": -10.0, "delay": 0.16848192823178088, "mi_0_e": 9.230537279344688, "mi_0_s": -5.0, "mi_1_e": 26.593795128518604, "mi_1_m": 49.635674558921934, "mi_1_s": 9.207906216566382, "mi_2_e": -10.0, "mi_2_m": -60.0, "mi_2_s": -10.0}, "datetime": {"datetime": "2019-09-11 17:25:39", "elapsed": 2100.708232, "delta": 10.087446}}
{"target": 1.2422734498977661, "params": {"ah_0_e": 38.80500782744341, "ah_0_s": -20.052705478550017, "ah_1_e": 19.09467897430458, "ah_1_m": 35.54401570048557, "ah_1_s": 1.776635525582283, "ah_2_e": -10.0, "ah_2_m": -60.0, "ah_2_s": -10.0, "ba_0_e": -7.895586085465368, "ba_0_s": 13.72799457360266, "ba_1_e": 7.389788673123354, "ba_1_m": 49.49725754780752, "ba_1_s": 12.55322912954089, "ba_2_e": -10.0, "ba_2_m": -60.0, "ba_2_s": -10.0, "delay": 0.1959937196706572, "mi_0_e": 5.8099100942528334, "mi_0_s": -5.0, "mi_1_e": 1.1874056556574368, "mi_1_m": 44.861901852374984, "mi_1_s": 27.67242181563364, "mi_2_e": -10.0, "mi_2_m": -60.0, "mi_2_s": -10.0}, "datetime": {"datetime": "2019-09-11 17:25:49", "elapsed": 2110.897715, "delta": 10.189483}}
{"target": 1.8565360307693481, "params": {"ah_0_e": 21.567528489534162, "ah_0_s": -30.665904245318952, "ah_1_e": 30.181731733852118, "ah_1_m": 42.18096679035768, "ah_1_s": 19.12090454989839, "ah_2_e": -10.0, "ah_2_m": -60.0, "ah_2_s": -10.0, "ba_0_e": -39.62079910070136, "ba_0_s": 13.141020681052858, "ba_1_e": 4.945834079946826, "ba_1_m": 47.31038436871174, "ba_1_s": 34.2966769798406, "ba_2_e": -10.0, "ba_2_m": -60.0, "ba_2_s": -10.0, "delay": 0.1843843112808652, "mi_0_e": 15.286912928663536, "mi_0_s": -5.0, "mi_1_e": 4.015969321057493, "mi_1_m": 30.067094254475432, "mi_1_s": 34.957738957116895, "mi_2_e": -10.0, "mi_2_m": -60.0, "mi_2_s": -10.0}, "datetime": {"datetime": "2019-09-11 17:25:59", "elapsed": 2121.137581, "delta": 10.239866}}
{"target": 1.7386075258255005, "params": {"ah_0_e": 37.76211648488005, "ah_0_s": -0.7505174532725434, "ah_1_e": 15.444597237054115, "ah_1_m": 33.74973225299281, "ah_1_s": 31.04216243828977, "ah_2_e": -10.0, "ah_2_m": -60.0, "ah_2_s": -10.0, "ba_0_e": -36.165856070728616, "ba_0_s": 9.843731476896632, "ba_1_e": 9.602639365548406, "ba_1_m": 48.47614854637116, "ba_1_s": 22.918584898791778, "ba_2_e": -10.0, "ba_2_m": -60.0, "ba_2_s": -10.0, "delay": 0.14650868979325785, "mi_0_e": 12.986249201427066, "mi_0_s": -5.0, "mi_1_e": 12.731456732982297, "mi_1_m": 34.96213463690471, "mi_1_s": 25.4460358863857, "mi_2_e": -10.0, "mi_2_m": -60.0, "mi_2_s": -10.0}, "datetime": {"datetime": "2019-09-11 17:26:10", "elapsed": 2131.642816, "delta": 10.505235}}
{"target": 0.9769440293312073, "params": {"ah_0_e": 30.324966147177367, "ah_0_s": -16.282045232440993, "ah_1_e": 7.422916155591021, "ah_1_m": 30.12747192965891, "ah_1_s": 16.651791641813322, "ah_2_e": -10.0, "ah_2_m": -60.0, "ah_2_s": -10.0, "ba_0_e": -30.271777670222715, "ba_0_s": 17.445071183739678, "ba_1_e": 16.41366323377404, "ba_1_m": 43.98156378480078, "ba_1_s": 32.32877718400388, "ba_2_e": -10.0, "ba_2_m": -60.0, "ba_2_s": -10.0, "delay": 0.14964359300518862, "mi_0_e": 11.073980356843201, "mi_0_s": -5.0, "mi_1_e": 9.082082172928583, "mi_1_m": 44.00612689339295, "mi_1_s": 26.029092061377206, "mi_2_e": -10.0, "mi_2_m": -60.0, "mi_2_s": -10.0}, "datetime": {"datetime": "2019-09-11 17:26:20", "elapsed": 2142.105029, "delta": 10.462213}}
{"target": 1.1056901216506958, "params": {"ah_0_e": 29.023734245732296, "ah_0_s": -10.211448434512189, "ah_1_e": 19.40659694535692, "ah_1_m": 33.13297093703052, "ah_1_s": 18.603753659863898, "ah_2_e": -10.0, "ah_2_m": -60.0, "ah_2_s": -10.0, "ba_0_e": -26.747493011297948, "ba_0_s": 16.444516964763555, "ba_1_e": 0.327017954621443, "ba_1_m": 43.82317768747555, "ba_1_s": 32.86219073502254, "ba_2_e": -10.0, "ba_2_m": -60.0, "ba_2_s": -10.0, "delay": 0.1706133057808079, "mi_0_e": 8.5495438221269, "mi_0_s": -5.0, "mi_1_e": 1.6805768274651645, "mi_1_m": 31.0819415363508, "mi_1_s": 19.831522347472006, "mi_2_e": -10.0, "mi_2_m": -60.0, "mi_2_s": -10.0}, "datetime": {"datetime": "2019-09-11 17:26:31", "elapsed": 2152.59522, "delta": 10.490191}}
{"target": 1.2657382488250732, "params": {"ah_0_e": 33.87815796624655, "ah_0_s": -1.4863170306567355, "ah_1_e": 19.411881432717994, "ah_1_m": 41.85445755982653, "ah_1_s": 6.741415774421129, "ah_2_e": -10.0, "ah_2_m": -60.0, "ah_2_s": -10.0, "ba_0_e": -29.53848067841733, "ba_0_s": 12.64884481217706, "ba_1_e": 8.474372594874175, "ba_1_m": 47.2884327024568, "ba_1_s": 34.43220224587647, "ba_2_e": -10.0, "ba_2_m": -60.0, "ba_2_s": -10.0, "delay": 0.1857716482791712, "mi_0_e": 19.442268679221133, "mi_0_s": -5.0, "mi_1_e": 1.840281476818277, "mi_1_m": 36.11774028179877, "mi_1_s": 33.25883792861948, "mi_2_e": -10.0, "mi_2_m": -60.0, "mi_2_s": -10.0}, "datetime": {"datetime": "2019-09-11 17:26:41", "elapsed": 2163.072991, "delta": 10.477771}}
{"target": 1.11665678024292, "params": {"ah_0_e": 36.12122620971587, "ah_0_s": -22.49442749790014, "ah_1_e": 23.907426821850873, "ah_1_m": 38.01915097084753, "ah_1_s": 31.036112932483974, "ah_2_e": -10.0, "ah_2_m": -60.0, "ah_2_s": -10.0, "ba_0_e": -37.178374306899755, "ba_0_s": 34.09801207853026, "ba_1_e": 5.851092903099485, "ba_1_m": 31.473040098857, "ba_1_s": 34.43697304163898, "ba_2_e": -10.0, "ba_2_m": -60.0, "ba_2_s": -10.0, "delay": 0.20317097524321595, "mi_0_e": 21.727810560091854, "mi_0_s": -5.0, "mi_1_e": 2.0225510546267715, "mi_1_m": 32.15560566896648, "mi_1_s": 31.47285819580751, "mi_2_e": -10.0, "mi_2_m": -60.0, "mi_2_s": -10.0}, "datetime": {"datetime": "2019-09-11 17:26:51", "elapsed": 2173.503283, "delta": 10.430292}}
{"target": 1.2379190921783447, "params": {"ah_0_e": 36.014964148593506, "ah_0_s": -11.522986103641895, "ah_1_e": 1.0661450946250999, "ah_1_m": 41.88224710124514, "ah_1_s": 18.01993007503327, "ah_2_e": -10.0, "ah_2_m": -60.0, "ah_2_s": -10.0, "ba_0_e": -26.48140952439239, "ba_0_s": 10.646144354268294, "ba_1_e": 0.09829464585491665, "ba_1_m": 45.286740666180044, "ba_1_s": 29.441569857364893, "ba_2_e": -10.0, "ba_2_m": -60.0, "ba_2_s": -10.0, "delay": 0.19576669584591322, "mi_0_e": 14.485326822675605, "mi_0_s": -5.0, "mi_1_e": 24.874204033716968, "mi_1_m": 43.077708181817854, "mi_1_s": 30.3277144247687, "mi_2_e": -10.0, "mi_2_m": -60.0, "mi_2_s": -10.0}, "datetime": {"datetime": "2019-09-11 17:27:02", "elapsed": 2184.113836, "delta": 10.610553}}
{"target": 0.0739268809556961, "params": {"ah_0_e": 34.45922705218827, "ah_0_s": -9.694119955726023, "ah_1_e": 34.23803763976547, "ah_1_m": 45.19805395679118, "ah_1_s": 15.743172533542506, "ah_2_e": -10.0, "ah_2_m": -60.0, "ah_2_s": -10.0, "ba_0_e": -31.35300335653732, "ba_0_s": 11.200725108722695, "ba_1_e": 11.099088863651813, "ba_1_m": 47.132520205778924, "ba_1_s": 28.955375075606433, "ba_2_e": -10.0, "ba_2_m": -60.0, "ba_2_s": -10.0, "delay": 0.17501750488042805, "mi_0_e": 7.5465512433552355, "mi_0_s": -5.0, "mi_1_e": 4.250491217903577, "mi_1_m": 33.02175242582804, "mi_1_s": 22.606372344332254, "mi_2_e": -10.0, "mi_2_m": -60.0, "mi_2_s": -10.0}, "datetime": {"datetime": "2019-09-11 17:27:12", "elapsed": 2194.556221, "delta": 10.442385}}
