{"target": 1.2253544330596924, "params": {"ah_0_e": 23.42023628954008, "ah_0_s": 3.106976254142758, "ah_1_e": 12.223690114837222, "ah_1_m": 37.89914101658602, "ah_1_s": 1.2851460627982403, "ah_2_e": -10.0, "ah_2_m": -60.0, "ah_2_s": -10.0, "ba_0_e": -34.484335887466, "ba_0_s": 32.47452253146453, "ba_1_e": 11.945806466008003, "ba_1_m": 38.70832373987682, "ba_1_s": 29.45918848612367, "ba_2_e": -10.0, "ba_2_m": -60.0, "ba_2_s": -10.0, "delay": 0.13485047659400667, "mi_0_e": 5.082956930312072, "mi_0_s": -5.0, "mi_1_e": 7.411149096720614, "mi_1_m": 34.631255040563296, "mi_1_s": 10.765880157362849, "mi_2_e": -10.0, "mi_2_m": -60.0, "mi_2_s": -10.0}, "datetime": {"datetime": "2019-09-11 17:27:23", "elapsed": 2204.74073, "delta": 10.184509}}
{"target": 1.2247792482376099, "params": {"ah_0_e": 38.221097119688054, "ah_0_s": -21.08160205403132, "ah_1_e": 9.525451392137441, "ah_1_m": 42.68021207099224, "ah_1_s": 11.632359970383028, "ah_2_e": -10.0, "ah_2_m": -60.0, "ah_2_s": -10.0, "ba_0_e": -15.88080428596247, "ba_0_s": 10.51822727654245, "ba_1_e": 25.957466415615684, "ba_1_m": 48.47582139871635, "ba_1_s": 4.895147192226964, "ba_2_e": -10.0, "ba_2_m": -60.0, "ba_2_s": -10.0, "delay": 0.20588755834945172, "mi_0_e": 12.191325976162439, "mi_0_s": -5.0, "mi_1_e": 2.2307595297976466, "mi_1_m": 41.5732697735584, "mi_1_s": 10.64418563173254, "mi_2_e": -10.0, "mi_2_m": -60.0, "mi_2_s": -10.0}, "datetime": {"datetime": "2019-09-11 17:27:33", "elapsed": 2215.109566, "delta": 10.368836}}
{"target": 1.0022448301315308, "params": {"ah_0_e": 24.670504180189255, "ah_0_s": -12.854544811967664, "ah_1_e": 23.004520893128362, "ah_1_m": 35.7776406705131, "ah_1_s": 2.5797224110071486, "ah_2_e": -10.0, "ah_2_m": -60.0, "ah_2_s": -10.0, "ba_0_e": -26.02568826623174, "ba_0_s": 33.19147869094469, "ba_1_e": 15.987367635231761, "ba_1_m": 49.35425575499032, "ba_1_s": 30.64488135164305, "ba_2_e": -10.0, "ba_2_m": -60.0, "ba_2_s": -10.0, "delay": 0.20876877481752731, "mi_0_e": 5.017019260357261, "mi_0_s": -5.0, "mi_1_e": 5.372867062029233, "mi_1_m": 40.62803281067839, "mi_1_s": 31.671814034408023, "mi_2_e": -10.0, "mi_2_m": -60.0, "mi_2_s": -10.0}, "datetime": {"datetime": "2019-09-11 17:27:43", "elapsed": 2225.498112, "delta": 10.388546}}
{"target": 0.7978492379188538, "params": {"ah_0_e": 35.690801793268044, "ah_0_s": -5.582598444483551, "ah_1_e": 27.40475713219439, "ah_1_m": 32.18083090109285, "ah_1_s": 6.414487401974075, "ah_2_e": -10.0, "ah_2_m": -60.0, "ah_2_s": -10.0, "ba_0_e": -35.883584078521864, "ba_0_s": 19.766371436384887, "ba_1_e": 16.53147227941072, "ba_1_m": 47.08630427383872, "ba_1_s": 29.173400385326698, "ba_2_e": -10.0, "ba_2_m": -60.0, "ba_2_s": -10.0, "delay": 0.18116766925539207, "mi_0_e": 20.964680778156357, "mi_0_s": -5.0, "mi_1_e": 5.536921149677528, "mi_1_m": 35.16041047992979, "mi_1_s": 22.079839816301373, "mi_2_e": -10.0, "mi_2_m": -60.0, "mi_2_s": -10.0}, "datetime": {"datetime": "2019-09-11 17:27:54", "elapsed": 2235.904825, "delta": 10.406713}}
{"target": 1.2634085416793823, "params": {"ah_0_e": 37.559729911023936, "ah_0_s": -1.7252756556268736, "ah_1_e": 9.695637073937416, "ah_1_m": 38.66772065079398, "ah_1_s": 11.650529414571826, "ah_2_e": -10.0, "ah_2_m": -60.0, "ah_2_s": -10.0, "ba_0_e": -28.541758127735648, "ba_0_s": 11.143835844746505, "ba_1_e": 13.713941578365068, "ba_1_m": 40.814143446938516, "ba_1_s": 34.05863629026576, "ba_2_e": -10.0, "ba_2_m": -60.0, "ba_2_s": -10.0, "delay": 0.1887285674301988, "mi_0_e": 10.91394832856747, "mi_0_s": -5.0, "mi_1_e": 8.213251365776303, "mi_1_m": 43.862685033941474, "mi_1_s": 29.878883593981406, "mi_2_e": -10.0, "mi_2_m": -60.0, "mi_2_s": -10.0}, "datetime": {"datetime": "2019-09-11 17:28:04", "elapsed": 2246.253988, "delta": 10.349163}}
{"target": 0.3847532570362091, "params": {"ah_0_e": 29.21840356043968, "ah_0_s": -38.045080638297065, "ah_1_e": 3.0008621220844125, "ah_1_m": 47.255364169617316, "ah_1_s": 3.83352114923483, "ah_2_e": -10.0, "ah_2_m": -60.0, "ah_2_s": -10.0, "ba_0_e": -21.422965662207613, "ba_0_s": 38.2425990334425, "ba_1_e": 4.248665826854276, "ba_1_m": 46.238186529597435, "ba_1_s": 28.665063322349365, "ba_2_e": -10.0, "ba_2_m": -60.0, "ba_2_s": -10.0, "delay": 0.2067188840183064, "mi_0_e": 9.038907752687843, "mi_0_s": -5.0, "mi_1_e": 26.81888193028035, "mi_1_m": 30.332877485821818, "mi_1_s": 25.15119362360842, "mi_2_e": -10.0, "mi_2_m": -60.0, "mi_2_s": -10.0}, "datetime": {"datetime": "2019-09-11 17:28:15", "elapsed": 2257.194949, "delta": 10.940961}}
{"target": 0.8617426753044128, "params": {"ah_0_e": 39.90618840823404, "ah_0_s": -16.170500714557548, "ah_1_e": 14.190711268043776, "ah_1_m": 44.876545453198574, "ah_1_s": 24.19716185508221, "ah_2_e": -10.0, "ah_2_m": -60.0, "ah_2_s": -10.0, "ba_0_e": -15.52037546610486, "ba_0_s": 39.456961644100005, "ba_1_e": 13.284500122948124, "ba_1_m": 46.70634075968195, "ba_1_s": 30.58661890626326, "ba_2_e": -10.0, "ba_2_m": -60.0, "ba_2_s": -10.0, "delay": 0.16509381993765243, "mi_0_e": 14.490598950581045, "mi_0_s": -5.0, "mi_1_e": 3.9133582194444716, "mi_1_m": 40.76124019544019, "mi_1_s": 23.959056904675286, "mi_2_e": -10.0, "mi_2_m": -60.0, "mi_2_s": -10.0}, "datetime": {"datetime": "2019-09-11 17:28:26", "elapsed": 2267.9541, "delta": 10.759151}}
{"target": 0.8456598520278931, "params": {"ah_0_e": 25.947252642355576, "ah_0_s": -7.7121886572513105, "ah_1_e": 9.502089225270506, "ah_1_m": 30.948588169596352, "ah_1_s": 24.265293835694056, "ah_2_e": -10.0, "ah_2_m": -60.0, "ah_2_s": -10.0, "ba_0_e": -25.45945274951557, "ba_0_s": 23.239103317406745, "ba_1_e": 2.4372785394610217, "ba_1_m": 48.36428415444824, "ba_1_s": 32.38331531415118, "ba_2_e": -10.0, "ba_2_m": -60.0, "ba_2_s": -10.0, "delay": 0.16583498575744693, "mi_0_e": 7.238617624592568, "mi_0_s": -5.0, "mi_1_e": 1.2362019326997213, "mi_1_m": 48.322262732021365, "mi_1_s": 11.869467990321168, "mi_2_e": -10.0, "mi_2_m": -60.0, "mi_2_s": -10.0}, "datetime": {"datetime": "2019-09-11 17:28:36", "elapsed": 2278.434276, "delta": 10.480176}}
{"target": 0.877291738986969, "params": {"ah_0_e": 30.5574898142912, "ah_0_s": -2.9569280050952003, "ah_1_e": 20.010086254580244, "ah_1_m": 49.160977716727885, "ah_1_s": 29.3457893199506, "ah_2_e": -10.0, "ah_2_m": -60.0, "ah_2_s": -10.0, "ba_0_e": -33.831429209353615, "ba_0_s": 7.6983321296145295, "ba_1_e": 3.6378313330694017, "ba_1_m": 47.15075117824688, "ba_1_s": 25.348683674717694, "ba_2_e": -10.0, "ba_2_m": -60.0, "ba_2_s": -10.0, "delay": 0.162643105214798, "mi_0_e": 5.594236008179035, "mi_0_s": -5.0, "mi_1_e": 16.732863266769073, "mi_1_m": 36.025955319448016, "mi_1_s": 30.882605734501716, "mi_2_e": -10.0, "mi_2_m": -60.0, "mi_2_s": -10.0}, "datetime": {"datetime": "2019-09-11 17:28:47", "elapsed": 2288.897226, "delta": 10.46295}}
{"target": 0.7804710268974304, "params": {"ah_0_e": 24.792746081054243, "ah_0_s": -17.989706692382647, "ah_1_e": 10.65915265872949, "ah_1_m": 31.090402221786448, "ah_1_s": 7.234344554902664, "ah_2_e": -10.0, "ah_2_m": -60.0, "ah_2_s": -10.0, "ba_0_e": -15.024217791731015, "ba_0_s": 39.95667285554618, "ba_1_e": 5.214808450037986, "ba_1_m": 49.25153312110063, "ba_1_s": 23.514107072133058, "ba_2_e": -10.0, "ba_2_m": -60.0, "ba_2_s": -10.0, "delay": 0.17834432518037902, "mi_0_e": 16.0518680771553, "mi_0_s": -5.0, "mi_1_e": 9.560095580027891, "mi_1_m": 41.28285705479149, "mi_1_s": 14.163597155018564, "mi_2_e": -10.0, "mi_2_m": -60.0, "mi_2_s": -10.0}, "datetime": {"datetime": "2019-09-11 17:28:57", "elapsed": 2299.411781, "delta": 10.514555}}
{"target": 1.289036512374878, "params": {"ah_0_e": 33.70480767777022, "ah_0_s": 4.348105770796579, "ah_1_e": 6.222958526736293, "ah_1_m": 46.89606099745328, "ah_1_s": 2.1312126317662274, "ah_2_e": -10.0, "ah_2_m": -60.0, "ah_2_s": -10.0, "ba_0_e": -33.995884306769426, "ba_0_s": 9.203516051698383, "ba_1_e": 14.214042570334161, "ba_1_m": 49.02699973044254, "ba_1_s": 33.67206365061743, "ba_2_e": -10.0, "ba_2_m": -60.0, "ba_2_s": -10.0, "delay": 0.20815529836994415, "mi_0_e": 21.681284541667967, "mi_0_s": -5.0, "mi_1_e": 14.444492523750402, "mi_1_m": 41.33598213714589, "mi_1_s": 13.79109761104128, "mi_2_e": -10.0, "mi_2_m": -60.0, "mi_2_s": -10.0}, "datetime": {"datetime": "2019-09-11 17:29:08", "elapsed": 2310.516125, "delta": 11.104344}}
{"target": 1.0844181776046753, "params": {"ah_0_e": 37.773044067381996, "ah_0_s": -4.4368571261765695, "ah_1_e": 6.517103768855131, "ah_1_m": 31.770102759371753, "ah_1_s": 7.973827250606747, "ah_2_e": -10.0, "ah_2_m": -60.0, "ah_2_s": -10.0, "ba_0_e": -16.119615647941608, "ba_0_s": 35.735539930968244, "ba_1_e": 9.334920223756887, "ba_1_m": 47.61700328412409, "ba_1_s": 34.627746251395166, "ba_2_e": -10.0, "ba_2_m": -60.0, "ba_2_s": -10.0, "delay": 0.14508949430558055, "mi_0_e": 27.4492416745409, "mi_0_s": -5.0, "mi_1_e": 15.083601930418197, "mi_1_m": 48.240100432645185, "mi_1_s": 12.687140974128713, "mi_2_e": -10.0, "mi_2_m": -60.0, "mi_2_s": -10.0}, "datetime": {"datetime": "2019-09-11 17:29:19", "elapsed": 2320.927645, "delta": 10.41152}}
{"target": 1.0592912435531616, "params": {"ah_0_e": 35.43638252823675, "ah_0_s": -30.16092179432907, "ah_1_e": 10.111993877070313, "ah_1_m": 31.604568277536224, "ah_1_s": 25.201217383880458, "ah_2_e": -10.0, "ah_2_m": -60.0, "ah_2_s": -10.0, "ba_0_e": -25.92139541973986, "ba_0_s": 7.356180533598289, "ba_1_e": 7.762714473353596, "ba_1_m": 42.78947842635678, "ba_1_s": 27.865291539635155, "ba_2_e": -10.0, "ba_2_m": -60.0, "ba_2_s": -10.0, "delay": 0.18029926338729824, "mi_0_e": 27.91191090505385, "mi_0_s": -5.0, "mi_1_e": 13.504132407700824, "mi_1_m": 45.47663829478016, "mi_1_s": 5.506630685062958, "mi_2_e": -10.0, "mi_2_m": -60.0, "mi_2_s": -10.0}, "datetime": {"datetime": "2019-09-11 17:29:29", "elapsed": 2331.316147, "delta": 10.388502}}
{"target": 1.118975043296814, "params": {"ah_0_e": 35.13399455602532, "ah_0_s": 0.42563349542778894, "ah_1_e": 13.82195857056358, "ah_1_m": 33.01144854083094, "ah_1_s": 10.572001919292, "ah_2_e": -10.0, "ah_2_m": -60.0, "ah_2_s": -10.0, "ba_0_e": -28.456905522766256, "ba_0_s": 8.856786194633013, "ba_1_e": 8.594359501695465, "ba_1_m": 49.84129666931625, "ba_1_s": 27.7809870846182, "ba_2_e": -10.0, "ba_2_m": -60.0, "ba_2_s": -10.0, "delay": 0.16353332519969513, "mi_0_e": 5.08999527366555, "mi_0_s": -5.0, "mi_1_e": 16.694622928743296, "mi_1_m": 33.87115619861127, "mi_1_s": 30.893192679354524, "mi_2_e": -10.0, "mi_2_m": -60.0, "mi_2_s": -10.0}, "datetime": {"datetime": "2019-09-11 17:29:40", "elapsed": 2342.086065, "delta": 10.769918}}
{"target": 1.0899062156677246, "params": {"ah_0_e": 38.8082682832892, "ah_0_s": -11.91395777966724, "ah_1_e": 23.69802245406504, "ah_1_m": 33.403473991845765, "ah_1_s": 10.021274499927262, "ah_2_e": -10.0, "ah_2_m": -60.0, "ah_2_s": -10.0, "ba_0_e": -37.057530587950446, "ba_0_s": 6.317349370092654, "ba_1_e": 15.11519356251413, "ba_1_m": 47.91825617555341, "ba_1_s": 29.67567833969439, "ba_2_e": -10.0, "ba_2_m": -60.0, "ba_2_s": -10.0, "delay": 0.13889847222458193, "mi_0_e": 25.590659348498793, "mi_0_s": -5.0, "mi_1_e": 17.551875752668465, "mi_1_m": 47.019718369607986, "mi_1_s": 28.22467603051861, "mi_2_e": -10.0, "mi_2_m": -60.0, "mi_2_s": -10.0}, "datetime": {"datetime": "2019-09-11 17:29:51", "elapsed": 2352.826748, "delta": 10.740683}}
{"target": 1.1749193668365479, "params": {"ah_0_e": 35.125062414873966, "ah_0_s": -36.856765740237634, "ah_1_e": 11.202407834831, "ah_1_m": 44.35505541357712, "ah_1_s": 3.6467873546222833, "ah_2_e": -10.0, "ah_2_m": -60.0, "ah_2_s": -10.0, "ba_0_e": -27.226242903632702, "ba_0_s": 32.12368820784803, "ba_1_e": 0.15806490031442966, "ba_1_m": 44.85311669195407, "ba_1_s": 23.1516304056557, "ba_2_e": -10.0, "ba_2_m": -60.0, "ba_2_s": -10.0, "delay": 0.17462169813057812, "mi_0_e": 8.619274957810713, "mi_0_s": -5.0, "mi_1_e": 2.3735328360316292, "mi_1_m": 32.69839189735321, "mi_1_s": 29.8730817751611, "mi_2_e": -10.0, "mi_2_m": -60.0, "mi_2_s": -10.0}, "datetime": {"datetime": "2019-09-11 17:30:02", "elapsed": 2363.78092, "delta": 10.954172}}
{"target": 1.0760939121246338, "params": {"ah_0_e": 36.985290672985144, "ah_0_s": -23.355760462900875, "ah_1_e": 10.486004600321367, "ah_1_m": 45.400250345219604, "ah_1_s": 17.20971147637067, "ah_2_e": -10.0, "ah_2_m": -60.0, "ah_2_s": -10.0, "ba_0_e": -25.57271457665953, "ba_0_s": 21.59170924553258, "ba_1_e": 0.7953560974132845, "ba_1_m": 49.25723304000488, "ba_1_s": 28.37177302842499, "ba_2_e": -10.0, "ba_2_m": -60.0, "ba_2_s": -10.0, "delay": 0.1311680912578348, "mi_0_e": 8.853823062544153, "mi_0_s": -5.0, "mi_1_e": 15.119755017543909, "mi_1_m": 47.08610172673392, "mi_1_s": 30.01339289866669, "mi_2_e": -10.0, "mi_2_m": -60.0, "mi_2_s": -10.0}, "datetime": {"datetime": "2019-09-11 17:30:12", "elapsed": 2374.510072, "delta": 10.729152}}
{"target": 1.534250020980835, "params": {"ah_0_e": 31.051200979482587, "ah_0_s": 3.3041159807770555, "ah_1_e": 0.9460089741816674, "ah_1_m": 30.00737736306059, "ah_1_s": 13.20303700118916, "ah_2_e": -10.0, "ah_2_m": -60.0, "ah_2_s": -10.0, "ba_0_e": -35.2092248203866, "ba_0_s": 7.721499157276616, "ba_1_e": 6.9321745454966, "ba_1_m": 49.39621041892413, "ba_1_s": 29.525467063556935, "ba_2_e": -10.0, "ba_2_m": -60.0, "ba_2_s": -10.0, "delay": 0.1714497778828083, "mi_0_e": 38.886111650760256, "mi_0_s": -5.0, "mi_1_e": 17.242196733943874, "mi_1_m": 37.8711190602848, "mi_1_s": 18.49460017045596, "mi_2_e": -10.0, "mi_2_m": -60.0, "mi_2_s": -10.0}, "datetime": {"datetime": "2019-09-11 17:30:23", "elapsed": 2385.453554, "delta": 10.943482}}
{"target": -1.19959557056427, "params": {"ah_0_e": 18.057370138331017, "ah_0_s": -37.87180225004962, "ah_1_e": 33.543967965011085, "ah_1_m": 49.9525249294329, "ah_1_s": 30.987256398690782, "ah_2_e": -10.0, "ah_2_m": -60.0, "ah_2_s": -10.0, "ba_0_e": -30.22978353370427, "ba_0_s": 7.515052094462428, "ba_1_e": 11.76220481414831, "ba_1_m": 48.113467215372644, "ba_1_s": 32.048555711746445, "ba_2_e": -10.0, "ba_2_m": -60.0, "ba_2_s": -10.0, "delay": 0.13086876563260516, "mi_0_e": 35.120496938515124, "mi_0_s": -5.0, "mi_1_e": 16.975282694927742, "mi_1_m": 32.3888864947133, "mi_1_s": 21.129418303964254, "mi_2_e": -10.0, "mi_2_m": -60.0, "mi_2_s": -10.0}, "datetime": {"datetime": "2019-09-11 17:30:34", "elapsed": 2396.129237, "delta": 10.675683}}
{"target": 1.1943567991256714, "params": {"ah_0_e": 31.206976173396328, "ah_0_s": -10.2172318384908, "ah_1_e": 18.503225207095362, "ah_1_m": 32.988228061746206, "ah_1_s": 4.754466932872198, "ah_2_e": -10.0, "ah_2_m": -60.0, "ah_2_s": -10.0, "ba_0_e": -37.487085369073476, "ba_0_s": 34.292300846298815, "ba_1_e": 9.190992061057011, "ba_1_m": 48.96729145171763, "ba_1_s": 30.197424798881766, "ba_2_e": -10.0, "ba_2_m": -60.0, "ba_2_s": -10.0, "delay": 0.14373023089279258, "mi_0_e": 8.055797418928927, "mi_0_s": -5.0, "mi_1_e": 10.471752454386001, "mi_1_m": 43.22890285756889, "mi_1_s": 34.21122682112209, "mi_2_e": -10.0, "mi_2_m": -60.0, "mi_2_s": -10.0}, "datetime": {"datetime": "2019-09-11 17:30:45", "elapsed": 2406.811054, "delta": 10.681817}}
{"target": 0.6500751972198486, "params": {"ah_0_e": 30.087755829467724, "ah_0_s": 0.673327252681112, "ah_1_e": 12.864269553115243, "ah_1_m": 39.18340636745857, "ah_1_s": 15.174930839874142, "ah_2_e": -10.0, "ah_2_m": -60.0, "ah_2_s": -10.0, "ba_0_e": -32.74374543680937, "ba_0_s": 28.8783649178397, "ba_1_e": 2.4146400235935053, "ba_1_m": 45.47537994505392, "ba_1_s": 28.910488717037268, "ba_2_e": -10.0, "ba_2_m": -60.0, "ba_2_s": -10.0, "delay": 0.19106719920041987, "mi_0_e": 20.861763004583068, "mi_0_s": -5.0, "mi_1_e": 13.04560260065384, "mi_1_m": 34.625995539720165, "mi_1_s": 31.077697227279028, "mi_2_e": -10.0, "mi_2_m": -60.0, "mi_2_s": -10.0}, "datetime": {"datetime": "2019-09-11 17:30:55", "elapsed": 2417.419593, "delta": 10.608539}}
{"target": 1.1118398904800415, "params": {"ah_0_e": 31.261872912909077, "ah_0_s": -7.163799976744286, "ah_1_e": 14.328267086167337, "ah_1_m": 31.601084294445, "ah_1_s": 17.44512186316826, "ah_2_e": -10.0, "ah_2_m": -60.0, "ah_2_s": -10.0, "ba_0_e": -28.54263968349627, "ba_0_s": 15.138883476346454, "ba_1_e": 10.034061964673658, "ba_1_m": 46.869945461233655, "ba_1_s": 29.617437790604374, "ba_2_e": -10.0, "ba_2_m": -60.0, "ba_2_s": -10.0, "delay": 0.14668888258712862, "mi_0_e": 6.861997283463169, "mi_0_s": -5.0, "mi_1_e": 14.595397944688903, "mi_1_m": 35.816322514335965, "mi_1_s": 10.996211490149726, "mi_2_e": -10.0, "mi_2_m": -60.0, "mi_2_s": -10.0}, "datetime": {"datetime": "2019-09-11 17:31:06", "elapsed": 2428.401816, "delta": 10.982223}}
{"target": 0.9698373675346375, "params": {"ah_0_e": 26.22021295335991, "ah_0_s": -12.523980762465118, "ah_1_e": 15.840468544765187, "ah_1_m": 36.41555446306814, "ah_1_s": 8.604744771941741, "ah_2_e": -10.0, "ah_2_m": -60.0, "ah_2_s": -10.0, "ba_0_e": -32.58034255319334, "ba_0_s": 14.069494182843984, "ba_1_e": 0.865644806595306, "ba_1_m": 48.909532205547386, "ba_1_s": 22.713780104940458, "ba_2_e": -10.0, "ba_2_m": -60.0, "ba_2_s": -10.0, "delay": 0.13125382937567104, "mi_0_e": 21.03855975063338, "mi_0_s": -5.0, "mi_1_e": 16.07739371463613, "mi_1_m": 35.59969562090796, "mi_1_s": 13.504447447134151, "mi_2_e": -10.0, "mi_2_m": -60.0, "mi_2_s": -10.0}, "datetime": {"datetime": "2019-09-11 17:31:17", "elapsed": 2439.45929, "delta": 11.057474}}
{"target": 0.16975037753582, "params": {"ah_0_e": 29.35042624235708, "ah_0_s": -38.97024585261495, "ah_1_e": 33.41240379801965, "ah_1_m": 30.110692016643352, "ah_1_s": 21.85471763722669, "ah_2_e": -10.0, "ah_2_m": -60.0, "ah_2_s": -10.0, "ba_0_e": -36.25512933899186, "ba_0_s": 17.232473567344655, "ba_1_e": 0.5301497339894262, "ba_1_m": 48.32530226452772, "ba_1_s": 31.568886339680006, "ba_2_e": -10.0, "ba_2_m": -60.0, "ba_2_s": -10.0, "delay": 0.17063319454335354, "mi_0_e": 25.98721262590408, "mi_0_s": -5.0, "mi_1_e": 18.438832872095404, "mi_1_m": 34.15746993878927, "mi_1_s": 29.52229173516094, "mi_2_e": -10.0, "mi_2_m": -60.0, "mi_2_s": -10.0}, "datetime": {"datetime": "2019-09-11 17:31:28", "elapsed": 2450.194385, "delta": 10.735095}}
{"target": 0.6400012373924255, "params": {"ah_0_e": 16.829210444463286, "ah_0_s": -19.473515252309898, "ah_1_e": 13.540984369707965, "ah_1_m": 48.31660027952087, "ah_1_s": 4.68671641500125, "ah_2_e": -10.0, "ah_2_m": -60.0, "ah_2_s": -10.0, "ba_0_e": -21.40161789244199, "ba_0_s": 16.812293754473977, "ba_1_e": 7.289961864368209, "ba_1_m": 49.26823943906445, "ba_1_s": 19.934106956861857, "ba_2_e": -10.0, "ba_2_m": -60.0, "ba_2_s": -10.0, "delay": 0.13317024447633177, "mi_0_e": 11.17658885176344, "mi_0_s": -5.0, "mi_1_e": 12.526822646046117, "mi_1_m": 36.43308701360457, "mi_1_s": 26.677452717603963, "mi_2_e": -10.0, "mi_2_m": -60.0, "mi_2_s": -10.0}, "datetime": {"datetime": "2019-09-11 17:31:39", "elapsed": 2461.178544, "delta": 10.984159}}
{"target": 0.775615394115448, "params": {"ah_0_e": 19.43721939990609, "ah_0_s": -20.130553414858788, "ah_1_e": 14.193618348927993, "ah_1_m": 35.41131283883452, "ah_1_s": 20.573189186754746, "ah_2_e": -10.0, "ah_2_m": -60.0, "ah_2_s": -10.0, "ba_0_e": -37.8964659549299, "ba_0_s": 14.352219522962667, "ba_1_e": 9.096717553672887, "ba_1_m": 41.48939777720747, "ba_1_s": 31.259179875940237, "ba_2_e": -10.0, "ba_2_m": -60.0, "ba_2_s": -10.0, "delay": 0.13500667570252778, "mi_0_e": 18.356691059535265, "mi_0_s": -5.0, "mi_1_e": 10.405614508695248, "mi_1_m": 49.992003283238745, "mi_1_s": 18.078483572360113, "mi_2_e": -10.0, "mi_2_m": -60.0, "mi_2_s": -10.0}, "datetime": {"datetime": "2019-09-11 17:31:50", "elapsed": 2472.227382, "delta": 11.048838}}
{"target": 0.8954207301139832, "params": {"ah_0_e": 22.209861829481255, "ah_0_s": 0.05085203223701029, "ah_1_e": 13.90302371325037, "ah_1_m": 41.18819172417889, "ah_1_s": 25.100648993055774, "ah_2_e": -10.0, "ah_2_m": -60.0, "ah_2_s": -10.0, "ba_0_e": -39.50059308677124, "ba_0_s": 11.76022022960278, "ba_1_e": 8.824458137529282, "ba_1_m": 48.797096220907584, "ba_1_s": 31.98801131651878, "ba_2_e": -10.0, "ba_2_m": -60.0, "ba_2_s": -10.0, "delay": 0.1555171799780047, "mi_0_e": 19.965076804726564, "mi_0_s": -5.0, "mi_1_e": 6.854055619676862, "mi_1_m": 38.295633697691144, "mi_1_s": 25.27243094340386, "mi_2_e": -10.0, "mi_2_m": -60.0, "mi_2_s": -10.0}, "datetime": {"datetime": "2019-09-11 17:32:01", "elapsed": 2482.85535, "delta": 10.627968}}
{"target": 0.7962562441825867, "params": {"ah_0_e": 35.8840844406699, "ah_0_s": 3.952822351549642, "ah_1_e": 16.49075700677263, "ah_1_m": 32.387950524917365, "ah_1_s": 23.943593519830834, "ah_2_e": -10.0, "ah_2_m": -60.0, "ah_2_s": -10.0, "ba_0_e": -18.03807804582498, "ba_0_s": 13.225337467597393, "ba_1_e": 5.625860919405107, "ba_1_m": 49.98194935678974, "ba_1_s": 34.35892869380231, "ba_2_e": -10.0, "ba_2_m": -60.0, "ba_2_s": -10.0, "delay": 0.20950340739875245, "mi_0_e": 21.004796759034363, "mi_0_s": -5.0, "mi_1_e": 6.315106454006701, "mi_1_m": 45.08617077706094, "mi_1_s": 28.78742880071295, "mi_2_e": -10.0, "mi_2_m": -60.0, "mi_2_s": -10.0}, "datetime": {"datetime": "2019-09-11 17:32:12", "elapsed": 2493.713694, "delta": 10.858344}}
{"target": 0.44370806217193604, "params": {"ah_0_e": 36.4085059657874, "ah_0_s": -8.373427137387644, "ah_1_e": 21.34414135941062, "ah_1_m": 47.295051991373974, "ah_1_s": 1.5674682615247941, "ah_2_e": -10.0, "ah_2_m": -60.0, "ah_2_s": -10.0, "ba_0_e": -27.732588419678493, "ba_0_s": 17.13245144608097, "ba_1_e": 10.925209013018907, "ba_1_m": 49.63479312049347, "ba_1_s": 25.882684333890516, "ba_2_e": -10.0, "ba_2_m": -60.0, "ba_2_s": -10.0, "delay": 0.15830389498819755, "mi_0_e": 16.22432155113944, "mi_0_s": -5.0, "mi_1_e": 14.922349547559303, "mi_1_m": 33.74761720612441, "mi_1_s": 20.580506175613507, "mi_2_e": -10.0, "mi_2_m": -60.0, "mi_2_s": -10.0}, "datetime": {"datetime": "2019-09-11 17:32:22", "elapsed": 2504.453283, "delta": 10.739589}}
