{"target": 0.9774004220962524, "params": {"ah_0_e": 39.91440127229477, "ah_0_s": -0.7931148814680711, "ah_1_e": 11.985162371977498, "ah_1_m": 44.35574446396135, "ah_1_s": 4.4169221736787145, "ah_2_e": -10.0, "ah_2_m": -60.0, "ah_2_s": -10.0, "ba_0_e": -30.18358402792865, "ba_0_s": 13.632094985322672, "ba_1_e": 0.8662399340027477, "ba_1_m": 49.10706364786177, "ba_1_s": 29.85280983355534, "ba_2_e": -10.0, "ba_2_m": -60.0, "ba_2_s": -10.0, "delay": 0.15724177663729041, "mi_0_e": 11.79596528502124, "mi_0_s": -5.0, "mi_1_e": 2.6365063923611034, "mi_1_m": 46.81553084474763, "mi_1_s": 7.606929330617444, "mi_2_e": -10.0, "mi_2_m": -60.0, "mi_2_s": -10.0}, "datetime": {"datetime": "2019-09-11 17:08:15", "elapsed": 1056.806017, "delta": 9.250709}}
{"target": 0.22417977452278137, "params": {"ah_0_e": 30.663678214785474, "ah_0_s": -5.347824291723597, "ah_1_e": 34.71999801453061, "ah_1_m": 37.64314473770457, "ah_1_s": 27.30937158603895, "ah_2_e": -10.0, "ah_2_m": -60.0, "ah_2_s": -10.0, "ba_0_e": -20.783756702687516, "ba_0_s": 13.094221135985817, "ba_1_e": 6.216742669882734, "ba_1_m": 48.109042181483254, "ba_1_s": 34.900481399796206, "ba_2_e": -10.0, "ba_2_m": -60.0, "ba_2_s": -10.0, "delay": 0.20458323990529584, "mi_0_e": 10.125237404716378, "mi_0_s": -5.0, "mi_1_e": 0.35856749029075374, "mi_1_m": 46.86457361729447, "mi_1_s": 11.122955700484704, "mi_2_e": -10.0, "mi_2_m": -60.0, "mi_2_s": -10.0}, "datetime": {"datetime": "2019-09-11 17:08:24", "elapsed": 1066.259412, "delta": 9.453395}}
{"target": 1.2638550996780396, "params": {"ah_0_e": 22.17196346013865, "ah_0_s": -26.08022295876821, "ah_1_e": 9.593541762088295, "ah_1_m": 30.31949909663338, "ah_1_s": 2.177305466864845, "ah_2_e": -10.0, "ah_2_m": -60.0, "ah_2_s": -10.0, "ba_0_e": -32.54030493999595, "ba_0_s": 9.812766558305514, "ba_1_e": 1.1194848953256935, "ba_1_m": 47.83450865521141, "ba_1_s": 19.78152612445416, "ba_2_e": -10.0, "ba_2_m": -60.0, "ba_2_s": -10.0, "delay": 0.1429730206125815, "mi_0_e": 9.30296099601441, "mi_0_s": -5.0, "mi_1_e": 6.990246105270206, "mi_1_m": 31.29487168543651, "mi_1_s": 2.9661371474205636, "mi_2_e": -10.0, "mi_2_m": -60.0, "mi_2_s": -10.0}, "datetime": {"datetime": "2019-09-11 17:08:33", "elapsed": 1075.551027, "delta": 9.291615}}
{"target": 0.9817689061164856, "params": {"ah_0_e": 20.371454735979356, "ah_0_s": 4.0951072002247955, "ah_1_e": 4.731633532318129, "ah_1_m": 34.47059757024667, "ah_1_s": 4.853440839715969, "ah_2_e": -10.0, "ah_2_m": -60.0, "ah_2_s": -10.0, "ba_0_e": -32.031455583334356, "ba_0_s": 7.083232619938009, "ba_1_e": 1.5644454979006683, "ba_1_m": 47.918204275219395, "ba_1_s": 28.29184009450627, "ba_2_e": -10.0, "ba_2_m": -60.0, "ba_2_s": -10.0, "delay": 0.17762530866047063, "mi_0_e": 16.545933926865263, "mi_0_s": -5.0, "mi_1_e": 25.525103622929233, "mi_1_m": 46.923784006916755, "mi_1_s": 28.80902501005905, "mi_2_e": -10.0, "mi_2_m": -60.0, "mi_2_s": -10.0}, "datetime": {"datetime": "2019-09-11 17:08:43", "elapsed": 1084.908017, "delta": 9.35699}}
{"target": 0.972612738609314, "params": {"ah_0_e": 24.62204743674537, "ah_0_s": 3.4230163160667217, "ah_1_e": 5.6418322862101995, "ah_1_m": 34.97844057178664, "ah_1_s": 30.164186029803204, "ah_2_e": -10.0, "ah_2_m": -60.0, "ah_2_s": -10.0, "ba_0_e": -38.793837864274046, "ba_0_s": 39.38474287329679, "ba_1_e": 16.958970102475547, "ba_1_m": 49.95630834828089, "ba_1_s": 34.36131229249631, "ba_2_e": -10.0, "ba_2_m": -60.0, "ba_2_s": -10.0, "delay": 0.18752325706532572, "mi_0_e": 8.184630658938222, "mi_0_s": -5.0, "mi_1_e": 20.993221500926165, "mi_1_m": 48.55632369398347, "mi_1_s": 4.503209537526095, "mi_2_e": -10.0, "mi_2_m": -60.0, "mi_2_s": -10.0}, "datetime": {"datetime": "2019-09-11 17:08:52", "elapsed": 1094.297412, "delta": 9.389395}}
{"target": 0.9934238195419312, "params": {"ah_0_e": 12.73735616145693, "ah_0_s": -26.576592732831003, "ah_1_e": 18.29710666618943, "ah_1_m": 34.313632686942555, "ah_1_s": 19.169278225376917, "ah_2_e": -10.0, "ah_2_m": -60.0, "ah_2_s": -10.0, "ba_0_e": -30.35272263112546, "ba_0_s": 29.59730948456689, "ba_1_e": 1.0385517450014814, "ba_1_m": 48.623141704688024, "ba_1_s": 34.83979582017671, "ba_2_e": -10.0, "ba_2_m": -60.0, "ba_2_s": -10.0, "delay": 0.16997225252762332, "mi_0_e": 28.715874341611144, "mi_0_s": -5.0, "mi_1_e": 17.452576245191658, "mi_1_m": 39.34894993769402, "mi_1_s": 24.985231963961404, "mi_2_e": -10.0, "mi_2_m": -60.0, "mi_2_s": -10.0}, "datetime": {"datetime": "2019-09-11 17:09:02", "elapsed": 1103.738924, "delta": 9.441512}}
{"target": 0.7649052739143372, "params": {"ah_0_e": 11.926918218028426, "ah_0_s": -39.1496623926033, "ah_1_e": 2.219370568453628, "ah_1_m": 33.82230376051002, "ah_1_s": 20.191729275477524, "ah_2_e": -10.0, "ah_2_m": -60.0, "ah_2_s": -10.0, "ba_0_e": -32.969051383993474, "ba_0_s": 34.5971958469137, "ba_1_e": 1.3563364620400808, "ba_1_m": 47.43716970418028, "ba_1_s": 29.15638557911852, "ba_2_e": -10.0, "ba_2_m": -60.0, "ba_2_s": -10.0, "delay": 0.1728243387739704, "mi_0_e": 9.219169953831923, "mi_0_s": -5.0, "mi_1_e": 5.118633597795052, "mi_1_m": 31.68332563103245, "mi_1_s": 18.922807517258313, "mi_2_e": -10.0, "mi_2_m": -60.0, "mi_2_s": -10.0}, "datetime": {"datetime": "2019-09-11 17:09:11", "elapsed": 1113.267198, "delta": 9.528274}}
{"target": 0.2627434730529785, "params": {"ah_0_e": 38.81789402894804, "ah_0_s": -18.510992537309033, "ah_1_e": 26.86832587469479, "ah_1_m": 42.41252603556996, "ah_1_s": 4.147683314862674, "ah_2_e": -10.0, "ah_2_m": -60.0, "ah_2_s": -10.0, "ba_0_e": -38.27671028429345, "ba_0_s": 29.553885120717826, "ba_1_e": 3.535253461748234, "ba_1_m": 48.87208247216411, "ba_1_s": 31.03293646822747, "ba_2_e": -10.0, "ba_2_m": -60.0, "ba_2_s": -10.0, "delay": 0.1982781324980291, "mi_0_e": 36.524699772501705, "mi_0_s": -5.0, "mi_1_e": 0.5880926314271123, "mi_1_m": 42.91304479905415, "mi_1_s": 6.884532544416906, "mi_2_e": -10.0, "mi_2_m": -60.0, "mi_2_s": -10.0}, "datetime": {"datetime": "2019-09-11 17:09:21", "elapsed": 1122.585149, "delta": 9.317951}}
{"target": 1.2685980796813965, "params": {"ah_0_e": 31.767520391125693, "ah_0_s": -1.2946308634870576, "ah_1_e": 9.330430992900382, "ah_1_m": 34.1086444627375, "ah_1_s": 1.8207569133571915, "ah_2_e": -10.0, "ah_2_m": -60.0, "ah_2_s": -10.0, "ba_0_e": -14.76100279432007, "ba_0_s": 17.42034749671364, "ba_1_e": 14.235867439125991, "ba_1_m": 39.78036914825827, "ba_1_s": 32.434253367260084, "ba_2_e": -10.0, "ba_2_m": -60.0, "ba_2_s": -10.0, "delay": 0.19589707581242094, "mi_0_e": 6.390217405195683, "mi_0_s": -5.0, "mi_1_e": 1.0064312028335616, "mi_1_m": 40.46601125933538, "mi_1_s": 18.702930171443416, "mi_2_e": -10.0, "mi_2_m": -60.0, "mi_2_s": -10.0}, "datetime": {"datetime": "2019-09-11 17:09:30", "elapsed": 1131.895124, "delta": 9.309975}}
{"target": 0.16481436789035797, "params": {"ah_0_e": 21.32090037152338, "ah_0_s": -6.690641377600258, "ah_1_e": 15.706922032069809, "ah_1_m": 31.60268341545069, "ah_1_s": 1.0526016774040958, "ah_2_e": -10.0, "ah_2_m": -60.0, "ah_2_s": -10.0, "ba_0_e": -31.233021647499243, "ba_0_s": 11.062127354312938, "ba_1_e": 10.706159462330724, "ba_1_m": 46.50104360374223, "ba_1_s": 29.78141839474481, "ba_2_e": -10.0, "ba_2_m": -60.0, "ba_2_s": -10.0, "delay": 0.15113266353942248, "mi_0_e": 12.851759949430665, "mi_0_s": -5.0, "mi_1_e": 32.91805916743081, "mi_1_m": 34.29532535880173, "mi_1_s": 7.93839890380505, "mi_2_e": -10.0, "mi_2_m": -60.0, "mi_2_s": -10.0}, "datetime": {"datetime": "2019-09-11 17:09:39", "elapsed": 1141.143874, "delta": 9.24875}}
{"target": 0.6781426668167114, "params": {"ah_0_e": 18.475446527789273, "ah_0_s": -22.425180611580696, "ah_1_e": 7.142545432063013, "ah_1_m": 32.449381815586044, "ah_1_s": 7.205420759002776, "ah_2_e": -10.0, "ah_2_m": -60.0, "ah_2_s": -10.0, "ba_0_e": -20.741574737376116, "ba_0_s": 30.441368852886086, "ba_1_e": 1.0461168260094307, "ba_1_m": 47.10340524905145, "ba_1_s": 25.939907729021318, "ba_2_e": -10.0, "ba_2_m": -60.0, "ba_2_s": -10.0, "delay": 0.1879403579689224, "mi_0_e": 31.088770031251467, "mi_0_s": -5.0, "mi_1_e": 23.50897060414358, "mi_1_m": 43.693300366723136, "mi_1_s": 14.22674688709439, "mi_2_e": -10.0, "mi_2_m": -60.0, "mi_2_s": -10.0}, "datetime": {"datetime": "2019-09-11 17:09:48", "elapsed": 1150.526278, "delta": 9.382404}}
{"target": 1.0220178365707397, "params": {"ah_0_e": 30.58200427478551, "ah_0_s": 3.6658639097803487, "ah_1_e": 10.625506685222891, "ah_1_m": 31.65260444683218, "ah_1_s": 14.30230385535348, "ah_2_e": -10.0, "ah_2_m": -60.0, "ah_2_s": -10.0, "ba_0_e": -30.17697873981421, "ba_0_s": 30.11448970315044, "ba_1_e": 4.0888404210444325, "ba_1_m": 49.71110437164916, "ba_1_s": 5.21587950058929, "ba_2_e": -10.0, "ba_2_m": -60.0, "ba_2_s": -10.0, "delay": 0.18814877045788414, "mi_0_e": 6.021132487293313, "mi_0_s": -5.0, "mi_1_e": 9.657142852307391, "mi_1_m": 48.022414084881355, "mi_1_s": 24.76611087325097, "mi_2_e": -10.0, "mi_2_m": -60.0, "mi_2_s": -10.0}, "datetime": {"datetime": "2019-09-11 17:09:58", "elapsed": 1159.947592, "delta": 9.421314}}
{"target": 0.9087215662002563, "params": {"ah_0_e": 28.259657867997163, "ah_0_s": -34.55331523270716, "ah_1_e": 25.937036454124627, "ah_1_m": 47.05775143764467, "ah_1_s": 34.27825361554932, "ah_2_e": -10.0, "ah_2_m": -60.0, "ah_2_s": -10.0, "ba_0_e": -27.308682093231198, "ba_0_s": 29.694923464020455, "ba_1_e": 1.2271606794633487, "ba_1_m": 44.86371209500285, "ba_1_s": 33.44649138757243, "ba_2_e": -10.0, "ba_2_m": -60.0, "ba_2_s": -10.0, "delay": 0.1671874617350273, "mi_0_e": 9.938232276451533, "mi_0_s": -5.0, "mi_1_e": 32.57115844935036, "mi_1_m": 43.778154861091444, "mi_1_s": 21.566872696665573, "mi_2_e": -10.0, "mi_2_m": -60.0, "mi_2_s": -10.0}, "datetime": {"datetime": "2019-09-11 17:10:07", "elapsed": 1169.566109, "delta": 9.618517}}
{"target": 0.35330864787101746, "params": {"ah_0_e": 39.847063245488556, "ah_0_s": -22.94978187746714, "ah_1_e": 24.93909089526951, "ah_1_m": 32.03621416466556, "ah_1_s": 8.271387413160546, "ah_2_e": -10.0, "ah_2_m": -60.0, "ah_2_s": -10.0, "ba_0_e": -11.54556347738944, "ba_0_s": 17.411930364947377, "ba_1_e": 1.288029485720955, "ba_1_m": 47.42418856484342, "ba_1_s": 23.418235811136462, "ba_2_e": -10.0, "ba_2_m": -60.0, "ba_2_s": -10.0, "delay": 0.20113782107575734, "mi_0_e": 12.396864314616153, "mi_0_s": -5.0, "mi_1_e": 31.697123669963897, "mi_1_m": 48.20491627728053, "mi_1_s": 18.619559762694408, "mi_2_e": -10.0, "mi_2_m": -60.0, "mi_2_s": -10.0}, "datetime": {"datetime": "2019-09-11 17:10:17", "elapsed": 1178.93952, "delta": 9.373411}}
{"target": 0.3538757562637329, "params": {"ah_0_e": 9.390565194965115, "ah_0_s": -18.73934213640382, "ah_1_e": 0.22672248112892757, "ah_1_m": 41.269305388659134, "ah_1_s": 34.01847239523866, "ah_2_e": -10.0, "ah_2_m": -60.0, "ah_2_s": -10.0, "ba_0_e": -22.8187332464815, "ba_0_s": 8.772233510723286, "ba_1_e": 14.147177358162558, "ba_1_m": 48.33656437125609, "ba_1_s": 31.12887737023629, "ba_2_e": -10.0, "ba_2_m": -60.0, "ba_2_s": -10.0, "delay": 0.19776722537491898, "mi_0_e": 8.391405181936994, "mi_0_s": -5.0, "mi_1_e": 31.048945064394516, "mi_1_m": 34.50085757586247, "mi_1_s": 6.216940682643362, "mi_2_e": -10.0, "mi_2_m": -60.0, "mi_2_s": -10.0}, "datetime": {"datetime": "2019-09-11 17:10:26", "elapsed": 1188.430486, "delta": 9.490966}}
{"target": 0.7656397819519043, "params": {"ah_0_e": 18.794464857021865, "ah_0_s": -15.57350218207311, "ah_1_e": 4.994976149889036, "ah_1_m": 34.215224285938525, "ah_1_s": 3.7443469055618666, "ah_2_e": -10.0, "ah_2_m": -60.0, "ah_2_s": -10.0, "ba_0_e": -37.38615384455458, "ba_0_s": 24.590791098469033, "ba_1_e": 14.004315396200766, "ba_1_m": 49.74565306868475, "ba_1_s": 31.233093591043506, "ba_2_e": -10.0, "ba_2_m": -60.0, "ba_2_s": -10.0, "delay": 0.15593719695825825, "mi_0_e": 7.588817489343343, "mi_0_s": -5.0, "mi_1_e": 2.567963617390716, "mi_1_m": 46.56455974807223, "mi_1_s": 34.195716234935134, "mi_2_e": -10.0, "mi_2_m": -60.0, "mi_2_s": -10.0}, "datetime": {"datetime": "2019-09-11 17:10:36", "elapsed": 1198.10549, "delta": 9.675004}}
{"target": 0.23570261895656586, "params": {"ah_0_e": 22.433392790375684, "ah_0_s": -0.22558656856803339, "ah_1_e": 28.997906203863014, "ah_1_m": 35.97495601687454, "ah_1_s": 33.51100904010206, "ah_2_e": -10.0, "ah_2_m": -60.0, "ah_2_s": -10.0, "ba_0_e": -13.676597098881182, "ba_0_s": 28.297636462339835, "ba_1_e": 8.474521553466955, "ba_1_m": 49.094050268779, "ba_1_s": 32.784642283814605, "ba_2_e": -10.0, "ba_2_m": -60.0, "ba_2_s": -10.0, "delay": 0.16755383514039304, "mi_0_e": 25.491256693458492, "mi_0_s": -5.0, "mi_1_e": 1.9001495229356475, "mi_1_m": 34.01266266537398, "mi_1_s": 23.989424560149118, "mi_2_e": -10.0, "mi_2_m": -60.0, "mi_2_s": -10.0}, "datetime": {"datetime": "2019-09-11 17:10:45", "elapsed": 1207.544269, "delta": 9.438779}}
{"target": 0.8822723627090454, "params": {"ah_0_e": 32.17308592039192, "ah_0_s": -16.114906455274415, "ah_1_e": 27.413383812087602, "ah_1_m": 45.7133830861133, "ah_1_s": 0.4376561113481986, "ah_2_e": -10.0, "ah_2_m": -60.0, "ah_2_s": -10.0, "ba_0_e": -32.30067316424267, "ba_0_s": 35.559617569619924, "ba_1_e": 3.0218616038700548, "ba_1_m": 46.117862552189074, "ba_1_s": 25.01872373205086, "ba_2_e": -10.0, "ba_2_m": -60.0, "ba_2_s": -10.0, "delay": 0.20811140353560942, "mi_0_e": 16.42568641434249, "mi_0_s": -5.0, "mi_1_e": 11.031319174629445, "mi_1_m": 45.21089528511202, "mi_1_s": 27.065489336760066, "mi_2_e": -10.0, "mi_2_m": -60.0, "mi_2_s": -10.0}, "datetime": {"datetime": "2019-09-11 17:10:55", "elapsed": 1217.019149, "delta": 9.47488}}
{"target": 0.592456579208374, "params": {"ah_0_e": 22.207126254153582, "ah_0_s": -6.669356213059409, "ah_1_e": 31.272585491258905, "ah_1_m": 33.1080317715977, "ah_1_s": 0.524798823715476, "ah_2_e": -10.0, "ah_2_m": -60.0, "ah_2_s": -10.0, "ba_0_e": -31.454169623885747, "ba_0_s": 21.86192446059298, "ba_1_e": 4.880674594106891, "ba_1_m": 48.04999935681364, "ba_1_s": 29.54291753500884, "ba_2_e": -10.0, "ba_2_m": -60.0, "ba_2_s": -10.0, "delay": 0.19053976005003115, "mi_0_e": 20.30688768170889, "mi_0_s": -5.0, "mi_1_e": 1.5316658520886917, "mi_1_m": 49.36543852287027, "mi_1_s": 28.233546131331497, "mi_2_e": -10.0, "mi_2_m": -60.0, "mi_2_s": -10.0}, "datetime": {"datetime": "2019-09-11 17:11:04", "elapsed": 1226.47117, "delta": 9.452021}}
{"target": 0.9347094893455505, "params": {"ah_0_e": 36.848283445464524, "ah_0_s": 0.7807095038950251, "ah_1_e": 5.301486787179473, "ah_1_m": 46.323299737057745, "ah_1_s": 33.1911796436947, "ah_2_e": -10.0, "ah_2_m": -60.0, "ah_2_s": -10.0, "ba_0_e": -39.685710512041716, "ba_0_s": 18.745137183225857, "ba_1_e": 5.4034915700063895, "ba_1_m": 46.67164048902916, "ba_1_s": 32.665445463300095, "ba_2_e": -10.0, "ba_2_m": -60.0, "ba_2_s": -10.0, "delay": 0.16365999922740138, "mi_0_e": 20.392487628845856, "mi_0_s": -5.0, "mi_1_e": 12.480607779811033, "mi_1_m": 39.818584818118374, "mi_1_s": 33.42997263420436, "mi_2_e": -10.0, "mi_2_m": -60.0, "mi_2_s": -10.0}, "datetime": {"datetime": "2019-09-11 17:11:14", "elapsed": 1235.994785, "delta": 9.523615}}
{"target": 0.9067258834838867, "params": {"ah_0_e": 30.619861841934373, "ah_0_s": 4.26771448169815, "ah_1_e": 1.3603804067202596, "ah_1_m": 34.36942223901856, "ah_1_s": 20.035923106673124, "ah_2_e": -10.0, "ah_2_m": -60.0, "ah_2_s": -10.0, "ba_0_e": -23.309431116728817, "ba_0_s": 33.43346301192176, "ba_1_e": 1.6428253419223537, "ba_1_m": 47.38650423008511, "ba_1_s": 31.666423272734317, "ba_2_e": -10.0, "ba_2_m": -60.0, "ba_2_s": -10.0, "delay": 0.20970375525372772, "mi_0_e": 7.54761942705954, "mi_0_s": -5.0, "mi_1_e": 19.74828311347734, "mi_1_m": 47.94012160275338, "mi_1_s": 11.926102523055095, "mi_2_e": -10.0, "mi_2_m": -60.0, "mi_2_s": -10.0}, "datetime": {"datetime": "2019-09-11 17:11:23", "elapsed": 1245.327083, "delta": 9.332298}}
{"target": 0.8777725100517273, "params": {"ah_0_e": 33.73276696595764, "ah_0_s": -29.185325134558443, "ah_1_e": 20.606318733767726, "ah_1_m": 41.650839829937965, "ah_1_s": 4.944057607020472, "ah_2_e": -10.0, "ah_2_m": -60.0, "ah_2_s": -10.0, "ba_0_e": -0.6803219272490324, "ba_0_s": 33.19519274981876, "ba_1_e": 29.40530424689032, "ba_1_m": 48.366651096573676, "ba_1_s": 34.55455411023358, "ba_2_e": -10.0, "ba_2_m": -60.0, "ba_2_s": -10.0, "delay": 0.13086353939713002, "mi_0_e": 7.493784126669933, "mi_0_s": -5.0, "mi_1_e": 18.62428819896846, "mi_1_m": 44.79744809486128, "mi_1_s": 29.109301234682516, "mi_2_e": -10.0, "mi_2_m": -60.0, "mi_2_s": -10.0}, "datetime": {"datetime": "2019-09-11 17:11:33", "elapsed": 1254.893895, "delta": 9.566812}}
{"target": 0.8031185269355774, "params": {"ah_0_e": 15.072897612498265, "ah_0_s": -17.1959707997714, "ah_1_e": 25.301420212186848, "ah_1_m": 31.99571063005403, "ah_1_s": 22.556702276819564, "ah_2_e": -10.0, "ah_2_m": -60.0, "ah_2_s": -10.0, "ba_0_e": -11.267010337166894, "ba_0_s": 23.55919049228249, "ba_1_e": 10.060028115521314, "ba_1_m": 49.35527718372078, "ba_1_s": 30.131785105195185, "ba_2_e": -10.0, "ba_2_m": -60.0, "ba_2_s": -10.0, "delay": 0.14651068367180706, "mi_0_e": 14.492083745446704, "mi_0_s": -5.0, "mi_1_e": 4.858131332614746, "mi_1_m": 48.51093172320128, "mi_1_s": 2.3079659584110424, "mi_2_e": -10.0, "mi_2_m": -60.0, "mi_2_s": -10.0}, "datetime": {"datetime": "2019-09-11 17:11:42", "elapsed": 1264.351512, "delta": 9.457617}}
{"target": 1.1841961145401, "params": {"ah_0_e": 32.67892236308852, "ah_0_s": -20.96926579184748, "ah_1_e": 8.239149716655, "ah_1_m": 46.20650719579122, "ah_1_s": 12.671810980260517, "ah_2_e": -10.0, "ah_2_m": -60.0, "ah_2_s": -10.0, "ba_0_e": -23.69502637782087, "ba_0_s": 9.892039197301338, "ba_1_e": 13.934381901549699, "ba_1_m": 48.36397586308687, "ba_1_s": 33.4405731252439, "ba_2_e": -10.0, "ba_2_m": -60.0, "ba_2_s": -10.0, "delay": 0.13631601901170626, "mi_0_e": 9.197571741651872, "mi_0_s": -5.0, "mi_1_e": 24.613486337768055, "mi_1_m": 43.38065362082819, "mi_1_s": 2.3225590703612524, "mi_2_e": -10.0, "mi_2_m": -60.0, "mi_2_s": -10.0}, "datetime": {"datetime": "2019-09-11 17:11:52", "elapsed": 1273.769465, "delta": 9.417953}}
{"target": 1.1433559656143188, "params": {"ah_0_e": 17.402798124948347, "ah_0_s": -39.40250262014966, "ah_1_e": 8.295458368505475, "ah_1_m": 33.87044314426383, "ah_1_s": 22.164601259801536, "ah_2_e": -10.0, "ah_2_m": -60.0, "ah_2_s": -10.0, "ba_0_e": -27.928254195291032, "ba_0_s": 14.670526253326779, "ba_1_e": 0.6204963904013622, "ba_1_m": 46.003760448050414, "ba_1_s": 29.159018616881596, "ba_2_e": -10.0, "ba_2_m": -60.0, "ba_2_s": -10.0, "delay": 0.18188712517898706, "mi_0_e": 19.921314103993186, "mi_0_s": -5.0, "mi_1_e": 7.245245145719743, "mi_1_m": 32.678270732284204, "mi_1_s": 20.56192372480735, "mi_2_e": -10.0, "mi_2_m": -60.0, "mi_2_s": -10.0}, "datetime": {"datetime": "2019-09-11 17:12:01", "elapsed": 1283.21147, "delta": 9.442005}}
{"target": 1.2253044843673706, "params": {"ah_0_e": 39.663228515240796, "ah_0_s": -3.0519583703125335, "ah_1_e": 5.489847152458365, "ah_1_m": 42.49551001852131, "ah_1_s": 6.256676450091784, "ah_2_e": -10.0, "ah_2_m": -60.0, "ah_2_s": -10.0, "ba_0_e": -17.352360307981574, "ba_0_s": 13.642760106130721, "ba_1_e": 13.354569835578138, "ba_1_m": 48.80534603802258, "ba_1_s": 29.38777866064307, "ba_2_e": -10.0, "ba_2_m": -60.0, "ba_2_s": -10.0, "delay": 0.19661326826889258, "mi_0_e": 5.521429237134372, "mi_0_s": -5.0, "mi_1_e": 6.744510509221359, "mi_1_m": 37.80643069560415, "mi_1_s": 7.9690707664443625, "mi_2_e": -10.0, "mi_2_m": -60.0, "mi_2_s": -10.0}, "datetime": {"datetime": "2019-09-11 17:12:11", "elapsed": 1292.732421, "delta": 9.520951}}
{"target": 0.9978383779525757, "params": {"ah_0_e": 25.700130279605492, "ah_0_s": -34.84834257915682, "ah_1_e": 13.15997216430335, "ah_1_m": 40.560040462095, "ah_1_s": 34.59537021641546, "ah_2_e": -10.0, "ah_2_m": -60.0, "ah_2_s": -10.0, "ba_0_e": -37.77390318232522, "ba_0_s": 31.294860728630017, "ba_1_e": 3.4371237888190387, "ba_1_m": 46.74374790759808, "ba_1_s": 31.287521673747335, "ba_2_e": -10.0, "ba_2_m": -60.0, "ba_2_s": -10.0, "delay": 0.20504499638600038, "mi_0_e": 5.131202916920417, "mi_0_s": -5.0, "mi_1_e": 24.074024777896316, "mi_1_m": 48.653409388179895, "mi_1_s": 22.2955340742556, "mi_2_e": -10.0, "mi_2_m": -60.0, "mi_2_s": -10.0}, "datetime": {"datetime": "2019-09-11 17:12:20", "elapsed": 1302.452273, "delta": 9.719852}}
{"target": 0.3117036521434784, "params": {"ah_0_e": 36.19824397871756, "ah_0_s": -22.93389393963831, "ah_1_e": 6.902767017419812, "ah_1_m": 42.670119538393365, "ah_1_s": 2.106456768663106, "ah_2_e": -10.0, "ah_2_m": -60.0, "ah_2_s": -10.0, "ba_0_e": -36.28516388986166, "ba_0_s": 22.860297168411602, "ba_1_e": 2.6608886112467864, "ba_1_m": 38.22836444808942, "ba_1_s": 28.381481778851466, "ba_2_e": -10.0, "ba_2_m": -60.0, "ba_2_s": -10.0, "delay": 0.15773156790238738, "mi_0_e": 7.855601307665483, "mi_0_s": -5.0, "mi_1_e": 19.970514835616022, "mi_1_m": 42.003474773963895, "mi_1_s": 5.2273478719330635, "mi_2_e": -10.0, "mi_2_m": -60.0, "mi_2_s": -10.0}, "datetime": {"datetime": "2019-09-11 17:12:30", "elapsed": 1311.945404, "delta": 9.493131}}
{"target": 1.2415493726730347, "params": {"ah_0_e": 26.446244785364513, "ah_0_s": -28.719832182272064, "ah_1_e": 7.508256442009472, "ah_1_m": 49.65771412661391, "ah_1_s": 6.9481727694128335, "ah_2_e": -10.0, "ah_2_m": -60.0, "ah_2_s": -10.0, "ba_0_e": -30.22896976613657, "ba_0_s": 31.17436523478188, "ba_1_e": 0.988626487366755, "ba_1_m": 49.80622807727481, "ba_1_s": 25.30851711496262, "ba_2_e": -10.0, "ba_2_m": -60.0, "ba_2_s": -10.0, "delay": 0.1456311973369278, "mi_0_e": 10.023690959142133, "mi_0_s": -5.0, "mi_1_e": 13.97277598040256, "mi_1_m": 40.80862094309758, "mi_1_s": 1.8809397836994213, "mi_2_e": -10.0, "mi_2_m": -60.0, "mi_2_s": -10.0}, "datetime": {"datetime": "2019-09-11 17:12:40", "elapsed": 1321.592814, "delta": 9.64741}}
