{"target": 1.0498546361923218, "params": {"ah_0_e": 28.570748285425474, "ah_0_s": 0.3032959636078658, "ah_1_e": 6.574604652757295, "ah_1_m": 32.634421912902454, "ah_1_s": 3.739878556265021, "ah_2_e": -10.0, "ah_2_m": -60.0, "ah_2_s": -10.0, "ba_0_e": -35.12749113372202, "ba_0_s": 6.747486148795833, "ba_1_e": 0.49783132746274383, "ba_1_m": 44.00717194026781, "ba_1_s": 27.112771549913173, "ba_2_e": -10.0, "ba_2_m": -60.0, "ba_2_s": -10.0, "delay": 0.15144817862114077, "mi_0_e": 6.531379346472658, "mi_0_s": -5.0, "mi_1_e": 0.8444676823997183, "mi_1_m": 44.498309792225456, "mi_1_s": 10.991150341436423, "mi_2_e": -10.0, "mi_2_m": -60.0, "mi_2_s": -10.0}, "datetime": {"datetime": "2019-09-11 17:17:31", "elapsed": 1613.47707, "delta": 9.826046}}
{"target": 0.9870522618293762, "params": {"ah_0_e": 32.92001500356073, "ah_0_s": -17.575288563206776, "ah_1_e": 6.531288034331703, "ah_1_m": 32.33583149931269, "ah_1_s": 2.4404825050916386, "ah_2_e": -10.0, "ah_2_m": -60.0, "ah_2_s": -10.0, "ba_0_e": -18.21888634867793, "ba_0_s": 31.836022619875116, "ba_1_e": 25.721464868391237, "ba_1_m": 37.553407739234025, "ba_1_s": 32.86632762787929, "ba_2_e": -10.0, "ba_2_m": -60.0, "ba_2_s": -10.0, "delay": 0.20117766214265165, "mi_0_e": 5.348323298839322, "mi_0_s": -5.0, "mi_1_e": 7.672610065798389, "mi_1_m": 44.31799497748564, "mi_1_s": 23.875156421327056, "mi_2_e": -10.0, "mi_2_m": -60.0, "mi_2_s": -10.0}, "datetime": {"datetime": "2019-09-11 17:17:41", "elapsed": 1623.2841, "delta": 9.80703}}
{"target": 1.2430838346481323, "params": {"ah_0_e": 24.505486291334464, "ah_0_s": -33.181785252778035, "ah_1_e": 16.506556434592657, "ah_1_m": 42.45025115784312, "ah_1_s": 16.30579831995477, "ah_2_e": -10.0, "ah_2_m": -60.0, "ah_2_s": -10.0, "ba_0_e": -36.376464742956, "ba_0_s": 38.932729484476496, "ba_1_e": 0.5386811771086875, "ba_1_m": 49.89516494052731, "ba_1_s": 29.61039926829549, "ba_2_e": -10.0, "ba_2_m": -60.0, "ba_2_s": -10.0, "delay": 0.19361614488764473, "mi_0_e": 16.783600600680764, "mi_0_s": -5.0, "mi_1_e": 1.450319001330807, "mi_1_m": 39.172623858530976, "mi_1_s": 20.521395759742145, "mi_2_e": -10.0, "mi_2_m": -60.0, "mi_2_s": -10.0}, "datetime": {"datetime": "2019-09-11 17:17:51", "elapsed": 1633.179412, "delta": 9.895312}}
{"target": 0.76866614818573, "params": {"ah_0_e": 22.731431073210565, "ah_0_s": -17.899773317817512, "ah_1_e": 21.195585614549437, "ah_1_m": 31.700841901297334, "ah_1_s": 33.105595722845685, "ah_2_e": -10.0, "ah_2_m": -60.0, "ah_2_s": -10.0, "ba_0_e": -36.33034980854178, "ba_0_s": 23.40067001188111, "ba_1_e": 7.551696373101319, "ba_1_m": 46.07825175302603, "ba_1_s": 33.17688077106173, "ba_2_e": -10.0, "ba_2_m": -60.0, "ba_2_s": -10.0, "delay": 0.17271671546933198, "mi_0_e": 5.002782060858159, "mi_0_s": -5.0, "mi_1_e": 16.36093306768806, "mi_1_m": 49.770647484639596, "mi_1_s": 22.118842000536105, "mi_2_e": -10.0, "mi_2_m": -60.0, "mi_2_s": -10.0}, "datetime": {"datetime": "2019-09-11 17:18:01", "elapsed": 1643.245581, "delta": 10.066169}}
{"target": 1.1806769371032715, "params": {"ah_0_e": 39.33038765753815, "ah_0_s": -31.531628696999867, "ah_1_e": 12.193278578575827, "ah_1_m": 43.96501144189237, "ah_1_s": 5.454776627660303, "ah_2_e": -10.0, "ah_2_m": -60.0, "ah_2_s": -10.0, "ba_0_e": -16.692778881521537, "ba_0_s": 31.663003809659816, "ba_1_e": 12.127295921888882, "ba_1_m": 47.24220690077078, "ba_1_s": 32.068485213170206, "ba_2_e": -10.0, "ba_2_m": -60.0, "ba_2_s": -10.0, "delay": 0.14550537328030225, "mi_0_e": 11.11757168237532, "mi_0_s": -5.0, "mi_1_e": 10.186487744695212, "mi_1_m": 42.76419754974956, "mi_1_s": 7.174714527696916, "mi_2_e": -10.0, "mi_2_m": -60.0, "mi_2_s": -10.0}, "datetime": {"datetime": "2019-09-11 17:18:11", "elapsed": 1653.022148, "delta": 9.776567}}
{"target": 0.6836731433868408, "params": {"ah_0_e": 13.061388607485206, "ah_0_s": -19.96438046504637, "ah_1_e": 0.5197175502340684, "ah_1_m": 44.82570232585181, "ah_1_s": 6.4579417823852285, "ah_2_e": -10.0, "ah_2_m": -60.0, "ah_2_s": -10.0, "ba_0_e": -30.04562330639977, "ba_0_s": 18.013742991838768, "ba_1_e": 1.1951313835691564, "ba_1_m": 49.9526199219894, "ba_1_s": 32.10348917353864, "ba_2_e": -10.0, "ba_2_m": -60.0, "ba_2_s": -10.0, "delay": 0.16595962108999415, "mi_0_e": 7.167181957842915, "mi_0_s": -5.0, "mi_1_e": 23.989858395107472, "mi_1_m": 46.01564920537696, "mi_1_s": 9.87467654748794, "mi_2_e": -10.0, "mi_2_m": -60.0, "mi_2_s": -10.0}, "datetime": {"datetime": "2019-09-11 17:18:21", "elapsed": 1663.156148, "delta": 10.134}}
{"target": 1.19672691822052, "params": {"ah_0_e": 30.22220054529758, "ah_0_s": -36.91830428085517, "ah_1_e": 13.097972855711042, "ah_1_m": 40.1965896074627, "ah_1_s": 24.838435708254583, "ah_2_e": -10.0, "ah_2_m": -60.0, "ah_2_s": -10.0, "ba_0_e": -39.53028584397732, "ba_0_s": 18.116358855420025, "ba_1_e": 2.6966538241276377, "ba_1_m": 49.24830982585869, "ba_1_s": 34.96241380709307, "ba_2_e": -10.0, "ba_2_m": -60.0, "ba_2_s": -10.0, "delay": 0.13094515022031, "mi_0_e": 36.703006483245886, "mi_0_s": -5.0, "mi_1_e": 6.485317769173982, "mi_1_m": 46.72631152911598, "mi_1_s": 24.870134824099804, "mi_2_e": -10.0, "mi_2_m": -60.0, "mi_2_s": -10.0}, "datetime": {"datetime": "2019-09-11 17:18:31", "elapsed": 1673.257922, "delta": 10.101774}}
{"target": 0.37329989671707153, "params": {"ah_0_e": 33.96806794931459, "ah_0_s": -38.79212246372038, "ah_1_e": 8.091459322917688, "ah_1_m": 39.425419475401426, "ah_1_s": 20.299426980638298, "ah_2_e": -10.0, "ah_2_m": -60.0, "ah_2_s": -10.0, "ba_0_e": -17.094837504018145, "ba_0_s": 33.63728280152303, "ba_1_e": 8.486118914641313, "ba_1_m": 49.824674141374274, "ba_1_s": 26.473591358495707, "ba_2_e": -10.0, "ba_2_m": -60.0, "ba_2_s": -10.0, "delay": 0.16859147565190116, "mi_0_e": 15.205551195394673, "mi_0_s": -5.0, "mi_1_e": 26.442576265712937, "mi_1_m": 36.30288642760952, "mi_1_s": 10.099486880417864, "mi_2_e": -10.0, "mi_2_m": -60.0, "mi_2_s": -10.0}, "datetime": {"datetime": "2019-09-11 17:18:41", "elapsed": 1683.308373, "delta": 10.050451}}
{"target": 1.0186656713485718, "params": {"ah_0_e": 27.910592634691945, "ah_0_s": -22.738739862477797, "ah_1_e": 14.191262741432654, "ah_1_m": 30.237135875819373, "ah_1_s": 10.891766555074206, "ah_2_e": -10.0, "ah_2_m": -60.0, "ah_2_s": -10.0, "ba_0_e": -27.52455549402611, "ba_0_s": 39.39294955734536, "ba_1_e": 0.5435370833849584, "ba_1_m": 48.74998128702225, "ba_1_s": 29.878720817204734, "ba_2_e": -10.0, "ba_2_m": -60.0, "ba_2_s": -10.0, "delay": 0.14482471767419824, "mi_0_e": 10.5305805513124, "mi_0_s": -5.0, "mi_1_e": 12.658507535116, "mi_1_m": 38.41644046797827, "mi_1_s": 10.671002092033936, "mi_2_e": -10.0, "mi_2_m": -60.0, "mi_2_s": -10.0}, "datetime": {"datetime": "2019-09-11 17:18:51", "elapsed": 1693.067308, "delta": 9.758935}}
{"target": 0.8953486084938049, "params": {"ah_0_e": 39.973111052690456, "ah_0_s": 4.063527236469433, "ah_1_e": 13.798008199357286, "ah_1_m": 46.47637470991866, "ah_1_s": 15.06776574993216, "ah_2_e": -10.0, "ah_2_m": -60.0, "ah_2_s": -10.0, "ba_0_e": -32.397868077494486, "ba_0_s": 8.684753433605609, "ba_1_e": 18.562777244979916, "ba_1_m": 47.67027032970911, "ba_1_s": 30.73222664667622, "ba_2_e": -10.0, "ba_2_m": -60.0, "ba_2_s": -10.0, "delay": 0.14525192053394562, "mi_0_e": 15.07926255445491, "mi_0_s": -5.0, "mi_1_e": 5.220682306111418, "mi_1_m": 38.81819348011898, "mi_1_s": 33.93259671864156, "mi_2_e": -10.0, "mi_2_m": -60.0, "mi_2_s": -10.0}, "datetime": {"datetime": "2019-09-11 17:19:01", "elapsed": 1702.886095, "delta": 9.818787}}
{"target": 1.2960765361785889, "params": {"ah_0_e": 32.016999418130865, "ah_0_s": 4.101103422460163, "ah_1_e": 2.587905300553061, "ah_1_m": 32.4972017217069, "ah_1_s": 26.844169173771892, "ah_2_e": -10.0, "ah_2_m": -60.0, "ah_2_s": -10.0, "ba_0_e": -37.522398092227384, "ba_0_s": 33.14154712178791, "ba_1_e": 21.897967038640477, "ba_1_m": 47.61808784270778, "ba_1_s": 23.281457678921733, "ba_2_e": -10.0, "ba_2_m": -60.0, "ba_2_s": -10.0, "delay": 0.15233178105686654, "mi_0_e": 5.177867800277509, "mi_0_s": -5.0, "mi_1_e": 2.4075244097895294, "mi_1_m": 36.76967059546757, "mi_1_s": 24.653323321869415, "mi_2_e": -10.0, "mi_2_m": -60.0, "mi_2_s": -10.0}, "datetime": {"datetime": "2019-09-11 17:19:11", "elapsed": 1713.069719, "delta": 10.183624}}
{"target": 0.9719015955924988, "params": {"ah_0_e": 33.23936907681605, "ah_0_s": -34.06963828787207, "ah_1_e": 16.671490876606665, "ah_1_m": 38.22281323880353, "ah_1_s": 17.02521935545479, "ah_2_e": -10.0, "ah_2_m": -60.0, "ah_2_s": -10.0, "ba_0_e": -32.71427717323928, "ba_0_s": 37.13043425710283, "ba_1_e": 1.6647278242018737, "ba_1_m": 49.52224413139421, "ba_1_s": 34.51655117294932, "ba_2_e": -10.0, "ba_2_m": -60.0, "ba_2_s": -10.0, "delay": 0.17250199072690175, "mi_0_e": 14.351359785182126, "mi_0_s": -5.0, "mi_1_e": 15.98806226018428, "mi_1_m": 43.01224230324384, "mi_1_s": 33.9027475330181, "mi_2_e": -10.0, "mi_2_m": -60.0, "mi_2_s": -10.0}, "datetime": {"datetime": "2019-09-11 17:19:21", "elapsed": 1723.065383, "delta": 9.995664}}
{"target": 1.1021366119384766, "params": {"ah_0_e": 33.220850408910316, "ah_0_s": -12.11647736124932, "ah_1_e": 1.4883404425687108, "ah_1_m": 34.12649820267521, "ah_1_s": 8.42555173242254, "ah_2_e": -10.0, "ah_2_m": -60.0, "ah_2_s": -10.0, "ba_0_e": -31.06337498216535, "ba_0_s": 11.261190060219995, "ba_1_e": 3.2318378716945375, "ba_1_m": 48.62231252543397, "ba_1_s": 34.58163207505971, "ba_2_e": -10.0, "ba_2_m": -60.0, "ba_2_s": -10.0, "delay": 0.14914801493109928, "mi_0_e": 11.705091850223893, "mi_0_s": -5.0, "mi_1_e": 12.445876832807265, "mi_1_m": 49.074590734955635, "mi_1_s": 3.3910202135603287, "mi_2_e": -10.0, "mi_2_m": -60.0, "mi_2_s": -10.0}, "datetime": {"datetime": "2019-09-11 17:19:31", "elapsed": 1733.047742, "delta": 9.982359}}
{"target": 0.9906539916992188, "params": {"ah_0_e": 24.644414522325544, "ah_0_s": -19.55635446850019, "ah_1_e": 14.832493758674755, "ah_1_m": 31.05348044606849, "ah_1_s": 24.960025239602793, "ah_2_e": -10.0, "ah_2_m": -60.0, "ah_2_s": -10.0, "ba_0_e": -3.376756496069781, "ba_0_s": 34.15096708986185, "ba_1_e": 5.874431452314566, "ba_1_m": 49.087756695239655, "ba_1_s": 34.09418976184576, "ba_2_e": -10.0, "ba_2_m": -60.0, "ba_2_s": -10.0, "delay": 0.16090952360139005, "mi_0_e": 5.567324653673506, "mi_0_s": -5.0, "mi_1_e": 25.863059564589925, "mi_1_m": 36.19467028409702, "mi_1_s": 0.639043527833773, "mi_2_e": -10.0, "mi_2_m": -60.0, "mi_2_s": -10.0}, "datetime": {"datetime": "2019-09-11 17:19:41", "elapsed": 1743.181142, "delta": 10.1334}}
{"target": 0.8597128391265869, "params": {"ah_0_e": 39.54300399120057, "ah_0_s": -17.118562470769696, "ah_1_e": 29.63573036128371, "ah_1_m": 46.92785892654387, "ah_1_s": 11.797331259910855, "ah_2_e": -10.0, "ah_2_m": -60.0, "ah_2_s": -10.0, "ba_0_e": -19.972590226868913, "ba_0_s": 15.976733036705804, "ba_1_e": 7.974531232836247, "ba_1_m": 35.25071945936108, "ba_1_s": 27.492277496742314, "ba_2_e": -10.0, "ba_2_m": -60.0, "ba_2_s": -10.0, "delay": 0.16522767595105248, "mi_0_e": 5.492546126228662, "mi_0_s": -5.0, "mi_1_e": 2.1646583329176368, "mi_1_m": 32.87349578021881, "mi_1_s": 31.899149256278754, "mi_2_e": -10.0, "mi_2_m": -60.0, "mi_2_s": -10.0}, "datetime": {"datetime": "2019-09-11 17:19:51", "elapsed": 1753.107711, "delta": 9.926569}}
{"target": 1.504993200302124, "params": {"ah_0_e": 24.712194318761977, "ah_0_s": 3.1587538646316844, "ah_1_e": 18.19876950780483, "ah_1_m": 37.059713921463405, "ah_1_s": 2.4193169188997055, "ah_2_e": -10.0, "ah_2_m": -60.0, "ah_2_s": -10.0, "ba_0_e": -14.15346330354068, "ba_0_s": 30.241492337478086, "ba_1_e": 29.68479230539375, "ba_1_m": 49.65699578068627, "ba_1_s": 33.75149590655003, "ba_2_e": -10.0, "ba_2_m": -60.0, "ba_2_s": -10.0, "delay": 0.13996858071625087, "mi_0_e": 7.4984267366079616, "mi_0_s": -5.0, "mi_1_e": 3.8086354826805553, "mi_1_m": 30.64326116047765, "mi_1_s": 34.40022441549754, "mi_2_e": -10.0, "mi_2_m": -60.0, "mi_2_s": -10.0}, "datetime": {"datetime": "2019-09-11 17:20:01", "elapsed": 1763.32002, "delta": 10.212309}}
{"target": 1.1606981754302979, "params": {"ah_0_e": 36.97226894462505, "ah_0_s": -30.11753461657096, "ah_1_e": 8.524242507401695, "ah_1_m": 46.348749600452436, "ah_1_s": 8.328612860681822, "ah_2_e": -10.0, "ah_2_m": -60.0, "ah_2_s": -10.0, "ba_0_e": -20.731500057774472, "ba_0_s": 6.4106820149850945, "ba_1_e": 2.482633808642194, "ba_1_m": 49.52317850444649, "ba_1_s": 34.38915598761201, "ba_2_e": -10.0, "ba_2_m": -60.0, "ba_2_s": -10.0, "delay": 0.1917942261942839, "mi_0_e": 10.763142724670905, "mi_0_s": -5.0, "mi_1_e": 23.32673242364372, "mi_1_m": 41.46808887105395, "mi_1_s": 3.685421640300138, "mi_2_e": -10.0, "mi_2_m": -60.0, "mi_2_s": -10.0}, "datetime": {"datetime": "2019-09-11 17:20:11", "elapsed": 1773.239779, "delta": 9.919759}}
{"target": 1.0058882236480713, "params": {"ah_0_e": 18.68802876482666, "ah_0_s": -13.783349530898999, "ah_1_e": 14.03103580503427, "ah_1_m": 36.26337346821059, "ah_1_s": 9.24054753025979, "ah_2_e": -10.0, "ah_2_m": -60.0, "ah_2_s": -10.0, "ba_0_e": -27.21799209702467, "ba_0_s": 22.044744963413745, "ba_1_e": 8.33683173808697, "ba_1_m": 49.32954463140999, "ba_1_s": 31.41722487473047, "ba_2_e": -10.0, "ba_2_m": -60.0, "ba_2_s": -10.0, "delay": 0.18618145200446484, "mi_0_e": 21.88083346387528, "mi_0_s": -5.0, "mi_1_e": 4.157653446020349, "mi_1_m": 39.59505484568757, "mi_1_s": 34.058516183418675, "mi_2_e": -10.0, "mi_2_m": -60.0, "mi_2_s": -10.0}, "datetime": {"datetime": "2019-09-11 17:20:21", "elapsed": 1783.327846, "delta": 10.088067}}
{"target": 0.26473480463027954, "params": {"ah_0_e": 27.069028078896537, "ah_0_s": 3.734112125284007, "ah_1_e": 12.663620669197371, "ah_1_m": 46.971657432316434, "ah_1_s": 9.557355456632813, "ah_2_e": -10.0, "ah_2_m": -60.0, "ah_2_s": -10.0, "ba_0_e": -20.84864046585725, "ba_0_s": 22.97309175255435, "ba_1_e": 3.097523271750134, "ba_1_m": 42.63568460062261, "ba_1_s": 24.59382615132543, "ba_2_e": -10.0, "ba_2_m": -60.0, "ba_2_s": -10.0, "delay": 0.18726849166659174, "mi_0_e": 7.198787946240408, "mi_0_s": -5.0, "mi_1_e": 8.952178276559206, "mi_1_m": 46.4628918577917, "mi_1_s": 31.073287726294943, "mi_2_e": -10.0, "mi_2_m": -60.0, "mi_2_s": -10.0}, "datetime": {"datetime": "2019-09-11 17:20:32", "elapsed": 1793.601134, "delta": 10.273288}}
{"target": 1.3314036130905151, "params": {"ah_0_e": 31.466229410652687, "ah_0_s": -26.319765618526837, "ah_1_e": 11.659906234278164, "ah_1_m": 33.08301058418281, "ah_1_s": 4.5532646969844315, "ah_2_e": -10.0, "ah_2_m": -60.0, "ah_2_s": -10.0, "ba_0_e": -30.988470158768425, "ba_0_s": 30.440506761284688, "ba_1_e": 1.4398878961805157, "ba_1_m": 49.762236005357536, "ba_1_s": 31.235780485474297, "ba_2_e": -10.0, "ba_2_m": -60.0, "ba_2_s": -10.0, "delay": 0.16643942906371606, "mi_0_e": 9.88319430493808, "mi_0_s": -5.0, "mi_1_e": 5.55875266838653, "mi_1_m": 30.762657592989857, "mi_1_s": 19.70219756716041, "mi_2_e": -10.0, "mi_2_m": -60.0, "mi_2_s": -10.0}, "datetime": {"datetime": "2019-09-11 17:20:42", "elapsed": 1803.621151, "delta": 10.020017}}
{"target": 0.5006076693534851, "params": {"ah_0_e": 38.7449175610417, "ah_0_s": -21.001383651412834, "ah_1_e": 13.283281279945424, "ah_1_m": 36.35003504143018, "ah_1_s": 16.402324246007872, "ah_2_e": -10.0, "ah_2_m": -60.0, "ah_2_s": -10.0, "ba_0_e": -24.687650165407767, "ba_0_s": 16.253133573296093, "ba_1_e": 0.8103891584820205, "ba_1_m": 31.541652315487884, "ba_1_s": 32.2149577394406, "ba_2_e": -10.0, "ba_2_m": -60.0, "ba_2_s": -10.0, "delay": 0.16238032776484643, "mi_0_e": 8.725650356509613, "mi_0_s": -5.0, "mi_1_e": 16.41124268064644, "mi_1_m": 35.428833565071976, "mi_1_s": 7.888658068856462, "mi_2_e": -10.0, "mi_2_m": -60.0, "mi_2_s": -10.0}, "datetime": {"datetime": "2019-09-11 17:20:51", "elapsed": 1813.51869, "delta": 9.897539}}
{"target": 0.7064539194107056, "params": {"ah_0_e": 5.533555670853445, "ah_0_s": -38.028803100501854, "ah_1_e": 15.015781031518326, "ah_1_m": 32.18310821177682, "ah_1_s": 7.296813081141841, "ah_2_e": -10.0, "ah_2_m": -60.0, "ah_2_s": -10.0, "ba_0_e": -23.50824097051113, "ba_0_s": 32.21937973910403, "ba_1_e": 3.040725728610267, "ba_1_m": 49.73766470212632, "ba_1_s": 29.98208098758424, "ba_2_e": -10.0, "ba_2_m": -60.0, "ba_2_s": -10.0, "delay": 0.16392166886889872, "mi_0_e": 19.671199862121988, "mi_0_s": -5.0, "mi_1_e": 1.1737407019225121, "mi_1_m": 42.32482792967732, "mi_1_s": 20.32699805732287, "mi_2_e": -10.0, "mi_2_m": -60.0, "mi_2_s": -10.0}, "datetime": {"datetime": "2019-09-11 17:21:01", "elapsed": 1823.397638, "delta": 9.878948}}
{"target": 1.2806968688964844, "params": {"ah_0_e": 39.34600340025351, "ah_0_s": -15.721726718450139, "ah_1_e": 22.75959924418687, "ah_1_m": 33.971694579441184, "ah_1_s": 7.2592685914237745, "ah_2_e": -10.0, "ah_2_m": -60.0, "ah_2_s": -10.0, "ba_0_e": -16.384597640524266, "ba_0_s": 26.67889825119871, "ba_1_e": 3.1301685056568185, "ba_1_m": 37.66685758345859, "ba_1_s": 34.64661202695654, "ba_2_e": -10.0, "ba_2_m": -60.0, "ba_2_s": -10.0, "delay": 0.15890202164606448, "mi_0_e": 12.531613105776845, "mi_0_s": -5.0, "mi_1_e": 2.7259549732606754, "mi_1_m": 35.72563586232112, "mi_1_s": 24.71304101860971, "mi_2_e": -10.0, "mi_2_m": -60.0, "mi_2_s": -10.0}, "datetime": {"datetime": "2019-09-11 17:21:11", "elapsed": 1833.397844, "delta": 10.000206}}
{"target": 0.7638194561004639, "params": {"ah_0_e": 31.92372476864242, "ah_0_s": -4.259504628500814, "ah_1_e": 17.60223824019078, "ah_1_m": 34.34454978972347, "ah_1_s": 13.220128853611902, "ah_2_e": -10.0, "ah_2_m": -60.0, "ah_2_s": -10.0, "ba_0_e": -20.598899411214852, "ba_0_s": 24.865513995945506, "ba_1_e": 23.52525512399983, "ba_1_m": 38.65416970319964, "ba_1_s": 15.951465107740933, "ba_2_e": -10.0, "ba_2_m": -60.0, "ba_2_s": -10.0, "delay": 0.14640826556864778, "mi_0_e": 25.683493056178115, "mi_0_s": -5.0, "mi_1_e": 4.367348235039247, "mi_1_m": 45.09822753434751, "mi_1_s": 29.966006110351557, "mi_2_e": -10.0, "mi_2_m": -60.0, "mi_2_s": -10.0}, "datetime": {"datetime": "2019-09-11 17:21:21", "elapsed": 1843.280023, "delta": 9.882179}}
{"target": 0.6382406949996948, "params": {"ah_0_e": 17.026575015398794, "ah_0_s": -14.472529317747192, "ah_1_e": 2.5026075439190447, "ah_1_m": 31.09825008273692, "ah_1_s": 4.673100485628441, "ah_2_e": -10.0, "ah_2_m": -60.0, "ah_2_s": -10.0, "ba_0_e": -36.17050561449567, "ba_0_s": 23.624750521562383, "ba_1_e": 5.692319306832329, "ba_1_m": 43.08320268254427, "ba_1_s": 30.770110366366396, "ba_2_e": -10.0, "ba_2_m": -60.0, "ba_2_s": -10.0, "delay": 0.16066166170238877, "mi_0_e": 9.731149128372676, "mi_0_s": -5.0, "mi_1_e": 8.5336202895286, "mi_1_m": 46.14694692169353, "mi_1_s": 0.7170806771855076, "mi_2_e": -10.0, "mi_2_m": -60.0, "mi_2_s": -10.0}, "datetime": {"datetime": "2019-09-11 17:21:31", "elapsed": 1853.365177, "delta": 10.085154}}
{"target": 0.9761638641357422, "params": {"ah_0_e": 38.26373934554099, "ah_0_s": -1.0326425346271506, "ah_1_e": 28.09441955557223, "ah_1_m": 33.12405872184831, "ah_1_s": 4.728221589140881, "ah_2_e": -10.0, "ah_2_m": -60.0, "ah_2_s": -10.0, "ba_0_e": -10.808616449475856, "ba_0_s": 16.065106678455273, "ba_1_e": 31.879314615802734, "ba_1_m": 44.137603944249825, "ba_1_s": 34.61761506007623, "ba_2_e": -10.0, "ba_2_m": -60.0, "ba_2_s": -10.0, "delay": 0.15094530392279495, "mi_0_e": 6.764140039984375, "mi_0_s": -5.0, "mi_1_e": 0.8969750691004458, "mi_1_m": 43.101176691716184, "mi_1_s": 15.566465735597339, "mi_2_e": -10.0, "mi_2_m": -60.0, "mi_2_s": -10.0}, "datetime": {"datetime": "2019-09-11 17:21:41", "elapsed": 1863.503702, "delta": 10.138525}}
{"target": 1.079628348350525, "params": {"ah_0_e": 38.79726583007595, "ah_0_s": 0.6449086907832324, "ah_1_e": 21.791277134385286, "ah_1_m": 40.610082337504224, "ah_1_s": 14.062868235740062, "ah_2_e": -10.0, "ah_2_m": -60.0, "ah_2_s": -10.0, "ba_0_e": -35.34405133893132, "ba_0_s": 14.022603068462033, "ba_1_e": 15.342419897963175, "ba_1_m": 49.0499929061134, "ba_1_s": 33.58751001646649, "ba_2_e": -10.0, "ba_2_m": -60.0, "ba_2_s": -10.0, "delay": 0.13297909914356537, "mi_0_e": 5.644692195698674, "mi_0_s": -5.0, "mi_1_e": 26.81098408821032, "mi_1_m": 45.22138098985586, "mi_1_s": 31.09507645218506, "mi_2_e": -10.0, "mi_2_m": -60.0, "mi_2_s": -10.0}, "datetime": {"datetime": "2019-09-11 17:21:52", "elapsed": 1873.820499, "delta": 10.316797}}
{"target": 1.1971791982650757, "params": {"ah_0_e": 37.3875179776345, "ah_0_s": -11.513496531337086, "ah_1_e": 28.365662298998757, "ah_1_m": 35.52504077363784, "ah_1_s": 22.918240770354963, "ah_2_e": -10.0, "ah_2_m": -60.0, "ah_2_s": -10.0, "ba_0_e": -37.93241073387185, "ba_0_s": 16.66102822827414, "ba_1_e": 11.484121647607319, "ba_1_m": 44.482480046834716, "ba_1_s": 32.45127078486366, "ba_2_e": -10.0, "ba_2_m": -60.0, "ba_2_s": -10.0, "delay": 0.13863926378870647, "mi_0_e": 21.27881416637759, "mi_0_s": -5.0, "mi_1_e": 2.9922968437746187, "mi_1_m": 35.23477247188957, "mi_1_s": 31.5212614826054, "mi_2_e": -10.0, "mi_2_m": -60.0, "mi_2_s": -10.0}, "datetime": {"datetime": "2019-09-11 17:22:02", "elapsed": 1884.15478, "delta": 10.334281}}
{"target": 1.3397266864776611, "params": {"ah_0_e": 19.76319942712645, "ah_0_s": 0.9478452498971635, "ah_1_e": 10.46829039978805, "ah_1_m": 34.86256103862001, "ah_1_s": 16.597066244389186, "ah_2_e": -10.0, "ah_2_m": -60.0, "ah_2_s": -10.0, "ba_0_e": -26.456567335127936, "ba_0_s": 19.077310367240752, "ba_1_e": 7.70993026685361, "ba_1_m": 49.83330666023272, "ba_1_s": 34.92989265707753, "ba_2_e": -10.0, "ba_2_m": -60.0, "ba_2_s": -10.0, "delay": 0.14044552578426744, "mi_0_e": 13.468151041976888, "mi_0_s": -5.0, "mi_1_e": 17.245516822926884, "mi_1_m": 34.452308324302166, "mi_1_s": 17.04099201380957, "mi_2_e": -10.0, "mi_2_m": -60.0, "mi_2_s": -10.0}, "datetime": {"datetime": "2019-09-11 17:22:12", "elapsed": 1894.526997, "delta": 10.372217}}
