{"target": 0.4947297275066376, "params": {"ah_0_e": 33.325440186149066, "ah_0_s": -15.354508521357229, "ah_1_e": 2.5877695495450768, "ah_1_m": 34.81659928670319, "ah_1_s": 18.76041128202562, "ah_2_e": -10.0, "ah_2_m": -60.0, "ah_2_s": -10.0, "ba_0_e": -20.68496525300539, "ba_0_s": 17.765385992249293, "ba_1_e": 15.513550839810387, "ba_1_m": 41.768773989733965, "ba_1_s": 31.09337796376421, "ba_2_e": -10.0, "ba_2_m": -60.0, "ba_2_s": -10.0, "delay": 0.18741081271711113, "mi_0_e": 19.03120145581115, "mi_0_s": -5.0, "mi_1_e": 4.204235317463682, "mi_1_m": 30.035237962146443, "mi_1_s": 2.385888574353778, "mi_2_e": -10.0, "mi_2_m": -60.0, "mi_2_s": -10.0}, "datetime": {"datetime": "2019-09-11 17:55:11", "elapsed": 3873.033704, "delta": 12.687378}}
{"target": 0.7117006778717041, "params": {"ah_0_e": 30.40679909810335, "ah_0_s": -36.7452404669334, "ah_1_e": 18.424862639103825, "ah_1_m": 42.079058850237274, "ah_1_s": 1.3994635821045853, "ah_2_e": -10.0, "ah_2_m": -60.0, "ah_2_s": -10.0, "ba_0_e": -15.394921638720223, "ba_0_s": 7.694509007224125, "ba_1_e": 1.486876493845325, "ba_1_m": 48.776863291732084, "ba_1_s": 22.966885573216043, "ba_2_e": -10.0, "ba_2_m": -60.0, "ba_2_s": -10.0, "delay": 0.20280164290324934, "mi_0_e": 11.818049113029527, "mi_0_s": -5.0, "mi_1_e": 15.133557273995125, "mi_1_m": 37.34506380003255, "mi_1_s": 6.851429598188944, "mi_2_e": -10.0, "mi_2_m": -60.0, "mi_2_s": -10.0}, "datetime": {"datetime": "2019-09-11 17:55:24", "elapsed": 3886.103423, "delta": 13.069719}}
{"target": 1.3535144329071045, "params": {"ah_0_e": 20.332365399030635, "ah_0_s": -20.457612822303215, "ah_1_e": 2.8019213774979552, "ah_1_m": 38.48327724460073, "ah_1_s": 25.180935056600642, "ah_2_e": -10.0, "ah_2_m": -60.0, "ah_2_s": -10.0, "ba_0_e": -30.689979731784028, "ba_0_s": 8.822454789981569, "ba_1_e": 8.88669650912275, "ba_1_m": 48.467499759154, "ba_1_s": 34.453187416695805, "ba_2_e": -10.0, "ba_2_m": -60.0, "ba_2_s": -10.0, "delay": 0.14158088651747255, "mi_0_e": 11.880823975559586, "mi_0_s": -5.0, "mi_1_e": 0.9841570463586569, "mi_1_m": 33.526205513774215, "mi_1_s": 20.476193994021415, "mi_2_e": -10.0, "mi_2_m": -60.0, "mi_2_s": -10.0}, "datetime": {"datetime": "2019-09-11 17:55:37", "elapsed": 3899.201739, "delta": 13.098316}}
{"target": 0.6988429427146912, "params": {"ah_0_e": 11.561307606357834, "ah_0_s": -35.48806588814483, "ah_1_e": 16.016088341705345, "ah_1_m": 36.85682728424197, "ah_1_s": 2.534187929769166, "ah_2_e": -10.0, "ah_2_m": -60.0, "ah_2_s": -10.0, "ba_0_e": -28.93604134458125, "ba_0_s": 23.469005207259077, "ba_1_e": 2.7626475997362654, "ba_1_m": 40.501500245300406, "ba_1_s": 16.928237481064674, "ba_2_e": -10.0, "ba_2_m": -60.0, "ba_2_s": -10.0, "delay": 0.13870758359857427, "mi_0_e": 11.194626702592306, "mi_0_s": -5.0, "mi_1_e": 2.9052001367590394, "mi_1_m": 42.75008505126891, "mi_1_s": 19.83319660690359, "mi_2_e": -10.0, "mi_2_m": -60.0, "mi_2_s": -10.0}, "datetime": {"datetime": "2019-09-11 17:55:50", "elapsed": 3911.858547, "delta": 12.656808}}
{"target": 0.4559266269207001, "params": {"ah_0_e": 39.40373985814343, "ah_0_s": 1.1507480079431858, "ah_1_e": 14.332103910018676, "ah_1_m": 46.50642001989338, "ah_1_s": 7.419565403946887, "ah_2_e": -10.0, "ah_2_m": -60.0, "ah_2_s": -10.0, "ba_0_e": -19.609145624642174, "ba_0_s": 38.24090180400346, "ba_1_e": 2.8895590238817324, "ba_1_m": 49.56855140887559, "ba_1_s": 10.373906841473199, "ba_2_e": -10.0, "ba_2_m": -60.0, "ba_2_s": -10.0, "delay": 0.1913192911419932, "mi_0_e": 11.946449755672019, "mi_0_s": -5.0, "mi_1_e": 27.928672460167572, "mi_1_m": 48.28506749591094, "mi_1_s": 3.524569758792613, "mi_2_e": -10.0, "mi_2_m": -60.0, "mi_2_s": -10.0}, "datetime": {"datetime": "2019-09-11 17:56:03", "elapsed": 3925.126252, "delta": 13.267705}}
{"target": 1.3649406433105469, "params": {"ah_0_e": 31.23807133432163, "ah_0_s": -11.350765893123366, "ah_1_e": 11.397123904860706, "ah_1_m": 33.323756689918035, "ah_1_s": 7.2190032318712625, "ah_2_e": -10.0, "ah_2_m": -60.0, "ah_2_s": -10.0, "ba_0_e": -35.07410825260604, "ba_0_s": 9.41922600765844, "ba_1_e": 2.382696684521402, "ba_1_m": 49.33662061735038, "ba_1_s": 32.75588653020006, "ba_2_e": -10.0, "ba_2_m": -60.0, "ba_2_s": -10.0, "delay": 0.1392429861514595, "mi_0_e": 13.82409562062534, "mi_0_s": -5.0, "mi_1_e": 10.453553291010135, "mi_1_m": 41.23100360383411, "mi_1_s": 2.2094161195486484, "mi_2_e": -10.0, "mi_2_m": -60.0, "mi_2_s": -10.0}, "datetime": {"datetime": "2019-09-11 17:56:16", "elapsed": 3938.355941, "delta": 13.229689}}
{"target": 1.2700060606002808, "params": {"ah_0_e": 38.357703734659324, "ah_0_s": -14.520101003299501, "ah_1_e": 15.352058255029922, "ah_1_m": 37.1714891308034, "ah_1_s": 6.81127250922109, "ah_2_e": -10.0, "ah_2_m": -60.0, "ah_2_s": -10.0, "ba_0_e": -15.794119749718647, "ba_0_s": 29.49386892963867, "ba_1_e": 11.027773547486756, "ba_1_m": 48.84818336488482, "ba_1_s": 29.13452809220707, "ba_2_e": -10.0, "ba_2_m": -60.0, "ba_2_s": -10.0, "delay": 0.18635352276839914, "mi_0_e": 17.622280320162453, "mi_0_s": -5.0, "mi_1_e": 16.65805638845956, "mi_1_m": 40.12503033080522, "mi_1_s": 3.025555791147238, "mi_2_e": -10.0, "mi_2_m": -60.0, "mi_2_s": -10.0}, "datetime": {"datetime": "2019-09-11 17:56:29", "elapsed": 3951.072682, "delta": 12.716741}}
{"target": 0.4520028233528137, "params": {"ah_0_e": 33.667081320432516, "ah_0_s": -18.395622864524416, "ah_1_e": 29.299656130564784, "ah_1_m": 31.024566772181284, "ah_1_s": 13.115650162647547, "ah_2_e": -10.0, "ah_2_m": -60.0, "ah_2_s": -10.0, "ba_0_e": -39.78875254886098, "ba_0_s": 34.01093568990348, "ba_1_e": 10.885925233705452, "ba_1_m": 44.51964070886795, "ba_1_s": 25.84590542200665, "ba_2_e": -10.0, "ba_2_m": -60.0, "ba_2_s": -10.0, "delay": 0.14820208149355166, "mi_0_e": 23.098327559765856, "mi_0_s": -5.0, "mi_1_e": 2.193996993221621, "mi_1_m": 47.90671121918817, "mi_1_s": 22.533689333637668, "mi_2_e": -10.0, "mi_2_m": -60.0, "mi_2_s": -10.0}, "datetime": {"datetime": "2019-09-11 17:56:42", "elapsed": 3964.163667, "delta": 13.090985}}
{"target": 0.9164708852767944, "params": {"ah_0_e": 16.16138592230644, "ah_0_s": -39.602954931435534, "ah_1_e": 22.12451606847586, "ah_1_m": 32.94027007673231, "ah_1_s": 25.17193264768962, "ah_2_e": -10.0, "ah_2_m": -60.0, "ah_2_s": -10.0, "ba_0_e": -26.84705156325937, "ba_0_s": 38.47766471798767, "ba_1_e": 9.366093484160354, "ba_1_m": 45.56273443749154, "ba_1_s": 32.28317500501687, "ba_2_e": -10.0, "ba_2_m": -60.0, "ba_2_s": -10.0, "delay": 0.20599047765077455, "mi_0_e": 12.054361682237856, "mi_0_s": -5.0, "mi_1_e": 4.485497448276757, "mi_1_m": 43.48562804591338, "mi_1_s": 26.49510069343431, "mi_2_e": -10.0, "mi_2_m": -60.0, "mi_2_s": -10.0}, "datetime": {"datetime": "2019-09-11 17:56:55", "elapsed": 3977.343233, "delta": 13.179566}}
{"target": 1.2353628873825073, "params": {"ah_0_e": 34.858874506803815, "ah_0_s": -5.9162188759376875, "ah_1_e": 5.8924861694726625, "ah_1_m": 39.533845502596094, "ah_1_s": 14.408032446798995, "ah_2_e": -10.0, "ah_2_m": -60.0, "ah_2_s": -10.0, "ba_0_e": -16.626373629478536, "ba_0_s": 23.81080396147273, "ba_1_e": 1.8487962091130483, "ba_1_m": 40.23093730382568, "ba_1_s": 25.297004752034624, "ba_2_e": -10.0, "ba_2_m": -60.0, "ba_2_s": -10.0, "delay": 0.13529619791106762, "mi_0_e": 14.894853711186387, "mi_0_s": -5.0, "mi_1_e": 10.967891992242517, "mi_1_m": 30.152473878393135, "mi_1_s": 26.750857676828172, "mi_2_e": -10.0, "mi_2_m": -60.0, "mi_2_s": -10.0}, "datetime": {"datetime": "2019-09-11 17:57:08", "elapsed": 3989.959682, "delta": 12.616449}}
{"target": 1.037753939628601, "params": {"ah_0_e": 37.927819395424116, "ah_0_s": -39.68400930662307, "ah_1_e": 16.83912188452013, "ah_1_m": 33.13625003473277, "ah_1_s": 28.29748361894781, "ah_2_e": -10.0, "ah_2_m": -60.0, "ah_2_s": -10.0, "ba_0_e": -24.00149559856698, "ba_0_s": 21.514456398042583, "ba_1_e": 6.73605300665806, "ba_1_m": 48.216365474207, "ba_1_s": 34.25129573798483, "ba_2_e": -10.0, "ba_2_m": -60.0, "ba_2_s": -10.0, "delay": 0.15621919534955975, "mi_0_e": 11.224637162032185, "mi_0_s": -5.0, "mi_1_e": 3.8234452091928124, "mi_1_m": 48.09300141462168, "mi_1_s": 14.738272268071688, "mi_2_e": -10.0, "mi_2_m": -60.0, "mi_2_s": -10.0}, "datetime": {"datetime": "2019-09-11 17:57:21", "elapsed": 4003.19008, "delta": 13.230398}}
{"target": 0.4985509514808655, "params": {"ah_0_e": 22.830060335378636, "ah_0_s": -2.776995136539078, "ah_1_e": 26.08132295026062, "ah_1_m": 30.212708398518945, "ah_1_s": 32.93429493941458, "ah_2_e": -10.0, "ah_2_m": -60.0, "ah_2_s": -10.0, "ba_0_e": -24.455618882136392, "ba_0_s": 17.280621664419428, "ba_1_e": 0.8695607531756949, "ba_1_m": 45.77763308020517, "ba_1_s": 32.58316414102654, "ba_2_e": -10.0, "ba_2_m": -60.0, "ba_2_s": -10.0, "delay": 0.16652410582942812, "mi_0_e": 17.8272912699197, "mi_0_s": -5.0, "mi_1_e": 17.96551481546387, "mi_1_m": 31.93508034379325, "mi_1_s": 11.850811215224654, "mi_2_e": -10.0, "mi_2_m": -60.0, "mi_2_s": -10.0}, "datetime": {"datetime": "2019-09-11 17:57:34", "elapsed": 4016.258281, "delta": 13.068201}}
{"target": 0.8888112902641296, "params": {"ah_0_e": 22.301289618357195, "ah_0_s": -14.344362009038854, "ah_1_e": 4.552360412597069, "ah_1_m": 31.913702468089117, "ah_1_s": 7.832283655879374, "ah_2_e": -10.0, "ah_2_m": -60.0, "ah_2_s": -10.0, "ba_0_e": -37.511447062451786, "ba_0_s": 5.545890508929129, "ba_1_e": 1.1901929382702843, "ba_1_m": 49.46371345940597, "ba_1_s": 33.12654745824262, "ba_2_e": -10.0, "ba_2_m": -60.0, "ba_2_s": -10.0, "delay": 0.16535125717995713, "mi_0_e": 6.48994616758965, "mi_0_s": -5.0, "mi_1_e": 22.75511208932963, "mi_1_m": 39.55342568088938, "mi_1_s": 1.092142199320722, "mi_2_e": -10.0, "mi_2_m": -60.0, "mi_2_s": -10.0}, "datetime": {"datetime": "2019-09-11 17:57:47", "elapsed": 4028.702367, "delta": 12.444086}}
{"target": 1.0854907035827637, "params": {"ah_0_e": 18.24738847984301, "ah_0_s": -30.156618733577318, "ah_1_e": 5.854866968537759, "ah_1_m": 40.49972175530492, "ah_1_s": 16.286593778451394, "ah_2_e": -10.0, "ah_2_m": -60.0, "ah_2_s": -10.0, "ba_0_e": -31.8668467358521, "ba_0_s": 23.94623332096188, "ba_1_e": 7.056389062841012, "ba_1_m": 47.861008226865806, "ba_1_s": 31.521785997238865, "ba_2_e": -10.0, "ba_2_m": -60.0, "ba_2_s": -10.0, "delay": 0.13810109864687514, "mi_0_e": 14.19116131190844, "mi_0_s": -5.0, "mi_1_e": 16.327194894373864, "mi_1_m": 42.12832585113823, "mi_1_s": 22.45104576000551, "mi_2_e": -10.0, "mi_2_m": -60.0, "mi_2_s": -10.0}, "datetime": {"datetime": "2019-09-11 17:58:00", "elapsed": 4041.784621, "delta": 13.082254}}
{"target": 0.9326014518737793, "params": {"ah_0_e": 34.726056485323554, "ah_0_s": 2.47273131048793, "ah_1_e": 25.267731010944185, "ah_1_m": 44.24177187728057, "ah_1_s": 12.888922060338826, "ah_2_e": -10.0, "ah_2_m": -60.0, "ah_2_s": -10.0, "ba_0_e": -26.621802841865772, "ba_0_s": 7.202343163230065, "ba_1_e": 9.826001126423172, "ba_1_m": 48.44822570832825, "ba_1_s": 23.97121454557068, "ba_2_e": -10.0, "ba_2_m": -60.0, "ba_2_s": -10.0, "delay": 0.1693381694351218, "mi_0_e": 7.715874931001597, "mi_0_s": -5.0, "mi_1_e": 7.6224172681354645, "mi_1_m": 37.07985899308896, "mi_1_s": 33.68386292229481, "mi_2_e": -10.0, "mi_2_m": -60.0, "mi_2_s": -10.0}, "datetime": {"datetime": "2019-09-11 17:58:13", "elapsed": 4054.849172, "delta": 13.064551}}
{"target": 0.9778304100036621, "params": {"ah_0_e": 32.415915098153754, "ah_0_s": -38.731799154698784, "ah_1_e": 15.014748411652203, "ah_1_m": 44.93026582408463, "ah_1_s": 23.788002649133222, "ah_2_e": -10.0, "ah_2_m": -60.0, "ah_2_s": -10.0, "ba_0_e": -27.727549695710124, "ba_0_s": 12.995563887678985, "ba_1_e": 2.679041411575089, "ba_1_m": 48.084873279998284, "ba_1_s": 32.540638909314936, "ba_2_e": -10.0, "ba_2_m": -60.0, "ba_2_s": -10.0, "delay": 0.14042298148126356, "mi_0_e": 8.371776260621346, "mi_0_s": -5.0, "mi_1_e": 25.553308339735548, "mi_1_m": 34.38139869350207, "mi_1_s": 30.051790686941676, "mi_2_e": -10.0, "mi_2_m": -60.0, "mi_2_s": -10.0}, "datetime": {"datetime": "2019-09-11 17:58:26", "elapsed": 4067.826663, "delta": 12.977491}}
{"target": 0.9772143363952637, "params": {"ah_0_e": 36.06500340223366, "ah_0_s": -38.28875853146188, "ah_1_e": 16.649528329298114, "ah_1_m": 39.82843566397877, "ah_1_s": 15.855550751644767, "ah_2_e": -10.0, "ah_2_m": -60.0, "ah_2_s": -10.0, "ba_0_e": -30.74227353256432, "ba_0_s": 33.39642563167715, "ba_1_e": 12.004272467254477, "ba_1_m": 47.36574683362186, "ba_1_s": 26.968788181076118, "ba_2_e": -10.0, "ba_2_m": -60.0, "ba_2_s": -10.0, "delay": 0.20806502112385272, "mi_0_e": 14.942905686103593, "mi_0_s": -5.0, "mi_1_e": 0.6729674392756241, "mi_1_m": 49.53822140433319, "mi_1_s": 12.198128980997135, "mi_2_e": -10.0, "mi_2_m": -60.0, "mi_2_s": -10.0}, "datetime": {"datetime": "2019-09-11 17:58:39", "elapsed": 4081.401668, "delta": 13.575005}}
{"target": 1.1596988439559937, "params": {"ah_0_e": 22.98096575503847, "ah_0_s": -24.166681271993568, "ah_1_e": 14.33667288516952, "ah_1_m": 37.566762147348385, "ah_1_s": 31.76259996023587, "ah_2_e": -10.0, "ah_2_m": -60.0, "ah_2_s": -10.0, "ba_0_e": -30.465726767612885, "ba_0_s": 35.39915742041062, "ba_1_e": 1.3425876980091482, "ba_1_m": 41.79017075473885, "ba_1_s": 32.64572646010372, "ba_2_e": -10.0, "ba_2_m": -60.0, "ba_2_s": -10.0, "delay": 0.17436232177159805, "mi_0_e": 9.789328443696075, "mi_0_s": -5.0, "mi_1_e": 2.361899989329345, "mi_1_m": 39.010408722759024, "mi_1_s": 12.797389903051757, "mi_2_e": -10.0, "mi_2_m": -60.0, "mi_2_s": -10.0}, "datetime": {"datetime": "2019-09-11 17:58:52", "elapsed": 4094.150583, "delta": 12.748915}}
{"target": 0.8478670716285706, "params": {"ah_0_e": 33.11241697526432, "ah_0_s": -25.508744559761972, "ah_1_e": 10.12170562115844, "ah_1_m": 30.240067156655517, "ah_1_s": 12.892464639107695, "ah_2_e": -10.0, "ah_2_m": -60.0, "ah_2_s": -10.0, "ba_0_e": -18.01566448777305, "ba_0_s": 38.379173892695746, "ba_1_e": 3.518687022843764, "ba_1_m": 49.832009024414745, "ba_1_s": 33.455206771157364, "ba_2_e": -10.0, "ba_2_m": -60.0, "ba_2_s": -10.0, "delay": 0.19559642461160642, "mi_0_e": 12.23803472777636, "mi_0_s": -5.0, "mi_1_e": 8.431267069301294, "mi_1_m": 45.47810394525954, "mi_1_s": 10.757173894848723, "mi_2_e": -10.0, "mi_2_m": -60.0, "mi_2_s": -10.0}, "datetime": {"datetime": "2019-09-11 17:59:05", "elapsed": 4107.217117, "delta": 13.066534}}
{"target": 0.8442210555076599, "params": {"ah_0_e": 12.004823008042953, "ah_0_s": 1.8205172852349207, "ah_1_e": 1.2899669316687468, "ah_1_m": 35.53656638145713, "ah_1_s": 8.104787767809434, "ah_2_e": -10.0, "ah_2_m": -60.0, "ah_2_s": -10.0, "ba_0_e": -23.474995679524014, "ba_0_s": 39.185246456273916, "ba_1_e": 1.351927033528575, "ba_1_m": 48.29892648356778, "ba_1_s": 28.111454318049464, "ba_2_e": -10.0, "ba_2_m": -60.0, "ba_2_s": -10.0, "delay": 0.17334996782418252, "mi_0_e": 9.78246756570758, "mi_0_s": -5.0, "mi_1_e": 3.0124510574707557, "mi_1_m": 34.78975405525145, "mi_1_s": 18.063408541361948, "mi_2_e": -10.0, "mi_2_m": -60.0, "mi_2_s": -10.0}, "datetime": {"datetime": "2019-09-11 17:59:19", "elapsed": 4120.58752, "delta": 13.370403}}
{"target": 0.5809957385063171, "params": {"ah_0_e": 17.04963165794981, "ah_0_s": -20.578763755776972, "ah_1_e": 5.394707803951518, "ah_1_m": 34.356882239218336, "ah_1_s": 6.360678705482627, "ah_2_e": -10.0, "ah_2_m": -60.0, "ah_2_s": -10.0, "ba_0_e": -33.52262814303904, "ba_0_s": 23.00679880238134, "ba_1_e": 0.6174787959887018, "ba_1_m": 41.23305222227816, "ba_1_s": 26.085782294529807, "ba_2_e": -10.0, "ba_2_m": -60.0, "ba_2_s": -10.0, "delay": 0.20595645454784767, "mi_0_e": 11.677454355600336, "mi_0_s": -5.0, "mi_1_e": 23.721644015320685, "mi_1_m": 34.65536260198541, "mi_1_s": 23.71278229158422, "mi_2_e": -10.0, "mi_2_m": -60.0, "mi_2_s": -10.0}, "datetime": {"datetime": "2019-09-11 17:59:32", "elapsed": 4134.218797, "delta": 13.631277}}
{"target": 1.2145211696624756, "params": {"ah_0_e": 29.657558398900882, "ah_0_s": -29.189712430267825, "ah_1_e": 19.280566784953145, "ah_1_m": 35.165799053298045, "ah_1_s": 12.056887286440041, "ah_2_e": -10.0, "ah_2_m": -60.0, "ah_2_s": -10.0, "ba_0_e": -37.76786876123588, "ba_0_s": 22.918349357520984, "ba_1_e": 9.38150597275959, "ba_1_m": 46.41833366343008, "ba_1_s": 34.497286397769514, "ba_2_e": -10.0, "ba_2_m": -60.0, "ba_2_s": -10.0, "delay": 0.14749133728678865, "mi_0_e": 7.463830708119987, "mi_0_s": -5.0, "mi_1_e": 6.615201142854709, "mi_1_m": 35.96892524764955, "mi_1_s": 9.736470960204034, "mi_2_e": -10.0, "mi_2_m": -60.0, "mi_2_s": -10.0}, "datetime": {"datetime": "2019-09-11 17:59:45", "elapsed": 4147.290039, "delta": 13.071242}}
{"target": 1.0485754013061523, "params": {"ah_0_e": 27.72176747860837, "ah_0_s": -13.831736528415206, "ah_1_e": 13.821486768482632, "ah_1_m": 33.12237313600313, "ah_1_s": 7.6873182913823435, "ah_2_e": -10.0, "ah_2_m": -60.0, "ah_2_s": -10.0, "ba_0_e": -27.77559444108713, "ba_0_s": 28.749138304448348, "ba_1_e": 7.602908397282998, "ba_1_m": 47.78661977281189, "ba_1_s": 27.89219670612152, "ba_2_e": -10.0, "ba_2_m": -60.0, "ba_2_s": -10.0, "delay": 0.20706079287111534, "mi_0_e": 7.4860803605691935, "mi_0_s": -5.0, "mi_1_e": 10.43349744424988, "mi_1_m": 35.2314065210356, "mi_1_s": 26.721984971985417, "mi_2_e": -10.0, "mi_2_m": -60.0, "mi_2_s": -10.0}, "datetime": {"datetime": "2019-09-11 17:59:58", "elapsed": 4160.367522, "delta": 13.077483}}
{"target": 1.247576355934143, "params": {"ah_0_e": 36.770451948864064, "ah_0_s": -20.192352483834195, "ah_1_e": 10.089104195467304, "ah_1_m": 39.46952889342863, "ah_1_s": 29.118531192933766, "ah_2_e": -10.0, "ah_2_m": -60.0, "ah_2_s": -10.0, "ba_0_e": -29.305060006476797, "ba_0_s": 27.936930029302722, "ba_1_e": 5.008777924191236, "ba_1_m": 40.42156293600072, "ba_1_s": 33.8293815911442, "ba_2_e": -10.0, "ba_2_m": -60.0, "ba_2_s": -10.0, "delay": 0.18411564518394932, "mi_0_e": 8.440023517033538, "mi_0_s": -5.0, "mi_1_e": 5.695985404833015, "mi_1_m": 39.54579558792716, "mi_1_s": 23.42295543964477, "mi_2_e": -10.0, "mi_2_m": -60.0, "mi_2_s": -10.0}, "datetime": {"datetime": "2019-09-11 18:00:11", "elapsed": 4173.023322, "delta": 12.6558}}
{"target": 1.3473833799362183, "params": {"ah_0_e": 28.669285192440704, "ah_0_s": -22.629399283098547, "ah_1_e": 0.6654005633987403, "ah_1_m": 31.694971772811677, "ah_1_s": 12.555697598961471, "ah_2_e": -10.0, "ah_2_m": -60.0, "ah_2_s": -10.0, "ba_0_e": -30.573013910670678, "ba_0_s": 22.651354202911648, "ba_1_e": 1.6410576353258932, "ba_1_m": 49.39204306759265, "ba_1_s": 27.933391186825364, "ba_2_e": -10.0, "ba_2_m": -60.0, "ba_2_s": -10.0, "delay": 0.1565544890037271, "mi_0_e": 11.485036419113097, "mi_0_s": -5.0, "mi_1_e": 2.907833734566217, "mi_1_m": 34.414498740397875, "mi_1_s": 22.08854518321727, "mi_2_e": -10.0, "mi_2_m": -60.0, "mi_2_s": -10.0}, "datetime": {"datetime": "2019-09-11 18:00:24", "elapsed": 4186.319047, "delta": 13.295725}}
{"target": 1.3024005889892578, "params": {"ah_0_e": 33.12194680639746, "ah_0_s": -22.31967032896628, "ah_1_e": 13.690904189182284, "ah_1_m": 45.60419718926654, "ah_1_s": 16.88155829056402, "ah_2_e": -10.0, "ah_2_m": -60.0, "ah_2_s": -10.0, "ba_0_e": -38.9625452463399, "ba_0_s": 30.598338561381784, "ba_1_e": 9.909375270285993, "ba_1_m": 47.40136563499553, "ba_1_s": 28.36714087715581, "ba_2_e": -10.0, "ba_2_m": -60.0, "ba_2_s": -10.0, "delay": 0.13058217825047416, "mi_0_e": 20.36587962152264, "mi_0_s": -5.0, "mi_1_e": 12.067445978115089, "mi_1_m": 48.11366688461022, "mi_1_s": 27.970154223470175, "mi_2_e": -10.0, "mi_2_m": -60.0, "mi_2_s": -10.0}, "datetime": {"datetime": "2019-09-11 18:00:37", "elapsed": 4199.385153, "delta": 13.066106}}
{"target": 0.7472459673881531, "params": {"ah_0_e": 23.858367018456516, "ah_0_s": -9.510073424632282, "ah_1_e": 11.268323208760604, "ah_1_m": 40.819195562648794, "ah_1_s": 5.330495535061991, "ah_2_e": -10.0, "ah_2_m": -60.0, "ah_2_s": -10.0, "ba_0_e": -15.159763785445463, "ba_0_s": 12.057634917430565, "ba_1_e": 7.681778084614139, "ba_1_m": 41.658354393820126, "ba_1_s": 29.318797187353347, "ba_2_e": -10.0, "ba_2_m": -60.0, "ba_2_s": -10.0, "delay": 0.18981211120556293, "mi_0_e": 9.577721999832344, "mi_0_s": -5.0, "mi_1_e": 27.117629680131266, "mi_1_m": 34.32085306795688, "mi_1_s": 28.359285366469376, "mi_2_e": -10.0, "mi_2_m": -60.0, "mi_2_s": -10.0}, "datetime": {"datetime": "2019-09-11 18:00:50", "elapsed": 4212.313627, "delta": 12.928474}}
{"target": 0.7148438096046448, "params": {"ah_0_e": 10.982509255966526, "ah_0_s": 1.8812195240266902, "ah_1_e": 24.107894760203717, "ah_1_m": 31.33469699605753, "ah_1_s": 20.50753924073004, "ah_2_e": -10.0, "ah_2_m": -60.0, "ah_2_s": -10.0, "ba_0_e": -11.989128403075853, "ba_0_s": 18.792429286102386, "ba_1_e": 6.1603523011077375, "ba_1_m": 49.98851782054669, "ba_1_s": 29.00398607126189, "ba_2_e": -10.0, "ba_2_m": -60.0, "ba_2_s": -10.0, "delay": 0.18189602120496123, "mi_0_e": 11.868758177456733, "mi_0_s": -5.0, "mi_1_e": 18.468892977152315, "mi_1_m": 46.95352690746281, "mi_1_s": 32.44312589322804, "mi_2_e": -10.0, "mi_2_m": -60.0, "mi_2_s": -10.0}, "datetime": {"datetime": "2019-09-11 18:01:04", "elapsed": 4226.327079, "delta": 14.013452}}
{"target": 1.4210563898086548, "params": {"ah_0_e": 33.06835557700744, "ah_0_s": -8.570284776248059, "ah_1_e": 14.519166870994507, "ah_1_m": 33.06431287231446, "ah_1_s": 5.800989263851834, "ah_2_e": -10.0, "ah_2_m": -60.0, "ah_2_s": -10.0, "ba_0_e": -11.681576335525627, "ba_0_s": 10.22277274706446, "ba_1_e": 9.959445982697599, "ba_1_m": 44.137468556143645, "ba_1_s": 28.50731611827216, "ba_2_e": -10.0, "ba_2_m": -60.0, "ba_2_s": -10.0, "delay": 0.18669356621561684, "mi_0_e": 10.390213339927634, "mi_0_s": -5.0, "mi_1_e": 1.3937155585336796, "mi_1_m": 40.59169422777565, "mi_1_s": 14.838929945714224, "mi_2_e": -10.0, "mi_2_m": -60.0, "mi_2_s": -10.0}, "datetime": {"datetime": "2019-09-11 18:01:17", "elapsed": 4239.514711, "delta": 13.187632}}
