{"target": 1.1028430461883545, "params": {"ah_0_e": 26.637626776596246, "ah_0_s": -19.377231168697318, "ah_1_e": 14.18025598811061, "ah_1_m": 43.17536377504398, "ah_1_s": 8.245187746299846, "ah_2_e": -10.0, "ah_2_m": -60.0, "ah_2_s": -10.0, "ba_0_e": -11.821084573293852, "ba_0_s": 24.95941166210218, "ba_1_e": 21.76679801880885, "ba_1_m": 48.55343116280167, "ba_1_s": 34.937397389553475, "ba_2_e": -10.0, "ba_2_m": -60.0, "ba_2_s": -10.0, "delay": 0.20929001886320697, "mi_0_e": 7.1191710400064645, "mi_0_s": -5.0, "mi_1_e": 2.074903851109427, "mi_1_m": 39.89249351386164, "mi_1_s": 25.272505575636337, "mi_2_e": -10.0, "mi_2_m": -60.0, "mi_2_s": -10.0}, "datetime": {"datetime": "2019-09-11 18:41:36", "elapsed": 94.977107, "delta": 7.230004}}
{"target": 1.6451489925384521, "params": {"ah_0_e": 37.62268673418504, "ah_0_s": -14.82301264242934, "ah_1_e": 10.527128961007262, "ah_1_m": 35.58542697892322, "ah_1_s": 11.427530105909247, "ah_2_e": -10.0, "ah_2_m": -60.0, "ah_2_s": -10.0, "ba_0_e": -39.16411411454992, "ba_0_s": 14.80152727594887, "ba_1_e": 13.969114181624656, "ba_1_m": 40.497451026485, "ba_1_s": 32.784377961669136, "ba_2_e": -10.0, "ba_2_m": -60.0, "ba_2_s": -10.0, "delay": 0.16952883123832846, "mi_0_e": 24.690370285722672, "mi_0_s": -5.0, "mi_1_e": 7.430742386870397, "mi_1_m": 36.770382340394676, "mi_1_s": 14.61786069097689, "mi_2_e": -10.0, "mi_2_m": -60.0, "mi_2_s": -10.0}, "datetime": {"datetime": "2019-09-11 18:41:51", "elapsed": 109.935228, "delta": 14.958121}}
{"target": 1.6451489925384521, "params": {"ah_0_e": 37.62268673418504, "ah_0_s": -14.82301264242934, "ah_1_e": 10.527128961007262, "ah_1_m": 35.58542697892322, "ah_1_s": 11.427530105909247, "ah_2_e": -10.0, "ah_2_m": -60.0, "ah_2_s": -10.0, "ba_0_e": -39.16411411454992, "ba_0_s": 14.80152727594887, "ba_1_e": 13.969114181624656, "ba_1_m": 40.497451026485, "ba_1_s": 32.784377961669136, "ba_2_e": -10.0, "ba_2_m": -60.0, "ba_2_s": -10.0, "delay": 0.16952883123832846, "mi_0_e": 24.690370285722672, "mi_0_s": -5.0, "mi_1_e": 7.430742386870397, "mi_1_m": 36.770382340394676, "mi_1_s": 14.61786069097689, "mi_2_e": -10.0, "mi_2_m": -60.0, "mi_2_s": -10.0}, "datetime": {"datetime": "2019-09-11 18:41:57", "elapsed": 115.942233, "delta": 6.007005}}
{"target": 1.6451489925384521, "params": {"ah_0_e": 37.62268673418504, "ah_0_s": -14.82301264242934, "ah_1_e": 10.527128961007262, "ah_1_m": 35.58542697892322, "ah_1_s": 11.427530105909247, "ah_2_e": -10.0, "ah_2_m": -60.0, "ah_2_s": -10.0, "ba_0_e": -39.16411411454992, "ba_0_s": 14.80152727594887, "ba_1_e": 13.969114181624656, "ba_1_m": 40.497451026485, "ba_1_s": 32.784377961669136, "ba_2_e": -10.0, "ba_2_m": -60.0, "ba_2_s": -10.0, "delay": 0.16952883123832846, "mi_0_e": 24.690370285722672, "mi_0_s": -5.0, "mi_1_e": 7.430742386870397, "mi_1_m": 36.770382340394676, "mi_1_s": 14.61786069097689, "mi_2_e": -10.0, "mi_2_m": -60.0, "mi_2_s": -10.0}, "datetime": {"datetime": "2019-09-11 18:42:02", "elapsed": 121.398234, "delta": 5.456001}}
{"target": 1.139784812927246, "params": {"ah_0_e": 34.85469038064644, "ah_0_s": -17.025863977963812, "ah_1_e": 24.326727960908933, "ah_1_m": 41.5249417437748, "ah_1_s": 9.176071406727905, "ah_2_e": -10.0, "ah_2_m": -60.0, "ah_2_s": -10.0, "ba_0_e": -38.952029169090906, "ba_0_s": 36.53277861171745, "ba_1_e": 4.686377691104087, "ba_1_m": 48.855427926835965, "ba_1_s": 32.61670542581413, "ba_2_e": -10.0, "ba_2_m": -60.0, "ba_2_s": -10.0, "delay": 0.1721183062773743, "mi_0_e": 6.366988357335259, "mi_0_s": -5.0, "mi_1_e": 17.01726835290603, "mi_1_m": 49.78751916255291, "mi_1_s": 11.036199072314833, "mi_2_e": -10.0, "mi_2_m": -60.0, "mi_2_s": -10.0}, "datetime": {"datetime": "2019-09-11 18:42:16", "elapsed": 135.476553, "delta": 14.078319}}
{"target": 1.2760475873947144, "params": {"ah_0_e": 19.160384388575327, "ah_0_s": -0.014374408132823646, "ah_1_e": 8.704651122217872, "ah_1_m": 38.55388416030327, "ah_1_s": 1.3997947672536997, "ah_2_e": -10.0, "ah_2_m": -60.0, "ah_2_s": -10.0, "ba_0_e": -37.416334769944115, "ba_0_s": 16.380740116807267, "ba_1_e": 10.338790051338577, "ba_1_m": 43.720885377298956, "ba_1_s": 32.218368848249874, "ba_2_e": -10.0, "ba_2_m": -60.0, "ba_2_s": -10.0, "delay": 0.1962692792920037, "mi_0_e": 19.071028996964436, "mi_0_s": -5.0, "mi_1_e": 19.562360181187803, "mi_1_m": 35.57147430661986, "mi_1_s": 14.18077436410101, "mi_2_e": -10.0, "mi_2_m": -60.0, "mi_2_s": -10.0}, "datetime": {"datetime": "2019-09-11 18:42:31", "elapsed": 149.803437, "delta": 14.326884}}
{"target": 1.2760475873947144, "params": {"ah_0_e": 19.160384388575327, "ah_0_s": -0.014374408132823646, "ah_1_e": 8.704651122217872, "ah_1_m": 38.55388416030327, "ah_1_s": 1.3997947672536997, "ah_2_e": -10.0, "ah_2_m": -60.0, "ah_2_s": -10.0, "ba_0_e": -37.416334769944115, "ba_0_s": 16.380740116807267, "ba_1_e": 10.338790051338577, "ba_1_m": 43.720885377298956, "ba_1_s": 32.218368848249874, "ba_2_e": -10.0, "ba_2_m": -60.0, "ba_2_s": -10.0, "delay": 0.1962692792920037, "mi_0_e": 19.071028996964436, "mi_0_s": -5.0, "mi_1_e": 19.562360181187803, "mi_1_m": 35.57147430661986, "mi_1_s": 14.18077436410101, "mi_2_e": -10.0, "mi_2_m": -60.0, "mi_2_s": -10.0}, "datetime": {"datetime": "2019-09-11 18:42:38", "elapsed": 157.474611, "delta": 7.671174}}
{"target": 1.0377206802368164, "params": {"ah_0_e": 31.302665826742814, "ah_0_s": -25.05748033025942, "ah_1_e": 0.4982957324700038, "ah_1_m": 32.109638974764074, "ah_1_s": 16.657986478350526, "ah_2_e": -10.0, "ah_2_m": -60.0, "ah_2_s": -10.0, "ba_0_e": -23.284756704539145, "ba_0_s": 39.10497142302125, "ba_1_e": 0.794581391854543, "ba_1_m": 46.87792570428772, "ba_1_s": 28.80882736724091, "ba_2_e": -10.0, "ba_2_m": -60.0, "ba_2_s": -10.0, "delay": 0.19484892217503036, "mi_0_e": 6.587277905809119, "mi_0_s": -5.0, "mi_1_e": 5.309537998268991, "mi_1_m": 39.83596586722601, "mi_1_s": 17.09761944809369, "mi_2_e": -10.0, "mi_2_m": -60.0, "mi_2_s": -10.0}, "datetime": {"datetime": "2019-09-11 18:42:54", "elapsed": 172.88458, "delta": 15.409969}}
{"target": 1.0377206802368164, "params": {"ah_0_e": 31.302665826742814, "ah_0_s": -25.05748033025942, "ah_1_e": 0.4982957324700038, "ah_1_m": 32.109638974764074, "ah_1_s": 16.657986478350526, "ah_2_e": -10.0, "ah_2_m": -60.0, "ah_2_s": -10.0, "ba_0_e": -23.284756704539145, "ba_0_s": 39.10497142302125, "ba_1_e": 0.794581391854543, "ba_1_m": 46.87792570428772, "ba_1_s": 28.80882736724091, "ba_2_e": -10.0, "ba_2_m": -60.0, "ba_2_s": -10.0, "delay": 0.19484892217503036, "mi_0_e": 6.587277905809119, "mi_0_s": -5.0, "mi_1_e": 5.309537998268991, "mi_1_m": 39.83596586722601, "mi_1_s": 17.09761944809369, "mi_2_e": -10.0, "mi_2_m": -60.0, "mi_2_s": -10.0}, "datetime": {"datetime": "2019-09-11 18:43:00", "elapsed": 179.252584, "delta": 6.368004}}
{"target": 0.972825825214386, "params": {"ah_0_e": 36.35760118709047, "ah_0_s": -3.1347613041161964, "ah_1_e": 22.336458575268395, "ah_1_m": 30.43239556361764, "ah_1_s": 3.8453671874276556, "ah_2_e": -10.0, "ah_2_m": -60.0, "ah_2_s": -10.0, "ba_0_e": -4.104067382529088, "ba_0_s": 32.744511870132044, "ba_1_e": 8.351649491392076, "ba_1_m": 49.81643854487423, "ba_1_s": 30.28577163265858, "ba_2_e": -10.0, "ba_2_m": -60.0, "ba_2_s": -10.0, "delay": 0.15852664999634145, "mi_0_e": 5.4551498528582885, "mi_0_s": -5.0, "mi_1_e": 15.691353046363828, "mi_1_m": 44.35264983021099, "mi_1_s": 21.886346825459473, "mi_2_e": -10.0, "mi_2_m": -60.0, "mi_2_s": -10.0}, "datetime": {"datetime": "2019-09-11 18:43:14", "elapsed": 193.651258, "delta": 14.398674}}
{"target": 0.972825825214386, "params": {"ah_0_e": 36.35760118709047, "ah_0_s": -3.1347613041161964, "ah_1_e": 22.336458575268395, "ah_1_m": 30.43239556361764, "ah_1_s": 3.8453671874276556, "ah_2_e": -10.0, "ah_2_m": -60.0, "ah_2_s": -10.0, "ba_0_e": -4.104067382529088, "ba_0_s": 32.744511870132044, "ba_1_e": 8.351649491392076, "ba_1_m": 49.81643854487423, "ba_1_s": 30.28577163265858, "ba_2_e": -10.0, "ba_2_m": -60.0, "ba_2_s": -10.0, "delay": 0.15852664999634145, "mi_0_e": 5.4551498528582885, "mi_0_s": -5.0, "mi_1_e": 15.691353046363828, "mi_1_m": 44.35264983021099, "mi_1_s": 21.886346825459473, "mi_2_e": -10.0, "mi_2_m": -60.0, "mi_2_s": -10.0}, "datetime": {"datetime": "2019-09-11 18:43:22", "elapsed": 201.340451, "delta": 7.689193}}
{"target": 0.972825825214386, "params": {"ah_0_e": 36.35760118709047, "ah_0_s": -3.1347613041161964, "ah_1_e": 22.336458575268395, "ah_1_m": 30.43239556361764, "ah_1_s": 3.8453671874276556, "ah_2_e": -10.0, "ah_2_m": -60.0, "ah_2_s": -10.0, "ba_0_e": -4.104067382529088, "ba_0_s": 32.744511870132044, "ba_1_e": 8.351649491392076, "ba_1_m": 49.81643854487423, "ba_1_s": 30.28577163265858, "ba_2_e": -10.0, "ba_2_m": -60.0, "ba_2_s": -10.0, "delay": 0.15852664999634145, "mi_0_e": 5.4551498528582885, "mi_0_s": -5.0, "mi_1_e": 15.691353046363828, "mi_1_m": 44.35264983021099, "mi_1_s": 21.886346825459473, "mi_2_e": -10.0, "mi_2_m": -60.0, "mi_2_s": -10.0}, "datetime": {"datetime": "2019-09-11 18:43:29", "elapsed": 208.415691, "delta": 7.07524}}
{"target": 0.972825825214386, "params": {"ah_0_e": 36.35760118709047, "ah_0_s": -3.1347613041161964, "ah_1_e": 22.336458575268395, "ah_1_m": 30.43239556361764, "ah_1_s": 3.8453671874276556, "ah_2_e": -10.0, "ah_2_m": -60.0, "ah_2_s": -10.0, "ba_0_e": -4.104067382529088, "ba_0_s": 32.744511870132044, "ba_1_e": 8.351649491392076, "ba_1_m": 49.81643854487423, "ba_1_s": 30.28577163265858, "ba_2_e": -10.0, "ba_2_m": -60.0, "ba_2_s": -10.0, "delay": 0.15852664999634145, "mi_0_e": 5.4551498528582885, "mi_0_s": -5.0, "mi_1_e": 15.691353046363828, "mi_1_m": 44.35264983021099, "mi_1_s": 21.886346825459473, "mi_2_e": -10.0, "mi_2_m": -60.0, "mi_2_s": -10.0}, "datetime": {"datetime": "2019-09-11 18:43:35", "elapsed": 214.508693, "delta": 6.093002}}
{"target": 1.0752447843551636, "params": {"ah_0_e": 28.411319817386552, "ah_0_s": -21.197344062411517, "ah_1_e": 14.85824389362103, "ah_1_m": 33.419290719719726, "ah_1_s": 29.558328455838705, "ah_2_e": -10.0, "ah_2_m": -60.0, "ah_2_s": -10.0, "ba_0_e": -18.840045061805583, "ba_0_s": 7.643388006996133, "ba_1_e": 1.510195213489272, "ba_1_m": 47.5606039985217, "ba_1_s": 20.39158574384338, "ba_2_e": -10.0, "ba_2_m": -60.0, "ba_2_s": -10.0, "delay": 0.1860434956647859, "mi_0_e": 9.356706544839898, "mi_0_s": -5.0, "mi_1_e": 4.223762882488237, "mi_1_m": 39.2858798133752, "mi_1_s": 4.889244750818891, "mi_2_e": -10.0, "mi_2_m": -60.0, "mi_2_s": -10.0}, "datetime": {"datetime": "2019-09-11 18:43:51", "elapsed": 230.029711, "delta": 15.521018}}
{"target": 1.0752447843551636, "params": {"ah_0_e": 28.411319817386552, "ah_0_s": -21.197344062411517, "ah_1_e": 14.85824389362103, "ah_1_m": 33.419290719719726, "ah_1_s": 29.558328455838705, "ah_2_e": -10.0, "ah_2_m": -60.0, "ah_2_s": -10.0, "ba_0_e": -18.840045061805583, "ba_0_s": 7.643388006996133, "ba_1_e": 1.510195213489272, "ba_1_m": 47.5606039985217, "ba_1_s": 20.39158574384338, "ba_2_e": -10.0, "ba_2_m": -60.0, "ba_2_s": -10.0, "delay": 0.1860434956647859, "mi_0_e": 9.356706544839898, "mi_0_s": -5.0, "mi_1_e": 4.223762882488237, "mi_1_m": 39.2858798133752, "mi_1_s": 4.889244750818891, "mi_2_e": -10.0, "mi_2_m": -60.0, "mi_2_s": -10.0}, "datetime": {"datetime": "2019-09-11 18:43:58", "elapsed": 237.502992, "delta": 7.473281}}
{"target": 1.0752447843551636, "params": {"ah_0_e": 28.411319817386552, "ah_0_s": -21.197344062411517, "ah_1_e": 14.85824389362103, "ah_1_m": 33.419290719719726, "ah_1_s": 29.558328455838705, "ah_2_e": -10.0, "ah_2_m": -60.0, "ah_2_s": -10.0, "ba_0_e": -18.840045061805583, "ba_0_s": 7.643388006996133, "ba_1_e": 1.510195213489272, "ba_1_m": 47.5606039985217, "ba_1_s": 20.39158574384338, "ba_2_e": -10.0, "ba_2_m": -60.0, "ba_2_s": -10.0, "delay": 0.1860434956647859, "mi_0_e": 9.356706544839898, "mi_0_s": -5.0, "mi_1_e": 4.223762882488237, "mi_1_m": 39.2858798133752, "mi_1_s": 4.889244750818891, "mi_2_e": -10.0, "mi_2_m": -60.0, "mi_2_s": -10.0}, "datetime": {"datetime": "2019-09-11 18:44:04", "elapsed": 243.232992, "delta": 5.73}}
{"target": 1.332062840461731, "params": {"ah_0_e": 28.38696688731325, "ah_0_s": -19.351843108745285, "ah_1_e": 25.506907115101235, "ah_1_m": 32.80040168285565, "ah_1_s": 31.694400096672833, "ah_2_e": -10.0, "ah_2_m": -60.0, "ah_2_s": -10.0, "ba_0_e": -15.251247303963932, "ba_0_s": 19.528715254980458, "ba_1_e": 1.824750394440089, "ba_1_m": 39.344620130023046, "ba_1_s": 24.262826664192367, "ba_2_e": -10.0, "ba_2_m": -60.0, "ba_2_s": -10.0, "delay": 0.17715791356078964, "mi_0_e": 11.861255699526923, "mi_0_s": -5.0, "mi_1_e": 8.82547331073486, "mi_1_m": 35.92537805784379, "mi_1_s": 28.8958136324686, "mi_2_e": -10.0, "mi_2_m": -60.0, "mi_2_s": -10.0}, "datetime": {"datetime": "2019-09-11 18:44:19", "elapsed": 258.478661, "delta": 15.245669}}
{"target": 1.1407692432403564, "params": {"ah_0_e": 29.881879785387834, "ah_0_s": -2.9026402151348307, "ah_1_e": 9.890100479469139, "ah_1_m": 40.87239634625546, "ah_1_s": 26.583038239324484, "ah_2_e": -10.0, "ah_2_m": -60.0, "ah_2_s": -10.0, "ba_0_e": -18.733215175699023, "ba_0_s": 20.784083310653145, "ba_1_e": 4.781354883845196, "ba_1_m": 45.10586677286872, "ba_1_s": 29.661495266635708, "ba_2_e": -10.0, "ba_2_m": -60.0, "ba_2_s": -10.0, "delay": 0.17578065627266237, "mi_0_e": 7.292302494982691, "mi_0_s": -5.0, "mi_1_e": 13.28841611070458, "mi_1_m": 33.44817062435901, "mi_1_s": 32.81350668327343, "mi_2_e": -10.0, "mi_2_m": -60.0, "mi_2_s": -10.0}, "datetime": {"datetime": "2019-09-11 18:44:34", "elapsed": 273.620959, "delta": 15.142298}}
{"target": 1.3889554738998413, "params": {"ah_0_e": 32.59849670782944, "ah_0_s": -26.760299970086603, "ah_1_e": 16.158449198444607, "ah_1_m": 34.02408556474467, "ah_1_s": 1.9459033029831758, "ah_2_e": -10.0, "ah_2_m": -60.0, "ah_2_s": -10.0, "ba_0_e": -26.4260346565539, "ba_0_s": 24.39053386030963, "ba_1_e": 1.6431302319946224, "ba_1_m": 46.91096743021752, "ba_1_s": 16.46455895170588, "ba_2_e": -10.0, "ba_2_m": -60.0, "ba_2_s": -10.0, "delay": 0.13740981196346963, "mi_0_e": 23.738252853868136, "mi_0_s": -5.0, "mi_1_e": 3.1328788553615707, "mi_1_m": 30.333033248701753, "mi_1_s": 16.163159268961742, "mi_2_e": -10.0, "mi_2_m": -60.0, "mi_2_s": -10.0}, "datetime": {"datetime": "2019-09-11 18:44:50", "elapsed": 289.683238, "delta": 16.062279}}
{"target": 0.9303017854690552, "params": {"ah_0_e": 37.00870613841329, "ah_0_s": -19.290755492411886, "ah_1_e": 23.04931675653907, "ah_1_m": 47.435506007680566, "ah_1_s": 12.318181359257036, "ah_2_e": -10.0, "ah_2_m": -60.0, "ah_2_s": -10.0, "ba_0_e": -21.434200639949275, "ba_0_s": 21.718295937548458, "ba_1_e": 4.732024656434111, "ba_1_m": 47.95873343600853, "ba_1_s": 19.96665702354641, "ba_2_e": -10.0, "ba_2_m": -60.0, "ba_2_s": -10.0, "delay": 0.1519044826070632, "mi_0_e": 8.198304498248778, "mi_0_s": -5.0, "mi_1_e": 16.981884702272055, "mi_1_m": 47.12820097093763, "mi_1_s": 18.23656169087757, "mi_2_e": -10.0, "mi_2_m": -60.0, "mi_2_s": -10.0}, "datetime": {"datetime": "2019-09-11 18:45:05", "elapsed": 303.867618, "delta": 14.18438}}
{"target": 0.9303017854690552, "params": {"ah_0_e": 37.00870613841329, "ah_0_s": -19.290755492411886, "ah_1_e": 23.04931675653907, "ah_1_m": 47.435506007680566, "ah_1_s": 12.318181359257036, "ah_2_e": -10.0, "ah_2_m": -60.0, "ah_2_s": -10.0, "ba_0_e": -21.434200639949275, "ba_0_s": 21.718295937548458, "ba_1_e": 4.732024656434111, "ba_1_m": 47.95873343600853, "ba_1_s": 19.96665702354641, "ba_2_e": -10.0, "ba_2_m": -60.0, "ba_2_s": -10.0, "delay": 0.1519044826070632, "mi_0_e": 8.198304498248778, "mi_0_s": -5.0, "mi_1_e": 16.981884702272055, "mi_1_m": 47.12820097093763, "mi_1_s": 18.23656169087757, "mi_2_e": -10.0, "mi_2_m": -60.0, "mi_2_s": -10.0}, "datetime": {"datetime": "2019-09-11 18:45:13", "elapsed": 312.354623, "delta": 8.487005}}
{"target": 0.9303017854690552, "params": {"ah_0_e": 37.00870613841329, "ah_0_s": -19.290755492411886, "ah_1_e": 23.04931675653907, "ah_1_m": 47.435506007680566, "ah_1_s": 12.318181359257036, "ah_2_e": -10.0, "ah_2_m": -60.0, "ah_2_s": -10.0, "ba_0_e": -21.434200639949275, "ba_0_s": 21.718295937548458, "ba_1_e": 4.732024656434111, "ba_1_m": 47.95873343600853, "ba_1_s": 19.96665702354641, "ba_2_e": -10.0, "ba_2_m": -60.0, "ba_2_s": -10.0, "delay": 0.1519044826070632, "mi_0_e": 8.198304498248778, "mi_0_s": -5.0, "mi_1_e": 16.981884702272055, "mi_1_m": 47.12820097093763, "mi_1_s": 18.23656169087757, "mi_2_e": -10.0, "mi_2_m": -60.0, "mi_2_s": -10.0}, "datetime": {"datetime": "2019-09-11 18:45:20", "elapsed": 318.953621, "delta": 6.598998}}
{"target": 0.5924387574195862, "params": {"ah_0_e": 20.85038212434149, "ah_0_s": -33.296691741649276, "ah_1_e": 3.970977214918183, "ah_1_m": 30.815100491223927, "ah_1_s": 4.969797820451732, "ah_2_e": -10.0, "ah_2_m": -60.0, "ah_2_s": -10.0, "ba_0_e": -35.763997026712794, "ba_0_s": 10.648741139062999, "ba_1_e": 23.257485300816086, "ba_1_m": 45.54867927798255, "ba_1_s": 31.647144417481787, "ba_2_e": -10.0, "ba_2_m": -60.0, "ba_2_s": -10.0, "delay": 0.13672462889146672, "mi_0_e": 9.157273975978956, "mi_0_s": -5.0, "mi_1_e": 14.303129703149258, "mi_1_m": 44.38145832783545, "mi_1_s": 2.2299699687885717, "mi_2_e": -10.0, "mi_2_m": -60.0, "mi_2_s": -10.0}, "datetime": {"datetime": "2019-09-11 18:45:35", "elapsed": 334.686841, "delta": 15.73322}}
{"target": 0.5924387574195862, "params": {"ah_0_e": 20.85038212434149, "ah_0_s": -33.296691741649276, "ah_1_e": 3.970977214918183, "ah_1_m": 30.815100491223927, "ah_1_s": 4.969797820451732, "ah_2_e": -10.0, "ah_2_m": -60.0, "ah_2_s": -10.0, "ba_0_e": -35.763997026712794, "ba_0_s": 10.648741139062999, "ba_1_e": 23.257485300816086, "ba_1_m": 45.54867927798255, "ba_1_s": 31.647144417481787, "ba_2_e": -10.0, "ba_2_m": -60.0, "ba_2_s": -10.0, "delay": 0.13672462889146672, "mi_0_e": 9.157273975978956, "mi_0_s": -5.0, "mi_1_e": 14.303129703149258, "mi_1_m": 44.38145832783545, "mi_1_s": 2.2299699687885717, "mi_2_e": -10.0, "mi_2_m": -60.0, "mi_2_s": -10.0}, "datetime": {"datetime": "2019-09-11 18:45:42", "elapsed": 341.501875, "delta": 6.815034}}
{"target": 1.1546860933303833, "params": {"ah_0_e": 13.161640926229945, "ah_0_s": -18.45524868728838, "ah_1_e": 7.767915555730511, "ah_1_m": 35.948810816103126, "ah_1_s": 4.873764317003966, "ah_2_e": -10.0, "ah_2_m": -60.0, "ah_2_s": -10.0, "ba_0_e": -26.256925634476495, "ba_0_s": 20.04310264150355, "ba_1_e": 0.8812297685576248, "ba_1_m": 45.348515207903645, "ba_1_s": 26.533195924846044, "ba_2_e": -10.0, "ba_2_m": -60.0, "ba_2_s": -10.0, "delay": 0.1575190801570122, "mi_0_e": 8.548381441303427, "mi_0_s": -5.0, "mi_1_e": 5.798519022914726, "mi_1_m": 31.974968960168933, "mi_1_s": 18.880993770689678, "mi_2_e": -10.0, "mi_2_m": -60.0, "mi_2_s": -10.0}, "datetime": {"datetime": "2019-09-11 18:45:57", "elapsed": 356.728066, "delta": 15.226191}}
{"target": 0.492398738861084, "params": {"ah_0_e": 31.556146056150645, "ah_0_s": -8.783631729033019, "ah_1_e": 7.649630924936358, "ah_1_m": 43.66045935148972, "ah_1_s": 19.643944175148697, "ah_2_e": -10.0, "ah_2_m": -60.0, "ah_2_s": -10.0, "ba_0_e": -8.648307296193948, "ba_0_s": 15.90195354988159, "ba_1_e": 7.421264345163641, "ba_1_m": 35.884278939784686, "ba_1_s": 34.46349732841874, "ba_2_e": -10.0, "ba_2_m": -60.0, "ba_2_s": -10.0, "delay": 0.13836467400399943, "mi_0_e": 6.24157791072302, "mi_0_s": -5.0, "mi_1_e": 4.653467537153505, "mi_1_m": 43.13763469932101, "mi_1_s": 24.45492608818354, "mi_2_e": -10.0, "mi_2_m": -60.0, "mi_2_s": -10.0}, "datetime": {"datetime": "2019-09-11 18:46:13", "elapsed": 372.376937, "delta": 15.648871}}
{"target": 1.2250893115997314, "params": {"ah_0_e": 36.74189414337812, "ah_0_s": -15.207931374985012, "ah_1_e": 10.536933723613526, "ah_1_m": 32.93409048082704, "ah_1_s": 28.337966958474688, "ah_2_e": -10.0, "ah_2_m": -60.0, "ah_2_s": -10.0, "ba_0_e": -32.77425464118606, "ba_0_s": 32.54429205175718, "ba_1_e": 1.2656252320543064, "ba_1_m": 48.934000437352225, "ba_1_s": 31.161009835218675, "ba_2_e": -10.0, "ba_2_m": -60.0, "ba_2_s": -10.0, "delay": 0.20562642327235167, "mi_0_e": 25.843011535027827, "mi_0_s": -5.0, "mi_1_e": 21.584663993129087, "mi_1_m": 38.899985737815186, "mi_1_s": 22.382409456177356, "mi_2_e": -10.0, "mi_2_m": -60.0, "mi_2_s": -10.0}, "datetime": {"datetime": "2019-09-11 18:46:29", "elapsed": 388.289877, "delta": 15.91294}}
{"target": 1.2250893115997314, "params": {"ah_0_e": 36.74189414337812, "ah_0_s": -15.207931374985012, "ah_1_e": 10.536933723613526, "ah_1_m": 32.93409048082704, "ah_1_s": 28.337966958474688, "ah_2_e": -10.0, "ah_2_m": -60.0, "ah_2_s": -10.0, "ba_0_e": -32.77425464118606, "ba_0_s": 32.54429205175718, "ba_1_e": 1.2656252320543064, "ba_1_m": 48.934000437352225, "ba_1_s": 31.161009835218675, "ba_2_e": -10.0, "ba_2_m": -60.0, "ba_2_s": -10.0, "delay": 0.20562642327235167, "mi_0_e": 25.843011535027827, "mi_0_s": -5.0, "mi_1_e": 21.584663993129087, "mi_1_m": 38.899985737815186, "mi_1_s": 22.382409456177356, "mi_2_e": -10.0, "mi_2_m": -60.0, "mi_2_s": -10.0}, "datetime": {"datetime": "2019-09-11 18:46:36", "elapsed": 395.706985, "delta": 7.417108}}
{"target": 1.2250893115997314, "params": {"ah_0_e": 36.74189414337812, "ah_0_s": -15.207931374985012, "ah_1_e": 10.536933723613526, "ah_1_m": 32.93409048082704, "ah_1_s": 28.337966958474688, "ah_2_e": -10.0, "ah_2_m": -60.0, "ah_2_s": -10.0, "ba_0_e": -32.77425464118606, "ba_0_s": 32.54429205175718, "ba_1_e": 1.2656252320543064, "ba_1_m": 48.934000437352225, "ba_1_s": 31.161009835218675, "ba_2_e": -10.0, "ba_2_m": -60.0, "ba_2_s": -10.0, "delay": 0.20562642327235167, "mi_0_e": 25.843011535027827, "mi_0_s": -5.0, "mi_1_e": 21.584663993129087, "mi_1_m": 38.899985737815186, "mi_1_s": 22.382409456177356, "mi_2_e": -10.0, "mi_2_m": -60.0, "mi_2_s": -10.0}, "datetime": {"datetime": "2019-09-11 18:46:43", "elapsed": 402.700038, "delta": 6.993053}}
