{"target": 1.3030853271484375, "params": {"ah_0_e": 35.07103717402946, "ah_0_s": -23.06922865737624, "ah_1_e": 10.428512040503753, "ah_1_m": 40.697765693152604, "ah_1_s": 25.72642794183836, "ah_2_e": -10.0, "ah_2_m": -60.0, "ah_2_s": -10.0, "ba_0_e": -13.0211744879388, "ba_0_s": 23.884748389349816, "ba_1_e": 4.947224116562076, "ba_1_m": 49.89009029421459, "ba_1_s": 34.1439759137441, "ba_2_e": -10.0, "ba_2_m": -60.0, "ba_2_s": -10.0, "delay": 0.1384070883748963, "mi_0_e": 31.30434102534979, "mi_0_s": -5.0, "mi_1_e": 14.181594063937839, "mi_1_m": 43.0880143486986, "mi_1_s": 30.001101235125525, "mi_2_e": -10.0, "mi_2_m": -60.0, "mi_2_s": -10.0}, "datetime": {"datetime": "2019-09-11 17:43:24", "elapsed": 3165.735011, "delta": 11.56807}}
{"target": 1.3348451852798462, "params": {"ah_0_e": 37.80158898514187, "ah_0_s": -35.264172421375136, "ah_1_e": 11.809839770292953, "ah_1_m": 33.95937644553392, "ah_1_s": 31.132828101012517, "ah_2_e": -10.0, "ah_2_m": -60.0, "ah_2_s": -10.0, "ba_0_e": -38.41425537943394, "ba_0_s": 28.8510719543104, "ba_1_e": 1.234571780362037, "ba_1_m": 49.20896146334863, "ba_1_s": 33.25981004808922, "ba_2_e": -10.0, "ba_2_m": -60.0, "ba_2_s": -10.0, "delay": 0.1305681050147633, "mi_0_e": 8.524651449291348, "mi_0_s": -5.0, "mi_1_e": 12.037975121642617, "mi_1_m": 37.55668751072938, "mi_1_s": 21.291478784944363, "mi_2_e": -10.0, "mi_2_m": -60.0, "mi_2_s": -10.0}, "datetime": {"datetime": "2019-09-11 17:43:35", "elapsed": 3177.547329, "delta": 11.812318}}
{"target": 0.8104157447814941, "params": {"ah_0_e": 30.402497785150054, "ah_0_s": -23.989121737180856, "ah_1_e": 0.8098695004152912, "ah_1_m": 32.912451738174596, "ah_1_s": 10.818641419013519, "ah_2_e": -10.0, "ah_2_m": -60.0, "ah_2_s": -10.0, "ba_0_e": -5.560422325346636, "ba_0_s": 35.24975067697077, "ba_1_e": 7.763559339948538, "ba_1_m": 47.465764244771336, "ba_1_s": 31.91627079734891, "ba_2_e": -10.0, "ba_2_m": -60.0, "ba_2_s": -10.0, "delay": 0.14518695059241304, "mi_0_e": 18.096023136950578, "mi_0_s": -5.0, "mi_1_e": 22.535992403012695, "mi_1_m": 35.809281329340514, "mi_1_s": 1.1654441065173033, "mi_2_e": -10.0, "mi_2_m": -60.0, "mi_2_s": -10.0}, "datetime": {"datetime": "2019-09-11 17:43:47", "elapsed": 3189.044664, "delta": 11.497335}}
{"target": 1.1623001098632812, "params": {"ah_0_e": 39.44203111579156, "ah_0_s": -11.941830395021242, "ah_1_e": 26.66719217369797, "ah_1_m": 44.469450690288625, "ah_1_s": 7.966503938059534, "ah_2_e": -10.0, "ah_2_m": -60.0, "ah_2_s": -10.0, "ba_0_e": -28.857353032803935, "ba_0_s": 14.12446710737145, "ba_1_e": 2.07858849759371, "ba_1_m": 49.27777449555542, "ba_1_s": 33.374119437063385, "ba_2_e": -10.0, "ba_2_m": -60.0, "ba_2_s": -10.0, "delay": 0.17219652810210873, "mi_0_e": 7.608556578639305, "mi_0_s": -5.0, "mi_1_e": 0.10415230595938407, "mi_1_m": 45.289194324113325, "mi_1_s": 27.97656104939942, "mi_2_e": -10.0, "mi_2_m": -60.0, "mi_2_s": -10.0}, "datetime": {"datetime": "2019-09-11 17:43:59", "elapsed": 3201.143299, "delta": 12.098635}}
{"target": 1.3174943923950195, "params": {"ah_0_e": 30.966032253218756, "ah_0_s": -27.858673977444617, "ah_1_e": 22.663340955119143, "ah_1_m": 38.62879597633944, "ah_1_s": 34.07365083203243, "ah_2_e": -10.0, "ah_2_m": -60.0, "ah_2_s": -10.0, "ba_0_e": -24.494075249866604, "ba_0_s": 22.30672944167501, "ba_1_e": 3.11430300193034, "ba_1_m": 47.77987491930536, "ba_1_s": 29.974135199014174, "ba_2_e": -10.0, "ba_2_m": -60.0, "ba_2_s": -10.0, "delay": 0.1410106170928484, "mi_0_e": 12.34348168112886, "mi_0_s": -5.0, "mi_1_e": 4.187225297937488, "mi_1_m": 35.04414816035185, "mi_1_s": 31.922777463039886, "mi_2_e": -10.0, "mi_2_m": -60.0, "mi_2_s": -10.0}, "datetime": {"datetime": "2019-09-11 17:44:11", "elapsed": 3212.818298, "delta": 11.674999}}
{"target": 1.2816060781478882, "params": {"ah_0_e": 39.78396365186828, "ah_0_s": -5.773475559768308, "ah_1_e": 11.906249332734536, "ah_1_m": 30.19601196059382, "ah_1_s": 5.834595343170112, "ah_2_e": -10.0, "ah_2_m": -60.0, "ah_2_s": -10.0, "ba_0_e": -19.873351483459032, "ba_0_s": 25.09784222569442, "ba_1_e": 1.1865275763366285, "ba_1_m": 48.682780055854366, "ba_1_s": 26.998496745244825, "ba_2_e": -10.0, "ba_2_m": -60.0, "ba_2_s": -10.0, "delay": 0.15326428348662546, "mi_0_e": 19.615196176447945, "mi_0_s": -5.0, "mi_1_e": 24.444928316961818, "mi_1_m": 40.05087305676116, "mi_1_s": 22.314915731609922, "mi_2_e": -10.0, "mi_2_m": -60.0, "mi_2_s": -10.0}, "datetime": {"datetime": "2019-09-11 17:44:22", "elapsed": 3224.23812, "delta": 11.419822}}
{"target": 0.8953602313995361, "params": {"ah_0_e": 16.064783935924453, "ah_0_s": 1.4244351143338747, "ah_1_e": 12.339082590654943, "ah_1_m": 39.091977308716075, "ah_1_s": 11.871312432612287, "ah_2_e": -10.0, "ah_2_m": -60.0, "ah_2_s": -10.0, "ba_0_e": -36.29343143636878, "ba_0_s": 5.006080508670324, "ba_1_e": 7.55930012058159, "ba_1_m": 48.330658936074094, "ba_1_s": 34.27416738474649, "ba_2_e": -10.0, "ba_2_m": -60.0, "ba_2_s": -10.0, "delay": 0.16996570578307266, "mi_0_e": 7.162239623521522, "mi_0_s": -5.0, "mi_1_e": 5.639561843799747, "mi_1_m": 35.44221995205419, "mi_1_s": 27.919265003409755, "mi_2_e": -10.0, "mi_2_m": -60.0, "mi_2_s": -10.0}, "datetime": {"datetime": "2019-09-11 17:44:34", "elapsed": 3236.202121, "delta": 11.964001}}
{"target": 1.024956226348877, "params": {"ah_0_e": 16.985163301347004, "ah_0_s": -8.20225780927331, "ah_1_e": 10.714124034390766, "ah_1_m": 32.49888025331556, "ah_1_s": 4.284728914687975, "ah_2_e": -10.0, "ah_2_m": -60.0, "ah_2_s": -10.0, "ba_0_e": -34.00185167519446, "ba_0_s": 6.104347370428979, "ba_1_e": 6.500814121775777, "ba_1_m": 47.99285759368671, "ba_1_s": 28.45928789174738, "ba_2_e": -10.0, "ba_2_m": -60.0, "ba_2_s": -10.0, "delay": 0.13947704464545768, "mi_0_e": 9.901254386959161, "mi_0_s": -5.0, "mi_1_e": 0.7888560442889303, "mi_1_m": 33.76810102755695, "mi_1_s": 28.37793160823927, "mi_2_e": -10.0, "mi_2_m": -60.0, "mi_2_s": -10.0}, "datetime": {"datetime": "2019-09-11 17:44:46", "elapsed": 3247.910212, "delta": 11.708091}}
{"target": 1.3974179029464722, "params": {"ah_0_e": 35.80502426365373, "ah_0_s": 2.5995180985824433, "ah_1_e": 5.583540990261219, "ah_1_m": 32.47182460082321, "ah_1_s": 0.4546413554749218, "ah_2_e": -10.0, "ah_2_m": -60.0, "ah_2_s": -10.0, "ba_0_e": -29.30203380467077, "ba_0_s": 17.29941510734301, "ba_1_e": 4.0599984955307855, "ba_1_m": 46.789958215025045, "ba_1_s": 20.503420946932398, "ba_2_e": -10.0, "ba_2_m": -60.0, "ba_2_s": -10.0, "delay": 0.18597708891698222, "mi_0_e": 12.433646310250783, "mi_0_s": -5.0, "mi_1_e": 3.072950257763087, "mi_1_m": 38.95332459671334, "mi_1_s": 19.432858000228347, "mi_2_e": -10.0, "mi_2_m": -60.0, "mi_2_s": -10.0}, "datetime": {"datetime": "2019-09-11 17:44:57", "elapsed": 3259.518707, "delta": 11.608495}}
{"target": 0.7348774671554565, "params": {"ah_0_e": 36.09419873435289, "ah_0_s": -23.0377826586665, "ah_1_e": 3.6448682487854445, "ah_1_m": 45.60755795317796, "ah_1_s": 31.58649289626319, "ah_2_e": -10.0, "ah_2_m": -60.0, "ah_2_s": -10.0, "ba_0_e": -33.408691133227975, "ba_0_s": 32.01260437272498, "ba_1_e": 18.028042325903126, "ba_1_m": 45.455810395918505, "ba_1_s": 23.533721452669578, "ba_2_e": -10.0, "ba_2_m": -60.0, "ba_2_s": -10.0, "delay": 0.18426866276929593, "mi_0_e": 8.219649561333842, "mi_0_s": -5.0, "mi_1_e": 2.3058606302139384, "mi_1_m": 45.00128183622559, "mi_1_s": 27.058919885521526, "mi_2_e": -10.0, "mi_2_m": -60.0, "mi_2_s": -10.0}, "datetime": {"datetime": "2019-09-11 17:45:09", "elapsed": 3271.29141, "delta": 11.772703}}
{"target": 1.041459321975708, "params": {"ah_0_e": 29.704682848334254, "ah_0_s": -1.8696179776488577, "ah_1_e": 18.79348899307375, "ah_1_m": 34.334039851383224, "ah_1_s": 18.61873510451001, "ah_2_e": -10.0, "ah_2_m": -60.0, "ah_2_s": -10.0, "ba_0_e": -19.052343082012147, "ba_0_s": 21.52464716210031, "ba_1_e": 16.02655088908369, "ba_1_m": 44.53950110614031, "ba_1_s": 33.89239606227123, "ba_2_e": -10.0, "ba_2_m": -60.0, "ba_2_s": -10.0, "delay": 0.168724388522405, "mi_0_e": 6.908980062770824, "mi_0_s": -5.0, "mi_1_e": 10.19523277952431, "mi_1_m": 40.32561371556882, "mi_1_s": 29.813297657072567, "mi_2_e": -10.0, "mi_2_m": -60.0, "mi_2_s": -10.0}, "datetime": {"datetime": "2019-09-11 17:45:21", "elapsed": 3282.932991, "delta": 11.641581}}
{"target": 1.2427116632461548, "params": {"ah_0_e": 27.812047382937717, "ah_0_s": 4.050997250852731, "ah_1_e": 24.730753131865505, "ah_1_m": 32.5547867958688, "ah_1_s": 4.079461833192744, "ah_2_e": -10.0, "ah_2_m": -60.0, "ah_2_s": -10.0, "ba_0_e": -34.8910436260041, "ba_0_s": 10.422064220457077, "ba_1_e": 9.47923674396852, "ba_1_m": 49.028036867503644, "ba_1_s": 28.79042636442765, "ba_2_e": -10.0, "ba_2_m": -60.0, "ba_2_s": -10.0, "delay": 0.20698932184996563, "mi_0_e": 6.518481572324861, "mi_0_s": -5.0, "mi_1_e": 11.978560222342567, "mi_1_m": 47.46968638326183, "mi_1_s": 33.67710321308947, "mi_2_e": -10.0, "mi_2_m": -60.0, "mi_2_s": -10.0}, "datetime": {"datetime": "2019-09-11 17:45:33", "elapsed": 3294.836445, "delta": 11.903454}}
{"target": 0.3315429091453552, "params": {"ah_0_e": 9.43076465563988, "ah_0_s": -31.289153690518432, "ah_1_e": 10.847387445647785, "ah_1_m": 49.25415358394616, "ah_1_s": 13.305104972121987, "ah_2_e": -10.0, "ah_2_m": -60.0, "ah_2_s": -10.0, "ba_0_e": -29.599691420621667, "ba_0_s": 9.619811746464428, "ba_1_e": 2.0280036967164645, "ba_1_m": 49.31071459690172, "ba_1_s": 28.534558717919126, "ba_2_e": -10.0, "ba_2_m": -60.0, "ba_2_s": -10.0, "delay": 0.15691788871441933, "mi_0_e": 7.495804046220984, "mi_0_s": -5.0, "mi_1_e": 17.745988956822032, "mi_1_m": 31.196088354942116, "mi_1_s": 19.243720858306762, "mi_2_e": -10.0, "mi_2_m": -60.0, "mi_2_s": -10.0}, "datetime": {"datetime": "2019-09-11 17:45:44", "elapsed": 3306.325836, "delta": 11.489391}}
{"target": 1.4673042297363281, "params": {"ah_0_e": 27.826540087281778, "ah_0_s": -35.72426105088474, "ah_1_e": 20.871556099666755, "ah_1_m": 33.49703501991828, "ah_1_s": 28.272059014823384, "ah_2_e": -10.0, "ah_2_m": -60.0, "ah_2_s": -10.0, "ba_0_e": -37.87012500014425, "ba_0_s": 14.407373230886746, "ba_1_e": 9.026839190130378, "ba_1_m": 47.07660693399382, "ba_1_s": 29.41222349703532, "ba_2_e": -10.0, "ba_2_m": -60.0, "ba_2_s": -10.0, "delay": 0.20911845961683126, "mi_0_e": 8.617092279510908, "mi_0_s": -5.0, "mi_1_e": 12.662690285775339, "mi_1_m": 35.29605399013442, "mi_1_s": 31.80421576190361, "mi_2_e": -10.0, "mi_2_m": -60.0, "mi_2_s": -10.0}, "datetime": {"datetime": "2019-09-11 17:45:56", "elapsed": 3318.061339, "delta": 11.735503}}
{"target": 0.16234458982944489, "params": {"ah_0_e": 14.173367974978529, "ah_0_s": 0.49633873699615805, "ah_1_e": 13.586635673554229, "ah_1_m": 39.6368074416539, "ah_1_s": 28.48788439517837, "ah_2_e": -10.0, "ah_2_m": -60.0, "ah_2_s": -10.0, "ba_0_e": -37.79031090511827, "ba_0_s": 22.595054244203702, "ba_1_e": 7.245961153306438, "ba_1_m": 42.17286055753824, "ba_1_s": 28.14483639072044, "ba_2_e": -10.0, "ba_2_m": -60.0, "ba_2_s": -10.0, "delay": 0.1318037805577451, "mi_0_e": 24.96644378150782, "mi_0_s": -5.0, "mi_1_e": 3.1454861480942604, "mi_1_m": 34.679634126176325, "mi_1_s": 17.796052056682136, "mi_2_e": -10.0, "mi_2_m": -60.0, "mi_2_s": -10.0}, "datetime": {"datetime": "2019-09-11 17:46:07", "elapsed": 3329.509217, "delta": 11.447878}}
{"target": 1.0906299352645874, "params": {"ah_0_e": 32.894161190861794, "ah_0_s": -25.64090404925704, "ah_1_e": 5.614475409776817, "ah_1_m": 33.69954613599713, "ah_1_s": 8.165301433668697, "ah_2_e": -10.0, "ah_2_m": -60.0, "ah_2_s": -10.0, "ba_0_e": -21.551894991067638, "ba_0_s": 26.47180615784584, "ba_1_e": 6.798337199523849, "ba_1_m": 46.559401078009856, "ba_1_s": 33.94434567883431, "ba_2_e": -10.0, "ba_2_m": -60.0, "ba_2_s": -10.0, "delay": 0.1628268550952215, "mi_0_e": 10.989710330236242, "mi_0_s": -5.0, "mi_1_e": 3.398394996152976, "mi_1_m": 34.22069463828345, "mi_1_s": 33.54629891809357, "mi_2_e": -10.0, "mi_2_m": -60.0, "mi_2_s": -10.0}, "datetime": {"datetime": "2019-09-11 17:46:20", "elapsed": 3341.636008, "delta": 12.126791}}
{"target": 1.5104248523712158, "params": {"ah_0_e": 33.37862395426144, "ah_0_s": -12.523712010566769, "ah_1_e": 10.501791683823393, "ah_1_m": 37.45397312727469, "ah_1_s": 16.520122153622008, "ah_2_e": -10.0, "ah_2_m": -60.0, "ah_2_s": -10.0, "ba_0_e": -20.74867698355984, "ba_0_s": 14.474797574499076, "ba_1_e": 9.479845136703787, "ba_1_m": 49.21752384736725, "ba_1_s": 34.09916918676994, "ba_2_e": -10.0, "ba_2_m": -60.0, "ba_2_s": -10.0, "delay": 0.1765934300522899, "mi_0_e": 7.369938144351983, "mi_0_s": -5.0, "mi_1_e": 5.460623635185311, "mi_1_m": 30.64113361240688, "mi_1_s": 14.030692114526554, "mi_2_e": -10.0, "mi_2_m": -60.0, "mi_2_s": -10.0}, "datetime": {"datetime": "2019-09-11 17:46:32", "elapsed": 3354.157901, "delta": 12.521893}}
{"target": 1.7083302736282349, "params": {"ah_0_e": 39.16262422375884, "ah_0_s": -6.320130997069988, "ah_1_e": 11.061572123402264, "ah_1_m": 35.56912601505877, "ah_1_s": 30.75223687531628, "ah_2_e": -10.0, "ah_2_m": -60.0, "ah_2_s": -10.0, "ba_0_e": -20.48986712665512, "ba_0_s": 17.158468754059463, "ba_1_e": 3.569730738008628, "ba_1_m": 47.803256644471276, "ba_1_s": 6.30467791771556, "ba_2_e": -10.0, "ba_2_m": -60.0, "ba_2_s": -10.0, "delay": 0.15440786039972187, "mi_0_e": 17.09353905122731, "mi_0_s": -5.0, "mi_1_e": 8.752121718469215, "mi_1_m": 31.864277335762043, "mi_1_s": 34.261800570122396, "mi_2_e": -10.0, "mi_2_m": -60.0, "mi_2_s": -10.0}, "datetime": {"datetime": "2019-09-11 17:46:44", "elapsed": 3365.767956, "delta": 11.610055}}
{"target": 1.5621922016143799, "params": {"ah_0_e": 35.539681251651544, "ah_0_s": -23.455646781114655, "ah_1_e": 5.535718629947169, "ah_1_m": 31.899392591099332, "ah_1_s": 34.08309443109959, "ah_2_e": -10.0, "ah_2_m": -60.0, "ah_2_s": -10.0, "ba_0_e": -39.267135487394015, "ba_0_s": 17.65495212346744, "ba_1_e": 16.595744675101713, "ba_1_m": 48.993680267797956, "ba_1_s": 31.66513781853543, "ba_2_e": -10.0, "ba_2_m": -60.0, "ba_2_s": -10.0, "delay": 0.2055962784599098, "mi_0_e": 21.571409048106613, "mi_0_s": -5.0, "mi_1_e": 22.70472692013548, "mi_1_m": 33.99314590140604, "mi_1_s": 33.673996169105045, "mi_2_e": -10.0, "mi_2_m": -60.0, "mi_2_s": -10.0}, "datetime": {"datetime": "2019-09-11 17:46:55", "elapsed": 3377.371413, "delta": 11.603457}}
{"target": 0.1439162939786911, "params": {"ah_0_e": 36.454708792176476, "ah_0_s": -28.6598259851198, "ah_1_e": 27.840081671653614, "ah_1_m": 47.38767983286933, "ah_1_s": 0.8462034446240668, "ah_2_e": -10.0, "ah_2_m": -60.0, "ah_2_s": -10.0, "ba_0_e": -39.09901483532653, "ba_0_s": 31.78519084895892, "ba_1_e": 11.882538454531456, "ba_1_m": 46.655096116691, "ba_1_s": 34.703514664487656, "ba_2_e": -10.0, "ba_2_m": -60.0, "ba_2_s": -10.0, "delay": 0.1939852785438862, "mi_0_e": 11.173042498493063, "mi_0_s": -5.0, "mi_1_e": 8.932237413233088, "mi_1_m": 38.05964596418673, "mi_1_s": 23.23273892861448, "mi_2_e": -10.0, "mi_2_m": -60.0, "mi_2_s": -10.0}, "datetime": {"datetime": "2019-09-11 17:47:07", "elapsed": 3389.10647, "delta": 11.735057}}
{"target": 1.4890878200531006, "params": {"ah_0_e": 37.87530375456008, "ah_0_s": -25.739478294055004, "ah_1_e": 13.076860972024846, "ah_1_m": 40.78564917209402, "ah_1_s": 23.48072416293917, "ah_2_e": -10.0, "ah_2_m": -60.0, "ah_2_s": -10.0, "ba_0_e": -35.23069227784619, "ba_0_s": 30.710065795938515, "ba_1_e": 2.49955474177961, "ba_1_m": 43.09914826701325, "ba_1_s": 31.502134781229003, "ba_2_e": -10.0, "ba_2_m": -60.0, "ba_2_s": -10.0, "delay": 0.19226713481170757, "mi_0_e": 14.234824978925877, "mi_0_s": -5.0, "mi_1_e": 6.823524727497561, "mi_1_m": 30.96055669470275, "mi_1_s": 32.79943036611109, "mi_2_e": -10.0, "mi_2_m": -60.0, "mi_2_s": -10.0}, "datetime": {"datetime": "2019-09-11 17:47:19", "elapsed": 3401.012283, "delta": 11.905813}}
{"target": 1.1455150842666626, "params": {"ah_0_e": 36.54957847941064, "ah_0_s": -26.244453403370407, "ah_1_e": 11.788711437938739, "ah_1_m": 30.38747608147378, "ah_1_s": 1.3111955599139435, "ah_2_e": -10.0, "ah_2_m": -60.0, "ah_2_s": -10.0, "ba_0_e": -20.443260023789446, "ba_0_s": 19.09980271289851, "ba_1_e": 8.176626480735592, "ba_1_m": 43.38395471954038, "ba_1_s": 28.15359102070537, "ba_2_e": -10.0, "ba_2_m": -60.0, "ba_2_s": -10.0, "delay": 0.18082832830064047, "mi_0_e": 8.808896952909638, "mi_0_s": -5.0, "mi_1_e": 11.390106844009123, "mi_1_m": 41.89920529260915, "mi_1_s": 24.7594806094357, "mi_2_e": -10.0, "mi_2_m": -60.0, "mi_2_s": -10.0}, "datetime": {"datetime": "2019-09-11 17:47:31", "elapsed": 3412.796295, "delta": 11.784012}}
{"target": 1.1364474296569824, "params": {"ah_0_e": 36.88732000387582, "ah_0_s": -13.713504529898007, "ah_1_e": 22.75920672141251, "ah_1_m": 35.07601291937634, "ah_1_s": 18.67701174668578, "ah_2_e": -10.0, "ah_2_m": -60.0, "ah_2_s": -10.0, "ba_0_e": -24.45284090716468, "ba_0_s": 26.104111557291095, "ba_1_e": 14.211008336291274, "ba_1_m": 48.59039403486929, "ba_1_s": 28.72220073205402, "ba_2_e": -10.0, "ba_2_m": -60.0, "ba_2_s": -10.0, "delay": 0.16507722166996605, "mi_0_e": 6.871216557725356, "mi_0_s": -5.0, "mi_1_e": 7.931433946326049, "mi_1_m": 43.87018814390254, "mi_1_s": 29.401727244023473, "mi_2_e": -10.0, "mi_2_m": -60.0, "mi_2_s": -10.0}, "datetime": {"datetime": "2019-09-11 17:47:42", "elapsed": 3424.58207, "delta": 11.785775}}
{"target": 0.6197004914283752, "params": {"ah_0_e": 37.90538252967673, "ah_0_s": 0.6305868057229631, "ah_1_e": 6.309814301967347, "ah_1_m": 35.46716728579103, "ah_1_s": 2.4614473538213795, "ah_2_e": -10.0, "ah_2_m": -60.0, "ah_2_s": -10.0, "ba_0_e": -29.412441614428204, "ba_0_s": 18.793622138694946, "ba_1_e": 4.2769507099940665, "ba_1_m": 43.844882196704766, "ba_1_s": 27.239867958104238, "ba_2_e": -10.0, "ba_2_m": -60.0, "ba_2_s": -10.0, "delay": 0.15232341054637807, "mi_0_e": 8.305441060573418, "mi_0_s": -5.0, "mi_1_e": 28.1460435118425, "mi_1_m": 46.58415531859807, "mi_1_s": 4.35521916810691, "mi_2_e": -10.0, "mi_2_m": -60.0, "mi_2_s": -10.0}, "datetime": {"datetime": "2019-09-11 17:47:55", "elapsed": 3436.917183, "delta": 12.335113}}
{"target": 1.2901413440704346, "params": {"ah_0_e": 31.48924647784161, "ah_0_s": -17.90697023125492, "ah_1_e": 4.092949793140162, "ah_1_m": 35.0900472628152, "ah_1_s": 7.582540372432257, "ah_2_e": -10.0, "ah_2_m": -60.0, "ah_2_s": -10.0, "ba_0_e": -25.537295226392324, "ba_0_s": 29.384589143970143, "ba_1_e": 0.7719382471758696, "ba_1_m": 48.50898254959583, "ba_1_s": 21.73097896169536, "ba_2_e": -10.0, "ba_2_m": -60.0, "ba_2_s": -10.0, "delay": 0.16793254380568096, "mi_0_e": 9.758452542171284, "mi_0_s": -5.0, "mi_1_e": 8.031842342737344, "mi_1_m": 33.342990511010825, "mi_1_s": 29.503591617613402, "mi_2_e": -10.0, "mi_2_m": -60.0, "mi_2_s": -10.0}, "datetime": {"datetime": "2019-09-11 17:48:07", "elapsed": 3448.592306, "delta": 11.675123}}
{"target": 1.2239596843719482, "params": {"ah_0_e": 36.214290240580894, "ah_0_s": -3.597585853712232, "ah_1_e": 2.7183972532562253, "ah_1_m": 31.51688115758612, "ah_1_s": 4.13259413869044, "ah_2_e": -10.0, "ah_2_m": -60.0, "ah_2_s": -10.0, "ba_0_e": -34.62063375703043, "ba_0_s": 20.164506856463902, "ba_1_e": 4.375159693851636, "ba_1_m": 49.45648204166261, "ba_1_s": 6.862776654389176, "ba_2_e": -10.0, "ba_2_m": -60.0, "ba_2_s": -10.0, "delay": 0.16826033893943398, "mi_0_e": 22.33018933339715, "mi_0_s": -5.0, "mi_1_e": 18.96590465800302, "mi_1_m": 41.457604795724464, "mi_1_s": 7.677730477217891, "mi_2_e": -10.0, "mi_2_m": -60.0, "mi_2_s": -10.0}, "datetime": {"datetime": "2019-09-11 17:48:18", "elapsed": 3460.479732, "delta": 11.887426}}
{"target": 1.3147214651107788, "params": {"ah_0_e": 38.67511718436604, "ah_0_s": -28.393811529601486, "ah_1_e": 18.75204224545998, "ah_1_m": 41.954026570440035, "ah_1_s": 0.7446391359965598, "ah_2_e": -10.0, "ah_2_m": -60.0, "ah_2_s": -10.0, "ba_0_e": -33.37774093332776, "ba_0_s": 16.606217596246225, "ba_1_e": 12.168321905801761, "ba_1_m": 45.13869432741014, "ba_1_s": 20.90532565283386, "ba_2_e": -10.0, "ba_2_m": -60.0, "ba_2_s": -10.0, "delay": 0.14213032201719433, "mi_0_e": 10.885964837915306, "mi_0_s": -5.0, "mi_1_e": 4.664262532691734, "mi_1_m": 38.56557316139482, "mi_1_s": 7.796274765026307, "mi_2_e": -10.0, "mi_2_m": -60.0, "mi_2_s": -10.0}, "datetime": {"datetime": "2019-09-11 17:48:31", "elapsed": 3472.814347, "delta": 12.334615}}
{"target": 0.5419955849647522, "params": {"ah_0_e": 37.90976126541264, "ah_0_s": -30.445986281169375, "ah_1_e": 9.692266860462926, "ah_1_m": 48.70833075861353, "ah_1_s": 31.99435591304657, "ah_2_e": -10.0, "ah_2_m": -60.0, "ah_2_s": -10.0, "ba_0_e": -39.24741774977466, "ba_0_s": 8.125172642469929, "ba_1_e": 1.0355723391563176, "ba_1_m": 45.486795663988616, "ba_1_s": 29.329652087189405, "ba_2_e": -10.0, "ba_2_m": -60.0, "ba_2_s": -10.0, "delay": 0.13891069094166536, "mi_0_e": 8.63127834426215, "mi_0_s": -5.0, "mi_1_e": 3.314860562984723, "mi_1_m": 30.221832674956552, "mi_1_s": 26.772251109136015, "mi_2_e": -10.0, "mi_2_m": -60.0, "mi_2_s": -10.0}, "datetime": {"datetime": "2019-09-11 17:48:42", "elapsed": 3484.407395, "delta": 11.593048}}
{"target": -0.3384924829006195, "params": {"ah_0_e": 30.28352260549184, "ah_0_s": 4.470476357967549, "ah_1_e": 2.9308101008628706, "ah_1_m": 45.638059977102934, "ah_1_s": 34.8148491973127, "ah_2_e": -10.0, "ah_2_m": -60.0, "ah_2_s": -10.0, "ba_0_e": -38.328015257324076, "ba_0_s": 16.186217492934283, "ba_1_e": 1.5623932596154204, "ba_1_m": 45.72487900550709, "ba_1_s": 23.91426753695487, "ba_2_e": -10.0, "ba_2_m": -60.0, "ba_2_s": -10.0, "delay": 0.2011086542009196, "mi_0_e": 26.656894319098924, "mi_0_s": -5.0, "mi_1_e": 18.535738208678904, "mi_1_m": 34.005476273901316, "mi_1_s": 14.037640462644784, "mi_2_e": -10.0, "mi_2_m": -60.0, "mi_2_s": -10.0}, "datetime": {"datetime": "2019-09-11 17:48:54", "elapsed": 3496.577124, "delta": 12.169729}}
