{"target": 4.63698673248291, "params": {"delay_time": 0.0073025909923064404, "length": 15.176661442453911, "st_point_a": 26.088721773667004, "st_point_m": -4.371751180836549}, "datetime": {"datetime": "2019-08-19 21:22:09", "elapsed": 1880.89586, "delta": 12.934667}}
{"target": 7.495553016662598, "params": {"delay_time": 0.003074865249949448, "length": 14.976293167567853, "st_point_a": 21.252544620061244, "st_point_m": -7.4279249126063736}, "datetime": {"datetime": "2019-08-19 21:22:22", "elapsed": 1894.023504, "delta": 13.127644}}
{"target": 4.023289680480957, "params": {"delay_time": 0.00836512589487973, "length": 12.296087269468622, "st_point_a": 26.406486332265306, "st_point_m": -7.742923518376491}, "datetime": {"datetime": "2019-08-19 21:22:35", "elapsed": 1907.021253, "delta": 12.997749}}
{"target": 5.9250874519348145, "params": {"delay_time": 0.001881729268792225, "length": 11.41661198359338, "st_point_a": 19.85003072253222, "st_point_m": -12.112911468651621}, "datetime": {"datetime": "2019-08-19 21:22:48", "elapsed": 1920.043618, "delta": 13.022365}}
{"target": 4.6549272537231445, "params": {"delay_time": 0.004539061092321961, "length": 10.663819828925067, "st_point_a": 26.344189270294343, "st_point_m": -12.430780578555414}, "datetime": {"datetime": "2019-08-19 21:23:14", "elapsed": 1945.847562, "delta": 12.917671}}
{"target": 6.179196357727051, "params": {"delay_time": 0.0030569102652949977, "length": 13.656197551168587, "st_point_a": 17.007687038984095, "st_point_m": -12.599643070507522}, "datetime": {"datetime": "2019-08-19 21:23:27", "elapsed": 1958.830852, "delta": 12.98329}}
{"target": 5.347630500793457, "params": {"delay_time": 0.008988600679897405, "length": 16.967228576628486, "st_point_a": 23.381287156212224, "st_point_m": -10.199363901194918}, "datetime": {"datetime": "2019-08-19 21:23:40", "elapsed": 1971.768439, "delta": 12.937587}}
{"target": 6.103594779968262, "params": {"delay_time": 0.006342973850604329, "length": 16.27433481715571, "st_point_a": 17.965924474846965, "st_point_m": -10.138546555531324}, "datetime": {"datetime": "2019-08-19 21:23:53", "elapsed": 1984.826771, "delta": 13.058332}}
{"target": 6.614987850189209, "params": {"delay_time": 0.004795718947769256, "length": 15.967168366038058, "st_point_a": 25.96937126094458, "st_point_m": -11.964672009106787}, "datetime": {"datetime": "2019-08-19 21:24:06", "elapsed": 1997.793453, "delta": 12.966682}}
{"target": 6.7043023109436035, "params": {"delay_time": 0.0027358971588545174, "length": 15.560851267889568, "st_point_a": 23.858190635587754, "st_point_m": -7.306636745395283}, "datetime": {"datetime": "2019-08-19 21:24:19", "elapsed": 2010.933658, "delta": 13.140205}}
{"target": 5.7497944831848145, "params": {"delay_time": 0.00777177734260801, "length": 16.959587212753995, "st_point_a": 19.46709278547818, "st_point_m": -7.234226940578646}, "datetime": {"datetime": "2019-08-19 21:24:32", "elapsed": 2024.233979, "delta": 13.300321}}
{"target": 3.6591129302978516, "params": {"delay_time": 0.007147677325260943, "length": 10.576312798954516, "st_point_a": 24.39284987586418, "st_point_m": -3.1591466828060994}, "datetime": {"datetime": "2019-08-19 21:24:46", "elapsed": 2037.848044, "delta": 13.614065}}
{"target": 5.198079586029053, "params": {"delay_time": 0.006036892022887558, "length": 14.020124777574765, "st_point_a": 26.014784569617042, "st_point_m": -7.635719717207445}, "datetime": {"datetime": "2019-08-19 21:24:59", "elapsed": 2051.452088, "delta": 13.604044}}
{"target": 4.462044715881348, "params": {"delay_time": 0.007275472018964275, "length": 13.766915644971823, "st_point_a": 18.989573719881914, "st_point_m": -11.461878555521308}, "datetime": {"datetime": "2019-08-19 21:25:13", "elapsed": 2064.985827, "delta": 13.533739}}
{"target": 3.6400084495544434, "params": {"delay_time": 0.008357427436185914, "length": 11.405542725489259, "st_point_a": 25.712874815666254, "st_point_m": -10.349302352539455}, "datetime": {"datetime": "2019-08-19 21:25:26", "elapsed": 2078.469446, "delta": 13.483619}}
{"target": 5.080482482910156, "params": {"delay_time": 0.007668386648273547, "length": 14.698775784177247, "st_point_a": 24.700451157431704, "st_point_m": -3.3133230102767524}, "datetime": {"datetime": "2019-08-19 21:25:40", "elapsed": 2091.866126, "delta": 13.39668}}
{"target": 5.640026092529297, "params": {"delay_time": 0.0034129551858689154, "length": 11.113382606038405, "st_point_a": 20.54306796852256, "st_point_m": -6.020263605646502}, "datetime": {"datetime": "2019-08-19 21:25:53", "elapsed": 2105.221057, "delta": 13.354931}}
{"target": 5.949795722961426, "params": {"delay_time": 0.0029378036512822865, "length": 13.367006796453088, "st_point_a": 24.584933091626965, "st_point_m": -5.679488976676381}, "datetime": {"datetime": "2019-08-19 21:26:07", "elapsed": 2118.800379, "delta": 13.579322}}
{"target": 3.8603291511535645, "params": {"delay_time": 0.00685149053630611, "length": 10.5739591929495, "st_point_a": 17.790141056587213, "st_point_m": -5.4264205242847865}, "datetime": {"datetime": "2019-08-19 21:26:20", "elapsed": 2132.220744, "delta": 13.420365}}
{"target": 6.033153533935547, "params": {"delay_time": 0.003096487092168182, "length": 13.71648288008972, "st_point_a": 24.346576380397998, "st_point_m": -8.547254254783894}, "datetime": {"datetime": "2019-08-19 21:26:47", "elapsed": 2159.420991, "delta": 13.671409}}
{"target": 6.042566299438477, "params": {"delay_time": 0.001182401459159551, "length": 11.90812139241435, "st_point_a": 19.83519495920816, "st_point_m": -11.601028694640995}, "datetime": {"datetime": "2019-08-19 21:27:01", "elapsed": 2172.971325, "delta": 13.550334}}
{"target": 5.6531476974487305, "params": {"delay_time": 0.004334649638638561, "length": 13.334454699940437, "st_point_a": 23.424094868056386, "st_point_m": -12.385374973705979}, "datetime": {"datetime": "2019-08-19 21:27:14", "elapsed": 2186.513095, "delta": 13.54177}}
{"target": 6.025113105773926, "params": {"delay_time": 0.0020755064702625177, "length": 10.067151890016872, "st_point_a": 20.65736424978389, "st_point_m": -8.899236861540293}, "datetime": {"datetime": "2019-08-19 21:27:28", "elapsed": 2199.919604, "delta": 13.406509}}
{"target": 6.4211225509643555, "params": {"delay_time": 0.0028723653028764826, "length": 15.85603487689534, "st_point_a": 20.07338508869955, "st_point_m": -5.749950377734852}, "datetime": {"datetime": "2019-08-19 21:27:41", "elapsed": 2213.419372, "delta": 13.499768}}
{"target": 5.078169345855713, "params": {"delay_time": 0.003418146820617572, "length": 14.78436885873091, "st_point_a": 26.677180384401794, "st_point_m": -5.195580285488284}, "datetime": {"datetime": "2019-08-19 21:27:55", "elapsed": 2227.203834, "delta": 13.784462}}
{"target": 5.06441068649292, "params": {"delay_time": 0.006373802067846082, "length": 13.45381015965997, "st_point_a": 22.190314417093283, "st_point_m": -6.983058005502933}, "datetime": {"datetime": "2019-08-19 21:28:09", "elapsed": 2240.940952, "delta": 13.737118}}
{"target": 4.821822166442871, "params": {"delay_time": 0.007429758165465138, "length": 14.674403430371058, "st_point_a": 21.894512352292136, "st_point_m": -7.8419310336697325}, "datetime": {"datetime": "2019-08-19 21:28:23", "elapsed": 2254.783999, "delta": 13.843047}}
{"target": 6.095623970031738, "params": {"delay_time": 0.006172124068498211, "length": 16.801484514275707, "st_point_a": 24.848278813143978, "st_point_m": -4.066826070231572}, "datetime": {"datetime": "2019-08-19 21:28:37", "elapsed": 2268.818705, "delta": 14.034706}}
{"target": 5.965956687927246, "params": {"delay_time": 0.003365489345897011, "length": 11.915915021407812, "st_point_a": 21.495964462427963, "st_point_m": -6.18186254489269}, "datetime": {"datetime": "2019-08-19 21:28:51", "elapsed": 2283.097267, "delta": 14.278562}}
{"target": 6.082015514373779, "params": {"delay_time": 0.0029327654212596118, "length": 15.640211779908022, "st_point_a": 24.07862437848796, "st_point_m": -11.95361678887176}, "datetime": {"datetime": "2019-08-19 21:29:05", "elapsed": 2296.897172, "delta": 13.799905}}
{"target": 4.5396318435668945, "params": {"delay_time": 0.00590479260427545, "length": 11.028163455786585, "st_point_a": 20.60639911032291, "st_point_m": -5.837552093343415}, "datetime": {"datetime": "2019-08-19 21:29:19", "elapsed": 2311.010394, "delta": 14.113222}}
{"target": 6.528243064880371, "params": {"delay_time": 0.0039787737758524774, "length": 16.59694107647858, "st_point_a": 23.007886618956444, "st_point_m": -3.3474059699084577}, "datetime": {"datetime": "2019-08-19 21:29:33", "elapsed": 2324.878063, "delta": 13.867669}}
{"target": 7.085415840148926, "params": {"delay_time": 0.005125650626496944, "length": 16.980901409137168, "st_point_a": 23.490252535016758, "st_point_m": -5.026013010386091}, "datetime": {"datetime": "2019-08-19 21:30:00", "elapsed": 2352.563812, "delta": 13.616226}}
{"target": 7.168539524078369, "params": {"delay_time": 0.005527080882402863, "length": 16.747558953813865, "st_point_a": 24.26673593670897, "st_point_m": -3.7628190854608725}, "datetime": {"datetime": "2019-08-19 21:30:14", "elapsed": 2366.201265, "delta": 13.637453}}
{"target": 5.204663276672363, "params": {"delay_time": 0.0062644473733721225, "length": 14.178722251815204, "st_point_a": 25.28280581797687, "st_point_m": -5.04326653465629}, "datetime": {"datetime": "2019-08-19 21:30:28", "elapsed": 2379.891196, "delta": 13.689931}}
{"target": 5.601726055145264, "params": {"delay_time": 0.001669251801297671, "length": 10.140566280962256, "st_point_a": 19.294643328090167, "st_point_m": -4.121155332392199}, "datetime": {"datetime": "2019-08-19 21:30:41", "elapsed": 2393.602525, "delta": 13.711329}}
{"target": 7.536858558654785, "params": {"delay_time": 0.004367909220655121, "length": 16.950220651099563, "st_point_a": 23.533973586375488, "st_point_m": -8.232396262087558}, "datetime": {"datetime": "2019-08-19 21:30:55", "elapsed": 2407.46307, "delta": 13.860545}}
{"target": 6.227181434631348, "params": {"delay_time": 0.0058382832410280375, "length": 14.899363362794912, "st_point_a": 18.655913972021132, "st_point_m": -7.171834667608526}, "datetime": {"datetime": "2019-08-19 21:31:09", "elapsed": 2421.107571, "delta": 13.644501}}
{"target": 6.3781328201293945, "params": {"delay_time": 0.004476376057021943, "length": 13.202407441605022, "st_point_a": 17.207049792405996, "st_point_m": -7.596962547971495}, "datetime": {"datetime": "2019-08-19 21:31:22", "elapsed": 2434.566309, "delta": 13.458738}}
{"target": 3.5003230571746826, "params": {"delay_time": 0.00809874178272576, "length": 11.296917947115817, "st_point_a": 23.442148482827548, "st_point_m": -10.606737359664383}, "datetime": {"datetime": "2019-08-19 21:31:50", "elapsed": 2461.840429, "delta": 13.67126}}
{"target": 4.881480693817139, "params": {"delay_time": 0.007292531616124944, "length": 13.971719109486774, "st_point_a": 17.10700632045773, "st_point_m": -10.318182961540131}, "datetime": {"datetime": "2019-08-19 21:32:03", "elapsed": 2475.491518, "delta": 13.651089}}
{"target": 7.689148902893066, "params": {"delay_time": 0.0036231598595103795, "length": 15.249626538185762, "st_point_a": 20.358940990774435, "st_point_m": -6.259098853556575}, "datetime": {"datetime": "2019-08-19 21:32:17", "elapsed": 2489.07446, "delta": 13.582942}}
{"target": 6.390223979949951, "params": {"delay_time": 0.0010434308217232297, "length": 16.86524122636307, "st_point_a": 17.24127438327749, "st_point_m": -3.393150830660886}, "datetime": {"datetime": "2019-08-19 21:32:31", "elapsed": 2502.838359, "delta": 13.763899}}
