{"target": 7.136043548583984, "params": {"delay_time": 0.0030251172301139608, "length": 15.466628663352857, "st_point_a": 19.234268465618793, "st_point_m": -3.422685896906689}, "datetime": {"datetime": "2019-08-19 20:45:32", "elapsed": 819.526795, "delta": 10.421}}
{"target": 6.215452671051025, "params": {"delay_time": 0.0048054289593382656, "length": 16.83331585334231, "st_point_a": 25.929136772542332, "st_point_m": -3.1000859315996454}, "datetime": {"datetime": "2019-08-19 20:45:42", "elapsed": 829.95621, "delta": 10.429415}}
{"target": 6.46053409576416, "params": {"delay_time": 0.0050936493041388985, "length": 16.10214733616363, "st_point_a": 22.74055314462581, "st_point_m": -4.157054512904608}, "datetime": {"datetime": "2019-08-19 20:46:03", "elapsed": 850.644552, "delta": 10.222001}}
{"target": 4.8011474609375, "params": {"delay_time": 0.006207419772411309, "length": 13.304277773213187, "st_point_a": 21.316921562840438, "st_point_m": -3.549940321664469}, "datetime": {"datetime": "2019-08-19 20:46:13", "elapsed": 861.042281, "delta": 10.397729}}
{"target": 5.222712993621826, "params": {"delay_time": 0.0052138606023499935, "length": 13.01253998459835, "st_point_a": 24.02766213598256, "st_point_m": -8.770653366788776}, "datetime": {"datetime": "2019-08-19 20:46:24", "elapsed": 871.365279, "delta": 10.322998}}
{"target": 5.627748489379883, "params": {"delay_time": 0.005934438686027525, "length": 16.046436769524327, "st_point_a": 26.960056820524567, "st_point_m": -7.126389422063912}, "datetime": {"datetime": "2019-08-19 20:46:45", "elapsed": 892.354109, "delta": 10.370045}}
{"target": 5.10146951675415, "params": {"delay_time": 0.002944826311388619, "length": 15.802524760451604, "st_point_a": 26.773381663881757, "st_point_m": -3.2988454376570573}, "datetime": {"datetime": "2019-08-19 20:47:06", "elapsed": 913.466427, "delta": 10.468312}}
{"target": 5.36275053024292, "params": {"delay_time": 0.0033471441118417774, "length": 10.679813762251616, "st_point_a": 17.805688108182878, "st_point_m": -11.766254015409869}, "datetime": {"datetime": "2019-08-19 20:47:38", "elapsed": 945.132573, "delta": 10.520061}}
{"target": 3.9119935035705566, "params": {"delay_time": 0.008166631243365145, "length": 13.444939362188391, "st_point_a": 25.84367981156027, "st_point_m": -12.731917686820678}, "datetime": {"datetime": "2019-08-19 20:47:48", "elapsed": 955.700882, "delta": 10.568309}}
{"target": 5.403007984161377, "params": {"delay_time": 0.0019862558458910266, "length": 13.672689315436937, "st_point_a": 22.108573433451884, "st_point_m": -12.868429688122156}, "datetime": {"datetime": "2019-08-19 20:47:59", "elapsed": 966.468496, "delta": 10.767614}}
{"target": 5.514926433563232, "params": {"delay_time": 0.004077007369044747, "length": 13.266380590067675, "st_point_a": 25.553791681880455, "st_point_m": -9.47499730584739}, "datetime": {"datetime": "2019-08-19 20:48:20", "elapsed": 987.319163, "delta": 10.440447}}
{"target": 5.021744251251221, "params": {"delay_time": 0.0038602762041915696, "length": 12.253614385556777, "st_point_a": 26.67410664337334, "st_point_m": -10.400922908746315}, "datetime": {"datetime": "2019-08-19 20:48:30", "elapsed": 997.883838, "delta": 10.564675}}
{"target": 3.8617405891418457, "params": {"delay_time": 0.008593675453519014, "length": 12.987754218705824, "st_point_a": 21.052980644490475, "st_point_m": -10.122096923820848}, "datetime": {"datetime": "2019-08-19 20:48:41", "elapsed": 1008.360491, "delta": 10.476653}}
{"target": 4.833999156951904, "params": {"delay_time": 0.0011681914433902254, "length": 11.706992642531375, "st_point_a": 23.962706746142448, "st_point_m": -10.177493790876467}, "datetime": {"datetime": "2019-08-19 20:48:51", "elapsed": 1018.936846, "delta": 10.576355}}
{"target": 4.833999156951904, "params": {"delay_time": 0.0011681914433902254, "length": 11.706992642531375, "st_point_a": 23.962706746142448, "st_point_m": -10.177493790876467}, "datetime": {"datetime": "2019-08-19 20:50:48", "elapsed": 0.0, "delta": 0.0}}
{"target": 4.833999156951904, "params": {"delay_time": 0.0011681914433902254, "length": 11.706992642531375, "st_point_a": 23.962706746142448, "st_point_m": -10.177493790876467}, "datetime": {"datetime": "2019-08-19 20:50:48", "elapsed": 0.004998, "delta": 0.004998}}
{"target": 4.833999156951904, "params": {"delay_time": 0.0011681914433902254, "length": 11.706992642531375, "st_point_a": 23.962706746142448, "st_point_m": -10.177493790876467}, "datetime": {"datetime": "2019-08-19 20:50:48", "elapsed": 0.009031, "delta": 0.004033}}
{"target": 4.833999156951904, "params": {"delay_time": 0.0011681914433902254, "length": 11.706992642531375, "st_point_a": 23.962706746142448, "st_point_m": -10.177493790876467}, "datetime": {"datetime": "2019-08-19 20:50:48", "elapsed": 0.013998, "delta": 0.004967}}
{"target": 4.833999156951904, "params": {"delay_time": 0.0011681914433902254, "length": 11.706992642531375, "st_point_a": 23.962706746142448, "st_point_m": -10.177493790876467}, "datetime": {"datetime": "2019-08-19 20:50:48", "elapsed": 0.017998, "delta": 0.004}}
{"target": 4.833999156951904, "params": {"delay_time": 0.0011681914433902254, "length": 11.706992642531375, "st_point_a": 23.962706746142448, "st_point_m": -10.177493790876467}, "datetime": {"datetime": "2019-08-19 20:50:48", "elapsed": 0.021998, "delta": 0.004}}
{"target": 5.091777324676514, "params": {"delay_time": 0.008011113218368306, "length": 16.262246644526932, "st_point_a": 17.850442113697778, "st_point_m": -12.609452167671176}, "datetime": {"datetime": "2019-08-19 20:50:56", "elapsed": 7.633498, "delta": 7.6115}}
{"target": 6.34032678604126, "params": {"delay_time": 0.002358643356516551, "length": 16.14699752400589, "st_point_a": 17.9834683383305, "st_point_m": -8.788923749949479}, "datetime": {"datetime": "2019-08-19 20:51:03", "elapsed": 14.784021, "delta": 7.150523}}
{"target": 4.133567810058594, "params": {"delay_time": 0.008663116241204015, "length": 13.73215699481112, "st_point_a": 23.918771139504734, "st_point_m": -9.84484368993937}, "datetime": {"datetime": "2019-08-19 20:51:10", "elapsed": 21.945077, "delta": 7.161056}}
{"target": 5.70468807220459, "params": {"delay_time": 0.00649200742145267, "length": 15.84237970328161, "st_point_a": 17.182882773441918, "st_point_m": -5.498556850550325}, "datetime": {"datetime": "2019-08-19 20:51:17", "elapsed": 29.090045, "delta": 7.144968}}
{"target": 4.527707099914551, "params": {"delay_time": 0.008910888711251959, "length": 15.237159580658876, "st_point_a": 19.80443992064405, "st_point_m": -5.107206715485114}, "datetime": {"datetime": "2019-08-19 20:51:24", "elapsed": 36.25994, "delta": 7.169895}}
{"target": 4.444140434265137, "params": {"delay_time": 0.0018258080526211361, "length": 13.135254683231336, "st_point_a": 26.085955030930954, "st_point_m": -10.063858516263206}, "datetime": {"datetime": "2019-08-19 20:51:31", "elapsed": 43.409203, "delta": 7.149263}}
{"target": 5.383990287780762, "params": {"delay_time": 0.00330220270869079, "length": 10.910200004827944, "st_point_a": 17.19366957870297, "st_point_m": -6.211644670601091}, "datetime": {"datetime": "2019-08-19 20:51:38", "elapsed": 50.601507, "delta": 7.192304}}
{"target": 5.9903564453125, "params": {"delay_time": 0.002693024928000472, "length": 11.858826615605583, "st_point_a": 21.915731592803382, "st_point_m": -12.466374548829195}, "datetime": {"datetime": "2019-08-19 20:51:46", "elapsed": 57.768939, "delta": 7.167432}}
{"target": 4.3913373947143555, "params": {"delay_time": 0.005592940843936104, "length": 11.02710002434067, "st_point_a": 22.893055369032844, "st_point_m": -6.002416399790688}, "datetime": {"datetime": "2019-08-19 20:51:53", "elapsed": 64.92494, "delta": 7.156001}}
{"target": 5.25683069229126, "params": {"delay_time": 0.0018186754306226066, "length": 12.898391914736978, "st_point_a": 23.94400157727745, "st_point_m": -8.858207304730973}, "datetime": {"datetime": "2019-08-19 20:52:00", "elapsed": 72.079823, "delta": 7.154883}}
{"target": 4.744328498840332, "params": {"delay_time": 0.0013996276715686974, "length": 13.75127484140858, "st_point_a": 23.637946452197887, "st_point_m": -7.851108879416914}, "datetime": {"datetime": "2019-08-19 20:52:07", "elapsed": 79.237772, "delta": 7.157949}}
{"target": 4.250099182128906, "params": {"delay_time": 0.008556758047926508, "length": 14.10588528351395, "st_point_a": 26.034019152878834, "st_point_m": -11.625252958537624}, "datetime": {"datetime": "2019-08-19 20:52:14", "elapsed": 86.40082, "delta": 7.163048}}
{"target": 6.75030517578125, "params": {"delay_time": 0.0021142107780060685, "length": 15.651739020966666, "st_point_a": 20.976768369855336, "st_point_m": -11.346458028830671}, "datetime": {"datetime": "2019-08-19 20:52:21", "elapsed": 93.551402, "delta": 7.150582}}
{"target": 3.9918205738067627, "params": {"delay_time": 0.008420068643168271, "length": 12.434361018218546, "st_point_a": 24.508121031361554, "st_point_m": -5.740020146495485}, "datetime": {"datetime": "2019-08-19 20:52:29", "elapsed": 100.711001, "delta": 7.159599}}
{"target": 7.698019504547119, "params": {"delay_time": 0.0038842381029341, "length": 15.022145389190143, "st_point_a": 21.483759463398936, "st_point_m": -6.159914666032956}, "datetime": {"datetime": "2019-08-19 20:52:39", "elapsed": 111.29446, "delta": 10.583459}}
{"target": 3.9467151165008545, "params": {"delay_time": 0.008668150059969302, "length": 11.942298482721222, "st_point_a": 22.27124665301763, "st_point_m": -3.4611874407871497}, "datetime": {"datetime": "2019-08-19 20:52:50", "elapsed": 121.779828, "delta": 10.485368}}
{"target": 3.75510835647583, "params": {"delay_time": 0.008911615116099366, "length": 11.902063276454811, "st_point_a": 26.762577291091883, "st_point_m": -10.395322803283756}, "datetime": {"datetime": "2019-08-19 20:53:00", "elapsed": 132.198032, "delta": 10.418204}}
{"target": 5.4340057373046875, "params": {"delay_time": 0.0017974110269897558, "length": 10.947832588557642, "st_point_a": 21.679585245602606, "st_point_m": -8.807104237870352}, "datetime": {"datetime": "2019-08-19 20:53:11", "elapsed": 142.822432, "delta": 10.6244}}
{"target": 3.506462574005127, "params": {"delay_time": 0.00880798175977533, "length": 11.33494776953483, "st_point_a": 18.244726891338328, "st_point_m": -3.682982774780978}, "datetime": {"datetime": "2019-08-19 20:53:21", "elapsed": 153.367498, "delta": 10.545066}}
{"target": 4.503773212432861, "params": {"delay_time": 0.00870579928507636, "length": 14.224599009782843, "st_point_a": 19.241049610982635, "st_point_m": -8.35306252605468}, "datetime": {"datetime": "2019-08-19 20:53:32", "elapsed": 163.976967, "delta": 10.609469}}
{"target": 6.493133544921875, "params": {"delay_time": 0.0032424307384435417, "length": 12.297667100635328, "st_point_a": 18.491261297046552, "st_point_m": -12.636969113888952}, "datetime": {"datetime": "2019-08-19 20:53:42", "elapsed": 174.477858, "delta": 10.500891}}
{"target": 3.318342685699463, "params": {"delay_time": 0.008742164568965524, "length": 10.754555777858174, "st_point_a": 26.398735207288976, "st_point_m": -7.505933630640876}, "datetime": {"datetime": "2019-08-19 20:53:53", "elapsed": 185.08524, "delta": 10.607382}}
{"target": 2.884002208709717, "params": {"delay_time": 0.008193906571076513, "length": 10.391777646086409, "st_point_a": 22.77079806548944, "st_point_m": -10.576505176468809}, "datetime": {"datetime": "2019-08-19 20:54:04", "elapsed": 195.711512, "delta": 10.626272}}
{"target": 4.165972709655762, "params": {"delay_time": 0.0010866922653635874, "length": 13.663408670054583, "st_point_a": 25.89845740593242, "st_point_m": -9.288454780647427}, "datetime": {"datetime": "2019-08-19 20:54:14", "elapsed": 206.591514, "delta": 10.880002}}
{"target": 5.516423225402832, "params": {"delay_time": 0.006643311115043659, "length": 15.431785915668662, "st_point_a": 21.95880531013209, "st_point_m": -4.333610334784726}, "datetime": {"datetime": "2019-08-19 20:54:36", "elapsed": 228.53733, "delta": 10.722435}}
{"target": 3.6239867210388184, "params": {"delay_time": 0.008879075979792834, "length": 11.887366377209574, "st_point_a": 21.63851335004435, "st_point_m": -7.576239246907415}, "datetime": {"datetime": "2019-08-19 20:54:47", "elapsed": 239.237012, "delta": 10.699682}}
{"target": 6.168877601623535, "params": {"delay_time": 0.004783667803379108, "length": 13.32791932696766, "st_point_a": 24.347805784201526, "st_point_m": -10.363713150039025}, "datetime": {"datetime": "2019-08-19 20:54:58", "elapsed": 249.970351, "delta": 10.733339}}
{"target": 7.173821449279785, "params": {"delay_time": 0.00473718167667693, "length": 15.876776094197968, "st_point_a": 20.87808106964978, "st_point_m": -4.7349917951561835}, "datetime": {"datetime": "2019-08-19 20:55:08", "elapsed": 260.516785, "delta": 10.546434}}
{"target": 5.613268852233887, "params": {"delay_time": 0.0024676611823309063, "length": 10.242906361971826, "st_point_a": 20.16192155107063, "st_point_m": -6.871517042703276}, "datetime": {"datetime": "2019-08-19 20:55:19", "elapsed": 271.481161, "delta": 10.964376}}
{"target": 6.094871997833252, "params": {"delay_time": 0.003533790134257245, "length": 16.247721055477708, "st_point_a": 23.635594529423987, "st_point_m": -8.995788808921754}, "datetime": {"datetime": "2019-08-19 20:55:30", "elapsed": 282.344083, "delta": 10.862922}}
{"target": 6.329928398132324, "params": {"delay_time": 0.0035877503239222772, "length": 14.152751586527131, "st_point_a": 22.253747015238815, "st_point_m": -6.56932807583648}, "datetime": {"datetime": "2019-08-19 20:55:41", "elapsed": 293.37572, "delta": 11.031637}}
{"target": 4.890472412109375, "params": {"delay_time": 0.007450360346930969, "length": 15.373484722590653, "st_point_a": 21.967253438960075, "st_point_m": -11.512429790147376}, "datetime": {"datetime": "2019-08-19 20:56:14", "elapsed": 325.757213, "delta": 10.781409}}
{"target": 5.222742080688477, "params": {"delay_time": 0.00666348326606642, "length": 14.332750403517709, "st_point_a": 25.119261259434147, "st_point_m": -12.095644237174925}, "datetime": {"datetime": "2019-08-19 20:56:25", "elapsed": 336.994842, "delta": 11.237629}}
{"target": 6.7921142578125, "params": {"delay_time": 0.0036551887818856614, "length": 15.044208380780962, "st_point_a": 17.906897157847027, "st_point_m": -3.0546372483638726}, "datetime": {"datetime": "2019-08-19 20:56:47", "elapsed": 358.97284, "delta": 11.004299}}
{"target": 5.933324813842773, "params": {"delay_time": 0.002466489573295095, "length": 11.276050865683901, "st_point_a": 19.466992346457694, "st_point_m": -4.98177491015132}, "datetime": {"datetime": "2019-08-19 20:56:58", "elapsed": 369.991873, "delta": 11.019033}}
{"target": 6.588418006896973, "params": {"delay_time": 0.004023887563310558, "length": 13.376278074362794, "st_point_a": 23.214142625113194, "st_point_m": -4.035930355708553}, "datetime": {"datetime": "2019-08-19 20:57:09", "elapsed": 381.079599, "delta": 11.087726}}
{"target": 5.758816719055176, "params": {"delay_time": 0.0076068910100420516, "length": 16.587651317152545, "st_point_a": 26.1879762315475, "st_point_m": -12.163305750092027}, "datetime": {"datetime": "2019-08-19 20:57:20", "elapsed": 392.221743, "delta": 11.142144}}
{"target": 4.230834007263184, "params": {"delay_time": 0.00609574412486286, "length": 11.247159481092622, "st_point_a": 26.71368478594479, "st_point_m": -3.0973470177395184}, "datetime": {"datetime": "2019-08-19 20:57:31", "elapsed": 403.059283, "delta": 10.83754}}
{"target": 6.962878227233887, "params": {"delay_time": 0.0040017152539754556, "length": 16.954285398787615, "st_point_a": 20.990495510942907, "st_point_m": -6.23001380729352}, "datetime": {"datetime": "2019-08-19 20:57:42", "elapsed": 414.166343, "delta": 11.10706}}
{"target": 3.9258244037628174, "params": {"delay_time": 0.00746503181513234, "length": 11.632376484528356, "st_point_a": 24.46926990002144, "st_point_m": -12.33255394807112}, "datetime": {"datetime": "2019-08-19 20:57:53", "elapsed": 425.147889, "delta": 10.981546}}
{"target": 4.363819599151611, "params": {"delay_time": 0.007842888759225286, "length": 12.675547611623845, "st_point_a": 26.280967861943367, "st_point_m": -12.944946379218955}, "datetime": {"datetime": "2019-08-19 20:58:04", "elapsed": 435.977481, "delta": 10.829592}}
{"target": 3.863708019256592, "params": {"delay_time": 0.006890643006017286, "length": 10.484114921216838, "st_point_a": 25.155191184569194, "st_point_m": -6.212074497127693}, "datetime": {"datetime": "2019-08-19 20:58:15", "elapsed": 446.917822, "delta": 10.940341}}
{"target": 4.607695579528809, "params": {"delay_time": 0.001526132347463568, "length": 11.283765496245334, "st_point_a": 25.148843691243183, "st_point_m": -6.082584000588501}, "datetime": {"datetime": "2019-08-19 20:58:26", "elapsed": 457.908968, "delta": 10.991146}}
{"target": 5.596362113952637, "params": {"delay_time": 0.0069021152628655465, "length": 16.158569883313515, "st_point_a": 25.53210402987243, "st_point_m": -12.170992194882896}, "datetime": {"datetime": "2019-08-19 20:58:37", "elapsed": 468.933083, "delta": 11.024115}}
{"target": 5.218898773193359, "params": {"delay_time": 0.0040783774843194875, "length": 11.599220707550243, "st_point_a": 24.87901995272998, "st_point_m": -8.832042835289364}, "datetime": {"datetime": "2019-08-19 20:58:48", "elapsed": 479.95945, "delta": 11.026367}}
{"target": 4.82358455657959, "params": {"delay_time": 0.005158403733339817, "length": 11.157591816396252, "st_point_a": 24.675782781005452, "st_point_m": -7.645805150834272}, "datetime": {"datetime": "2019-08-19 20:58:59", "elapsed": 490.929271, "delta": 10.969821}}
{"target": 5.040367603302002, "params": {"delay_time": 0.008134911026717935, "length": 15.780599020191314, "st_point_a": 24.937517138948284, "st_point_m": -10.260534431597707}, "datetime": {"datetime": "2019-08-19 20:59:10", "elapsed": 501.921274, "delta": 10.992003}}
{"target": 5.375908851623535, "params": {"delay_time": 0.007015473685069528, "length": 16.142092891126925, "st_point_a": 22.609568444203102, "st_point_m": -12.122585401932554}, "datetime": {"datetime": "2019-08-19 20:59:21", "elapsed": 513.077112, "delta": 11.155838}}
{"target": 5.695086479187012, "params": {"delay_time": 0.00450091123757177, "length": 14.560704845035863, "st_point_a": 26.624840030492173, "st_point_m": -3.116298225371256}, "datetime": {"datetime": "2019-08-19 20:59:32", "elapsed": 524.523688, "delta": 11.446576}}
{"target": 6.071328163146973, "params": {"delay_time": 0.0027797492704208005, "length": 16.980073762715218, "st_point_a": 22.646223663162942, "st_point_m": -10.473486938937715}, "datetime": {"datetime": "2019-08-19 20:59:44", "elapsed": 535.741465, "delta": 11.217777}}
{"target": 5.740900993347168, "params": {"delay_time": 0.002196381899794587, "length": 10.592727431711806, "st_point_a": 20.545891288946425, "st_point_m": -9.20363344679786}, "datetime": {"datetime": "2019-08-19 20:59:55", "elapsed": 546.793473, "delta": 11.052008}}
{"target": 5.239979267120361, "params": {"delay_time": 0.0010064386420870542, "length": 12.8340869488387, "st_point_a": 23.044310134436678, "st_point_m": -10.241479957683762}, "datetime": {"datetime": "2019-08-19 21:00:06", "elapsed": 557.985637, "delta": 11.192164}}
{"target": 6.06078577041626, "params": {"delay_time": 0.005760751985935671, "length": 16.828144776325885, "st_point_a": 18.44726044041075, "st_point_m": -12.42427739702785}, "datetime": {"datetime": "2019-08-19 21:00:17", "elapsed": 569.106501, "delta": 11.120864}}
{"target": 4.871435642242432, "params": {"delay_time": 0.003849741098014714, "length": 10.269927055375232, "st_point_a": 18.225097510112118, "st_point_m": -12.121157433488206}, "datetime": {"datetime": "2019-08-19 21:00:28", "elapsed": 580.174001, "delta": 11.0675}}
{"target": 5.921164512634277, "params": {"delay_time": 0.005414241463667346, "length": 15.771164231131538, "st_point_a": 21.83631375074454, "st_point_m": -3.669575546047889}, "datetime": {"datetime": "2019-08-19 21:00:51", "elapsed": 602.617714, "delta": 11.172707}}
{"target": 6.507801055908203, "params": {"delay_time": 0.0025010370258676177, "length": 12.833932866512436, "st_point_a": 24.166373374984914, "st_point_m": -6.438737433948605}, "datetime": {"datetime": "2019-08-19 21:01:02", "elapsed": 613.753281, "delta": 11.135567}}
{"target": 5.1506242752075195, "params": {"delay_time": 0.005643173384508021, "length": 12.45041377222724, "st_point_a": 17.155875036315898, "st_point_m": -9.614392795939079}, "datetime": {"datetime": "2019-08-19 21:01:13", "elapsed": 624.816289, "delta": 11.063008}}
{"target": 6.544375419616699, "params": {"delay_time": 0.0058416340272498465, "length": 16.61160179950085, "st_point_a": 18.890525407912378, "st_point_m": -7.127752375973939}, "datetime": {"datetime": "2019-08-19 21:01:35", "elapsed": 647.264598, "delta": 11.304214}}
{"target": 3.963697910308838, "params": {"delay_time": 0.007301904656187348, "length": 11.88054937089025, "st_point_a": 18.226236654670558, "st_point_m": -12.379062185364065}, "datetime": {"datetime": "2019-08-19 21:01:57", "elapsed": 669.450056, "delta": 11.042298}}
{"target": 6.2418951988220215, "params": {"delay_time": 0.005721038308790632, "length": 15.258962786916962, "st_point_a": 25.969000045961156, "st_point_m": -12.995842302246658}, "datetime": {"datetime": "2019-08-19 21:02:19", "elapsed": 691.567817, "delta": 11.078363}}
{"target": 6.49362325668335, "params": {"delay_time": 0.00530978578281052, "length": 15.514633716988286, "st_point_a": 23.600804539152445, "st_point_m": -5.000492743893905}, "datetime": {"datetime": "2019-08-19 21:02:31", "elapsed": 702.700054, "delta": 11.132237}}
{"target": 4.300662040710449, "params": {"delay_time": 0.006445270275249241, "length": 11.136914616744784, "st_point_a": 19.245397715402863, "st_point_m": -8.871907276363645}, "datetime": {"datetime": "2019-08-19 21:02:42", "elapsed": 713.91937, "delta": 11.219316}}
