{"target": 6.954748630523682, "params": {"delay_time": 0.005227209711135344, "length": 14.835232095562066, "st_point_a": 20.48773798884357, "st_point_m": -12.633037105448265}, "datetime": {"datetime": "2019-08-19 20:21:05", "elapsed": 748.599907, "delta": 8.343647}}
{"target": 6.318482398986816, "params": {"delay_time": 0.003345517723776947, "length": 10.677995375993776, "st_point_a": 17.80304280474316, "st_point_m": -11.768776161947127}, "datetime": {"datetime": "2019-08-19 20:21:13", "elapsed": 756.958388, "delta": 8.358481}}
{"target": 4.644265174865723, "params": {"delay_time": 0.008165911040135119, "length": 13.44186705340083, "st_point_a": 25.842680511396896, "st_point_m": -12.74032807957489}, "datetime": {"datetime": "2019-08-19 20:21:22", "elapsed": 765.645389, "delta": 8.687001}}
{"target": 11.870565414428711, "params": {"delay_time": 0.001985700066062273, "length": 13.672688163296883, "st_point_a": 22.108572000720343, "st_point_m": -12.868432012248148}, "datetime": {"datetime": "2019-08-19 20:21:30", "elapsed": 774.292278, "delta": 8.646889}}
{"target": 9.613394737243652, "params": {"delay_time": 0.0032333925084389705, "length": 16.75645604231086, "st_point_a": 24.46502918020189, "st_point_m": -10.765147571741403}, "datetime": {"datetime": "2019-08-19 20:21:39", "elapsed": 782.980353, "delta": 8.688075}}
{"target": 6.218178749084473, "params": {"delay_time": 0.004072750881821598, "length": 13.263152451310255, "st_point_a": 25.552541270252906, "st_point_m": -9.480595677685073}, "datetime": {"datetime": "2019-08-19 20:21:48", "elapsed": 791.603091, "delta": 8.622738}}
{"target": 4.727944374084473, "params": {"delay_time": 0.003855833612142413, "length": 12.249511780858416, "st_point_a": 26.673824952898805, "st_point_m": -10.407319999830788}, "datetime": {"datetime": "2019-08-19 20:21:56", "elapsed": 800.278734, "delta": 8.675643}}
{"target": 4.054007053375244, "params": {"delay_time": 0.008593324266644142, "length": 12.984286429055022, "st_point_a": 21.04784062732844, "st_point_m": -10.128252562171715}, "datetime": {"datetime": "2019-08-19 20:22:05", "elapsed": 809.034662, "delta": 8.755928}}
{"target": 5.107499122619629, "params": {"delay_time": 0.0011614260104765134, "length": 11.70242032875099, "st_point_a": 23.96008300941552, "st_point_m": -10.183694000238042}, "datetime": {"datetime": "2019-08-19 20:22:14", "elapsed": 817.749761, "delta": 8.715099}}
{"target": 5.107499122619629, "params": {"delay_time": 0.0011614260104765134, "length": 11.70242032875099, "st_point_a": 23.96008300941552, "st_point_m": -10.183694000238042}, "datetime": {"datetime": "2019-08-19 20:31:52", "elapsed": 0.0, "delta": 0.0}}
{"target": 5.107499122619629, "params": {"delay_time": 0.0011614260104765134, "length": 11.70242032875099, "st_point_a": 23.96008300941552, "st_point_m": -10.183694000238042}, "datetime": {"datetime": "2019-08-19 20:31:52", "elapsed": 0.007032, "delta": 0.007032}}
{"target": 5.107499122619629, "params": {"delay_time": 0.0011614260104765134, "length": 11.70242032875099, "st_point_a": 23.96008300941552, "st_point_m": -10.183694000238042}, "datetime": {"datetime": "2019-08-19 20:31:52", "elapsed": 0.010998, "delta": 0.003966}}
{"target": 7.013881683349609, "params": {"delay_time": 0.004338438418937015, "length": 13.910828799120262, "st_point_a": 18.403869385952337, "st_point_m": -11.018985109151211}, "datetime": {"datetime": "2019-08-19 20:32:07", "elapsed": 14.841771, "delta": 7.152608}}
{"target": 6.122142791748047, "params": {"delay_time": 0.007405956549404294, "length": 16.777831030035784, "st_point_a": 20.13424178159243, "st_point_m": -6.076773843306859}, "datetime": {"datetime": "2019-08-19 20:32:14", "elapsed": 21.990025, "delta": 7.148254}}
{"target": 8.885305404663086, "params": {"delay_time": 0.0038839442858743124, "length": 15.02214366569923, "st_point_a": 21.483755179408615, "st_point_m": -6.159917245448711}, "datetime": {"datetime": "2019-08-19 20:32:24", "elapsed": 31.445027, "delta": 9.455002}}
{"target": 3.7942328453063965, "params": {"delay_time": 0.008911538669196077, "length": 11.897653908489616, "st_point_a": 26.762371936623275, "st_point_m": -10.401719253696818}, "datetime": {"datetime": "2019-08-19 20:32:42", "elapsed": 49.799274, "delta": 9.161248}}
{"target": 5.526906967163086, "params": {"delay_time": 0.0017944596342203839, "length": 10.94535260209665, "st_point_a": 21.67740510819715, "st_point_m": -8.809483805206884}, "datetime": {"datetime": "2019-08-19 20:32:52", "elapsed": 59.193275, "delta": 9.394001}}
{"target": 6.159760475158691, "params": {"delay_time": 0.0024513336518693046, "length": 15.871532000400212, "st_point_a": 20.837057469755376, "st_point_m": -5.275536803491098}, "datetime": {"datetime": "2019-08-19 20:33:01", "elapsed": 68.807565, "delta": 9.61429}}
{"target": 4.551516532897949, "params": {"delay_time": 0.0070568788115079085, "length": 13.719515426287575, "st_point_a": 22.112508403829768, "st_point_m": -12.885930396847597}, "datetime": {"datetime": "2019-08-19 20:33:11", "elapsed": 78.247525, "delta": 9.43996}}
{"target": 6.253300666809082, "params": {"delay_time": 0.0015033351211373872, "length": 15.793858057188636, "st_point_a": 21.848633734842377, "st_point_m": -3.650823703630234}, "datetime": {"datetime": "2019-08-19 20:33:20", "elapsed": 87.704897, "delta": 9.457372}}
{"target": 5.858563423156738, "params": {"delay_time": 0.007194970511408898, "length": 16.754866302337145, "st_point_a": 20.137809477156996, "st_point_m": -6.083207202325743}, "datetime": {"datetime": "2019-08-19 20:33:30", "elapsed": 97.100437, "delta": 9.39554}}
{"target": 4.187247276306152, "params": {"delay_time": 0.00696017061174336, "length": 11.310759890941206, "st_point_a": 26.172747909877124, "st_point_m": -7.718949370422797}, "datetime": {"datetime": "2019-08-19 20:33:39", "elapsed": 106.56807, "delta": 9.467633}}
{"target": 6.174866676330566, "params": {"delay_time": 0.003162979691645746, "length": 16.791481726041383, "st_point_a": 25.62553228261376, "st_point_m": -3.115798549808545}, "datetime": {"datetime": "2019-08-19 20:33:58", "elapsed": 125.334242, "delta": 9.365997}}
{"target": 4.789401054382324, "params": {"delay_time": 0.00730081165616467, "length": 15.044745472753789, "st_point_a": 21.495153619970736, "st_point_m": -6.1424114016461955}, "datetime": {"datetime": "2019-08-19 20:34:07", "elapsed": 134.790447, "delta": 9.456205}}
{"target": 4.4367570877075195, "params": {"delay_time": 0.008054150651847555, "length": 15.025418490785503, "st_point_a": 17.912185461326093, "st_point_m": -3.061810376819997}, "datetime": {"datetime": "2019-08-19 20:34:26", "elapsed": 153.773223, "delta": 9.608999}}
{"target": 6.124655723571777, "params": {"delay_time": 0.004868780919969059, "length": 16.728089986944568, "st_point_a": 24.590110315929994, "st_point_m": -4.897461562932627}, "datetime": {"datetime": "2019-08-19 20:34:36", "elapsed": 163.242221, "delta": 9.468998}}
{"target": 5.945239067077637, "params": {"delay_time": 0.0058701705390469105, "length": 16.74463980781974, "st_point_a": 17.179655429722033, "st_point_m": -11.039142091402901}, "datetime": {"datetime": "2019-08-19 20:34:45", "elapsed": 172.706225, "delta": 9.464004}}
{"target": 5.842105388641357, "params": {"delay_time": 0.0018354596735711678, "length": 16.796358838948706, "st_point_a": 25.654662005921367, "st_point_m": -3.152265361585634}, "datetime": {"datetime": "2019-08-19 20:34:55", "elapsed": 182.314504, "delta": 9.608279}}
{"target": 5.38919734954834, "params": {"delay_time": 0.006167187308480036, "length": 15.064081406687642, "st_point_a": 17.893403147097853, "st_point_m": -3.054231018454079}, "datetime": {"datetime": "2019-08-19 20:35:04", "elapsed": 191.842982, "delta": 9.528478}}
{"target": 4.889069557189941, "params": {"delay_time": 0.008417787917749867, "length": 15.793295804887567, "st_point_a": 21.84222328676431, "st_point_m": -3.6618239308106784}, "datetime": {"datetime": "2019-08-19 20:35:14", "elapsed": 201.405497, "delta": 9.562515}}
{"target": 4.85917329788208, "params": {"delay_time": 0.00622604515926988, "length": 13.385145034160299, "st_point_a": 23.224236262816724, "st_point_m": -4.029434374175821}, "datetime": {"datetime": "2019-08-19 20:35:33", "elapsed": 220.439222, "delta": 9.561355}}
{"target": 4.53223180770874, "params": {"delay_time": 0.008350525357817575, "length": 15.288153286497215, "st_point_a": 18.93939687221111, "st_point_m": -6.845388149327979}, "datetime": {"datetime": "2019-08-19 20:35:42", "elapsed": 229.989281, "delta": 9.550059}}
{"target": 5.250421524047852, "params": {"delay_time": 0.009, "length": 17.0, "st_point_a": 27.0, "st_point_m": -3.0}, "datetime": {"datetime": "2019-08-19 20:35:52", "elapsed": 239.47576, "delta": 9.486479}}
{"target": 5.907895088195801, "params": {"delay_time": 0.0035923856782725345, "length": 16.772882907284234, "st_point_a": 17.155023121373006, "st_point_m": -11.066810916814047}, "datetime": {"datetime": "2019-08-19 20:36:01", "elapsed": 249.032918, "delta": 9.557158}}
{"target": 5.917823314666748, "params": {"delay_time": 0.0025940667811731747, "length": 11.644691224877555, "st_point_a": 21.42471812711536, "st_point_m": -5.637265011705615}, "datetime": {"datetime": "2019-08-19 20:36:11", "elapsed": 258.591777, "delta": 9.558859}}
{"target": 4.587813854217529, "params": {"delay_time": 0.007158443355296112, "length": 13.762665476414885, "st_point_a": 21.205594375194043, "st_point_m": -6.219886307837546}, "datetime": {"datetime": "2019-08-19 20:36:21", "elapsed": 268.185776, "delta": 9.593999}}
{"target": 3.288037061691284, "params": {"delay_time": 0.0075622171158262474, "length": 10.256056426735737, "st_point_a": 20.129904157186527, "st_point_m": -6.864582369501361}, "datetime": {"datetime": "2019-08-19 20:36:30", "elapsed": 278.014778, "delta": 9.829002}}
{"target": 6.229696273803711, "params": {"delay_time": 0.003870857607049065, "length": 16.771783877565895, "st_point_a": 17.172220617939978, "st_point_m": -11.032981153616142}, "datetime": {"datetime": "2019-08-19 20:36:50", "elapsed": 297.300416, "delta": 9.650423}}
{"target": 5.849978923797607, "params": {"delay_time": 0.006459052013056749, "length": 16.318182074126607, "st_point_a": 20.622233938977413, "st_point_m": -3.3629990763641153}, "datetime": {"datetime": "2019-08-19 20:36:59", "elapsed": 307.069421, "delta": 9.769005}}
{"target": 4.180534839630127, "params": {"delay_time": 0.007843363554924817, "length": 12.67732205761009, "st_point_a": 26.281262901309457, "st_point_m": -12.940865684462445}, "datetime": {"datetime": "2019-08-19 20:37:09", "elapsed": 316.741757, "delta": 9.672336}}
{"target": 5.871418476104736, "params": {"delay_time": 0.0013394795106945576, "length": 13.782089837145799, "st_point_a": 21.265789955525868, "st_point_m": -6.153561015525845}, "datetime": {"datetime": "2019-08-19 20:37:19", "elapsed": 326.389034, "delta": 9.647277}}
{"target": 4.420166015625, "params": {"delay_time": 0.004227169340437476, "length": 10.651681544554354, "st_point_a": 17.82883916941516, "st_point_m": -11.750819380391135}, "datetime": {"datetime": "2019-08-19 20:37:29", "elapsed": 336.133032, "delta": 9.743998}}
{"target": 4.580930233001709, "params": {"delay_time": 0.0054373458647784464, "length": 12.038924962517036, "st_point_a": 17.91126382438254, "st_point_m": -4.559369285002756}, "datetime": {"datetime": "2019-08-19 20:37:38", "elapsed": 345.831099, "delta": 9.698067}}
{"target": 4.927654266357422, "params": {"delay_time": 0.008554446610577627, "length": 16.75821786668321, "st_point_a": 17.155087966939934, "st_point_m": -11.019964237943308}, "datetime": {"datetime": "2019-08-19 20:37:48", "elapsed": 355.543098, "delta": 9.711999}}
{"target": 5.485118389129639, "params": {"delay_time": 0.0014609770258769625, "length": 10.684370370340615, "st_point_a": 17.794303303877673, "st_point_m": -11.802546340744286}, "datetime": {"datetime": "2019-08-19 20:37:58", "elapsed": 365.266246, "delta": 9.723148}}
{"target": 4.977871894836426, "params": {"delay_time": 0.008885650256856222, "length": 15.99729422943876, "st_point_a": 25.240493719718742, "st_point_m": -6.194496130127355}, "datetime": {"datetime": "2019-08-19 20:38:07", "elapsed": 375.029354, "delta": 9.763108}}
{"target": 3.9392669200897217, "params": {"delay_time": 0.008488081404077127, "length": 12.843158730886135, "st_point_a": 23.057616964250453, "st_point_m": -10.211341977801979}, "datetime": {"datetime": "2019-08-19 20:38:17", "elapsed": 384.787755, "delta": 9.758401}}
{"target": 6.401821136474609, "params": {"delay_time": 0.0020551130399216345, "length": 13.899481573202149, "st_point_a": 18.439584550636226, "st_point_m": -11.034657709549117}, "datetime": {"datetime": "2019-08-19 20:38:27", "elapsed": 394.569789, "delta": 9.782034}}
{"target": 4.519087314605713, "params": {"delay_time": 0.004412725878447333, "length": 10.67001935333384, "st_point_a": 17.81879105967166, "st_point_m": -11.79447440131102}, "datetime": {"datetime": "2019-08-19 20:38:37", "elapsed": 404.511107, "delta": 9.941318}}
{"target": 3.4144370555877686, "params": {"delay_time": 0.008615223868112133, "length": 11.293763033140177, "st_point_a": 26.20283217918826, "st_point_m": -7.679162577612368}, "datetime": {"datetime": "2019-08-19 20:38:47", "elapsed": 414.482138, "delta": 9.971031}}
{"target": 4.7023420333862305, "params": {"delay_time": 0.006845489641056768, "length": 12.691533717654849, "st_point_a": 24.339083204432683, "st_point_m": -7.132177291750131}, "datetime": {"datetime": "2019-08-19 20:38:57", "elapsed": 424.539218, "delta": 10.05708}}
{"target": 6.5078125, "params": {"delay_time": 0.00415576840087286, "length": 15.0402405504685, "st_point_a": 17.874930125685395, "st_point_m": -3.0303206733606096}, "datetime": {"datetime": "2019-08-19 20:39:07", "elapsed": 434.460329, "delta": 9.921111}}
{"target": 5.597959518432617, "params": {"delay_time": 0.0046422539834658685, "length": 12.81453297119791, "st_point_a": 24.150807111976597, "st_point_m": -6.460290837329395}, "datetime": {"datetime": "2019-08-19 20:39:17", "elapsed": 444.46433, "delta": 10.004001}}
{"target": 6.3359479904174805, "params": {"delay_time": 0.004335959073143332, "length": 16.37589289811976, "st_point_a": 25.466450139646167, "st_point_m": -3.2771127268448432}, "datetime": {"datetime": "2019-08-19 20:39:27", "elapsed": 454.53148, "delta": 10.06715}}
{"target": 4.9440131187438965, "params": {"delay_time": 0.006231922347361273, "length": 13.794158975428987, "st_point_a": 21.236956042058168, "st_point_m": -6.134056811680411}, "datetime": {"datetime": "2019-08-19 20:39:37", "elapsed": 464.463176, "delta": 9.931696}}
{"target": 5.697216987609863, "params": {"delay_time": 0.0025023603712734503, "length": 12.834568890457533, "st_point_a": 24.16688602516212, "st_point_m": -6.438115340844042}, "datetime": {"datetime": "2019-08-19 20:39:47", "elapsed": 474.42808, "delta": 9.964904}}
{"target": 4.862483024597168, "params": {"delay_time": 0.006351607074451685, "length": 13.410570649017716, "st_point_a": 19.23340556473348, "st_point_m": -8.218473604421009}, "datetime": {"datetime": "2019-08-19 20:39:57", "elapsed": 484.283395, "delta": 9.855315}}
{"target": 6.045338153839111, "params": {"delay_time": 0.006062501708994188, "length": 16.63887276699808, "st_point_a": 19.45994147882356, "st_point_m": -6.837917947143924}, "datetime": {"datetime": "2019-08-19 20:40:17", "elapsed": 504.13673, "delta": 9.945216}}
{"target": 4.6015520095825195, "params": {"delay_time": 0.003502530169884702, "length": 11.705355381991145, "st_point_a": 26.24506776942921, "st_point_m": -7.380143825576257}, "datetime": {"datetime": "2019-08-19 20:40:26", "elapsed": 514.030654, "delta": 9.893924}}
{"target": 4.031026363372803, "params": {"delay_time": 0.008734762902685744, "length": 13.453083913089365, "st_point_a": 20.971586720965526, "st_point_m": -5.41724383893015}, "datetime": {"datetime": "2019-08-19 20:40:46", "elapsed": 533.853651, "delta": 9.871997}}
{"target": 5.498385429382324, "params": {"delay_time": 0.0064119613693228265, "length": 15.625823663330587, "st_point_a": 26.18624614723852, "st_point_m": -10.889578610730887}, "datetime": {"datetime": "2019-08-19 20:40:57", "elapsed": 544.11977, "delta": 10.266119}}
{"target": 6.447648048400879, "params": {"delay_time": 0.0037980270202746472, "length": 14.121839831308044, "st_point_a": 22.34730518379334, "st_point_m": -9.460441159379707}, "datetime": {"datetime": "2019-08-19 20:41:07", "elapsed": 554.178099, "delta": 10.058329}}
{"target": 4.343792915344238, "params": {"delay_time": 0.006982905021221076, "length": 12.370782289750833, "st_point_a": 20.877329104856884, "st_point_m": -7.636183064008487}, "datetime": {"datetime": "2019-08-19 20:41:17", "elapsed": 564.271102, "delta": 10.093003}}
{"target": 4.937691688537598, "params": {"delay_time": 0.006668241533832994, "length": 13.408411770121843, "st_point_a": 25.001914408077123, "st_point_m": -8.395091283591496}, "datetime": {"datetime": "2019-08-19 20:41:27", "elapsed": 574.301408, "delta": 10.030306}}
{"target": 5.23678731918335, "params": {"delay_time": 0.007033939124835899, "length": 16.19937900050271, "st_point_a": 20.63445464322872, "st_point_m": -7.750265615904006}, "datetime": {"datetime": "2019-08-19 20:41:57", "elapsed": 604.444117, "delta": 10.027565}}
{"target": 5.039918422698975, "params": {"delay_time": 0.002463666414854109, "length": 11.421689299026923, "st_point_a": 24.706015786690124, "st_point_m": -11.924110098722728}, "datetime": {"datetime": "2019-08-19 20:42:07", "elapsed": 614.522118, "delta": 10.078001}}
{"target": 6.3338422775268555, "params": {"delay_time": 0.002703573424976617, "length": 13.374191787717232, "st_point_a": 20.197697536063725, "st_point_m": -7.495694099437079}, "datetime": {"datetime": "2019-08-19 20:42:17", "elapsed": 624.555834, "delta": 10.033716}}
{"target": 4.785204887390137, "params": {"delay_time": 0.008874789652786878, "length": 16.188533843903965, "st_point_a": 21.66753028431954, "st_point_m": -10.252522129616267}, "datetime": {"datetime": "2019-08-19 20:42:37", "elapsed": 644.838004, "delta": 10.199203}}
{"target": 5.305476665496826, "params": {"delay_time": 0.0040711838677230695, "length": 12.13897070694052, "st_point_a": 18.171158877132836, "st_point_m": -4.544771662276296}, "datetime": {"datetime": "2019-08-19 20:42:47", "elapsed": 654.983004, "delta": 10.145}}
{"target": 4.848903656005859, "params": {"delay_time": 0.005329612521929301, "length": 12.799515472179301, "st_point_a": 22.586800982003638, "st_point_m": -5.076422025477257}, "datetime": {"datetime": "2019-08-19 20:42:58", "elapsed": 665.322858, "delta": 10.339854}}
{"target": 4.188254356384277, "params": {"delay_time": 0.006784094920933507, "length": 11.501126992807137, "st_point_a": 23.491877809925356, "st_point_m": -6.110299797675462}, "datetime": {"datetime": "2019-08-19 20:43:18", "elapsed": 685.638524, "delta": 10.037818}}
{"target": 4.691746711730957, "params": {"delay_time": 0.007919496890942715, "length": 13.988306033108328, "st_point_a": 21.586732826585738, "st_point_m": -6.169718132474646}, "datetime": {"datetime": "2019-08-19 20:43:28", "elapsed": 695.796328, "delta": 10.157804}}
{"target": 6.3788676261901855, "params": {"delay_time": 0.004810156665909395, "length": 15.757273644920831, "st_point_a": 24.210815380677474, "st_point_m": -7.458427796065614}, "datetime": {"datetime": "2019-08-19 20:43:39", "elapsed": 706.134465, "delta": 10.338137}}
{"target": 5.4728522300720215, "params": {"delay_time": 0.004711303820047472, "length": 11.861940350620035, "st_point_a": 20.584921735913017, "st_point_m": -8.849190092231048}, "datetime": {"datetime": "2019-08-19 20:43:49", "elapsed": 716.435595, "delta": 10.30113}}
{"target": 3.3761496543884277, "params": {"delay_time": 0.008048888753473843, "length": 11.865930891503085, "st_point_a": 19.975870548392166, "st_point_m": -5.433832719413619}, "datetime": {"datetime": "2019-08-19 20:44:09", "elapsed": 736.898938, "delta": 10.243344}}
{"target": 4.319568634033203, "params": {"delay_time": 0.0016842489484434125, "length": 13.106088814803464, "st_point_a": 26.935390841783676, "st_point_m": -4.452752886739014}, "datetime": {"datetime": "2019-08-19 20:44:19", "elapsed": 747.074349, "delta": 10.175411}}
{"target": 5.123871803283691, "params": {"delay_time": 0.007525657764692394, "length": 15.530257779003314, "st_point_a": 24.265577262494087, "st_point_m": -5.155087386251708}, "datetime": {"datetime": "2019-08-19 20:44:30", "elapsed": 757.218347, "delta": 10.143998}}
{"target": 6.363700866699219, "params": {"delay_time": 0.005034378397956845, "length": 16.412501622121795, "st_point_a": 19.934756040023785, "st_point_m": -8.306755948465124}, "datetime": {"datetime": "2019-08-19 20:44:40", "elapsed": 767.502111, "delta": 10.283764}}
{"target": 5.859965801239014, "params": {"delay_time": 0.0031934691160128755, "length": 14.000952111258151, "st_point_a": 22.02598697012912, "st_point_m": -9.809868957559653}, "datetime": {"datetime": "2019-08-19 20:44:50", "elapsed": 778.004339, "delta": 10.502228}}
{"target": 4.679828643798828, "params": {"delay_time": 0.007715238243780289, "length": 14.234297221175048, "st_point_a": 23.534402409830978, "st_point_m": -6.668634682936701}, "datetime": {"datetime": "2019-08-19 20:45:01", "elapsed": 788.419587, "delta": 10.415248}}
{"target": 3.917893886566162, "params": {"delay_time": 0.008277594732008606, "length": 13.37638039154724, "st_point_a": 18.441819800944316, "st_point_m": -8.100194538948484}, "datetime": {"datetime": "2019-08-19 20:45:11", "elapsed": 798.693167, "delta": 10.27358}}
{"target": 6.139993190765381, "params": {"delay_time": 0.005526068536150536, "length": 15.663935728688312, "st_point_a": 20.66325444261658, "st_point_m": -6.04522858651182}, "datetime": {"datetime": "2019-08-19 20:45:22", "elapsed": 809.105795, "delta": 10.412628}}
