{"target": 4.857301712036133, "params": {"delay_time": 0.006047011403107581, "length": 12.451536151170295, "st_point_a": 24.469581839553744, "st_point_m": -9.832458537538043}, "datetime": {"datetime": "2019-08-19 21:02:53", "elapsed": 725.040184, "delta": 11.120814}}
{"target": 5.918574810028076, "params": {"delay_time": 0.004670077538074891, "length": 11.971612297807503, "st_point_a": 24.844440121547237, "st_point_m": -8.467406303325902}, "datetime": {"datetime": "2019-08-19 21:03:04", "elapsed": 736.170438, "delta": 11.130254}}
{"target": 5.187540531158447, "params": {"delay_time": 0.005045650189496389, "length": 12.021031218136377, "st_point_a": 24.264704532489727, "st_point_m": -8.111717374190283}, "datetime": {"datetime": "2019-08-19 21:03:15", "elapsed": 747.321537, "delta": 11.151099}}
{"target": 6.034669876098633, "params": {"delay_time": 0.006508382240088524, "length": 15.985361274157382, "st_point_a": 18.932851081668808, "st_point_m": -9.020081230646202}, "datetime": {"datetime": "2019-08-19 21:03:26", "elapsed": 758.424013, "delta": 11.102476}}
{"target": 5.147006511688232, "params": {"delay_time": 0.0023125777039055715, "length": 11.292745486398417, "st_point_a": 24.652989864250525, "st_point_m": -12.130392760648519}, "datetime": {"datetime": "2019-08-19 21:03:38", "elapsed": 769.932698, "delta": 11.508685}}
{"target": 7.190389156341553, "params": {"delay_time": 0.0026558512863008067, "length": 13.346710911023644, "st_point_a": 20.146141241770312, "st_point_m": -7.529768051495602}, "datetime": {"datetime": "2019-08-19 21:03:49", "elapsed": 781.266986, "delta": 11.334288}}
{"target": 6.142630577087402, "params": {"delay_time": 0.005260143408933176, "length": 16.01258113852352, "st_point_a": 25.234854124717998, "st_point_m": -6.171660391961924}, "datetime": {"datetime": "2019-08-19 21:04:01", "elapsed": 792.647835, "delta": 11.380849}}
{"target": 5.460202217102051, "params": {"delay_time": 0.0043484054516732835, "length": 11.67659721305176, "st_point_a": 21.40701761995351, "st_point_m": -5.631513275217609}, "datetime": {"datetime": "2019-08-19 21:04:35", "elapsed": 826.894689, "delta": 11.447202}}
{"target": 3.882819652557373, "params": {"delay_time": 0.006192945322156786, "length": 10.034161371113798, "st_point_a": 22.555996104199952, "st_point_m": -6.94005216154736}, "datetime": {"datetime": "2019-08-19 21:04:57", "elapsed": 849.492518, "delta": 11.208054}}
{"target": 4.5869855880737305, "params": {"delay_time": 0.007631435007109122, "length": 13.185389104539741, "st_point_a": 20.14355702579719, "st_point_m": -7.014764267750262}, "datetime": {"datetime": "2019-08-19 21:05:09", "elapsed": 860.798921, "delta": 11.306403}}
{"target": 6.400210380554199, "params": {"delay_time": 0.0036937884504320757, "length": 15.426153817108109, "st_point_a": 23.467647484452133, "st_point_m": -8.646359345207545}, "datetime": {"datetime": "2019-08-19 21:05:20", "elapsed": 872.225711, "delta": 11.42679}}
{"target": 5.299985408782959, "params": {"delay_time": 0.0035639472475387426, "length": 10.487353235726003, "st_point_a": 18.868693329745163, "st_point_m": -10.414026213648379}, "datetime": {"datetime": "2019-08-19 21:05:31", "elapsed": 883.495367, "delta": 11.269656}}
{"target": 5.487544536590576, "params": {"delay_time": 0.00283300923753688, "length": 12.680845917618814, "st_point_a": 24.320161196214805, "st_point_m": -7.099287424939178}, "datetime": {"datetime": "2019-08-19 21:05:43", "elapsed": 895.047267, "delta": 11.5519}}
{"target": 3.4672443866729736, "params": {"delay_time": 0.007795138808262727, "length": 10.49619653103851, "st_point_a": 18.101881075540053, "st_point_m": -6.083162565380529}, "datetime": {"datetime": "2019-08-19 21:05:54", "elapsed": 906.545409, "delta": 11.498142}}
{"target": 4.5215654373168945, "params": {"delay_time": 0.001151044432696938, "length": 12.82228322693826, "st_point_a": 26.930681838610013, "st_point_m": -4.558635986644137}, "datetime": {"datetime": "2019-08-19 21:06:06", "elapsed": 917.915238, "delta": 11.369829}}
{"target": 5.3308892250061035, "params": {"delay_time": 0.007132466729445959, "length": 15.138293517531478, "st_point_a": 23.536336465334784, "st_point_m": -5.729825747640407}, "datetime": {"datetime": "2019-08-19 21:06:17", "elapsed": 929.345284, "delta": 11.430046}}
{"target": 7.055666446685791, "params": {"delay_time": 0.003976535748295423, "length": 16.255784490964782, "st_point_a": 18.0500788970319, "st_point_m": -9.722350611036706}, "datetime": {"datetime": "2019-08-19 21:06:29", "elapsed": 940.739417, "delta": 11.394133}}
{"target": 6.369105339050293, "params": {"delay_time": 0.0016447818050221799, "length": 13.20106186643805, "st_point_a": 20.699344432963468, "st_point_m": -11.626161310910623}, "datetime": {"datetime": "2019-08-19 21:06:40", "elapsed": 952.18751, "delta": 11.448093}}
{"target": 4.69415807723999, "params": {"delay_time": 0.007372685413311491, "length": 13.496884770551098, "st_point_a": 22.61037874705375, "st_point_m": -7.646793620585724}, "datetime": {"datetime": "2019-08-19 21:06:52", "elapsed": 963.810329, "delta": 11.622819}}
{"target": 5.068685054779053, "params": {"delay_time": 0.008784226236427169, "length": 15.379612692257055, "st_point_a": 24.369918427329, "st_point_m": -7.301935349729189}, "datetime": {"datetime": "2019-08-19 21:07:03", "elapsed": 975.408663, "delta": 11.598334}}
{"target": 7.344210624694824, "params": {"delay_time": 0.004598477522756202, "length": 15.307186833587004, "st_point_a": 18.97124978035936, "st_point_m": -6.858349599397266}, "datetime": {"datetime": "2019-08-19 21:07:15", "elapsed": 986.90504, "delta": 11.496377}}
{"target": 5.843134880065918, "params": {"delay_time": 0.0014317931765751685, "length": 15.0577239989801, "st_point_a": 17.163378153022702, "st_point_m": -3.535403691141485}, "datetime": {"datetime": "2019-08-19 21:07:26", "elapsed": 998.407056, "delta": 11.502016}}
{"target": 6.72467565536499, "params": {"delay_time": 0.003704696551764625, "length": 16.78957487475921, "st_point_a": 25.648122612306388, "st_point_m": -3.1263503165357864}, "datetime": {"datetime": "2019-08-19 21:07:38", "elapsed": 1009.95547, "delta": 11.548414}}
{"target": 6.185612201690674, "params": {"delay_time": 0.003595835641574798, "length": 11.076983284202315, "st_point_a": 20.16949802139647, "st_point_m": -6.910218367556159}, "datetime": {"datetime": "2019-08-19 21:07:50", "elapsed": 1021.616264, "delta": 11.660794}}
{"target": 5.2809953689575195, "params": {"delay_time": 0.005463196143415793, "length": 12.319366478559498, "st_point_a": 19.80237912764563, "st_point_m": -3.6964996139908677}, "datetime": {"datetime": "2019-08-19 21:08:12", "elapsed": 1044.503606, "delta": 11.429713}}
{"target": 5.889065742492676, "params": {"delay_time": 0.004204656744350692, "length": 11.949673669200923, "st_point_a": 23.235378882622776, "st_point_m": -10.308833826957413}, "datetime": {"datetime": "2019-08-19 21:08:24", "elapsed": 1056.026311, "delta": 11.522705}}
{"target": 4.6895952224731445, "params": {"delay_time": 0.005091166931075901, "length": 12.243309955922063, "st_point_a": 26.90273585117106, "st_point_m": -6.69216983122484}, "datetime": {"datetime": "2019-08-19 21:08:35", "elapsed": 1067.426582, "delta": 11.400271}}
{"target": 5.297298908233643, "params": {"delay_time": 0.0051174223467110825, "length": 15.792298404612472, "st_point_a": 26.949411386643686, "st_point_m": -8.226131764467121}, "datetime": {"datetime": "2019-08-19 21:08:47", "elapsed": 1079.216747, "delta": 11.790165}}
{"target": 4.74967622756958, "params": {"delay_time": 0.0028436480706257585, "length": 16.760224480314477, "st_point_a": 17.17814542278568, "st_point_m": -11.008800559587337}, "datetime": {"datetime": "2019-08-19 21:08:59", "elapsed": 1090.940343, "delta": 11.723596}}
{"target": 3.296241044998169, "params": {"delay_time": 0.008259489794293078, "length": 10.787360711740115, "st_point_a": 21.979020267885975, "st_point_m": -4.5336526257504435}, "datetime": {"datetime": "2019-08-19 21:09:11", "elapsed": 1102.649714, "delta": 11.709371}}
{"target": 5.763320446014404, "params": {"delay_time": 0.0033844533857801096, "length": 13.527046014918099, "st_point_a": 19.133883556844186, "st_point_m": -6.069618143498385}, "datetime": {"datetime": "2019-08-19 21:09:22", "elapsed": 1114.417136, "delta": 11.767422}}
{"target": 5.605437278747559, "params": {"delay_time": 0.005227768702306373, "length": 14.835552835930137, "st_point_a": 20.488702870718505, "st_point_m": -12.63160983749011}, "datetime": {"datetime": "2019-08-19 21:09:34", "elapsed": 1126.092383, "delta": 11.675247}}
{"target": 3.7614693641662598, "params": {"delay_time": 0.008166288261232465, "length": 13.4434762376476, "st_point_a": 25.843203915192507, "st_point_m": -12.735922965224399}, "datetime": {"datetime": "2019-08-19 21:09:58", "elapsed": 1149.906993, "delta": 12.126222}}
{"target": 4.654847145080566, "params": {"delay_time": 0.0032331187394308387, "length": 16.756455602404422, "st_point_a": 24.46502713994084, "st_point_m": -10.7651532601498}, "datetime": {"datetime": "2019-08-19 21:10:22", "elapsed": 1173.807543, "delta": 11.802024}}
{"target": 5.417017936706543, "params": {"delay_time": 0.004074947931377804, "length": 13.264818703422039, "st_point_a": 25.55318668892031, "st_point_m": -9.47770599431082}, "datetime": {"datetime": "2019-08-19 21:10:33", "elapsed": 1185.541414, "delta": 11.733871}}
{"target": 5.405747413635254, "params": {"delay_time": 0.0038581484951853693, "length": 12.251649508100328, "st_point_a": 26.673971732187933, "st_point_m": -10.403986694068783}, "datetime": {"datetime": "2019-08-19 21:10:45", "elapsed": 1197.183109, "delta": 11.641695}}
{"target": 4.162230491638184, "params": {"delay_time": 0.008593503854102603, "length": 12.98605976278252, "st_point_a": 21.050469092925034, "st_point_m": -10.125104735399884}, "datetime": {"datetime": "2019-08-19 21:10:57", "elapsed": 1208.889599, "delta": 11.70649}}
{"target": 5.607037544250488, "params": {"delay_time": 0.0011648912474033562, "length": 11.704762255831634, "st_point_a": 23.96142688045946, "st_point_m": -10.180518269326521}, "datetime": {"datetime": "2019-08-19 21:11:09", "elapsed": 1220.767247, "delta": 11.877648}}
{"target": 6.61719274520874, "params": {"delay_time": 0.002887143691091036, "length": 15.971167929355728, "st_point_a": 24.60152546467628, "st_point_m": -11.603825328834496}, "datetime": {"datetime": "2019-08-19 21:11:20", "elapsed": 1232.457518, "delta": 11.690271}}
{"target": 6.17014217376709, "params": {"delay_time": 0.0018224861150444973, "length": 13.680151985044834, "st_point_a": 21.30327459535624, "st_point_m": -5.755226825406578}, "datetime": {"datetime": "2019-08-19 21:11:32", "elapsed": 1244.145099, "delta": 11.687581}}
{"target": 5.837620258331299, "params": {"delay_time": 0.007056559607824044, "length": 16.768103767858932, "st_point_a": 22.65341169504223, "st_point_m": -12.225468782305748}, "datetime": {"datetime": "2019-08-19 21:11:44", "elapsed": 1255.849323, "delta": 11.704224}}
{"target": 5.856278419494629, "params": {"delay_time": 0.006594037046577039, "length": 16.31678285017794, "st_point_a": 21.197695536026565, "st_point_m": -9.74415319401577}, "datetime": {"datetime": "2019-08-19 21:11:55", "elapsed": 1267.477879, "delta": 11.628556}}
{"target": 4.768052101135254, "params": {"delay_time": 0.0019258712958100297, "length": 12.373271032482865, "st_point_a": 25.95071909751983, "st_point_m": -5.112393189878491}, "datetime": {"datetime": "2019-08-19 21:12:07", "elapsed": 1279.368574, "delta": 11.890695}}
{"target": 7.681234836578369, "params": {"delay_time": 0.004352787271851071, "length": 16.94245821415469, "st_point_a": 21.885193788601637, "st_point_m": -3.639312755805877}, "datetime": {"datetime": "2019-08-19 21:12:19", "elapsed": 1291.113559, "delta": 11.744985}}
{"target": 3.8779685497283936, "params": {"delay_time": 0.008151523660491884, "length": 12.689643103876556, "st_point_a": 18.72778051904608, "st_point_m": -4.665087865892421}, "datetime": {"datetime": "2019-08-19 21:12:31", "elapsed": 1302.890266, "delta": 11.776707}}
{"target": 6.385937213897705, "params": {"delay_time": 0.00190759672088151, "length": 11.82568613957953, "st_point_a": 18.247289414581395, "st_point_m": -4.90912797487764}, "datetime": {"datetime": "2019-08-19 21:12:54", "elapsed": 1326.498111, "delta": 11.838848}}
{"target": 6.995298862457275, "params": {"delay_time": 0.003624372701195365, "length": 13.571465684405453, "st_point_a": 22.83717605574556, "st_point_m": -6.132747053553469}, "datetime": {"datetime": "2019-08-19 21:13:06", "elapsed": 1338.233709, "delta": 11.735598}}
{"target": 5.070156097412109, "params": {"delay_time": 0.007840031490280116, "length": 15.014021633381107, "st_point_a": 20.497094735021527, "st_point_m": -9.026786024465755}, "datetime": {"datetime": "2019-08-19 21:13:18", "elapsed": 1350.093882, "delta": 11.860173}}
{"target": 5.881879806518555, "params": {"delay_time": 0.00274507261332261, "length": 15.787022015744949, "st_point_a": 25.62297450957218, "st_point_m": -12.568944282163592}, "datetime": {"datetime": "2019-08-19 21:13:30", "elapsed": 1362.054443, "delta": 11.960561}}
{"target": 6.009437084197998, "params": {"delay_time": 0.00675025580379134, "length": 15.367993610064268, "st_point_a": 25.896833433477273, "st_point_m": -4.049093750811835}, "datetime": {"datetime": "2019-08-19 21:13:42", "elapsed": 1373.936956, "delta": 11.882513}}
{"target": 6.280487060546875, "params": {"delay_time": 0.0042524365755056935, "length": 14.223252609506993, "st_point_a": 19.024600678737983, "st_point_m": -11.525733220361282}, "datetime": {"datetime": "2019-08-19 21:13:54", "elapsed": 1385.892382, "delta": 11.955426}}
{"target": 5.085010051727295, "params": {"delay_time": 0.0023512702555472114, "length": 13.167695105321215, "st_point_a": 25.518653730069573, "st_point_m": -7.994047898541336}, "datetime": {"datetime": "2019-08-19 21:14:06", "elapsed": 1398.061885, "delta": 12.169503}}
{"target": 6.0346598625183105, "params": {"delay_time": 0.005377441744415279, "length": 16.22504738213485, "st_point_a": 23.848596537679384, "st_point_m": -7.66344170124815}, "datetime": {"datetime": "2019-08-19 21:14:18", "elapsed": 1410.232028, "delta": 12.170143}}
{"target": 6.289288520812988, "params": {"delay_time": 0.0011167711376101385, "length": 12.58032758592546, "st_point_a": 17.696495121048237, "st_point_m": -9.647084759270012}, "datetime": {"datetime": "2019-08-19 21:14:30", "elapsed": 1422.238353, "delta": 12.006325}}
{"target": 5.980710983276367, "params": {"delay_time": 0.003244210616553879, "length": 12.243750313485737, "st_point_a": 24.99871284864153, "st_point_m": -9.26033532525133}, "datetime": {"datetime": "2019-08-19 21:15:06", "elapsed": 1458.514853, "delta": 12.183495}}
{"target": 4.071403980255127, "params": {"delay_time": 0.006702238575862367, "length": 10.808439514685707, "st_point_a": 23.36558436367591, "st_point_m": -11.345433386288152}, "datetime": {"datetime": "2019-08-19 21:15:19", "elapsed": 1470.617777, "delta": 12.102924}}
{"target": 6.683413028717041, "params": {"delay_time": 0.0010258177428241072, "length": 14.690293218163562, "st_point_a": 18.139533645423786, "st_point_m": -8.653115997362912}, "datetime": {"datetime": "2019-08-19 21:15:55", "elapsed": 1506.906816, "delta": 12.066588}}
{"target": 5.377391338348389, "params": {"delay_time": 0.004946778549958716, "length": 11.138427576171521, "st_point_a": 18.95947567901992, "st_point_m": -3.9266773785771054}, "datetime": {"datetime": "2019-08-19 21:16:07", "elapsed": 1518.881365, "delta": 11.974549}}
{"target": 3.6910343170166016, "params": {"delay_time": 0.00893634332101811, "length": 11.420303555897991, "st_point_a": 23.639072880912263, "st_point_m": -8.145459330756855}, "datetime": {"datetime": "2019-08-19 21:16:19", "elapsed": 1531.163356, "delta": 12.281991}}
{"target": 4.9327826499938965, "params": {"delay_time": 0.007608225737384568, "length": 14.74436027797243, "st_point_a": 18.044791267759763, "st_point_m": -4.764449920441981}, "datetime": {"datetime": "2019-08-19 21:16:31", "elapsed": 1543.205044, "delta": 12.041688}}
{"target": 4.077116966247559, "params": {"delay_time": 0.007036887407638214, "length": 11.551440897311426, "st_point_a": 23.597088645719516, "st_point_m": -5.751938427948981}, "datetime": {"datetime": "2019-08-19 21:16:43", "elapsed": 1555.490227, "delta": 12.285183}}
{"target": 5.7660908699035645, "params": {"delay_time": 0.005664462193401427, "length": 14.088028100792673, "st_point_a": 17.50435052072356, "st_point_m": -11.978188013037807}, "datetime": {"datetime": "2019-08-19 21:16:56", "elapsed": 1567.608371, "delta": 12.118144}}
{"target": 7.732547760009766, "params": {"delay_time": 0.004710303036096545, "length": 16.82968867845632, "st_point_a": 18.57868824234441, "st_point_m": -3.626195284142474}, "datetime": {"datetime": "2019-08-19 21:17:08", "elapsed": 1579.794008, "delta": 12.185637}}
{"target": 4.665366172790527, "params": {"delay_time": 0.006986372715892557, "length": 11.912479233285373, "st_point_a": 23.26285614143955, "st_point_m": -3.755688440269825}, "datetime": {"datetime": "2019-08-19 21:17:20", "elapsed": 1591.974468, "delta": 12.18046}}
{"target": 7.646040439605713, "params": {"delay_time": 0.002017806299499442, "length": 15.771528300700052, "st_point_a": 22.426662348279425, "st_point_m": -5.883532215453567}, "datetime": {"datetime": "2019-08-19 21:17:44", "elapsed": 1616.311383, "delta": 12.201175}}
{"target": 5.7538371086120605, "params": {"delay_time": 0.00474439809252597, "length": 12.205238100910265, "st_point_a": 21.521728230840054, "st_point_m": -4.641424549361684}, "datetime": {"datetime": "2019-08-19 21:17:56", "elapsed": 1628.415192, "delta": 12.103809}}
{"target": 3.735008716583252, "params": {"delay_time": 0.008690634116176696, "length": 12.725624222761697, "st_point_a": 19.963298734118535, "st_point_m": -12.196595305191565}, "datetime": {"datetime": "2019-08-19 21:18:09", "elapsed": 1640.858633, "delta": 12.443441}}
{"target": 5.609312057495117, "params": {"delay_time": 0.007904499808618352, "length": 16.009967176394024, "st_point_a": 26.295560606336682, "st_point_m": -3.465713402926969}, "datetime": {"datetime": "2019-08-19 21:18:21", "elapsed": 1653.359781, "delta": 12.501148}}
{"target": 3.9850571155548096, "params": {"delay_time": 0.00643936521584806, "length": 10.622789634132587, "st_point_a": 20.099909035815607, "st_point_m": -9.69170441961429}, "datetime": {"datetime": "2019-08-19 21:18:34", "elapsed": 1665.709232, "delta": 12.349451}}
{"target": 6.185675144195557, "params": {"delay_time": 0.006894283968386073, "length": 16.0108479515051, "st_point_a": 21.346630874281153, "st_point_m": -4.709044810514129}, "datetime": {"datetime": "2019-08-19 21:18:46", "elapsed": 1677.907588, "delta": 12.198356}}
{"target": 4.0695905685424805, "params": {"delay_time": 0.006344609445700441, "length": 10.779143406156832, "st_point_a": 26.2310399362425, "st_point_m": -12.597330690297706}, "datetime": {"datetime": "2019-08-19 21:19:10", "elapsed": 1702.377619, "delta": 12.295185}}
{"target": 5.769716262817383, "params": {"delay_time": 0.0047636956050211374, "length": 12.186017783053478, "st_point_a": 21.320419941363664, "st_point_m": -12.43778352920378}, "datetime": {"datetime": "2019-08-19 21:19:23", "elapsed": 1714.660201, "delta": 12.282582}}
{"target": 5.974523067474365, "params": {"delay_time": 0.0027319366942145083, "length": 12.636572403258567, "st_point_a": 25.537797389390175, "st_point_m": -9.166747153399157}, "datetime": {"datetime": "2019-08-19 21:19:35", "elapsed": 1726.892245, "delta": 12.232044}}
{"target": 4.781585216522217, "params": {"delay_time": 0.005077709556488707, "length": 11.33523985639987, "st_point_a": 22.707542319388043, "st_point_m": -3.807906840461042}, "datetime": {"datetime": "2019-08-19 21:20:00", "elapsed": 1752.262879, "delta": 12.741225}}
{"target": 6.201748371124268, "params": {"delay_time": 0.0032007408051839235, "length": 13.745185015076197, "st_point_a": 21.186453229274782, "st_point_m": -7.338118182606343}, "datetime": {"datetime": "2019-08-19 21:20:13", "elapsed": 1764.977425, "delta": 12.714546}}
{"target": 4.271743297576904, "params": {"delay_time": 0.008375817009078919, "length": 14.43388703470431, "st_point_a": 18.55254615274343, "st_point_m": -10.440046755334748}, "datetime": {"datetime": "2019-08-19 21:20:26", "elapsed": 1778.028901, "delta": 13.051476}}
{"target": 6.48117208480835, "params": {"delay_time": 0.0017557944016998689, "length": 11.55704242021465, "st_point_a": 17.169283585382942, "st_point_m": -10.75635905829721}, "datetime": {"datetime": "2019-08-19 21:20:39", "elapsed": 1790.745047, "delta": 12.716146}}
{"target": 3.8012497425079346, "params": {"delay_time": 0.008518181337943007, "length": 11.85025934097678, "st_point_a": 25.569138388333393, "st_point_m": -7.0394650038806725}, "datetime": {"datetime": "2019-08-19 21:20:52", "elapsed": 1803.645501, "delta": 12.900454}}
{"target": 4.740259647369385, "params": {"delay_time": 0.005615731961453125, "length": 12.880046510113486, "st_point_a": 25.159157550215127, "st_point_m": -12.718369190967602}, "datetime": {"datetime": "2019-08-19 21:21:04", "elapsed": 1816.37505, "delta": 12.729549}}
{"target": 6.332370281219482, "params": {"delay_time": 0.003647253799237544, "length": 14.871599727539774, "st_point_a": 22.80700269091455, "st_point_m": -3.741280242089582}, "datetime": {"datetime": "2019-08-19 21:21:30", "elapsed": 1842.359302, "delta": 12.973302}}
{"target": 4.418801784515381, "params": {"delay_time": 0.00778471335747145, "length": 13.152041547253166, "st_point_a": 19.54501597455176, "st_point_m": -5.281916271482084}, "datetime": {"datetime": "2019-08-19 21:21:56", "elapsed": 1867.961193, "delta": 12.768946}}
