{"target": 6.487858772277832, "params": {"delay_time": 0.004336176037620592, "length": 15.042271454095108, "st_point_a": 17.001143748173448, "st_point_m": -9.976674273681603}, "datetime": {"datetime": "2019-08-19 20:08:36", "elapsed": 0.0, "delta": 0.0}}
{"target": 5.904187202453613, "params": {"delay_time": 0.0021740471265369044, "length": 10.646370163381585, "st_point_a": 18.86260211377671, "st_point_m": -9.544392729569523}, "datetime": {"datetime": "2019-08-19 20:08:43", "elapsed": 7.155681, "delta": 7.155681}}
{"target": 6.593993186950684, "params": {"delay_time": 0.0041741397938453596, "length": 13.771717138023499, "st_point_a": 21.19194514403295, "st_point_m": -6.147804996032405}, "datetime": {"datetime": "2019-08-19 20:08:50", "elapsed": 14.294839, "delta": 7.139158}}
{"target": 5.555800437927246, "params": {"delay_time": 0.009, "length": 17.0, "st_point_a": 27.0, "st_point_m": -13.0}, "datetime": {"datetime": "2019-08-19 20:08:59", "elapsed": 22.528324, "delta": 8.233485}}
{"target": 5.395514488220215, "params": {"delay_time": 0.009, "length": 17.0, "st_point_a": 17.0, "st_point_m": -3.0}, "datetime": {"datetime": "2019-08-19 20:09:07", "elapsed": 31.124915, "delta": 8.596591}}
{"target": 5.113504409790039, "params": {"delay_time": 0.0070338864235494365, "length": 14.999238707621032, "st_point_a": 17.01237299552583, "st_point_m": -10.067800626528596}, "datetime": {"datetime": "2019-08-19 20:09:15", "elapsed": 38.567397, "delta": 7.442482}}
{"target": 5.08162784576416, "params": {"delay_time": 0.0017911898655444424, "length": 10.942605091792002, "st_point_a": 21.67498979259714, "st_point_m": -8.812120063864162}, "datetime": {"datetime": "2019-08-19 20:09:22", "elapsed": 46.012472, "delta": 7.445075}}
{"target": 3.34330677986145, "params": {"delay_time": 0.008807815686859365, "length": 11.33004817384062, "st_point_a": 18.23715462250837, "st_point_m": -3.683573473564749}, "datetime": {"datetime": "2019-08-19 20:09:30", "elapsed": 53.484703, "delta": 7.472231}}
{"target": 5.378745079040527, "params": {"delay_time": 0.003240772397559641, "length": 12.296312697319888, "st_point_a": 18.488810542462364, "st_point_m": -12.639744830367981}, "datetime": {"datetime": "2019-08-19 20:09:45", "elapsed": 68.448924, "delta": 7.488323}}
{"target": 3.4158389568328857, "params": {"delay_time": 0.008741941429829776, "length": 10.74915076807924, "st_point_a": 26.3982148532567, "st_point_m": -7.509833211594701}, "datetime": {"datetime": "2019-08-19 20:09:52", "elapsed": 75.965442, "delta": 7.516518}}
{"target": 3.2452468872070312, "params": {"delay_time": 0.008193209626132358, "length": 10.386064205194623, "st_point_a": 22.767141515516066, "st_point_m": -10.58305579056345}, "datetime": {"datetime": "2019-08-19 20:10:00", "elapsed": 83.468338, "delta": 7.502896}}
{"target": 7.068140983581543, "params": {"delay_time": 0.002166923131153867, "length": 13.773703302326632, "st_point_a": 21.2336823807263, "st_point_m": -6.1462999173060835}, "datetime": {"datetime": "2019-08-19 20:10:07", "elapsed": 90.926803, "delta": 7.458465}}
{"target": 6.646615028381348, "params": {"delay_time": 0.0028545899786642064, "length": 13.761807204722993, "st_point_a": 21.24304799881466, "st_point_m": -6.238126945592761}, "datetime": {"datetime": "2019-08-19 20:10:22", "elapsed": 105.90821, "delta": 7.482736}}
{"target": 4.882241249084473, "params": {"delay_time": 0.001, "length": 13.812648287683167, "st_point_a": 21.235265024479055, "st_point_m": -6.189932755938652}, "datetime": {"datetime": "2019-08-19 20:10:30", "elapsed": 113.420847, "delta": 7.512637}}
{"target": 5.945207118988037, "params": {"delay_time": 0.0024657798957394934, "length": 10.240960346920716, "st_point_a": 20.159952212728566, "st_point_m": -6.872632023616569}, "datetime": {"datetime": "2019-08-19 20:10:52", "elapsed": 136.13045, "delta": 7.664693}}
{"target": 6.947798728942871, "params": {"delay_time": 0.0035322168620592056, "length": 16.247504536248176, "st_point_a": 23.634626193827696, "st_point_m": -8.997514503337094}, "datetime": {"datetime": "2019-08-19 20:11:00", "elapsed": 143.702811, "delta": 7.572361}}
{"target": 6.753037452697754, "params": {"delay_time": 0.0035861922120983786, "length": 14.151931903089721, "st_point_a": 22.25238063465082, "st_point_m": -6.570355636021464}, "datetime": {"datetime": "2019-08-19 20:11:07", "elapsed": 151.295739, "delta": 7.592928}}
{"target": 4.174609184265137, "params": {"delay_time": 0.007743787579295629, "length": 11.525979202644834, "st_point_a": 21.136466254450934, "st_point_m": -6.263139243454845}, "datetime": {"datetime": "2019-08-19 20:11:15", "elapsed": 158.893634, "delta": 7.597895}}
{"target": 6.500458717346191, "params": {"delay_time": 0.006707346654532031, "length": 16.335853176772545, "st_point_a": 20.606695812307503, "st_point_m": -3.341331441665515}, "datetime": {"datetime": "2019-08-19 20:11:23", "elapsed": 166.486157, "delta": 7.592523}}
{"target": 5.366692543029785, "params": {"delay_time": 0.007449020101549935, "length": 15.372077989365021, "st_point_a": 21.962900739725136, "st_point_m": -11.51979198218023}, "datetime": {"datetime": "2019-08-19 20:11:30", "elapsed": 174.0828, "delta": 7.596643}}
{"target": 5.438421249389648, "params": {"delay_time": 0.006661462314333611, "length": 14.330443387002244, "st_point_a": 25.117634529284302, "st_point_m": -12.103511442966848}, "datetime": {"datetime": "2019-08-19 20:11:38", "elapsed": 181.682004, "delta": 7.599204}}
{"target": 6.706413269042969, "params": {"delay_time": 0.0014295734385354945, "length": 15.865160552611599, "st_point_a": 20.8257986072784, "st_point_m": -5.273302274980948}, "datetime": {"datetime": "2019-08-19 20:11:45", "elapsed": 189.304154, "delta": 7.62215}}
{"target": 7.878564357757568, "params": {"delay_time": 0.0036509718859324006, "length": 15.044204912310773, "st_point_a": 17.906896427942087, "st_point_m": -3.0546414463450713}, "datetime": {"datetime": "2019-08-19 20:11:53", "elapsed": 196.950045, "delta": 7.645891}}
{"target": 6.372564315795898, "params": {"delay_time": 0.0024646086001943977, "length": 11.274402962237172, "st_point_a": 19.46482362186123, "st_point_m": -4.982345455700983}, "datetime": {"datetime": "2019-08-19 20:12:01", "elapsed": 204.586315, "delta": 7.63627}}
{"target": 6.682767391204834, "params": {"delay_time": 0.00402245378261646, "length": 13.375233961593265, "st_point_a": 23.21305179581949, "st_point_m": -4.036228841115252}, "datetime": {"datetime": "2019-08-19 20:12:08", "elapsed": 212.222925, "delta": 7.63661}}
{"target": 5.955126762390137, "params": {"delay_time": 0.00760568612186174, "length": 16.587294680265043, "st_point_a": 26.187273919059535, "st_point_m": -12.171231015717657}, "datetime": {"datetime": "2019-08-19 20:12:16", "elapsed": 219.910733, "delta": 7.687808}}
{"target": 4.445605278015137, "params": {"delay_time": 0.006088192134192362, "length": 11.232200262691936, "st_point_a": 26.712940275158438, "st_point_m": -3.0976001510037268}, "datetime": {"datetime": "2019-08-19 20:12:24", "elapsed": 227.57508, "delta": 7.664347}}
{"target": 7.779839515686035, "params": {"delay_time": 0.00400155600925828, "length": 16.954283942326228, "st_point_a": 20.99030404889315, "st_point_m": -6.2301167151231756}, "datetime": {"datetime": "2019-08-19 20:12:31", "elapsed": 235.240323, "delta": 7.665243}}
{"target": 4.115901470184326, "params": {"delay_time": 0.007463705234291216, "length": 11.62773756980153, "st_point_a": 24.46708274194365, "st_point_m": -12.340619514112369}, "datetime": {"datetime": "2019-08-19 20:12:39", "elapsed": 243.010166, "delta": 7.769843}}
{"target": 4.602116584777832, "params": {"delay_time": 0.007842363928222023, "length": 12.673586169538094, "st_point_a": 26.2806417305006, "st_point_m": -12.949457109044808}, "datetime": {"datetime": "2019-08-19 20:12:47", "elapsed": 250.779542, "delta": 7.769376}}
{"target": 4.066248416900635, "params": {"delay_time": 0.00688881858371297, "length": 10.478479210379836, "st_point_a": 25.15359557493096, "st_point_m": -6.214852680418811}, "datetime": {"datetime": "2019-08-19 20:12:55", "elapsed": 258.551862, "delta": 7.77232}}
{"target": 5.114027976989746, "params": {"delay_time": 0.0015196726442379812, "length": 11.278824924619132, "st_point_a": 25.14724372708344, "st_point_m": -6.08524829419624}, "datetime": {"datetime": "2019-08-19 20:13:03", "elapsed": 266.349542, "delta": 7.79768}}
{"target": 6.16921329498291, "params": {"delay_time": 0.006900301374738544, "length": 16.15784235997949, "st_point_a": 25.530834847145293, "st_point_m": -12.178921683839402}, "datetime": {"datetime": "2019-08-19 20:13:10", "elapsed": 274.16642, "delta": 7.816878}}
{"target": 5.446860313415527, "params": {"delay_time": 0.004074120484370026, "length": 11.594549256803715, "st_point_a": 24.877185392699165, "st_point_m": -8.837087311166167}, "datetime": {"datetime": "2019-08-19 20:13:18", "elapsed": 281.969242, "delta": 7.802822}}
{"target": 4.94951057434082, "params": {"delay_time": 0.005155084026538223, "length": 11.15254311246213, "st_point_a": 24.67377431390618, "st_point_m": -7.649819812940218}, "datetime": {"datetime": "2019-08-19 20:13:26", "elapsed": 289.768453, "delta": 7.799211}}
{"target": 5.186210632324219, "params": {"delay_time": 0.0081341633597053, "length": 15.779545133347376, "st_point_a": 24.935734605073783, "st_point_m": -10.266809464867414}, "datetime": {"datetime": "2019-08-19 20:13:34", "elapsed": 297.561571, "delta": 7.793118}}
{"target": 5.761425971984863, "params": {"delay_time": 0.007013757681609537, "length": 16.141351065958823, "st_point_a": 22.605772074417565, "st_point_m": -12.130473625936443}, "datetime": {"datetime": "2019-08-19 20:13:42", "elapsed": 305.42583, "delta": 7.864259}}
{"target": 2.3726630210876465, "params": {"delay_time": 0.004465558375918956, "length": 14.5415373938702, "st_point_a": 26.621892104989914, "st_point_m": -3.117212071549698}, "datetime": {"datetime": "2019-08-19 20:13:53", "elapsed": 317.251773, "delta": 11.825943}}
{"target": 5.533357620239258, "params": {"delay_time": 0.0027743685183557803, "length": 16.980056525766567, "st_point_a": 22.642457482017917, "st_point_m": -10.479951787707936}, "datetime": {"datetime": "2019-08-19 20:14:01", "elapsed": 325.182775, "delta": 7.931002}}
{"target": 6.070650100708008, "params": {"delay_time": 0.0010041362622260116, "length": 12.832887043829857, "st_point_a": 23.043170779864266, "st_point_m": -10.243565716067565}, "datetime": {"datetime": "2019-08-19 20:14:17", "elapsed": 341.070616, "delta": 7.952514}}
{"target": 7.698981285095215, "params": {"delay_time": 0.005760648778920563, "length": 16.828139300775824, "st_point_a": 18.44698793805307, "st_point_m": -12.424577667811526}, "datetime": {"datetime": "2019-08-19 20:14:25", "elapsed": 348.980169, "delta": 7.909553}}
{"target": 8.878900527954102, "params": {"delay_time": 0.004518956258367892, "length": 16.37305704397912, "st_point_a": 25.468620930336407, "st_point_m": -3.2777682225697404}, "datetime": {"datetime": "2019-08-19 20:14:41", "elapsed": 364.752904, "delta": 7.885705}}
{"target": 7.559120178222656, "params": {"delay_time": 0.00541389783156048, "length": 15.771046468761325, "st_point_a": 21.835818901923282, "st_point_m": -3.6696397131280936}, "datetime": {"datetime": "2019-08-19 20:14:49", "elapsed": 372.602994, "delta": 7.85009}}
{"target": 10.116397857666016, "params": {"delay_time": 0.0025009575884071145, "length": 12.833930139952667, "st_point_a": 24.166371495629793, "st_point_m": -6.438739698138516}, "datetime": {"datetime": "2019-08-19 20:14:57", "elapsed": 380.490152, "delta": 7.887158}}
{"target": 5.677259922027588, "params": {"delay_time": 0.0056422066945121035, "length": 12.449103594492215, "st_point_a": 17.15304015140494, "st_point_m": -9.616297591174972}, "datetime": {"datetime": "2019-08-19 20:15:05", "elapsed": 388.383598, "delta": 7.893446}}
{"target": 7.099615573883057, "params": {"delay_time": 0.006398515362143532, "length": 16.6990712562757, "st_point_a": 24.62437809279982, "st_point_m": -4.889599171417114}, "datetime": {"datetime": "2019-08-19 20:15:12", "elapsed": 396.276057, "delta": 7.892459}}
{"target": 7.894991397857666, "params": {"delay_time": 0.005840663147362213, "length": 16.61160059932378, "st_point_a": 18.890519620067018, "st_point_m": -7.1277557998714665}, "datetime": {"datetime": "2019-08-19 20:15:20", "elapsed": 404.197907, "delta": 7.92185}}
{"target": 7.234747409820557, "params": {"delay_time": 0.003086547953736351, "length": 11.30472053178205, "st_point_a": 26.187943602854553, "st_point_m": -7.711580284878028}, "datetime": {"datetime": "2019-08-19 20:15:28", "elapsed": 412.136394, "delta": 7.938487}}
{"target": 4.233880996704102, "params": {"delay_time": 0.007300437772569543, "length": 11.87612698183691, "st_point_a": 18.218657522106145, "st_point_m": -12.387164199612098}, "datetime": {"datetime": "2019-08-19 20:15:36", "elapsed": 420.052967, "delta": 7.916573}}
{"target": 4.090423583984375, "params": {"delay_time": 0.008663791547838206, "length": 12.504010639525651, "st_point_a": 19.358521797822235, "st_point_m": -6.064042767069822}, "datetime": {"datetime": "2019-08-19 20:15:44", "elapsed": 428.063371, "delta": 8.010404}}
{"target": 7.155391693115234, "params": {"delay_time": 0.005720095327502611, "length": 15.258462090151248, "st_point_a": 25.96870354549663, "st_point_m": -12.998716959878157}, "datetime": {"datetime": "2019-08-19 20:15:52", "elapsed": 436.004409, "delta": 7.941038}}
{"target": 4.601803779602051, "params": {"delay_time": 0.006443063384932288, "length": 11.13184982016986, "st_point_a": 19.23869894154514, "st_point_m": -8.876979693686193}, "datetime": {"datetime": "2019-08-19 20:16:08", "elapsed": 452.002299, "delta": 8.000048}}
{"target": 5.151230335235596, "params": {"delay_time": 0.006044460274252613, "length": 12.447606668549623, "st_point_a": 24.467395775309864, "st_point_m": -9.83836119566}, "datetime": {"datetime": "2019-08-19 20:16:16", "elapsed": 459.989124, "delta": 7.986825}}
{"target": 6.534369468688965, "params": {"delay_time": 0.0046688308398598844, "length": 11.970164493134831, "st_point_a": 24.843819479335643, "st_point_m": -8.468980512965683}, "datetime": {"datetime": "2019-08-19 20:16:24", "elapsed": 467.975131, "delta": 7.986007}}
{"target": 5.353061199188232, "params": {"delay_time": 0.005042229424303252, "length": 12.016724092079528, "st_point_a": 24.262338327177453, "st_point_m": -8.11613933625958}, "datetime": {"datetime": "2019-08-19 20:16:32", "elapsed": 475.987014, "delta": 8.011883}}
{"target": 6.178062438964844, "params": {"delay_time": 0.006507664680277936, "length": 15.985069068834541, "st_point_a": 18.930527827298512, "st_point_m": -9.021814950969233}, "datetime": {"datetime": "2019-08-19 20:16:40", "elapsed": 484.006604, "delta": 8.01959}}
{"target": 5.319530487060547, "params": {"delay_time": 0.0023067945422466157, "length": 11.287809956082015, "st_point_a": 24.650960212401237, "st_point_m": -12.138288558910793}, "datetime": {"datetime": "2019-08-19 20:16:48", "elapsed": 492.124246, "delta": 8.117642}}
{"target": 6.618793487548828, "params": {"delay_time": 0.002654025514500247, "length": 13.3456595371516, "st_point_a": 20.14416878138035, "st_point_m": -7.531071665762027}, "datetime": {"datetime": "2019-08-19 20:16:56", "elapsed": 500.162807, "delta": 8.038561}}
{"target": 6.489083766937256, "params": {"delay_time": 0.005256908116562397, "length": 16.011726937665408, "st_point_a": 25.233327124191494, "st_point_m": -6.1744041465468795}, "datetime": {"datetime": "2019-08-19 20:17:04", "elapsed": 508.236578, "delta": 8.073771}}
{"target": 5.150568008422852, "params": {"delay_time": 0.008841294373073912, "length": 15.971456849222548, "st_point_a": 20.2410302492736, "st_point_m": -12.192659368773354}, "datetime": {"datetime": "2019-08-19 20:17:12", "elapsed": 516.31184, "delta": 8.075262}}
{"target": 6.345661163330078, "params": {"delay_time": 0.003952754036824362, "length": 12.022169661472276, "st_point_a": 17.959019058330206, "st_point_m": -4.581889510017145}, "datetime": {"datetime": "2019-08-19 20:17:21", "elapsed": 524.444604, "delta": 8.132764}}
{"target": 6.035599708557129, "params": {"delay_time": 0.00434706513687351, "length": 11.675063322798348, "st_point_a": 21.405406052784237, "st_point_m": -5.632271521911711}, "datetime": {"datetime": "2019-08-19 20:17:29", "elapsed": 532.583312, "delta": 8.138708}}
{"target": 6.4758734703063965, "params": {"delay_time": 0.006697073485145301, "length": 15.47503697839877, "st_point_a": 19.946318282554827, "st_point_m": -8.759324207445509}, "datetime": {"datetime": "2019-08-19 20:17:37", "elapsed": 540.738419, "delta": 8.155107}}
{"target": 3.943800449371338, "params": {"delay_time": 0.00619051864272607, "length": 10.02813945160798, "st_point_a": 22.552154293447536, "st_point_m": -6.9434583094973235}, "datetime": {"datetime": "2019-08-19 20:17:45", "elapsed": 548.887303, "delta": 8.148884}}
{"target": 4.573645114898682, "params": {"delay_time": 0.007630252306378899, "length": 13.182092554419718, "st_point_a": 20.13763175359277, "st_point_m": -7.018233788493379}, "datetime": {"datetime": "2019-08-19 20:17:53", "elapsed": 557.230715, "delta": 8.343412}}
{"target": 6.25791072845459, "params": {"delay_time": 0.0036892006131122594, "length": 15.42479304394894, "st_point_a": 23.46459335467495, "st_point_m": -8.651241279876574}, "datetime": {"datetime": "2019-08-19 20:18:02", "elapsed": 565.3685, "delta": 8.137785}}
{"target": 5.491602420806885, "params": {"delay_time": 0.0035623816340584788, "length": 10.485477557171977, "st_point_a": 18.866351468119678, "st_point_m": -10.416161494505957}, "datetime": {"datetime": "2019-08-19 20:18:10", "elapsed": 573.538052, "delta": 8.169552}}
{"target": 5.546367168426514, "params": {"delay_time": 0.0028276741381931636, "length": 12.677109392464507, "st_point_a": 24.31784285218057, "st_point_m": -7.102833742177663}, "datetime": {"datetime": "2019-08-19 20:18:18", "elapsed": 581.733901, "delta": 8.195849}}
{"target": 3.688390016555786, "params": {"delay_time": 0.007794097376755348, "length": 10.490574915953863, "st_point_a": 18.094189914543346, "st_point_m": -6.085827521858485}, "datetime": {"datetime": "2019-08-19 20:18:26", "elapsed": 589.899329, "delta": 8.165428}}
{"target": 5.555085182189941, "params": {"delay_time": 0.007130850250927807, "length": 15.136682082499254, "st_point_a": 23.53333842627108, "st_point_m": -5.732188599616826}, "datetime": {"datetime": "2019-08-19 20:18:43", "elapsed": 606.373353, "delta": 8.287813}}
{"target": 4.592244625091553, "params": {"delay_time": 0.007371278742927415, "length": 13.493856635434765, "st_point_a": 22.60658430542314, "st_point_m": -7.650810365117151}, "datetime": {"datetime": "2019-08-19 20:19:07", "elapsed": 631.152615, "delta": 8.303982}}
{"target": 6.919116973876953, "params": {"delay_time": 0.0045972112652768425, "length": 15.306699834521519, "st_point_a": 18.96894001934642, "st_point_m": -6.859459593510321}, "datetime": {"datetime": "2019-08-19 20:19:24", "elapsed": 647.713279, "delta": 8.251254}}
{"target": 5.746645450592041, "params": {"delay_time": 0.0014252478104604834, "length": 15.056044220953542, "st_point_a": 17.154870947442525, "st_point_m": -3.5358667351966275}, "datetime": {"datetime": "2019-08-19 20:19:32", "elapsed": 655.959584, "delta": 8.246305}}
{"target": 6.222140312194824, "params": {"delay_time": 0.0036909002410666636, "length": 16.789026636035054, "st_point_a": 25.644600449573225, "st_point_m": -3.1266795079108896}, "datetime": {"datetime": "2019-08-19 20:19:40", "elapsed": 664.227456, "delta": 8.267872}}
{"target": 4.781815052032471, "params": {"delay_time": 0.0035911668646093106, "length": 11.071866259224013, "st_point_a": 20.163596999853574, "st_point_m": -6.913596491579351}, "datetime": {"datetime": "2019-08-19 20:19:49", "elapsed": 672.499549, "delta": 8.272093}}
{"target": 5.893267631530762, "params": {"delay_time": 0.004047221888492074, "length": 15.861631899685953, "st_point_a": 21.599538854824143, "st_point_m": -4.467004555276409}, "datetime": {"datetime": "2019-08-19 20:19:57", "elapsed": 681.095866, "delta": 8.596317}}
{"target": 4.944056987762451, "params": {"delay_time": 0.005460139706904036, "length": 12.315321566889757, "st_point_a": 19.7961590848827, "st_point_m": -3.6971015152941202}, "datetime": {"datetime": "2019-08-19 20:20:06", "elapsed": 689.44185, "delta": 8.345984}}
{"target": 4.696627140045166, "params": {"delay_time": 0.004200513537105631, "length": 11.945310154947999, "st_point_a": 23.23212622589793, "st_point_m": -10.31514870613298}, "datetime": {"datetime": "2019-08-19 20:20:14", "elapsed": 698.002541, "delta": 8.560691}}
{"target": 4.757439613342285, "params": {"delay_time": 0.005087785740159992, "length": 12.239195357809727, "st_point_a": 26.902651716430416, "st_point_m": -6.695363605651427}, "datetime": {"datetime": "2019-08-19 20:20:23", "elapsed": 706.408033, "delta": 8.405492}}
{"target": 5.768130779266357, "params": {"delay_time": 0.005114060938228267, "length": 15.791252816152959, "st_point_a": 26.949367588680257, "st_point_m": -8.23065637806513}, "datetime": {"datetime": "2019-08-19 20:20:31", "elapsed": 714.837355, "delta": 8.429322}}
{"target": 6.1231889724731445, "params": {"delay_time": 0.0028418756382778947, "length": 16.760155448216867, "st_point_a": 17.175317681134718, "st_point_m": -11.01110631750083}, "datetime": {"datetime": "2019-08-19 20:20:40", "elapsed": 723.356984, "delta": 8.519629}}
{"target": 3.5005855560302734, "params": {"delay_time": 0.00825884917950076, "length": 10.781986162413563, "st_point_a": 21.974676622297398, "st_point_m": -4.534979387422004}, "datetime": {"datetime": "2019-08-19 20:20:48", "elapsed": 731.734258, "delta": 8.377274}}
{"target": 8.369600296020508, "params": {"delay_time": 0.003383565579985947, "length": 13.527043416721712, "st_point_a": 19.13387879565109, "st_point_m": -6.069620542881286}, "datetime": {"datetime": "2019-08-19 20:20:56", "elapsed": 740.25626, "delta": 8.522002}}
